#
# There is insufficient memory for the Java Runtime Environment to continue.
# Native memory allocation (malloc) failed to allocate 1956080 bytes. Error detail: Chunk::new
# Possible reasons:
#   The system is out of physical RAM or swap space
#   This process is running with CompressedOops enabled, and the Java Heap may be blocking the growth of the native heap
# Possible solutions:
#   Reduce memory load on the system
#   Increase physical memory or swap space
#   Check if swap backing store is full
#   Decrease Java heap size (-Xmx/-Xms)
#   Decrease number of Java threads
#   Decrease Java thread stack sizes (-Xss)
#   Set larger code cache with -XX:ReservedCodeCacheSize=
#   JVM is running with Unscaled Compressed Oops mode in which the Java heap is
#     placed in the first 4GB address space. The Java Heap base address is the
#     maximum limit for the native heap growth. Please use -XX:HeapBaseMinAddress
#     to set the Java Heap base and to place the Java Heap above 4GB virtual address.
# This output file may be truncated or incomplete.
#
#  Out of Memory Error (arena.cpp:168), pid=28080, tid=17696
#
# JRE version: OpenJDK Runtime Environment Temurin-21.0.9+10 (21.0.9+10) (build 21.0.9+10-LTS)
# Java VM: OpenJDK 64-Bit Server VM Temurin-21.0.9+10 (21.0.9+10-LTS, mixed mode, sharing, tiered, compressed oops, compressed class ptrs, parallel gc, windows-amd64)
# No core dump will be written. Minidumps are not enabled by default on client versions of Windows
#

---------------  S U M M A R Y ------------

Command Line: --add-modules=ALL-SYSTEM --add-opens=java.base/java.util=ALL-UNNAMED --add-opens=java.base/java.lang=ALL-UNNAMED --add-opens=java.base/sun.nio.fs=ALL-UNNAMED -Declipse.application=org.eclipse.jdt.ls.core.id1 -Dosgi.bundles.defaultStartLevel=4 -Declipse.product=org.eclipse.jdt.ls.core.product -Djava.import.generatesMetadataFilesAtProjectRoot=false -DDetectVMInstallationsJob.disabled=true -Dfile.encoding=utf8 -XX:+UseParallelGC -XX:GCTimeRatio=4 -XX:AdaptiveSizePolicyWeight=90 -Dsun.zip.disableMemoryMapping=true -Xmx2G -Xms100m -Xlog:disable -javaagent:c:\Users\DELL\.vscode\extensions\redhat.java-1.50.0-win32-x64\lombok\lombok-1.18.39-4050.jar -XX:+HeapDumpOnOutOfMemoryError -XX:HeapDumpPath=c:\Users\DELL\AppData\Roaming\Code\User\workspaceStorage\0755037b6897d077e138bb15a92d4421\redhat.java -Daether.dependencyCollector.impl=bf c:\Users\DELL\.vscode\extensions\redhat.java-1.50.0-win32-x64\server\plugins\org.eclipse.equinox.launcher_1.7.100.v20251111-0406.jar -configuration c:\Users\DELL\AppData\Roaming\Code\User\globalStorage\redhat.java\1.50.0\config_win -data c:\Users\DELL\AppData\Roaming\Code\User\workspaceStorage\0755037b6897d077e138bb15a92d4421\redhat.java\jdt_ws --pipe=\\.\pipe\lsp-7f127be3cb96b5d0fdf7e998371a7760-sock

Host: 13th Gen Intel(R) Core(TM) i5-13450HX, 16 cores, 7G,  Windows 11 , 64 bit Build 26100 (10.0.26100.7019)
Time: Thu Dec 11 19:22:54 2025 India Standard Time elapsed time: 5.261626 seconds (0d 0h 0m 5s)

---------------  T H R E A D  ---------------

Current thread (0x000002158f4083a0):  JavaThread "C2 CompilerThread2" daemon [_thread_in_native, id=17696, stack(0x000000a638100000,0x000000a638200000) (1024K)]


Current CompileTask:
C2:5261 7755 %     4       org.lombokweb.asm.SymbolTable::<init> @ 98 (554 bytes)

Stack: [0x000000a638100000,0x000000a638200000]
Native frames: (J=compiled Java code, j=interpreted, Vv=VM code, C=native code)
V  [jvm.dll+0x6d6e29]
V  [jvm.dll+0x8b4b76]
V  [jvm.dll+0x8b712e]
V  [jvm.dll+0x8b7813]
V  [jvm.dll+0x283d86]
V  [jvm.dll+0xc66ed]
V  [jvm.dll+0xc6c31]
V  [jvm.dll+0x3be53b]
V  [jvm.dll+0x38ab92]
V  [jvm.dll+0x389fda]
V  [jvm.dll+0x24bfa0]
V  [jvm.dll+0x24b580]
V  [jvm.dll+0x1cb13e]
V  [jvm.dll+0x25b29d]
V  [jvm.dll+0x25982a]
V  [jvm.dll+0x3f7ea6]
V  [jvm.dll+0x85e9ad]
V  [jvm.dll+0x6d565d]
C  [ucrtbase.dll+0x37b0]
C  [KERNEL32.DLL+0x2e8d7]
C  [ntdll.dll+0x8c53c]


---------------  P R O C E S S  ---------------

Threads class SMR info:
_java_thread_list=0x0000021598804050, length=62, elements={
0x0000021534ab1020, 0x0000021534a5e200, 0x0000021534b50110, 0x0000021534b54df0,
0x0000021534b571c0, 0x0000021534b5b6a0, 0x0000021534b61200, 0x0000021534b6baa0,
0x000002158d944fb0, 0x000002158da3c2a0, 0x000002158dad49f0, 0x000002158dbf0540,
0x000002158dc4e650, 0x000002158f4083a0, 0x0000021594258bd0, 0x00000215941c2000,
0x00000215942f5120, 0x00000215942f5a60, 0x00000215949cb020, 0x000002158f5a1e70,
0x0000021594970610, 0x0000021594830ac0, 0x0000021594ae5450, 0x0000021594ae2660,
0x0000021594ae1fd0, 0x0000021594ae3a10, 0x0000021594ae4730, 0x0000021594ae2cf0,
0x0000021594ae3380, 0x0000021594ae4dc0, 0x0000021594ae40a0, 0x00000215961cf820,
0x00000215961cca30, 0x00000215961cc3a0, 0x00000215961cfeb0, 0x00000215961ce470,
0x00000215961d0540, 0x00000215961cd0c0, 0x00000215961ceb00, 0x00000215961d0bd0,
0x00000215961cdde0, 0x00000215961cf190, 0x00000215961cd750, 0x00000215961d3330,
0x00000215961d2610, 0x00000215961d1260, 0x00000215961d18f0, 0x00000215961d1f80,
0x00000215961d2ca0, 0x00000215961d39c0, 0x00000215975e8630, 0x00000215975e99e0,
0x00000215975e7910, 0x00000215975ea070, 0x00000215975e6bf0, 0x00000215975ea700,
0x00000215975e7280, 0x00000215975ead90, 0x00000215975e9350, 0x00000215975e8cc0,
0x00000215975eb420, 0x00000215975e7fa0
}

Java Threads: ( => current thread )
  0x0000021534ab1020 JavaThread "main"                              [_thread_blocked, id=13340, stack(0x000000a636f00000,0x000000a637000000) (1024K)]
  0x0000021534a5e200 JavaThread "Reference Handler"          daemon [_thread_blocked, id=24304, stack(0x000000a637300000,0x000000a637400000) (1024K)]
  0x0000021534b50110 JavaThread "Finalizer"                  daemon [_thread_blocked, id=12420, stack(0x000000a637400000,0x000000a637500000) (1024K)]
  0x0000021534b54df0 JavaThread "Signal Dispatcher"          daemon [_thread_blocked, id=24244, stack(0x000000a637500000,0x000000a637600000) (1024K)]
  0x0000021534b571c0 JavaThread "Attach Listener"            daemon [_thread_blocked, id=13224, stack(0x000000a637600000,0x000000a637700000) (1024K)]
  0x0000021534b5b6a0 JavaThread "Service Thread"             daemon [_thread_blocked, id=3828, stack(0x000000a637700000,0x000000a637800000) (1024K)]
  0x0000021534b61200 JavaThread "Monitor Deflation Thread"   daemon [_thread_blocked, id=18136, stack(0x000000a637800000,0x000000a637900000) (1024K)]
  0x0000021534b6baa0 JavaThread "C2 CompilerThread0"         daemon [_thread_in_native, id=31624, stack(0x000000a637900000,0x000000a637a00000) (1024K)]
  0x000002158d944fb0 JavaThread "C1 CompilerThread0"         daemon [_thread_blocked, id=24264, stack(0x000000a637a00000,0x000000a637b00000) (1024K)]
  0x000002158da3c2a0 JavaThread "C1 CompilerThread1"         daemon [_thread_blocked, id=33500, stack(0x000000a637b00000,0x000000a637c00000) (1024K)]
  0x000002158dad49f0 JavaThread "C2 CompilerThread1"         daemon [_thread_in_native, id=18640, stack(0x000000a637d00000,0x000000a637e00000) (1024K)]
  0x000002158dbf0540 JavaThread "Common-Cleaner"             daemon [_thread_blocked, id=18480, stack(0x000000a637e00000,0x000000a637f00000) (1024K)]
  0x000002158dc4e650 JavaThread "Notification Thread"        daemon [_thread_blocked, id=30660, stack(0x000000a638000000,0x000000a638100000) (1024K)]
=>0x000002158f4083a0 JavaThread "C2 CompilerThread2"         daemon [_thread_in_native, id=17696, stack(0x000000a638100000,0x000000a638200000) (1024K)]
  0x0000021594258bd0 JavaThread "Active Thread: Equinox Container: 607d5a89-73f8-4409-ac4b-690612e067a2"        [_thread_blocked, id=17656, stack(0x000000a638900000,0x000000a638a00000) (1024K)]
  0x00000215941c2000 JavaThread "Refresh Thread: Equinox Container: 607d5a89-73f8-4409-ac4b-690612e067a2" daemon [_thread_blocked, id=26260, stack(0x000000a638b00000,0x000000a638c00000) (1024K)]
  0x00000215942f5120 JavaThread "Framework Event Dispatcher: Equinox Container: 607d5a89-73f8-4409-ac4b-690612e067a2" daemon [_thread_blocked, id=27272, stack(0x000000a638c00000,0x000000a638d00000) (1024K)]
  0x00000215942f5a60 JavaThread "Start Level: Equinox Container: 607d5a89-73f8-4409-ac4b-690612e067a2" daemon [_thread_blocked, id=16528, stack(0x000000a638d00000,0x000000a638e00000) (1024K)]
  0x00000215949cb020 JavaThread "Bundle File Closer"         daemon [_thread_blocked, id=3248, stack(0x000000a639100000,0x000000a639200000) (1024K)]
  0x000002158f5a1e70 JavaThread "SCR Component Actor"        daemon [_thread_blocked, id=7412, stack(0x000000a638200000,0x000000a638300000) (1024K)]
  0x0000021594970610 JavaThread "Worker-JM"                         [_thread_blocked, id=31272, stack(0x000000a639300000,0x000000a639400000) (1024K)]
  0x0000021594830ac0 JavaThread "JNA Cleaner"                daemon [_thread_blocked, id=20988, stack(0x000000a639500000,0x000000a639600000) (1024K)]
  0x0000021594ae5450 JavaThread "Worker-0: Initialize Workspace"        [_thread_blocked, id=27204, stack(0x000000a639600000,0x000000a639700000) (1024K)]
  0x0000021594ae2660 JavaThread "Worker-1"                          [_thread_blocked, id=5352, stack(0x000000a639700000,0x000000a639800000) (1024K)]
  0x0000021594ae1fd0 JavaThread "Java indexing"              daemon [_thread_blocked, id=35200, stack(0x000000a639800000,0x000000a639900000) (1024K)]
  0x0000021594ae3a10 JavaThread "Worker-2"                          [_thread_blocked, id=34748, stack(0x000000a639b00000,0x000000a639c00000) (1024K)]
  0x0000021594ae4730 JavaThread "Worker-3: Initialize workspace"        [_thread_blocked, id=32972, stack(0x000000a639c00000,0x000000a639d00000) (1024K)]
  0x0000021594ae2cf0 JavaThread "Thread-1"                   daemon [_thread_in_native, id=35440, stack(0x000000a639d00000,0x000000a639e00000) (1024K)]
  0x0000021594ae3380 JavaThread "Thread-2"                   daemon [_thread_in_native, id=26940, stack(0x000000a639e00000,0x000000a639f00000) (1024K)]
  0x0000021594ae4dc0 JavaThread "Thread-3"                   daemon [_thread_in_native, id=23336, stack(0x000000a639f00000,0x000000a63a000000) (1024K)]
  0x0000021594ae40a0 JavaThread "Thread-4"                   daemon [_thread_in_native, id=13064, stack(0x000000a63a000000,0x000000a63a100000) (1024K)]
  0x00000215961cf820 JavaThread "Thread-5"                   daemon [_thread_in_native, id=35680, stack(0x000000a63a100000,0x000000a63a200000) (1024K)]
  0x00000215961cca30 JavaThread "Thread-6"                   daemon [_thread_in_native, id=26952, stack(0x000000a63a200000,0x000000a63a300000) (1024K)]
  0x00000215961cc3a0 JavaThread "Thread-7"                   daemon [_thread_in_native, id=4784, stack(0x000000a63a300000,0x000000a63a400000) (1024K)]
  0x00000215961cfeb0 JavaThread "Thread-8"                   daemon [_thread_in_native, id=12600, stack(0x000000a63a400000,0x000000a63a500000) (1024K)]
  0x00000215961ce470 JavaThread "Thread-9"                   daemon [_thread_in_native, id=1824, stack(0x000000a63a500000,0x000000a63a600000) (1024K)]
  0x00000215961d0540 JavaThread "Thread-10"                  daemon [_thread_in_native, id=21404, stack(0x000000a63a600000,0x000000a63a700000) (1024K)]
  0x00000215961cd0c0 JavaThread "Thread-11"                  daemon [_thread_in_native, id=9804, stack(0x000000a63a700000,0x000000a63a800000) (1024K)]
  0x00000215961ceb00 JavaThread "Thread-12"                  daemon [_thread_in_native, id=6268, stack(0x000000a63a800000,0x000000a63a900000) (1024K)]
  0x00000215961d0bd0 JavaThread "Thread-13"                  daemon [_thread_in_native, id=7384, stack(0x000000a63a900000,0x000000a63aa00000) (1024K)]
  0x00000215961cdde0 JavaThread "Thread-14"                  daemon [_thread_in_native, id=18508, stack(0x000000a63aa00000,0x000000a63ab00000) (1024K)]
  0x00000215961cf190 JavaThread "Thread-15"                  daemon [_thread_in_native, id=21760, stack(0x000000a63ab00000,0x000000a63ac00000) (1024K)]
  0x00000215961cd750 JavaThread "Thread-16"                  daemon [_thread_in_native, id=31320, stack(0x000000a63ac00000,0x000000a63ad00000) (1024K)]
  0x00000215961d3330 JavaThread "Thread-17"                  daemon [_thread_in_native, id=5552, stack(0x000000a63ad00000,0x000000a63ae00000) (1024K)]
  0x00000215961d2610 JavaThread "pool-2-thread-1"                   [_thread_blocked, id=31480, stack(0x000000a63ae00000,0x000000a63af00000) (1024K)]
  0x00000215961d1260 JavaThread "WorkspaceEventsHandler"            [_thread_blocked, id=3040, stack(0x000000a63af00000,0x000000a63b000000) (1024K)]
  0x00000215961d18f0 JavaThread "pool-1-thread-1"                   [_thread_in_vm, id=4436, stack(0x000000a63b000000,0x000000a63b100000) (1024K)]
  0x00000215961d1f80 JavaThread "ForkJoinPool.commonPool-worker-1" daemon [_thread_blocked, id=5020, stack(0x000000a63b100000,0x000000a63b200000) (1024K)]
  0x00000215961d2ca0 JavaThread "ForkJoinPool.commonPool-worker-2" daemon [_thread_blocked, id=22808, stack(0x000000a63b200000,0x000000a63b300000) (1024K)]
  0x00000215961d39c0 JavaThread "ForkJoinPool.commonPool-worker-3" daemon [_thread_blocked, id=14296, stack(0x000000a63b300000,0x000000a63b400000) (1024K)]
  0x00000215975e8630 JavaThread "ForkJoinPool.commonPool-worker-4" daemon [_thread_blocked, id=2108, stack(0x000000a63b400000,0x000000a63b500000) (1024K)]
  0x00000215975e99e0 JavaThread "ForkJoinPool.commonPool-worker-5" daemon [_thread_blocked, id=19112, stack(0x000000a63b500000,0x000000a63b600000) (1024K)]
  0x00000215975e7910 JavaThread "ForkJoinPool.commonPool-worker-6" daemon [_thread_blocked, id=18972, stack(0x000000a63b600000,0x000000a63b700000) (1024K)]
  0x00000215975ea070 JavaThread "ForkJoinPool.commonPool-worker-7" daemon [_thread_blocked, id=16008, stack(0x000000a63b700000,0x000000a63b800000) (1024K)]
  0x00000215975e6bf0 JavaThread "ForkJoinPool.commonPool-worker-8" daemon [_thread_blocked, id=12484, stack(0x000000a63b800000,0x000000a63b900000) (1024K)]
  0x00000215975ea700 JavaThread "ForkJoinPool.commonPool-worker-9" daemon [_thread_blocked, id=3900, stack(0x000000a63b900000,0x000000a63ba00000) (1024K)]
  0x00000215975e7280 JavaThread "ForkJoinPool.commonPool-worker-10" daemon [_thread_blocked, id=13916, stack(0x000000a63ba00000,0x000000a63bb00000) (1024K)]
  0x00000215975ead90 JavaThread "ForkJoinPool.commonPool-worker-11" daemon [_thread_blocked, id=19420, stack(0x000000a63bb00000,0x000000a63bc00000) (1024K)]
  0x00000215975e9350 JavaThread "ForkJoinPool.commonPool-worker-12" daemon [_thread_blocked, id=30584, stack(0x000000a63bc00000,0x000000a63bd00000) (1024K)]
  0x00000215975e8cc0 JavaThread "ForkJoinPool.commonPool-worker-13" daemon [_thread_blocked, id=23188, stack(0x000000a63bd00000,0x000000a63be00000) (1024K)]
  0x00000215975eb420 JavaThread "ForkJoinPool.commonPool-worker-14" daemon [_thread_blocked, id=18768, stack(0x000000a63be00000,0x000000a63bf00000) (1024K)]
  0x00000215975e7fa0 JavaThread "ForkJoinPool.commonPool-worker-15" daemon [_thread_blocked, id=34720, stack(0x000000a63bf00000,0x000000a63c000000) (1024K)]
Total: 62

Other Threads:
  0x0000021534a44860 VMThread "VM Thread"                           [id=11472, stack(0x000000a637200000,0x000000a637300000) (1024K)]
  0x000002153493ca00 WatcherThread "VM Periodic Task Thread"        [id=28988, stack(0x000000a637100000,0x000000a637200000) (1024K)]
  0x0000021534ad0d10 WorkerThread "GC Thread#0"                     [id=22960, stack(0x000000a637000000,0x000000a637100000) (1024K)]
  0x00000215942de5d0 WorkerThread "GC Thread#1"                     [id=31432, stack(0x000000a638300000,0x000000a638400000) (1024K)]
  0x000002158f9ee4c0 WorkerThread "GC Thread#2"                     [id=3616, stack(0x000000a638400000,0x000000a638500000) (1024K)]
  0x000002158f9ee860 WorkerThread "GC Thread#3"                     [id=11056, stack(0x000000a638500000,0x000000a638600000) (1024K)]
  0x000002158f9eec00 WorkerThread "GC Thread#4"                     [id=8964, stack(0x000000a638600000,0x000000a638700000) (1024K)]
  0x00000215942d9010 WorkerThread "GC Thread#5"                     [id=27620, stack(0x000000a638700000,0x000000a638800000) (1024K)]
  0x00000215942d93b0 WorkerThread "GC Thread#6"                     [id=16332, stack(0x000000a638800000,0x000000a638900000) (1024K)]
  0x00000215941c6ad0 WorkerThread "GC Thread#7"                     [id=2292, stack(0x000000a638a00000,0x000000a638b00000) (1024K)]
  0x000002158f998110 WorkerThread "GC Thread#8"                     [id=4080, stack(0x000000a638e00000,0x000000a638f00000) (1024K)]
  0x000002158f9984b0 WorkerThread "GC Thread#9"                     [id=27440, stack(0x000000a638f00000,0x000000a639000000) (1024K)]
  0x000002158f998f90 WorkerThread "GC Thread#10"                    [id=6460, stack(0x000000a639000000,0x000000a639100000) (1024K)]
  0x000002158f998850 WorkerThread "GC Thread#11"                    [id=17588, stack(0x000000a639200000,0x000000a639300000) (1024K)]
  0x000002158f999330 WorkerThread "GC Thread#12"                    [id=4500, stack(0x000000a639400000,0x000000a639500000) (1024K)]
Total: 15

Threads with active compile tasks:
C2 CompilerThread0  5279 7805 %     4       org.lombokweb.asm.ClassReader::readCode @ 92 (5117 bytes)
C1 CompilerThread0  5279 7830       3       org.eclipse.jdt.internal.compiler.parser.Scanner::addTokenToLookBack (137 bytes)
C1 CompilerThread1  5279 7829   !   3       org.eclipse.jdt.internal.compiler.parser.Scanner::getNextToken0 (3060 bytes)
C2 CompilerThread1  5279 7792       4       org.lombokweb.asm.ClassReader::readMethod (1070 bytes)
C2 CompilerThread2  5279 7755 %     4       org.lombokweb.asm.SymbolTable::<init> @ 98 (554 bytes)
Total: 5

VM state: not at safepoint (normal execution)

VM Mutex/Monitor currently owned by a thread: None

Heap address: 0x0000000080000000, size: 2048 MB, Compressed Oops mode: 32-bit

CDS archive(s) mapped at: [0x000002154c000000-0x000002154cba0000-0x000002154cba0000), size 12189696, SharedBaseAddress: 0x000002154c000000, ArchiveRelocationMode: 1.
Compressed class space mapped at: 0x000002154d000000-0x000002158d000000, reserved size: 1073741824
Narrow klass base: 0x000002154c000000, Narrow klass shift: 0, Narrow klass range: 0x100000000

GC Precious Log:
 CardTable entry size: 512
 CPUs: 16 total, 16 available
 Memory: 7876M
 Large Page Support: Disabled
 NUMA Support: Disabled
 Compressed Oops: Enabled (32-bit)
 Alignments: Space 512K, Generation 512K, Heap 2M
 Heap Min Capacity: 100M
 Heap Initial Capacity: 100M
 Heap Max Capacity: 2G
 Pre-touch: Disabled
 Parallel Workers: 13

Heap:
 PSYoungGen      total 23040K, used 8353K [0x00000000d5580000, 0x00000000d6e80000, 0x0000000100000000)
  eden space 22016K, 35% used [0x00000000d5580000,0x00000000d5d0dc78,0x00000000d6b00000)
  from space 1024K, 60% used [0x00000000d6d80000,0x00000000d6e1aa40,0x00000000d6e80000)
  to   space 1024K, 0% used [0x00000000d6c80000,0x00000000d6c80000,0x00000000d6d80000)
 ParOldGen       total 68608K, used 50030K [0x0000000080000000, 0x0000000084300000, 0x00000000d5580000)
  object space 68608K, 72% used [0x0000000080000000,0x00000000830db9d0,0x0000000084300000)
 Metaspace       used 54294K, committed 55680K, reserved 1114112K
  class space    used 5851K, committed 6464K, reserved 1048576K

Card table byte_map: [0x0000021534450000,0x0000021534860000] _byte_map_base: 0x0000021534050000

Marking Bits: (ParMarkBitMap*) 0x00007ffcd00c2460
 Begin Bits: [0x0000021546f60000, 0x0000021548f60000)
 End Bits:   [0x0000021548f60000, 0x000002154af60000)

Polling page: 0x0000021532c60000

Metaspace:

Usage:
  Non-class:     47.31 MB used.
      Class:      5.71 MB used.
       Both:     53.02 MB used.

Virtual space:
  Non-class space:       64.00 MB reserved,      48.06 MB ( 75%) committed,  1 nodes.
      Class space:        1.00 GB reserved,       6.31 MB ( <1%) committed,  1 nodes.
             Both:        1.06 GB reserved,      54.38 MB (  5%) committed. 

Chunk freelists:
   Non-Class:  15.88 MB
       Class:  9.52 MB
        Both:  25.39 MB

MaxMetaspaceSize: unlimited
CompressedClassSpaceSize: 1.00 GB
Initial GC threshold: 21.00 MB
Current GC threshold: 58.38 MB
CDS: on
 - commit_granule_bytes: 65536.
 - commit_granule_words: 8192.
 - virtual_space_node_default_size: 8388608.
 - enlarge_chunks_in_place: 1.
 - use_allocation_guard: 0.


Internal statistics:

num_allocs_failed_limit: 6.
num_arena_births: 1022.
num_arena_deaths: 14.
num_vsnodes_births: 2.
num_vsnodes_deaths: 0.
num_space_committed: 870.
num_space_uncommitted: 0.
num_chunks_returned_to_freelist: 20.
num_chunks_taken_from_freelist: 3447.
num_chunk_merges: 11.
num_chunk_splits: 2157.
num_chunks_enlarged: 1284.
num_inconsistent_stats: 0.

CodeHeap 'non-profiled nmethods': size=119168Kb used=4200Kb max_used=4200Kb free=114967Kb
 bounds [0x000002153f850000, 0x000002153fc70000, 0x0000021546cb0000]
CodeHeap 'profiled nmethods': size=119104Kb used=15991Kb max_used=15991Kb free=103112Kb
 bounds [0x0000021537cb0000, 0x0000021538c50000, 0x000002153f100000]
CodeHeap 'non-nmethods': size=7488Kb used=1957Kb max_used=3192Kb free=5530Kb
 bounds [0x000002153f100000, 0x000002153f430000, 0x000002153f850000]
CodeCache: size=245760Kb, used=22148Kb, max_used=23383Kb, free=223609Kb
 total_blobs=7924, nmethods=7224, adapters=605, full_count=0
Compilation: enabled, stopped_count=0, restarted_count=0

Compilation events (20 events):
Event: 4.207 Thread 0x000002158da3c2a0 7811       3       lombok.patcher.MethodLogistics::loadOpcodeFor (145 bytes)
Event: 4.207 Thread 0x000002158d944fb0 7812       3       org.lombokweb.asm.MethodVisitor::visitIntInsn (17 bytes)
Event: 4.207 Thread 0x000002158d944fb0 nmethod 7812 0x0000021538c46b10 code [0x0000021538c46cc0, 0x0000021538c46ec8]
Event: 4.207 Thread 0x000002158da3c2a0 nmethod 7811 0x0000021538c46f90 code [0x0000021538c47240, 0x0000021538c47eb8]
Event: 4.210 Thread 0x000002158da3c2a0 7815 %     3       org.lombokweb.asm.ClassReader::getFirstAttributeOffset @ 105 (136 bytes)
Event: 4.210 Thread 0x000002158da3c2a0 nmethod 7815% 0x0000021538c48390 code [0x0000021538c485e0, 0x0000021538c48d40]
Event: 4.214 Thread 0x0000021534b6baa0 nmethod 7786 0x000002153fc65090 code [0x000002153fc65680, 0x000002153fc67050]
Event: 4.214 Thread 0x0000021534b6baa0 7813       4       java.util.regex.Pattern$BmpCharPropertyGreedy::match (89 bytes)
Event: 4.215 Thread 0x000002158f2028c0 7819       3       org.lombokweb.asm.MethodVisitor::visitCode (15 bytes)
Event: 4.215 Thread 0x000002158d944fb0 7820       3       org.lombokweb.asm.MethodVisitor::visitMaxs (17 bytes)
Event: 4.215 Thread 0x000002158da3c2a0 7821       3       org.lombokweb.asm.MethodVisitor::visitEnd (15 bytes)
Event: 4.215 Thread 0x000002158da3c2a0 nmethod 7821 0x0000021538c49010 code [0x0000021538c491c0, 0x0000021538c493c8]
Event: 4.215 Thread 0x000002158d944fb0 nmethod 7820 0x0000021538c49490 code [0x0000021538c49640, 0x0000021538c49848]
Event: 4.215 Thread 0x000002158f2028c0 nmethod 7819 0x0000021538c49910 code [0x0000021538c49ac0, 0x0000021538c49cc8]
Event: 4.218 Thread 0x0000021534b6baa0 nmethod 7813 0x000002153fc68590 code [0x000002153fc68760, 0x000002153fc68bd0]
Event: 4.218 Thread 0x0000021534b6baa0 7794       4       org.lombokweb.asm.ClassReader::<init> (359 bytes)
Event: 4.218 Thread 0x000002158da3c940 7825       3       org.lombokweb.asm.MethodWriter::visitLdcInsn (215 bytes)
Event: 4.219 Thread 0x000002158da3c940 nmethod 7825 0x0000021538c49d90 code [0x0000021538c4a020, 0x0000021538c4ab20]
Event: 4.224 Thread 0x0000021534b6baa0 nmethod 7794 0x000002153fc68f10 code [0x000002153fc69160, 0x000002153fc69c58]
Event: 4.224 Thread 0x0000021534b6baa0 7805 %     4       org.lombokweb.asm.ClassReader::readCode @ 92 (5117 bytes)

GC Heap History (20 events):
Event: 3.636 GC heap before
{Heap before GC invocations=23 (full 2):
 PSYoungGen      total 23040K, used 23009K [0x00000000d5580000, 0x00000000d7500000, 0x0000000100000000)
  eden space 22016K, 100% used [0x00000000d5580000,0x00000000d6b00000,0x00000000d6b00000)
  from space 1024K, 97% used [0x00000000d7400000,0x00000000d74f87b8,0x00000000d7500000)
  to   space 2560K, 0% used [0x00000000d7000000,0x00000000d7000000,0x00000000d7280000)
 ParOldGen       total 68608K, used 34577K [0x0000000080000000, 0x0000000084300000, 0x00000000d5580000)
  object space 68608K, 50% used [0x0000000080000000,0x00000000821c4650,0x0000000084300000)
 Metaspace       used 48655K, committed 49984K, reserved 1114112K
  class space    used 5254K, committed 5824K, reserved 1048576K
}
Event: 3.639 GC heap after
{Heap after GC invocations=23 (full 2):
 PSYoungGen      total 24576K, used 2208K [0x00000000d5580000, 0x00000000d7480000, 0x0000000100000000)
  eden space 22016K, 0% used [0x00000000d5580000,0x00000000d5580000,0x00000000d6b00000)
  from space 2560K, 86% used [0x00000000d7000000,0x00000000d7228010,0x00000000d7280000)
  to   space 2048K, 0% used [0x00000000d7280000,0x00000000d7280000,0x00000000d7480000)
 ParOldGen       total 68608K, used 35584K [0x0000000080000000, 0x0000000084300000, 0x00000000d5580000)
  object space 68608K, 51% used [0x0000000080000000,0x00000000822c0178,0x0000000084300000)
 Metaspace       used 48655K, committed 49984K, reserved 1114112K
  class space    used 5254K, committed 5824K, reserved 1048576K
}
Event: 3.683 GC heap before
{Heap before GC invocations=24 (full 2):
 PSYoungGen      total 24576K, used 24224K [0x00000000d5580000, 0x00000000d7480000, 0x0000000100000000)
  eden space 22016K, 100% used [0x00000000d5580000,0x00000000d6b00000,0x00000000d6b00000)
  from space 2560K, 86% used [0x00000000d7000000,0x00000000d7228010,0x00000000d7280000)
  to   space 2048K, 0% used [0x00000000d7280000,0x00000000d7280000,0x00000000d7480000)
 ParOldGen       total 68608K, used 35584K [0x0000000080000000, 0x0000000084300000, 0x00000000d5580000)
  object space 68608K, 51% used [0x0000000080000000,0x00000000822c0178,0x0000000084300000)
 Metaspace       used 49006K, committed 50368K, reserved 1114112K
  class space    used 5307K, committed 5888K, reserved 1048576K
}
Event: 3.686 GC heap after
{Heap after GC invocations=24 (full 2):
 PSYoungGen      total 24064K, used 2018K [0x00000000d5580000, 0x00000000d7480000, 0x0000000100000000)
  eden space 22016K, 0% used [0x00000000d5580000,0x00000000d5580000,0x00000000d6b00000)
  from space 2048K, 98% used [0x00000000d7280000,0x00000000d7478810,0x00000000d7480000)
  to   space 4608K, 0% used [0x00000000d6b80000,0x00000000d6b80000,0x00000000d7000000)
 ParOldGen       total 68608K, used 37640K [0x0000000080000000, 0x0000000084300000, 0x00000000d5580000)
  object space 68608K, 54% used [0x0000000080000000,0x00000000824c2198,0x0000000084300000)
 Metaspace       used 49006K, committed 50368K, reserved 1114112K
  class space    used 5307K, committed 5888K, reserved 1048576K
}
Event: 3.708 GC heap before
{Heap before GC invocations=25 (full 2):
 PSYoungGen      total 24064K, used 24034K [0x00000000d5580000, 0x00000000d7480000, 0x0000000100000000)
  eden space 22016K, 100% used [0x00000000d5580000,0x00000000d6b00000,0x00000000d6b00000)
  from space 2048K, 98% used [0x00000000d7280000,0x00000000d7478810,0x00000000d7480000)
  to   space 4608K, 0% used [0x00000000d6b80000,0x00000000d6b80000,0x00000000d7000000)
 ParOldGen       total 68608K, used 37640K [0x0000000080000000, 0x0000000084300000, 0x00000000d5580000)
  object space 68608K, 54% used [0x0000000080000000,0x00000000824c2198,0x0000000084300000)
 Metaspace       used 49021K, committed 50368K, reserved 1114112K
  class space    used 5307K, committed 5888K, reserved 1048576K
}
Event: 3.710 GC heap after
{Heap after GC invocations=25 (full 2):
 PSYoungGen      total 26624K, used 2432K [0x00000000d5580000, 0x00000000d7300000, 0x0000000100000000)
  eden space 22016K, 0% used [0x00000000d5580000,0x00000000d5580000,0x00000000d6b00000)
  from space 4608K, 52% used [0x00000000d6b80000,0x00000000d6de0010,0x00000000d7000000)
  to   space 3072K, 0% used [0x00000000d7000000,0x00000000d7000000,0x00000000d7300000)
 ParOldGen       total 68608K, used 39614K [0x0000000080000000, 0x0000000084300000, 0x00000000d5580000)
  object space 68608K, 57% used [0x0000000080000000,0x00000000826af9b8,0x0000000084300000)
 Metaspace       used 49021K, committed 50368K, reserved 1114112K
  class space    used 5307K, committed 5888K, reserved 1048576K
}
Event: 3.728 GC heap before
{Heap before GC invocations=26 (full 2):
 PSYoungGen      total 26624K, used 24448K [0x00000000d5580000, 0x00000000d7300000, 0x0000000100000000)
  eden space 22016K, 100% used [0x00000000d5580000,0x00000000d6b00000,0x00000000d6b00000)
  from space 4608K, 52% used [0x00000000d6b80000,0x00000000d6de0010,0x00000000d7000000)
  to   space 3072K, 0% used [0x00000000d7000000,0x00000000d7000000,0x00000000d7300000)
 ParOldGen       total 68608K, used 39614K [0x0000000080000000, 0x0000000084300000, 0x00000000d5580000)
  object space 68608K, 57% used [0x0000000080000000,0x00000000826af9b8,0x0000000084300000)
 Metaspace       used 49023K, committed 50368K, reserved 1114112K
  class space    used 5307K, committed 5888K, reserved 1048576K
}
Event: 3.731 GC heap after
{Heap after GC invocations=26 (full 2):
 PSYoungGen      total 24576K, used 2116K [0x00000000d5580000, 0x00000000d7280000, 0x0000000100000000)
  eden space 22016K, 0% used [0x00000000d5580000,0x00000000d5580000,0x00000000d6b00000)
  from space 2560K, 82% used [0x00000000d7000000,0x00000000d7211000,0x00000000d7280000)
  to   space 2560K, 0% used [0x00000000d6d80000,0x00000000d6d80000,0x00000000d7000000)
 ParOldGen       total 68608K, used 41804K [0x0000000080000000, 0x0000000084300000, 0x00000000d5580000)
  object space 68608K, 60% used [0x0000000080000000,0x00000000828d3390,0x0000000084300000)
 Metaspace       used 49023K, committed 50368K, reserved 1114112K
  class space    used 5307K, committed 5888K, reserved 1048576K
}
Event: 3.756 GC heap before
{Heap before GC invocations=27 (full 2):
 PSYoungGen      total 24576K, used 24132K [0x00000000d5580000, 0x00000000d7280000, 0x0000000100000000)
  eden space 22016K, 100% used [0x00000000d5580000,0x00000000d6b00000,0x00000000d6b00000)
  from space 2560K, 82% used [0x00000000d7000000,0x00000000d7211000,0x00000000d7280000)
  to   space 2560K, 0% used [0x00000000d6d80000,0x00000000d6d80000,0x00000000d7000000)
 ParOldGen       total 68608K, used 41804K [0x0000000080000000, 0x0000000084300000, 0x00000000d5580000)
  object space 68608K, 60% used [0x0000000080000000,0x00000000828d3390,0x0000000084300000)
 Metaspace       used 49054K, committed 50432K, reserved 1114112K
  class space    used 5310K, committed 5952K, reserved 1048576K
}
Event: 3.759 GC heap after
{Heap after GC invocations=27 (full 2):
 PSYoungGen      total 24576K, used 2272K [0x00000000d5580000, 0x00000000d7080000, 0x0000000100000000)
  eden space 22016K, 0% used [0x00000000d5580000,0x00000000d5580000,0x00000000d6b00000)
  from space 2560K, 88% used [0x00000000d6d80000,0x00000000d6fb8010,0x00000000d7000000)
  to   space 512K, 0% used [0x00000000d7000000,0x00000000d7000000,0x00000000d7080000)
 ParOldGen       total 68608K, used 43725K [0x0000000080000000, 0x0000000084300000, 0x00000000d5580000)
  object space 68608K, 63% used [0x0000000080000000,0x0000000082ab3490,0x0000000084300000)
 Metaspace       used 49054K, committed 50432K, reserved 1114112K
  class space    used 5310K, committed 5952K, reserved 1048576K
}
Event: 3.794 GC heap before
{Heap before GC invocations=28 (full 2):
 PSYoungGen      total 24576K, used 24288K [0x00000000d5580000, 0x00000000d7080000, 0x0000000100000000)
  eden space 22016K, 100% used [0x00000000d5580000,0x00000000d6b00000,0x00000000d6b00000)
  from space 2560K, 88% used [0x00000000d6d80000,0x00000000d6fb8010,0x00000000d7000000)
  to   space 512K, 0% used [0x00000000d7000000,0x00000000d7000000,0x00000000d7080000)
 ParOldGen       total 68608K, used 43725K [0x0000000080000000, 0x0000000084300000, 0x00000000d5580000)
  object space 68608K, 63% used [0x0000000080000000,0x0000000082ab3490,0x0000000084300000)
 Metaspace       used 49138K, committed 50496K, reserved 1114112K
  class space    used 5311K, committed 5952K, reserved 1048576K
}
Event: 3.797 GC heap after
{Heap after GC invocations=28 (full 2):
 PSYoungGen      total 22528K, used 512K [0x00000000d5580000, 0x00000000d7400000, 0x0000000100000000)
  eden space 22016K, 0% used [0x00000000d5580000,0x00000000d5580000,0x00000000d6b00000)
  from space 512K, 100% used [0x00000000d7000000,0x00000000d7080000,0x00000000d7080000)
  to   space 4608K, 0% used [0x00000000d6b00000,0x00000000d6b00000,0x00000000d6f80000)
 ParOldGen       total 68608K, used 47149K [0x0000000080000000, 0x0000000084300000, 0x00000000d5580000)
  object space 68608K, 68% used [0x0000000080000000,0x0000000082e0b6a0,0x0000000084300000)
 Metaspace       used 49138K, committed 50496K, reserved 1114112K
  class space    used 5311K, committed 5952K, reserved 1048576K
}
Event: 3.946 GC heap before
{Heap before GC invocations=29 (full 2):
 PSYoungGen      total 22528K, used 22528K [0x00000000d5580000, 0x00000000d7400000, 0x0000000100000000)
  eden space 22016K, 100% used [0x00000000d5580000,0x00000000d6b00000,0x00000000d6b00000)
  from space 512K, 100% used [0x00000000d7000000,0x00000000d7080000,0x00000000d7080000)
  to   space 4608K, 0% used [0x00000000d6b00000,0x00000000d6b00000,0x00000000d6f80000)
 ParOldGen       total 68608K, used 47149K [0x0000000080000000, 0x0000000084300000, 0x00000000d5580000)
  object space 68608K, 68% used [0x0000000080000000,0x0000000082e0b6a0,0x0000000084300000)
 Metaspace       used 50995K, committed 52352K, reserved 1114112K
  class space    used 5537K, committed 6144K, reserved 1048576K
}
Event: 3.948 GC heap after
{Heap after GC invocations=29 (full 2):
 PSYoungGen      total 23552K, used 1460K [0x00000000d5580000, 0x00000000d7080000, 0x0000000100000000)
  eden space 22016K, 0% used [0x00000000d5580000,0x00000000d5580000,0x00000000d6b00000)
  from space 1536K, 95% used [0x00000000d6b00000,0x00000000d6c6d3c8,0x00000000d6c80000)
  to   space 2560K, 0% used [0x00000000d6e00000,0x00000000d6e00000,0x00000000d7080000)
 ParOldGen       total 68608K, used 47693K [0x0000000080000000, 0x0000000084300000, 0x00000000d5580000)
  object space 68608K, 69% used [0x0000000080000000,0x0000000082e936a0,0x0000000084300000)
 Metaspace       used 50995K, committed 52352K, reserved 1114112K
  class space    used 5537K, committed 6144K, reserved 1048576K
}
Event: 4.099 GC heap before
{Heap before GC invocations=30 (full 2):
 PSYoungGen      total 23552K, used 23432K [0x00000000d5580000, 0x00000000d7080000, 0x0000000100000000)
  eden space 22016K, 99% used [0x00000000d5580000,0x00000000d6af4fc8,0x00000000d6b00000)
  from space 1536K, 95% used [0x00000000d6b00000,0x00000000d6c6d3c8,0x00000000d6c80000)
  to   space 2560K, 0% used [0x00000000d6e00000,0x00000000d6e00000,0x00000000d7080000)
 ParOldGen       total 68608K, used 47693K [0x0000000080000000, 0x0000000084300000, 0x00000000d5580000)
  object space 68608K, 69% used [0x0000000080000000,0x0000000082e936a0,0x0000000084300000)
 Metaspace       used 52101K, committed 53504K, reserved 1114112K
  class space    used 5658K, committed 6272K, reserved 1048576K
}
Event: 4.101 GC heap after
{Heap after GC invocations=30 (full 2):
 PSYoungGen      total 23040K, used 544K [0x00000000d5580000, 0x00000000d6f00000, 0x0000000100000000)
  eden space 22016K, 0% used [0x00000000d5580000,0x00000000d5580000,0x00000000d6b00000)
  from space 1024K, 53% used [0x00000000d6e00000,0x00000000d6e88000,0x00000000d6f00000)
  to   space 1536K, 0% used [0x00000000d6c00000,0x00000000d6c00000,0x00000000d6d80000)
 ParOldGen       total 68608K, used 48977K [0x0000000080000000, 0x0000000084300000, 0x00000000d5580000)
  object space 68608K, 71% used [0x0000000080000000,0x0000000082fd4768,0x0000000084300000)
 Metaspace       used 52101K, committed 53504K, reserved 1114112K
  class space    used 5658K, committed 6272K, reserved 1048576K
}
Event: 4.191 GC heap before
{Heap before GC invocations=31 (full 2):
 PSYoungGen      total 23040K, used 22560K [0x00000000d5580000, 0x00000000d6f00000, 0x0000000100000000)
  eden space 22016K, 100% used [0x00000000d5580000,0x00000000d6b00000,0x00000000d6b00000)
  from space 1024K, 53% used [0x00000000d6e00000,0x00000000d6e88000,0x00000000d6f00000)
  to   space 1536K, 0% used [0x00000000d6c00000,0x00000000d6c00000,0x00000000d6d80000)
 ParOldGen       total 68608K, used 48977K [0x0000000080000000, 0x0000000084300000, 0x00000000d5580000)
  object space 68608K, 71% used [0x0000000080000000,0x0000000082fd4768,0x0000000084300000)
 Metaspace       used 53090K, committed 54464K, reserved 1114112K
  class space    used 5736K, committed 6336K, reserved 1048576K
}
Event: 4.192 GC heap after
{Heap after GC invocations=31 (full 2):
 PSYoungGen      total 23552K, used 1502K [0x00000000d5580000, 0x00000000d6f00000, 0x0000000100000000)
  eden space 22016K, 0% used [0x00000000d5580000,0x00000000d5580000,0x00000000d6b00000)
  from space 1536K, 97% used [0x00000000d6c00000,0x00000000d6d77ae8,0x00000000d6d80000)
  to   space 1536K, 0% used [0x00000000d6d80000,0x00000000d6d80000,0x00000000d6f00000)
 ParOldGen       total 68608K, used 49257K [0x0000000080000000, 0x0000000084300000, 0x00000000d5580000)
  object space 68608K, 71% used [0x0000000080000000,0x000000008301a768,0x0000000084300000)
 Metaspace       used 53090K, committed 54464K, reserved 1114112K
  class space    used 5736K, committed 6336K, reserved 1048576K
}
Event: 4.217 GC heap before
{Heap before GC invocations=32 (full 2):
 PSYoungGen      total 23552K, used 23518K [0x00000000d5580000, 0x00000000d6f00000, 0x0000000100000000)
  eden space 22016K, 100% used [0x00000000d5580000,0x00000000d6b00000,0x00000000d6b00000)
  from space 1536K, 97% used [0x00000000d6c00000,0x00000000d6d77ae8,0x00000000d6d80000)
  to   space 1536K, 0% used [0x00000000d6d80000,0x00000000d6d80000,0x00000000d6f00000)
 ParOldGen       total 68608K, used 49257K [0x0000000080000000, 0x0000000084300000, 0x00000000d5580000)
  object space 68608K, 71% used [0x0000000080000000,0x000000008301a768,0x0000000084300000)
 Metaspace       used 53103K, committed 54528K, reserved 1114112K
  class space    used 5736K, committed 6336K, reserved 1048576K
}
Event: 4.218 GC heap after
{Heap after GC invocations=32 (full 2):
 PSYoungGen      total 23040K, used 618K [0x00000000d5580000, 0x00000000d6e80000, 0x0000000100000000)
  eden space 22016K, 0% used [0x00000000d5580000,0x00000000d5580000,0x00000000d6b00000)
  from space 1024K, 60% used [0x00000000d6d80000,0x00000000d6e1aa40,0x00000000d6e80000)
  to   space 1024K, 0% used [0x00000000d6c80000,0x00000000d6c80000,0x00000000d6d80000)
 ParOldGen       total 68608K, used 50030K [0x0000000080000000, 0x0000000084300000, 0x00000000d5580000)
  object space 68608K, 72% used [0x0000000080000000,0x00000000830db9d0,0x0000000084300000)
 Metaspace       used 53103K, committed 54528K, reserved 1114112K
  class space    used 5736K, committed 6336K, reserved 1048576K
}

Dll operation events (10 events):
Event: 0.008 Loaded shared library c:\Users\DELL\.vscode\extensions\redhat.java-1.50.0-win32-x64\jre\21.0.9-win32-x86_64\bin\java.dll
Event: 0.048 Loaded shared library c:\Users\DELL\.vscode\extensions\redhat.java-1.50.0-win32-x64\jre\21.0.9-win32-x86_64\bin\zip.dll
Event: 0.058 Loaded shared library C:\Users\DELL\.vscode\extensions\redhat.java-1.50.0-win32-x64\jre\21.0.9-win32-x86_64\bin\instrument.dll
Event: 0.061 Loaded shared library C:\Users\DELL\.vscode\extensions\redhat.java-1.50.0-win32-x64\jre\21.0.9-win32-x86_64\bin\net.dll
Event: 0.062 Loaded shared library C:\Users\DELL\.vscode\extensions\redhat.java-1.50.0-win32-x64\jre\21.0.9-win32-x86_64\bin\nio.dll
Event: 0.063 Loaded shared library C:\Users\DELL\.vscode\extensions\redhat.java-1.50.0-win32-x64\jre\21.0.9-win32-x86_64\bin\zip.dll
Event: 0.072 Loaded shared library C:\Users\DELL\.vscode\extensions\redhat.java-1.50.0-win32-x64\jre\21.0.9-win32-x86_64\bin\jimage.dll
Event: 0.104 Loaded shared library c:\Users\DELL\.vscode\extensions\redhat.java-1.50.0-win32-x64\jre\21.0.9-win32-x86_64\bin\verify.dll
Event: 0.619 Loaded shared library C:\Users\DELL\AppData\Roaming\Code\User\globalStorage\redhat.java\1.50.0\config_win\org.eclipse.equinox.launcher\org.eclipse.equinox.launcher.win32.win32.x86_64_1.2.1400.v20250801-0854\eclipse_11916.dll
Event: 1.300 Loaded shared library C:\Users\DELL\AppData\Local\Temp\jna-2094529\jna388267124114109336.dll

Deoptimization events (20 events):
Event: 4.196 Thread 0x00000215961d18f0 DEOPT PACKING pc=0x00000215385c1fb3 sp=0x000000a63b0fa1f0
Event: 4.196 Thread 0x00000215961d18f0 DEOPT UNPACKING pc=0x000002153f154242 sp=0x000000a63b0f9720 mode 0
Event: 4.197 Thread 0x00000215961d18f0 DEOPT PACKING pc=0x00000215385c1fb3 sp=0x000000a63b0fa4c0
Event: 4.197 Thread 0x00000215961d18f0 DEOPT UNPACKING pc=0x000002153f154242 sp=0x000000a63b0f99f0 mode 0
Event: 4.205 Thread 0x00000215961d18f0 DEOPT PACKING pc=0x00000215385c1fb3 sp=0x000000a63b0fa4c0
Event: 4.205 Thread 0x00000215961d18f0 DEOPT UNPACKING pc=0x000002153f154242 sp=0x000000a63b0f99f0 mode 0
Event: 4.207 Thread 0x00000215961d18f0 DEOPT PACKING pc=0x00000215385c1fb3 sp=0x000000a63b0fa4c0
Event: 4.207 Thread 0x00000215961d18f0 DEOPT UNPACKING pc=0x000002153f154242 sp=0x000000a63b0f99f0 mode 0
Event: 4.208 Thread 0x00000215961d18f0 DEOPT PACKING pc=0x00000215385c1fb3 sp=0x000000a63b0fa4c0
Event: 4.208 Thread 0x00000215961d18f0 DEOPT UNPACKING pc=0x000002153f154242 sp=0x000000a63b0f99f0 mode 0
Event: 4.210 Thread 0x00000215961d18f0 DEOPT PACKING pc=0x00000215385c1fb3 sp=0x000000a63b0fa4c0
Event: 4.210 Thread 0x00000215961d18f0 DEOPT UNPACKING pc=0x000002153f154242 sp=0x000000a63b0f99f0 mode 0
Event: 4.212 Thread 0x00000215961d18f0 DEOPT PACKING pc=0x00000215385c1fb3 sp=0x000000a63b0fa4c0
Event: 4.212 Thread 0x00000215961d18f0 DEOPT UNPACKING pc=0x000002153f154242 sp=0x000000a63b0f99f0 mode 0
Event: 4.213 Thread 0x00000215961d18f0 DEOPT PACKING pc=0x00000215385c1fb3 sp=0x000000a63b0fa4c0
Event: 4.213 Thread 0x00000215961d18f0 DEOPT UNPACKING pc=0x000002153f154242 sp=0x000000a63b0f99f0 mode 0
Event: 4.214 Thread 0x00000215961d18f0 DEOPT PACKING pc=0x00000215385c1fb3 sp=0x000000a63b0fa4c0
Event: 4.214 Thread 0x00000215961d18f0 DEOPT UNPACKING pc=0x000002153f154242 sp=0x000000a63b0f99f0 mode 0
Event: 4.218 Thread 0x00000215961d18f0 DEOPT PACKING pc=0x00000215385c1fb3 sp=0x000000a63b0fa4c0
Event: 4.218 Thread 0x00000215961d18f0 DEOPT UNPACKING pc=0x000002153f154242 sp=0x000000a63b0f99f0 mode 0

Classes loaded (20 events):
Event: 3.577 Loading class jdk/internal/jrtfs/JrtFileSystem
Event: 3.577 Loading class jdk/internal/jrtfs/JrtFileSystem done
Event: 3.577 Loading class jdk/internal/jrtfs/JrtPath
Event: 3.577 Loading class jdk/internal/jrtfs/JrtPath done
Event: 3.577 Loading class jdk/internal/jimage/ImageReader$Node
Event: 3.577 Loading class jdk/internal/jimage/ImageReader$Node done
Event: 3.579 Loading class java/nio/ByteBufferAsIntBufferL
Event: 3.579 Loading class java/nio/ByteBufferAsIntBufferL done
Event: 3.580 Loading class jdk/internal/jimage/ImageReader$Directory
Event: 3.580 Loading class jdk/internal/jimage/ImageReader$Directory done
Event: 3.662 Loading class java/util/AbstractList$ListItr
Event: 3.662 Loading class java/util/AbstractList$ListItr done
Event: 3.669 Loading class java/nio/channels/Channels$ReadableByteChannelImpl
Event: 3.669 Loading class java/nio/channels/Channels$ReadableByteChannelImpl done
Event: 3.670 Loading class java/nio/channels/NonWritableChannelException
Event: 3.670 Loading class java/nio/channels/NonWritableChannelException done
Event: 4.020 Loading class java/util/Vector$1
Event: 4.020 Loading class java/util/Vector$1 done
Event: 4.132 Loading class java/util/regex/Pattern$Caret
Event: 4.132 Loading class java/util/regex/Pattern$Caret done

Classes unloaded (7 events):
Event: 1.557 Thread 0x0000021534a44860 Unloading class 0x000002154d1a4800 'java/lang/invoke/LambdaForm$MH+0x000002154d1a4800'
Event: 1.557 Thread 0x0000021534a44860 Unloading class 0x000002154d1a4400 'java/lang/invoke/LambdaForm$MH+0x000002154d1a4400'
Event: 1.557 Thread 0x0000021534a44860 Unloading class 0x000002154d1a4000 'java/lang/invoke/LambdaForm$MH+0x000002154d1a4000'
Event: 1.557 Thread 0x0000021534a44860 Unloading class 0x000002154d1a3c00 'java/lang/invoke/LambdaForm$MH+0x000002154d1a3c00'
Event: 1.557 Thread 0x0000021534a44860 Unloading class 0x000002154d1a3800 'java/lang/invoke/LambdaForm$BMH+0x000002154d1a3800'
Event: 1.557 Thread 0x0000021534a44860 Unloading class 0x000002154d1a3400 'java/lang/invoke/LambdaForm$DMH+0x000002154d1a3400'
Event: 1.557 Thread 0x0000021534a44860 Unloading class 0x000002154d1a2000 'java/lang/invoke/LambdaForm$DMH+0x000002154d1a2000'

Classes redefined (0 events):
No events

Internal exceptions (20 events):
Event: 3.472 Thread 0x0000021594ae5450 Exception <a 'sun/nio/fs/WindowsException'{0x00000000d5e39948}> (0x00000000d5e39948) 
thrown [s\src\hotspot\share\prims\jni.cpp, line 520]
Event: 3.472 Thread 0x0000021594ae5450 Exception <a 'sun/nio/fs/WindowsException'{0x00000000d5e3e128}> (0x00000000d5e3e128) 
thrown [s\src\hotspot\share\prims\jni.cpp, line 520]
Event: 3.473 Thread 0x0000021594ae5450 Exception <a 'sun/nio/fs/WindowsException'{0x00000000d5e43a28}> (0x00000000d5e43a28) 
thrown [s\src\hotspot\share\prims\jni.cpp, line 520]
Event: 3.473 Thread 0x0000021594ae5450 Exception <a 'sun/nio/fs/WindowsException'{0x00000000d5e4cea0}> (0x00000000d5e4cea0) 
thrown [s\src\hotspot\share\prims\jni.cpp, line 520]
Event: 3.473 Thread 0x0000021594ae5450 Exception <a 'sun/nio/fs/WindowsException'{0x00000000d5e5aaa0}> (0x00000000d5e5aaa0) 
thrown [s\src\hotspot\share\prims\jni.cpp, line 520]
Event: 3.473 Thread 0x0000021594ae5450 Exception <a 'sun/nio/fs/WindowsException'{0x00000000d5e5f4a0}> (0x00000000d5e5f4a0) 
thrown [s\src\hotspot\share\prims\jni.cpp, line 520]
Event: 3.473 Thread 0x0000021594ae5450 Exception <a 'sun/nio/fs/WindowsException'{0x00000000d5e638b8}> (0x00000000d5e638b8) 
thrown [s\src\hotspot\share\prims\jni.cpp, line 520]
Event: 3.488 Thread 0x0000021594ae5450 Exception <a 'sun/nio/fs/WindowsException'{0x00000000d5fc0590}> (0x00000000d5fc0590) 
thrown [s\src\hotspot\share\prims\jni.cpp, line 520]
Event: 3.489 Thread 0x0000021594ae5450 Exception <a 'sun/nio/fs/WindowsException'{0x00000000d5fc78b0}> (0x00000000d5fc78b0) 
thrown [s\src\hotspot\share\prims\jni.cpp, line 520]
Event: 3.489 Thread 0x0000021594ae5450 Exception <a 'sun/nio/fs/WindowsException'{0x00000000d5fcf138}> (0x00000000d5fcf138) 
thrown [s\src\hotspot\share\prims\jni.cpp, line 520]
Event: 3.489 Thread 0x0000021594ae5450 Exception <a 'sun/nio/fs/WindowsException'{0x00000000d5fd3888}> (0x00000000d5fd3888) 
thrown [s\src\hotspot\share\prims\jni.cpp, line 520]
Event: 3.499 Thread 0x0000021594ae5450 Exception <a 'sun/nio/fs/WindowsException'{0x00000000d610a998}> (0x00000000d610a998) 
thrown [s\src\hotspot\share\prims\jni.cpp, line 520]
Event: 3.499 Thread 0x0000021594ae5450 Exception <a 'sun/nio/fs/WindowsException'{0x00000000d610f258}> (0x00000000d610f258) 
thrown [s\src\hotspot\share\prims\jni.cpp, line 520]
Event: 3.499 Thread 0x0000021594ae5450 Exception <a 'sun/nio/fs/WindowsException'{0x00000000d6114d38}> (0x00000000d6114d38) 
thrown [s\src\hotspot\share\prims\jni.cpp, line 520]
Event: 3.499 Thread 0x0000021594ae5450 Exception <a 'sun/nio/fs/WindowsException'{0x00000000d611e048}> (0x00000000d611e048) 
thrown [s\src\hotspot\share\prims\jni.cpp, line 520]
Event: 3.500 Thread 0x0000021594ae5450 Exception <a 'sun/nio/fs/WindowsException'{0x00000000d612c0c0}> (0x00000000d612c0c0) 
thrown [s\src\hotspot\share\prims\jni.cpp, line 520]
Event: 3.500 Thread 0x0000021594ae5450 Exception <a 'sun/nio/fs/WindowsException'{0x00000000d6130c58}> (0x00000000d6130c58) 
thrown [s\src\hotspot\share\prims\jni.cpp, line 520]
Event: 3.500 Thread 0x0000021594ae5450 Exception <a 'sun/nio/fs/WindowsException'{0x00000000d61351e0}> (0x00000000d61351e0) 
thrown [s\src\hotspot\share\prims\jni.cpp, line 520]
Event: 3.573 Thread 0x00000215961d18f0 Implicit null exception at 0x000002153fb50c03 to 0x000002153fb50e84
Event: 3.573 Thread 0x00000215961d18f0 Exception <a 'java/lang/NoSuchMethodError'{0x00000000d67897f0}: 'java.lang.Object java.lang.invoke.DelegatingMethodHandle$Holder.reinvoke_L(java.lang.Object, int, long, java.lang.Object, java.lang.Object, int, java.lang.Object)'> (0x00000000d67897f0) 
thrown [s\src\hotspot\share\interpreter\linkResolver.cpp, line 773]

ZGC Phase Switch (0 events):
No events

VM Operations (20 events):
Event: 3.708 Executing VM operation: ParallelGCFailedAllocation (Allocation Failure)
Event: 3.710 Executing VM operation: ParallelGCFailedAllocation (Allocation Failure) done
Event: 3.728 Executing VM operation: ParallelGCFailedAllocation (Allocation Failure)
Event: 3.731 Executing VM operation: ParallelGCFailedAllocation (Allocation Failure) done
Event: 3.756 Executing VM operation: ParallelGCFailedAllocation (Allocation Failure)
Event: 3.759 Executing VM operation: ParallelGCFailedAllocation (Allocation Failure) done
Event: 3.794 Executing VM operation: ParallelGCFailedAllocation (Allocation Failure)
Event: 3.797 Executing VM operation: ParallelGCFailedAllocation (Allocation Failure) done
Event: 3.919 Executing VM operation: HandshakeAllThreads (Deoptimize)
Event: 3.919 Executing VM operation: HandshakeAllThreads (Deoptimize) done
Event: 3.946 Executing VM operation: ParallelGCFailedAllocation (Allocation Failure)
Event: 3.948 Executing VM operation: ParallelGCFailedAllocation (Allocation Failure) done
Event: 4.099 Executing VM operation: ParallelGCFailedAllocation (Allocation Failure)
Event: 4.101 Executing VM operation: ParallelGCFailedAllocation (Allocation Failure) done
Event: 4.191 Executing VM operation: ParallelGCFailedAllocation (Allocation Failure)
Event: 4.192 Executing VM operation: ParallelGCFailedAllocation (Allocation Failure) done
Event: 4.217 Executing VM operation: ParallelGCFailedAllocation (Allocation Failure)
Event: 4.218 Executing VM operation: ParallelGCFailedAllocation (Allocation Failure) done
Event: 5.225 Executing VM operation: Cleanup
Event: 5.226 Executing VM operation: Cleanup done

Memory protections (0 events):
No events

Nmethod flushes (20 events):
Event: 2.297 Thread 0x0000021534a44860 flushing  nmethod 0x0000021538333c90
Event: 2.297 Thread 0x0000021534a44860 flushing  nmethod 0x0000021538347110
Event: 2.297 Thread 0x0000021534a44860 flushing  nmethod 0x000002153834bc90
Event: 2.297 Thread 0x0000021534a44860 flushing  nmethod 0x000002153837ff10
Event: 2.297 Thread 0x0000021534a44860 flushing  nmethod 0x0000021538383a10
Event: 2.297 Thread 0x0000021534a44860 flushing  nmethod 0x0000021538384310
Event: 2.297 Thread 0x0000021534a44860 flushing  nmethod 0x0000021538385510
Event: 2.297 Thread 0x0000021534a44860 flushing  nmethod 0x0000021538385d10
Event: 2.297 Thread 0x0000021534a44860 flushing  nmethod 0x0000021538387a10
Event: 2.297 Thread 0x0000021534a44860 flushing  nmethod 0x0000021538387f10
Event: 2.297 Thread 0x0000021534a44860 flushing  nmethod 0x0000021538388410
Event: 2.297 Thread 0x0000021534a44860 flushing  nmethod 0x0000021538388810
Event: 2.297 Thread 0x0000021534a44860 flushing  nmethod 0x0000021538389c10
Event: 2.297 Thread 0x0000021534a44860 flushing  nmethod 0x000002153838c210
Event: 2.297 Thread 0x0000021534a44860 flushing  nmethod 0x000002153838dc90
Event: 2.297 Thread 0x0000021534a44860 flushing  nmethod 0x00000215383d2510
Event: 2.297 Thread 0x0000021534a44860 flushing  nmethod 0x00000215383f2e90
Event: 2.297 Thread 0x0000021534a44860 flushing  nmethod 0x00000215383f7590
Event: 2.297 Thread 0x0000021534a44860 flushing  nmethod 0x0000021538404690
Event: 2.297 Thread 0x0000021534a44860 flushing  nmethod 0x00000215384e2f10

Events (20 events):
Event: 2.158 Thread 0x0000021534ab1020 Thread added: 0x00000215961cd750
Event: 2.158 Thread 0x0000021534ab1020 Thread added: 0x00000215961d3330
Event: 2.177 Thread 0x0000021534ab1020 Thread added: 0x00000215961d2610
Event: 2.330 Thread 0x0000021534ab1020 Thread added: 0x00000215961d1260
Event: 2.330 Thread 0x0000021534ab1020 Thread added: 0x00000215961d18f0
Event: 2.413 Thread 0x0000021594ae5450 Thread added: 0x00000215961d1f80
Event: 2.413 Thread 0x0000021594ae5450 Thread added: 0x00000215961d2ca0
Event: 2.413 Thread 0x00000215961d1f80 Thread added: 0x00000215961d39c0
Event: 2.413 Thread 0x00000215961d2ca0 Thread added: 0x00000215975e8630
Event: 2.413 Thread 0x00000215961d39c0 Thread added: 0x00000215975e99e0
Event: 2.414 Thread 0x00000215975e8630 Thread added: 0x00000215975e7910
Event: 2.414 Thread 0x00000215975e99e0 Thread added: 0x00000215975ea070
Event: 2.414 Thread 0x00000215975e7910 Thread added: 0x00000215975e6bf0
Event: 2.415 Thread 0x00000215975ea070 Thread added: 0x00000215975ea700
Event: 2.415 Thread 0x00000215975e6bf0 Thread added: 0x00000215975e7280
Event: 2.416 Thread 0x00000215975ea700 Thread added: 0x00000215975ead90
Event: 2.417 Thread 0x00000215975e7280 Thread added: 0x00000215975e9350
Event: 2.417 Thread 0x00000215975ead90 Thread added: 0x00000215975e8cc0
Event: 2.450 Thread 0x00000215975e8cc0 Thread added: 0x00000215975eb420
Event: 2.457 Thread 0x00000215975e9350 Thread added: 0x00000215975e7fa0


Dynamic libraries:
0x00007ff6484c0000 - 0x00007ff6484ce000 	c:\Users\DELL\.vscode\extensions\redhat.java-1.50.0-win32-x64\jre\21.0.9-win32-x86_64\bin\java.exe
0x00007ffd7e440000 - 0x00007ffd7e6a8000 	C:\WINDOWS\SYSTEM32\ntdll.dll
0x00007ffd7d010000 - 0x00007ffd7d0d9000 	C:\WINDOWS\System32\KERNEL32.DLL
0x00007ffd7b710000 - 0x00007ffd7bb08000 	C:\WINDOWS\System32\KERNELBASE.dll
0x00007ffd71470000 - 0x00007ffd7148e000 	c:\Users\DELL\.vscode\extensions\redhat.java-1.50.0-win32-x64\jre\21.0.9-win32-x86_64\bin\VCRUNTIME140.dll
0x00007ffd719e0000 - 0x00007ffd719f8000 	c:\Users\DELL\.vscode\extensions\redhat.java-1.50.0-win32-x64\jre\21.0.9-win32-x86_64\bin\jli.dll
0x00007ffd7bb10000 - 0x00007ffd7bc5b000 	C:\WINDOWS\System32\ucrtbase.dll
0x00007ffd7de00000 - 0x00007ffd7dfc7000 	C:\WINDOWS\System32\USER32.dll
0x00007ffd5d240000 - 0x00007ffd5d4d4000 	C:\WINDOWS\WinSxS\amd64_microsoft.windows.common-controls_6595b64144ccf1df_6.0.26100.7019_none_3e06ffa0e335b8a8\COMCTL32.dll
0x00007ffd7b6e0000 - 0x00007ffd7b707000 	C:\WINDOWS\System32\win32u.dll
0x00007ffd7d990000 - 0x00007ffd7da39000 	C:\WINDOWS\System32\msvcrt.dll
0x00007ffd7ceb0000 - 0x00007ffd7cedb000 	C:\WINDOWS\System32\GDI32.dll
0x00007ffd7bde0000 - 0x00007ffd7bf0c000 	C:\WINDOWS\System32\gdi32full.dll
0x00007ffd7c130000 - 0x00007ffd7c1d3000 	C:\WINDOWS\System32\msvcp_win.dll
0x00007ffd7d950000 - 0x00007ffd7d981000 	C:\WINDOWS\System32\IMM32.DLL
0x00007ffd719d0000 - 0x00007ffd719dc000 	c:\Users\DELL\.vscode\extensions\redhat.java-1.50.0-win32-x64\jre\21.0.9-win32-x86_64\bin\vcruntime140_1.dll
0x00007ffd69680000 - 0x00007ffd6970d000 	c:\Users\DELL\.vscode\extensions\redhat.java-1.50.0-win32-x64\jre\21.0.9-win32-x86_64\bin\msvcp140.dll
0x00007ffccf400000 - 0x00007ffcd01a0000 	c:\Users\DELL\.vscode\extensions\redhat.java-1.50.0-win32-x64\jre\21.0.9-win32-x86_64\bin\server\jvm.dll
0x00007ffd7cdf0000 - 0x00007ffd7cea4000 	C:\WINDOWS\System32\ADVAPI32.dll
0x00007ffd7d7c0000 - 0x00007ffd7d866000 	C:\WINDOWS\System32\sechost.dll
0x00007ffd7dfd0000 - 0x00007ffd7e0e8000 	C:\WINDOWS\System32\RPCRT4.dll
0x00007ffd7dbe0000 - 0x00007ffd7dc54000 	C:\WINDOWS\System32\WS2_32.dll
0x00007ffd7a1b0000 - 0x00007ffd7a20e000 	C:\WINDOWS\SYSTEM32\POWRPROF.dll
0x00007ffd74190000 - 0x00007ffd741c5000 	C:\WINDOWS\SYSTEM32\WINMM.dll
0x00007ffd74280000 - 0x00007ffd7428b000 	C:\WINDOWS\SYSTEM32\VERSION.dll
0x00007ffd7a190000 - 0x00007ffd7a1a4000 	C:\WINDOWS\SYSTEM32\UMPDC.dll
0x00007ffd7a470000 - 0x00007ffd7a48b000 	C:\WINDOWS\SYSTEM32\kernel.appcore.dll
0x00007ffd71580000 - 0x00007ffd7158a000 	c:\Users\DELL\.vscode\extensions\redhat.java-1.50.0-win32-x64\jre\21.0.9-win32-x86_64\bin\jimage.dll
0x00007ffd78c30000 - 0x00007ffd78e72000 	C:\WINDOWS\SYSTEM32\DBGHELP.DLL
0x00007ffd7d3d0000 - 0x00007ffd7d75b000 	C:\WINDOWS\System32\combase.dll
0x00007ffd7d870000 - 0x00007ffd7d947000 	C:\WINDOWS\System32\OLEAUT32.dll
0x00007ffd5d0e0000 - 0x00007ffd5d11c000 	C:\WINDOWS\SYSTEM32\dbgcore.DLL
0x00007ffd7c080000 - 0x00007ffd7c125000 	C:\WINDOWS\System32\bcryptPrimitives.dll
0x00007ffd70db0000 - 0x00007ffd70dbf000 	c:\Users\DELL\.vscode\extensions\redhat.java-1.50.0-win32-x64\jre\21.0.9-win32-x86_64\bin\instrument.dll
0x00007ffd70c60000 - 0x00007ffd70c80000 	c:\Users\DELL\.vscode\extensions\redhat.java-1.50.0-win32-x64\jre\21.0.9-win32-x86_64\bin\java.dll
0x00007ffd7c690000 - 0x00007ffd7cddf000 	C:\WINDOWS\System32\SHELL32.dll
0x00007ffd7bf10000 - 0x00007ffd7c07b000 	C:\WINDOWS\System32\wintypes.dll
0x00007ffd791d0000 - 0x00007ffd79a2d000 	C:\WINDOWS\SYSTEM32\windows.storage.dll
0x00007ffd7d160000 - 0x00007ffd7d252000 	C:\WINDOWS\System32\SHCORE.dll
0x00007ffd7cee0000 - 0x00007ffd7cf47000 	C:\WINDOWS\System32\shlwapi.dll
0x00007ffd7b4b0000 - 0x00007ffd7b4d9000 	C:\WINDOWS\SYSTEM32\profapi.dll
0x00007ffd70c40000 - 0x00007ffd70c58000 	c:\Users\DELL\.vscode\extensions\redhat.java-1.50.0-win32-x64\jre\21.0.9-win32-x86_64\bin\zip.dll
0x00007ffd70c30000 - 0x00007ffd70c40000 	C:\Users\DELL\.vscode\extensions\redhat.java-1.50.0-win32-x64\jre\21.0.9-win32-x86_64\bin\net.dll
0x00007ffd75150000 - 0x00007ffd75278000 	C:\WINDOWS\SYSTEM32\WINHTTP.dll
0x00007ffd7a9e0000 - 0x00007ffd7aa4b000 	C:\WINDOWS\system32\mswsock.dll
0x00007ffd70c10000 - 0x00007ffd70c26000 	C:\Users\DELL\.vscode\extensions\redhat.java-1.50.0-win32-x64\jre\21.0.9-win32-x86_64\bin\nio.dll
0x00007ffd70c00000 - 0x00007ffd70c10000 	c:\Users\DELL\.vscode\extensions\redhat.java-1.50.0-win32-x64\jre\21.0.9-win32-x86_64\bin\verify.dll
0x00007ffd69540000 - 0x00007ffd69584000 	C:\Users\DELL\AppData\Roaming\Code\User\globalStorage\redhat.java\1.50.0\config_win\org.eclipse.equinox.launcher\org.eclipse.equinox.launcher.win32.win32.x86_64_1.2.1400.v20250801-0854\eclipse_11916.dll
0x00007ffd7dc60000 - 0x00007ffd7ddf7000 	C:\WINDOWS\System32\ole32.dll
0x00007ffd7aca0000 - 0x00007ffd7acbb000 	C:\WINDOWS\SYSTEM32\CRYPTSP.dll
0x00007ffd7a3d0000 - 0x00007ffd7a40a000 	C:\WINDOWS\system32\rsaenh.dll
0x00007ffd7aa90000 - 0x00007ffd7aabb000 	C:\WINDOWS\SYSTEM32\USERENV.dll
0x00007ffd7b480000 - 0x00007ffd7b4aa000 	C:\WINDOWS\SYSTEM32\bcrypt.dll
0x00007ffd7acc0000 - 0x00007ffd7accc000 	C:\WINDOWS\SYSTEM32\CRYPTBASE.dll
0x00007ffd79f20000 - 0x00007ffd79f54000 	C:\WINDOWS\SYSTEM32\IPHLPAPI.DLL
0x00007ffd7d7b0000 - 0x00007ffd7d7ba000 	C:\WINDOWS\System32\NSI.dll
0x00007ffd67510000 - 0x00007ffd67559000 	C:\Users\DELL\AppData\Local\Temp\jna-2094529\jna388267124114109336.dll
0x00007ffd7da40000 - 0x00007ffd7da48000 	C:\WINDOWS\System32\PSAPI.DLL
0x00007ffd754c0000 - 0x00007ffd754de000 	C:\WINDOWS\SYSTEM32\dhcpcsvc6.DLL
0x00007ffd753a0000 - 0x00007ffd753c3000 	C:\WINDOWS\SYSTEM32\dhcpcsvc.DLL

JVMTI agents:
c:\Users\DELL\.vscode\extensions\redhat.java-1.50.0-win32-x64\lombok\lombok-1.18.39-4050.jar path:c:\Users\DELL\.vscode\extensions\redhat.java-1.50.0-win32-x64\jre\21.0.9-win32-x86_64\bin\instrument.dll, loaded, initialized, instrumentlib options:none

dbghelp: loaded successfully - version: 4.0.5 - missing functions: none
symbol engine: initialized successfully - sym options: 0x614 - pdb path: .;c:\Users\DELL\.vscode\extensions\redhat.java-1.50.0-win32-x64\jre\21.0.9-win32-x86_64\bin;C:\WINDOWS\SYSTEM32;C:\WINDOWS\WinSxS\amd64_microsoft.windows.common-controls_6595b64144ccf1df_6.0.26100.7019_none_3e06ffa0e335b8a8;c:\Users\DELL\.vscode\extensions\redhat.java-1.50.0-win32-x64\jre\21.0.9-win32-x86_64\bin\server;C:\Users\DELL\AppData\Roaming\Code\User\globalStorage\redhat.java\1.50.0\config_win\org.eclipse.equinox.launcher\org.eclipse.equinox.launcher.win32.win32.x86_64_1.2.1400.v20250801-0854;C:\Users\DELL\AppData\Local\Temp\jna-2094529

VM Arguments:
jvm_args: --add-modules=ALL-SYSTEM --add-opens=java.base/java.util=ALL-UNNAMED --add-opens=java.base/java.lang=ALL-UNNAMED --add-opens=java.base/sun.nio.fs=ALL-UNNAMED -Declipse.application=org.eclipse.jdt.ls.core.id1 -Dosgi.bundles.defaultStartLevel=4 -Declipse.product=org.eclipse.jdt.ls.core.product -Djava.import.generatesMetadataFilesAtProjectRoot=false -DDetectVMInstallationsJob.disabled=true -Dfile.encoding=utf8 -XX:+UseParallelGC -XX:GCTimeRatio=4 -XX:AdaptiveSizePolicyWeight=90 -Dsun.zip.disableMemoryMapping=true -Xmx2G -Xms100m -Xlog:disable -javaagent:c:\Users\DELL\.vscode\extensions\redhat.java-1.50.0-win32-x64\lombok\lombok-1.18.39-4050.jar -XX:+HeapDumpOnOutOfMemoryError -XX:HeapDumpPath=c:\Users\DELL\AppData\Roaming\Code\User\workspaceStorage\0755037b6897d077e138bb15a92d4421\redhat.java -Daether.dependencyCollector.impl=bf 
java_command: c:\Users\DELL\.vscode\extensions\redhat.java-1.50.0-win32-x64\server\plugins\org.eclipse.equinox.launcher_1.7.100.v20251111-0406.jar -configuration c:\Users\DELL\AppData\Roaming\Code\User\globalStorage\redhat.java\1.50.0\config_win -data c:\Users\DELL\AppData\Roaming\Code\User\workspaceStorage\0755037b6897d077e138bb15a92d4421\redhat.java\jdt_ws --pipe=\\.\pipe\lsp-7f127be3cb96b5d0fdf7e998371a7760-sock
java_class_path (initial): c:\Users\DELL\.vscode\extensions\redhat.java-1.50.0-win32-x64\server\plugins\org.eclipse.equinox.launcher_1.7.100.v20251111-0406.jar
Launcher Type: SUN_STANDARD

[Global flags]
    uintx AdaptiveSizePolicyWeight                 = 90                                        {product} {command line}
     intx CICompilerCount                          = 12                                        {product} {ergonomic}
    uintx GCTimeRatio                              = 4                                         {product} {command line}
     bool HeapDumpOnOutOfMemoryError               = true                                   {manageable} {command line}
    ccstr HeapDumpPath                             = c:\Users\DELL\AppData\Roaming\Code\User\workspaceStorage\0755037b6897d077e138bb15a92d4421\redhat.java         {manageable} {command line}
   size_t InitialHeapSize                          = 104857600                                 {product} {command line}
   size_t MaxHeapSize                              = 2147483648                                {product} {command line}
   size_t MaxNewSize                               = 715653120                                 {product} {ergonomic}
   size_t MinHeapDeltaBytes                        = 524288                                    {product} {ergonomic}
   size_t MinHeapSize                              = 104857600                                 {product} {command line}
   size_t NewSize                                  = 34603008                                  {product} {ergonomic}
    uintx NonNMethodCodeHeapSize                   = 7602480                                {pd product} {ergonomic}
    uintx NonProfiledCodeHeapSize                  = 122027880                              {pd product} {ergonomic}
   size_t OldSize                                  = 70254592                                  {product} {ergonomic}
    uintx ProfiledCodeHeapSize                     = 122027880                              {pd product} {ergonomic}
    uintx ReservedCodeCacheSize                    = 251658240                              {pd product} {ergonomic}
     bool SegmentedCodeCache                       = true                                      {product} {ergonomic}
   size_t SoftMaxHeapSize                          = 2147483648                             {manageable} {ergonomic}
     bool UseCompressedOops                        = true                           {product lp64_product} {ergonomic}
     bool UseLargePagesIndividualAllocation        = false                                  {pd product} {ergonomic}
     bool UseParallelGC                            = true                                      {product} {command line}

Logging:
Log output configuration:
 #0: stdout all=off uptime,level,tags foldmultilines=false
 #1: stderr all=off uptime,level,tags foldmultilines=false

Release file:
JAVA_VERSION="21.0.9" 
MODULES="java.base java.compiler java.datatransfer java.xml java.prefs java.desktop java.instrument java.logging java.management java.security.sasl java.naming java.rmi java.management.rmi java.net.http java.scripting java.security.jgss java.transaction.xa java.sql java.sql.rowset java.xml.crypto java.se java.smartcardio jdk.accessibility jdk.internal.jvmstat jdk.attach jdk.charsets jdk.internal.opt jdk.zipfs jdk.compiler jdk.crypto.ec jdk.crypto.cryptoki jdk.crypto.mscapi jdk.dynalink jdk.internal.ed jdk.editpad jdk.hotspot.agent jdk.httpserver jdk.internal.le jdk.internal.vm.ci jdk.internal.vm.compiler jdk.internal.vm.compiler.management jdk.jartool jdk.javadoc jdk.jcmd jdk.management jdk.management.agent jdk.jconsole jdk.jdeps jdk.jdwp.agent jdk.jdi jdk.jfr jdk.jshell jdk.jsobject jdk.jstatd jdk.localedata jdk.management.jfr jdk.naming.dns jdk.naming.rmi jdk.net jdk.nio.mapmode jdk.random jdk.sctp jdk.security.auth jdk.security.jgss jdk.unsupported jdk.unsupported.desktop jdk.xml.dom" 

Environment Variables:
PATH=C:\Program Files\Common Files\Oracle\Java\javapath;C:\Windows\system32;C:\Windows;C:\Windows\System32\Wbem;C:\Windows\System32\WindowsPowerShell\v1.0\;C:\Windows\System32\OpenSSH\;C:\Program Files\dotnet\;C:\Program Files (x86)\NVIDIA Corporation\PhysX\Common;C:\Program Files\NVIDIA Corporation\NVIDIA NvDLISR;C:\Program Files (x86)\Windows Kits\8.1\Windows Performance Toolkit\;C:\Program Files\Microsoft SQL Server\110\Tools\Binn\;C:\Program Files\nodejs\;C:\WINDOWS\system32;C:\WINDOWS;C:\WINDOWS\System32\Wbem;C:\WINDOWS\System32\WindowsPowerShell\v1.0\;C:\WINDOWS\System32\OpenSSH\;C:\Program Files (x86)\MinGW\bin;C:\Program Files\Git\cmd;D:\cursor\resources\app\bin;C:\Users\DELL\AppData\Local\Programs\Python\Python311\Scripts\;C:\Users\DELL\AppData\Local\Programs\Python\Python311\;C:\Users\DELL\AppData\Local\Programs\Python\Python313\Scripts\;C:\Users\DELL\AppData\Local\Programs\Python\Python313\;C:\Users\DELL\AppData\Local\Programs\Python\Launcher\;C:\apache-maven\apache-maven-3.9.5\bin;C:\apache-maven\apache-maven-3.9.5\bin;C:\Program Files\Common Files\Oracle\Java\javapath;C:\Windows\system32;C:\Windows;C:\Windows\System32\Wbem;C:\Windows\System32\WindowsPowerShell\v1.0\;C:\Windows\System32\OpenSSH\;C:\Program Files\dotnet\;C:\Program Files (x86)\NVIDIA Corporation\PhysX\Common;C:\Program Files\NVIDIA Corporation\NVIDIA NvDLISR;C:\Program Files (x86)\Windows Kits\8.1\Windows Performance Toolkit\;C:\Program Files\Microsoft SQL Server\110\Tools\Binn\;C:\Program Files\nodejs\;C:\WINDOWS\system32;C:\WINDOWS;C:\WINDOWS\System32\Wbem;C:\WINDOWS\System32\WindowsPowerShell\v1.0\;C:\WINDOWS\System32\OpenSSH\;C:\Program Files (x86)\MinGW\bin;C:\Program Files\MySQL\MySQL Shell 8.0\bin\;C:\Users\DELL\AppData\Local\Microsoft\WindowsApps;C:\Users\DELL\AppData\Local\Programs\Microsoft VS Code\bin;C:\Users\DELL\AppData\Roaming\npm;C:\Users\DELL\AppData\Local\GitHubDesktop\bin;C:\Program Files (x86)\MinGW\bin;;c:\Users\DELL\AppData\Roaming\Code\User\globalStorage\gith
USERNAME=DELL
OS=Windows_NT
PROCESSOR_IDENTIFIER=Intel64 Family 6 Model 183 Stepping 1, GenuineIntel
TMP=C:\Users\DELL\AppData\Local\Temp
TEMP=C:\Users\DELL\AppData\Local\Temp




Periodic native trim disabled

---------------  S Y S T E M  ---------------

OS:
 Windows 11 , 64 bit Build 26100 (10.0.26100.7019)
OS uptime: 11 days 11:12 hours
Hyper-V role detected

CPU: total 16 (initial active 16) (8 cores per cpu, 2 threads per core) family 6 model 183 stepping 1 microcode 0x12f, cx8, cmov, fxsr, ht, mmx, 3dnowpref, sse, sse2, sse3, ssse3, sse4.1, sse4.2, popcnt, lzcnt, tsc, tscinvbit, avx, avx2, aes, erms, clmul, bmi1, bmi2, adx, sha, fma, vzeroupper, clflush, clflushopt, clwb, hv, serialize, rdtscp, rdpid, fsrm, f16c, cet_ibt, cet_ss
Processor Information for processor 0
  Max Mhz: 2400, Current Mhz: 2400, Mhz Limit: 2400
Processor Information for processor 1
  Max Mhz: 2400, Current Mhz: 2400, Mhz Limit: 2400
Processor Information for processor 2
  Max Mhz: 2400, Current Mhz: 2400, Mhz Limit: 2400
Processor Information for processor 3
  Max Mhz: 2400, Current Mhz: 2400, Mhz Limit: 2400
Processor Information for processor 4
  Max Mhz: 2400, Current Mhz: 2400, Mhz Limit: 2400
Processor Information for processor 5
  Max Mhz: 2400, Current Mhz: 2400, Mhz Limit: 2400
Processor Information for processor 6
  Max Mhz: 2400, Current Mhz: 2400, Mhz Limit: 2400
Processor Information for processor 7
  Max Mhz: 2400, Current Mhz: 2400, Mhz Limit: 2400
Processor Information for processor 8
  Max Mhz: 2400, Current Mhz: 2400, Mhz Limit: 2400
Processor Information for processor 9
  Max Mhz: 2400, Current Mhz: 2400, Mhz Limit: 2400
Processor Information for processor 10
  Max Mhz: 2400, Current Mhz: 2400, Mhz Limit: 2400
Processor Information for processor 11
  Max Mhz: 2400, Current Mhz: 2400, Mhz Limit: 2400
Processor Information for processor 12
  Max Mhz: 2400, Current Mhz: 2400, Mhz Limit: 2400
Processor Information for processor 13
  Max Mhz: 2400, Current Mhz: 1466, Mhz Limit: 2400
Processor Information for processor 14
  Max Mhz: 2400, Current Mhz: 1466, Mhz Limit: 2400
Processor Information for processor 15
  Max Mhz: 2400, Current Mhz: 1466, Mhz Limit: 2400

Memory: 4k page, system-wide physical 7876M (591M free)
TotalPageFile size 32452M (AvailPageFile size 15M)
current process WorkingSet (physical memory assigned to process): 273M, peak: 280M
current process commit charge ("private bytes"): 382M, peak: 389M

vm_info: OpenJDK 64-Bit Server VM (21.0.9+10-LTS) for windows-amd64 JRE (21.0.9+10-LTS), built on 2025-10-21T00:00:00Z by "admin" with unknown MS VC++:1942

END.
