#
# There is insufficient memory for the Java Runtime Environment to continue.
# Native memory allocation (malloc) failed to allocate 204176 bytes. Error detail: Chunk::new
# Possible reasons:
#   The system is out of physical RAM or swap space
#   This process is running with CompressedOops enabled, and the Java Heap may be blocking the growth of the native heap
# Possible solutions:
#   Reduce memory load on the system
#   Increase physical memory or swap space
#   Check if swap backing store is full
#   Decrease Java heap size (-Xmx/-Xms)
#   Decrease number of Java threads
#   Decrease Java thread stack sizes (-Xss)
#   Set larger code cache with -XX:ReservedCodeCacheSize=
#   JVM is running with Unscaled Compressed Oops mode in which the Java heap is
#     placed in the first 4GB address space. The Java Heap base address is the
#     maximum limit for the native heap growth. Please use -XX:HeapBaseMinAddress
#     to set the Java Heap base and to place the Java Heap above 4GB virtual address.
# This output file may be truncated or incomplete.
#
#  Out of Memory Error (arena.cpp:168), pid=27712, tid=10012
#
# JRE version: OpenJDK Runtime Environment Temurin-21.0.9+10 (21.0.9+10) (build 21.0.9+10-LTS)
# Java VM: OpenJDK 64-Bit Server VM Temurin-21.0.9+10 (21.0.9+10-LTS, mixed mode, sharing, tiered, compressed oops, compressed class ptrs, parallel gc, windows-amd64)
# No core dump will be written. Minidumps are not enabled by default on client versions of Windows
#

---------------  S U M M A R Y ------------

Command Line: --add-modules=ALL-SYSTEM --add-opens=java.base/java.util=ALL-UNNAMED --add-opens=java.base/java.lang=ALL-UNNAMED --add-opens=java.base/sun.nio.fs=ALL-UNNAMED -Declipse.application=org.eclipse.jdt.ls.core.id1 -Dosgi.bundles.defaultStartLevel=4 -Declipse.product=org.eclipse.jdt.ls.core.product -Djava.import.generatesMetadataFilesAtProjectRoot=false -DDetectVMInstallationsJob.disabled=true -Dfile.encoding=utf8 -XX:+UseParallelGC -XX:GCTimeRatio=4 -XX:AdaptiveSizePolicyWeight=90 -Dsun.zip.disableMemoryMapping=true -Xmx2G -Xms100m -Xlog:disable -javaagent:c:\Users\DELL\.vscode\extensions\redhat.java-1.50.0-win32-x64\lombok\lombok-1.18.39-4050.jar -XX:+HeapDumpOnOutOfMemoryError -XX:HeapDumpPath=c:\Users\DELL\AppData\Roaming\Code\User\workspaceStorage\0755037b6897d077e138bb15a92d4421\redhat.java -Daether.dependencyCollector.impl=bf c:\Users\DELL\.vscode\extensions\redhat.java-1.50.0-win32-x64\server\plugins\org.eclipse.equinox.launcher_1.7.100.v20251111-0406.jar -configuration c:\Users\DELL\AppData\Roaming\Code\User\globalStorage\redhat.java\1.50.0\config_win -data c:\Users\DELL\AppData\Roaming\Code\User\workspaceStorage\0755037b6897d077e138bb15a92d4421\redhat.java\jdt_ws --pipe=\\.\pipe\lsp-a098744d5f5d41a514ee1c641f2c0172-sock

Host: 13th Gen Intel(R) Core(TM) i5-13450HX, 16 cores, 7G,  Windows 11 , 64 bit Build 26100 (10.0.26100.7019)
Time: Wed Dec 10 20:25:14 2025 India Standard Time elapsed time: 7.827752 seconds (0d 0h 0m 7s)

---------------  T H R E A D  ---------------

Current thread (0x000001cbeeed1a30):  JavaThread "C2 CompilerThread0" daemon [_thread_in_native, id=10012, stack(0x000000963e900000,0x000000963ea00000) (1024K)]


Current CompileTask:
C2:7827 1652       4       lombok.patcher.PatchScript::classMatches (41 bytes)

Stack: [0x000000963e900000,0x000000963ea00000]
Native frames: (J=compiled Java code, j=interpreted, Vv=VM code, C=native code)
V  [jvm.dll+0x6d6e29]
V  [jvm.dll+0x8b4b76]
V  [jvm.dll+0x8b712e]
V  [jvm.dll+0x8b7813]
V  [jvm.dll+0x283d86]
V  [jvm.dll+0xc66ed]
V  [jvm.dll+0xc6c31]
V  [jvm.dll+0x3be53b]
V  [jvm.dll+0x1e3d59]
V  [jvm.dll+0x24c0f3]
V  [jvm.dll+0x24b580]
V  [jvm.dll+0x1cb13e]
V  [jvm.dll+0x25b29d]
V  [jvm.dll+0x25982a]
V  [jvm.dll+0x3f7ea6]
V  [jvm.dll+0x85e9ad]
V  [jvm.dll+0x6d565d]
C  [ucrtbase.dll+0x37b0]
C  [KERNEL32.DLL+0x2e8d7]
C  [ntdll.dll+0x8c53c]


---------------  P R O C E S S  ---------------

Threads class SMR info:
_java_thread_list=0x000001cbf988e2e0, length=14, elements={
0x000001cbeee1e4a0, 0x000001cbeeec4800, 0x000001cbf68cbcb0, 0x000001cbeeec6a10,
0x000001cbeeeca300, 0x000001cbeeecb530, 0x000001cbeeecc250, 0x000001cbeeed1a30,
0x000001cbeeede170, 0x000001cbeeecbbc0, 0x000001cbeeece320, 0x000001cbf7d85880,
0x000001cbf9946390, 0x000001cbeeecd600
}

Java Threads: ( => current thread )
  0x000001cbeee1e4a0 JavaThread "main"                              [_thread_in_Java, id=12544, stack(0x000000963df00000,0x000000963e000000) (1024K)]
  0x000001cbeeec4800 JavaThread "Reference Handler"          daemon [_thread_blocked, id=34504, stack(0x000000963e300000,0x000000963e400000) (1024K)]
  0x000001cbf68cbcb0 JavaThread "Finalizer"                  daemon [_thread_blocked, id=29252, stack(0x000000963e400000,0x000000963e500000) (1024K)]
  0x000001cbeeec6a10 JavaThread "Signal Dispatcher"          daemon [_thread_blocked, id=6244, stack(0x000000963e500000,0x000000963e600000) (1024K)]
  0x000001cbeeeca300 JavaThread "Attach Listener"            daemon [_thread_blocked, id=10536, stack(0x000000963e600000,0x000000963e700000) (1024K)]
  0x000001cbeeecb530 JavaThread "Service Thread"             daemon [_thread_blocked, id=9832, stack(0x000000963e700000,0x000000963e800000) (1024K)]
  0x000001cbeeecc250 JavaThread "Monitor Deflation Thread"   daemon [_thread_blocked, id=14344, stack(0x000000963e800000,0x000000963e900000) (1024K)]
=>0x000001cbeeed1a30 JavaThread "C2 CompilerThread0"         daemon [_thread_in_native, id=10012, stack(0x000000963e900000,0x000000963ea00000) (1024K)]
  0x000001cbeeede170 JavaThread "C1 CompilerThread0"         daemon [_thread_blocked, id=18820, stack(0x000000963ea00000,0x000000963eb00000) (1024K)]
  0x000001cbeeecbbc0 JavaThread "Common-Cleaner"             daemon [_thread_blocked, id=1812, stack(0x000000963ed00000,0x000000963ee00000) (1024K)]
  0x000001cbeeece320 JavaThread "Notification Thread"        daemon [_thread_blocked, id=33236, stack(0x000000963ee00000,0x000000963ef00000) (1024K)]
  0x000001cbf7d85880 JavaThread "C1 CompilerThread1"         daemon [_thread_blocked, id=27348, stack(0x000000963eb00000,0x000000963ec00000) (1024K)]
  0x000001cbf9946390 JavaThread "C2 CompilerThread1"         daemon [_thread_in_native, id=12984, stack(0x000000963f500000,0x000000963f600000) (1024K)]
  0x000001cbeeecd600 JavaThread "Active Thread: Equinox Container: 1ea3bd7c-ccf9-42a6-9f8b-87d5885be86d"        [_thread_blocked, id=5172, stack(0x000000963f600000,0x000000963f700000) (1024K)]
Total: 14

Other Threads:
  0x000001cbeeebfc30 VMThread "VM Thread"                           [id=5736, stack(0x000000963e200000,0x000000963e300000) (1024K)]
  0x000001cbf67aca00 WatcherThread "VM Periodic Task Thread"        [id=24368, stack(0x000000963e100000,0x000000963e200000) (1024K)]
  0x000001cbeee3bb00 WorkerThread "GC Thread#0"                     [id=2604, stack(0x000000963e000000,0x000000963e100000) (1024K)]
  0x000001cbf9876ca0 WorkerThread "GC Thread#1"                     [id=15544, stack(0x000000963ef00000,0x000000963f000000) (1024K)]
  0x000001cbf9877040 WorkerThread "GC Thread#2"                     [id=13744, stack(0x000000963f000000,0x000000963f100000) (1024K)]
  0x000001cbf98773e0 WorkerThread "GC Thread#3"                     [id=28632, stack(0x000000963f100000,0x000000963f200000) (1024K)]
  0x000001cbf9877780 WorkerThread "GC Thread#4"                     [id=10284, stack(0x000000963f200000,0x000000963f300000) (1024K)]
  0x000001cbf987d060 WorkerThread "GC Thread#5"                     [id=6940, stack(0x000000963f300000,0x000000963f400000) (1024K)]
  0x000001cbf987d400 WorkerThread "GC Thread#6"                     [id=11864, stack(0x000000963f400000,0x000000963f500000) (1024K)]
Total: 9

Threads with active compile tasks:
C2 CompilerThread0  8848 1652       4       lombok.patcher.PatchScript::classMatches (41 bytes)
C2 CompilerThread1  8848 1698       4       java.lang.AbstractStringBuilder::append (45 bytes)
Total: 2

VM state: not at safepoint (normal execution)

VM Mutex/Monitor currently owned by a thread: None

Heap address: 0x0000000080000000, size: 2048 MB, Compressed Oops mode: 32-bit

CDS archive(s) mapped at: [0x000001cb8f000000-0x000001cb8fba0000-0x000001cb8fba0000), size 12189696, SharedBaseAddress: 0x000001cb8f000000, ArchiveRelocationMode: 1.
Compressed class space mapped at: 0x000001cb90000000-0x000001cbd0000000, reserved size: 1073741824
Narrow klass base: 0x000001cb8f000000, Narrow klass shift: 0, Narrow klass range: 0x100000000

GC Precious Log:
 CardTable entry size: 512
 CPUs: 16 total, 16 available
 Memory: 7876M
 Large Page Support: Disabled
 NUMA Support: Disabled
 Compressed Oops: Enabled (32-bit)
 Alignments: Space 512K, Generation 512K, Heap 2M
 Heap Min Capacity: 100M
 Heap Initial Capacity: 100M
 Heap Max Capacity: 2G
 Pre-touch: Disabled
 Parallel Workers: 13

Heap:
 PSYoungGen      total 29696K, used 27469K [0x00000000d5580000, 0x00000000d7680000, 0x0000000100000000)
  eden space 25600K, 93% used [0x00000000d5580000,0x00000000d6cf4448,0x00000000d6e80000)
  from space 4096K, 84% used [0x00000000d6e80000,0x00000000d71deff8,0x00000000d7280000)
  to   space 4096K, 0% used [0x00000000d7280000,0x00000000d7280000,0x00000000d7680000)
 ParOldGen       total 68608K, used 16K [0x0000000080000000, 0x0000000084300000, 0x00000000d5580000)
  object space 68608K, 0% used [0x0000000080000000,0x0000000080004000,0x0000000084300000)
 Metaspace       used 7575K, committed 7872K, reserved 1114112K
  class space    used 782K, committed 896K, reserved 1048576K

Card table byte_map: [0x000001cbee7c0000,0x000001cbeebd0000] _byte_map_base: 0x000001cbee3c0000

Marking Bits: (ParMarkBitMap*) 0x00007ffcc11e2460
 Begin Bits: [0x000001cbf22d0000, 0x000001cbf42d0000)
 End Bits:   [0x000001cbf42d0000, 0x000001cbf62d0000)

Polling page: 0x000001cbeccb0000

Metaspace:

Usage:
  Non-class:      6.64 MB used.
      Class:    782.92 KB used.
       Both:      7.40 MB used.

Virtual space:
  Non-class space:       64.00 MB reserved,       6.81 MB ( 11%) committed,  1 nodes.
      Class space:        1.00 GB reserved,     896.00 KB ( <1%) committed,  1 nodes.
             Both:        1.06 GB reserved,       7.69 MB ( <1%) committed. 

Chunk freelists:
   Non-Class:  9.09 MB
       Class:  14.95 MB
        Both:  24.04 MB

MaxMetaspaceSize: unlimited
CompressedClassSpaceSize: 1.00 GB
Initial GC threshold: 21.00 MB
Current GC threshold: 21.00 MB
CDS: on
 - commit_granule_bytes: 65536.
 - commit_granule_words: 8192.
 - virtual_space_node_default_size: 8388608.
 - enlarge_chunks_in_place: 1.
 - use_allocation_guard: 0.


Internal statistics:

num_allocs_failed_limit: 0.
num_arena_births: 228.
num_arena_deaths: 0.
num_vsnodes_births: 2.
num_vsnodes_deaths: 0.
num_space_committed: 123.
num_space_uncommitted: 0.
num_chunks_returned_to_freelist: 0.
num_chunks_taken_from_freelist: 402.
num_chunk_merges: 0.
num_chunk_splits: 259.
num_chunks_enlarged: 169.
num_inconsistent_stats: 0.

CodeHeap 'non-profiled nmethods': size=119168Kb used=653Kb max_used=653Kb free=118514Kb
 bounds [0x000001cb87ba0000, 0x000001cb87e10000, 0x000001cb8f000000]
CodeHeap 'profiled nmethods': size=119104Kb used=3198Kb max_used=3198Kb free=115905Kb
 bounds [0x000001cb80000000, 0x000001cb80320000, 0x000001cb87450000]
CodeHeap 'non-nmethods': size=7488Kb used=1210Kb max_used=2361Kb free=6277Kb
 bounds [0x000001cb87450000, 0x000001cb87720000, 0x000001cb87ba0000]
CodeCache: size=245760Kb, used=5061Kb, max_used=6212Kb, free=240696Kb
 total_blobs=2223, nmethods=1745, adapters=385, full_count=0
Compilation: enabled, stopped_count=0, restarted_count=0

Compilation events (20 events):
Event: 5.808 Thread 0x000001cbf7d85880 1730       3       sun.invoke.util.VerifyAccess::isTypeVisible (47 bytes)
Event: 5.808 Thread 0x000001cbf7d85880 nmethod 1730 0x000001cb80307f90 code [0x000001cb80308180, 0x000001cb80308568]
Event: 5.809 Thread 0x000001cbf964d3c0 1732       3       java.lang.String::encode8859_1 (159 bytes)
Event: 5.809 Thread 0x000001cbf964d3c0 nmethod 1732 0x000001cb80308790 code [0x000001cb803089c0, 0x000001cb80309280]
Event: 5.811 Thread 0x000001cbf964d3c0 1733       3       java.lang.ClassLoader::postDefineClass (39 bytes)
Event: 5.811 Thread 0x000001cbf964d3c0 nmethod 1733 0x000001cb80309510 code [0x000001cb80309700, 0x000001cb80309a28]
Event: 5.812 Thread 0x000001cbf964d3c0 1734       3       java.lang.ClassLoader::definePackage (85 bytes)
Event: 5.812 Thread 0x000001cbf964d3c0 nmethod 1734 0x000001cb80309c10 code [0x000001cb80309ee0, 0x000001cb8030ad80]
Event: 5.813 Thread 0x000001cbeeede170 1736   !   3       java.lang.invoke.MethodHandle::setVarargs (50 bytes)
Event: 5.813 Thread 0x000001cbf7d85880 1737       3       java.lang.invoke.MemberName::isVarargs (23 bytes)
Event: 5.813 Thread 0x000001cbf7d85880 nmethod 1737 0x000001cb8030b210 code [0x000001cb8030b3e0, 0x000001cb8030b738]
Event: 5.813 Thread 0x000001cbeeede170 nmethod 1736 0x000001cb8030b890 code [0x000001cb8030bb60, 0x000001cb8030c730]
Event: 5.815 Thread 0x000001cbeeede170 1738       3       sun.security.provider.DigestBase::engineReset (33 bytes)
Event: 5.815 Thread 0x000001cbeeede170 nmethod 1738 0x000001cb8030cb90 code [0x000001cb8030cd60, 0x000001cb8030cff0]
Event: 5.817 Thread 0x000001cbeeede170 1739   !   3       java.util.jar.JarVerifier::processEntry (437 bytes)
Event: 5.817 Thread 0x000001cbf964d3c0 1740       3       sun.security.util.ManifestEntryVerifier::verify (456 bytes)
Event: 5.817 Thread 0x000001cbf7d85880 1741       3       java.util.jar.JarVerifier::mapSignersToCertArray (68 bytes)
Event: 5.818 Thread 0x000001cbf7d85880 nmethod 1741 0x000001cb8030d090 code [0x000001cb8030d2a0, 0x000001cb8030d920]
Event: 5.819 Thread 0x000001cbf964d3c0 nmethod 1740 0x000001cb8030dc10 code [0x000001cb8030e0a0, 0x000001cb803102d0]
Event: 5.819 Thread 0x000001cbeeede170 nmethod 1739 0x000001cb80310f90 code [0x000001cb803114a0, 0x000001cb80313c48]

GC Heap History (2 events):
Event: 3.538 GC heap before
{Heap before GC invocations=1 (full 0):
 PSYoungGen      total 29696K, used 25600K [0x00000000d5580000, 0x00000000d7680000, 0x0000000100000000)
  eden space 25600K, 100% used [0x00000000d5580000,0x00000000d6e80000,0x00000000d6e80000)
  from space 4096K, 0% used [0x00000000d7280000,0x00000000d7280000,0x00000000d7680000)
  to   space 4096K, 0% used [0x00000000d6e80000,0x00000000d6e80000,0x00000000d7280000)
 ParOldGen       total 68608K, used 0K [0x0000000080000000, 0x0000000084300000, 0x00000000d5580000)
  object space 68608K, 0% used [0x0000000080000000,0x0000000080000000,0x0000000084300000)
 Metaspace       used 4129K, committed 4416K, reserved 1114112K
  class space    used 452K, committed 576K, reserved 1048576K
}
Event: 3.541 GC heap after
{Heap after GC invocations=1 (full 0):
 PSYoungGen      total 29696K, used 3451K [0x00000000d5580000, 0x00000000d7680000, 0x0000000100000000)
  eden space 25600K, 0% used [0x00000000d5580000,0x00000000d5580000,0x00000000d6e80000)
  from space 4096K, 84% used [0x00000000d6e80000,0x00000000d71deff8,0x00000000d7280000)
  to   space 4096K, 0% used [0x00000000d7280000,0x00000000d7280000,0x00000000d7680000)
 ParOldGen       total 68608K, used 16K [0x0000000080000000, 0x0000000084300000, 0x00000000d5580000)
  object space 68608K, 0% used [0x0000000080000000,0x0000000080004000,0x0000000084300000)
 Metaspace       used 4129K, committed 4416K, reserved 1114112K
  class space    used 452K, committed 576K, reserved 1048576K
}

Dll operation events (8 events):
Event: 0.019 Loaded shared library c:\Users\DELL\.vscode\extensions\redhat.java-1.50.0-win32-x64\jre\21.0.9-win32-x86_64\bin\java.dll
Event: 1.116 Loaded shared library c:\Users\DELL\.vscode\extensions\redhat.java-1.50.0-win32-x64\jre\21.0.9-win32-x86_64\bin\zip.dll
Event: 1.133 Loaded shared library C:\Users\DELL\.vscode\extensions\redhat.java-1.50.0-win32-x64\jre\21.0.9-win32-x86_64\bin\instrument.dll
Event: 1.135 Loaded shared library C:\Users\DELL\.vscode\extensions\redhat.java-1.50.0-win32-x64\jre\21.0.9-win32-x86_64\bin\net.dll
Event: 1.136 Loaded shared library C:\Users\DELL\.vscode\extensions\redhat.java-1.50.0-win32-x64\jre\21.0.9-win32-x86_64\bin\nio.dll
Event: 1.139 Loaded shared library C:\Users\DELL\.vscode\extensions\redhat.java-1.50.0-win32-x64\jre\21.0.9-win32-x86_64\bin\zip.dll
Event: 1.152 Loaded shared library C:\Users\DELL\.vscode\extensions\redhat.java-1.50.0-win32-x64\jre\21.0.9-win32-x86_64\bin\jimage.dll
Event: 1.207 Loaded shared library c:\Users\DELL\.vscode\extensions\redhat.java-1.50.0-win32-x64\jre\21.0.9-win32-x86_64\bin\verify.dll

Deoptimization events (20 events):
Event: 5.770 Thread 0x000001cbeee1e4a0 Uncommon trap: trap_request=0xffffff45 fr.pc=0x000001cb87c22acc relative=0x00000000000000ac
Event: 5.770 Thread 0x000001cbeee1e4a0 Uncommon trap: reason=unstable_if action=reinterpret pc=0x000001cb87c22acc method=java.util.concurrent.locks.ReentrantLock$NonfairSync.initialTryLock()Z @ 10 c2
Event: 5.770 Thread 0x000001cbeee1e4a0 DEOPT PACKING pc=0x000001cb87c22acc sp=0x000000963dffe710
Event: 5.770 Thread 0x000001cbeee1e4a0 DEOPT UNPACKING pc=0x000001cb874a3aa2 sp=0x000000963dffe6a0 mode 2
Event: 5.770 Thread 0x000001cbeee1e4a0 Uncommon trap: trap_request=0xffffff45 fr.pc=0x000001cb87c20db4 relative=0x0000000000000094
Event: 5.770 Thread 0x000001cbeee1e4a0 Uncommon trap: reason=unstable_if action=reinterpret pc=0x000001cb87c20db4 method=java.util.concurrent.locks.ReentrantLock$Sync.tryRelease(I)Z @ 26 c2
Event: 5.771 Thread 0x000001cbeee1e4a0 DEOPT PACKING pc=0x000001cb87c20db4 sp=0x000000963dffe7e0
Event: 5.771 Thread 0x000001cbeee1e4a0 DEOPT UNPACKING pc=0x000001cb874a3aa2 sp=0x000000963dffe760 mode 2
Event: 5.790 Thread 0x000001cbeee1e4a0 Uncommon trap: trap_request=0xffffff45 fr.pc=0x000001cb87c20a60 relative=0x0000000000000040
Event: 5.790 Thread 0x000001cbeee1e4a0 Uncommon trap: reason=unstable_if action=reinterpret pc=0x000001cb87c20a60 method=java.util.concurrent.locks.AbstractQueuedSynchronizer.signalNext(Ljava/util/concurrent/locks/AbstractQueuedSynchronizer$Node;)V @ 1 c2
Event: 5.790 Thread 0x000001cbeee1e4a0 DEOPT PACKING pc=0x000001cb87c20a60 sp=0x000000963dffe510
Event: 5.790 Thread 0x000001cbeee1e4a0 DEOPT UNPACKING pc=0x000001cb874a3aa2 sp=0x000000963dffe4a0 mode 2
Event: 5.813 Thread 0x000001cbeee1e4a0 Uncommon trap: trap_request=0xffffffde fr.pc=0x000001cb87c078a8 relative=0x0000000000000a28
Event: 5.813 Thread 0x000001cbeee1e4a0 Uncommon trap: reason=class_check action=maybe_recompile pc=0x000001cb87c078a8 method=java.util.HashMap.putVal(ILjava/lang/Object;Ljava/lang/Object;ZZ)Ljava/lang/Object; @ 253 c2
Event: 5.813 Thread 0x000001cbeee1e4a0 DEOPT PACKING pc=0x000001cb87c078a8 sp=0x000000963dffe110
Event: 5.813 Thread 0x000001cbeee1e4a0 DEOPT UNPACKING pc=0x000001cb874a3aa2 sp=0x000000963dffe038 mode 2
Event: 5.814 Thread 0x000001cbeee1e4a0 Uncommon trap: trap_request=0xffffffde fr.pc=0x000001cb87c078a8 relative=0x0000000000000a28
Event: 5.814 Thread 0x000001cbeee1e4a0 Uncommon trap: reason=class_check action=maybe_recompile pc=0x000001cb87c078a8 method=java.util.HashMap.putVal(ILjava/lang/Object;Ljava/lang/Object;ZZ)Ljava/lang/Object; @ 253 c2
Event: 5.814 Thread 0x000001cbeee1e4a0 DEOPT PACKING pc=0x000001cb87c078a8 sp=0x000000963dffe110
Event: 5.814 Thread 0x000001cbeee1e4a0 DEOPT UNPACKING pc=0x000001cb874a3aa2 sp=0x000000963dffe038 mode 2

Classes loaded (20 events):
Event: 5.787 Loading class java/util/concurrent/Delayed
Event: 5.787 Loading class java/util/concurrent/Delayed done
Event: 5.787 Loading class java/util/concurrent/ScheduledFuture done
Event: 5.787 Loading class java/util/concurrent/RunnableScheduledFuture done
Event: 5.788 Loading class java/util/concurrent/ScheduledThreadPoolExecutor$ScheduledFutureTask
Event: 5.788 Loading class java/util/concurrent/FutureTask
Event: 5.788 Loading class java/util/concurrent/FutureTask done
Event: 5.788 Loading class java/util/concurrent/ScheduledThreadPoolExecutor$ScheduledFutureTask done
Event: 5.788 Loading class java/util/concurrent/FutureTask$WaitNode
Event: 5.788 Loading class java/util/concurrent/FutureTask$WaitNode done
Event: 5.788 Loading class java/util/concurrent/Executors$RunnableAdapter
Event: 5.788 Loading class java/util/concurrent/Executors$RunnableAdapter done
Event: 5.788 Loading class java/util/concurrent/ThreadPoolExecutor$Worker
Event: 5.788 Loading class java/util/concurrent/ThreadPoolExecutor$Worker done
Event: 5.803 Loading class java/util/ArrayList$ListItr
Event: 5.803 Loading class java/util/ArrayList$ListItr done
Event: 5.804 Loading class java/net/ContentHandlerFactory
Event: 5.804 Loading class java/net/ContentHandlerFactory done
Event: 5.814 Loading class java/util/ConcurrentModificationException
Event: 5.814 Loading class java/util/ConcurrentModificationException done

Classes unloaded (0 events):
No events

Classes redefined (0 events):
No events

Internal exceptions (20 events):
Event: 3.455 Thread 0x000001cbeee1e4a0 Exception <a 'java/io/FileNotFoundException'{0x00000000d6686c70}> (0x00000000d6686c70) 
thrown [s\src\hotspot\share\prims\jni.cpp, line 520]
Event: 3.461 Thread 0x000001cbeee1e4a0 Exception <a 'java/lang/NoSuchMethodError'{0x00000000d66bef30}: 'java.lang.Object java.lang.invoke.DirectMethodHandle$Holder.invokeInterface(java.lang.Object, java.lang.Object)'> (0x00000000d66bef30) 
thrown [s\src\hotspot\share\interpreter\linkResolver.cpp, line 773]
Event: 3.462 Thread 0x000001cbeee1e4a0 Exception <a 'java/lang/NoSuchMethodError'{0x00000000d66d24c0}: 'java.lang.Object java.lang.invoke.Invokers$Holder.invokeExact_MT(java.lang.Object, java.lang.Object, java.lang.Object, java.lang.Object, java.lang.Object, java.lang.Object)'> (0x00000000d66d24c0) 
thrown [s\src\hotspot\share\interpreter\linkResolver.cpp, line 773]
Event: 3.464 Thread 0x000001cbeee1e4a0 Exception <a 'java/lang/NoSuchMethodError'{0x00000000d66e9598}: 'int java.lang.invoke.DirectMethodHandle$Holder.invokeStatic(java.lang.Object, java.lang.Object, java.lang.Object, java.lang.Object, java.lang.Object)'> (0x00000000d66e9598) 
thrown [s\src\hotspot\share\interpreter\linkResolver.cpp, line 773]
Event: 3.475 Thread 0x000001cbeee1e4a0 Exception <a 'java/lang/NoSuchMethodError'{0x00000000d677cca0}: 'java.lang.Object java.lang.invoke.DirectMethodHandle$Holder.invokeInterface(java.lang.Object, java.lang.Object, int)'> (0x00000000d677cca0) 
thrown [s\src\hotspot\share\interpreter\linkResolver.cpp, line 773]
Event: 3.525 Thread 0x000001cbeee1e4a0 Exception <a 'java/lang/NoSuchMethodError'{0x00000000d6c62a88}: 'java.lang.ClassLoader java.lang.ClassLoader.getPlatformClassLoader(java.lang.Class)'> (0x00000000d6c62a88) 
thrown [s\src\hotspot\share\interpreter\linkResolver.cpp, line 773]
Event: 3.558 Thread 0x000001cbeee1e4a0 Exception <a 'java/lang/ClassNotFoundException'{0x00000000d57d0a98}: sun/net/www/protocol/c/Handler> (0x00000000d57d0a98) 
thrown [s\src\hotspot\share\classfile\systemDictionary.cpp, line 312]
Event: 3.559 Thread 0x000001cbeee1e4a0 Exception <a 'java/lang/ClassNotFoundException'{0x00000000d57d1e10}: sun/net/www/protocol/c/Handler> (0x00000000d57d1e10) 
thrown [s\src\hotspot\share\classfile\systemDictionary.cpp, line 312]
Event: 3.559 Thread 0x000001cbeee1e4a0 Exception <a 'java/lang/ClassNotFoundException'{0x00000000d57d2fc8}: sun/net/www/protocol/c/Handler> (0x00000000d57d2fc8) 
thrown [s\src\hotspot\share\classfile\systemDictionary.cpp, line 312]
Event: 3.563 Thread 0x000001cbeee1e4a0 Exception <a 'java/io/FileNotFoundException'{0x00000000d57fb680}> (0x00000000d57fb680) 
thrown [s\src\hotspot\share\prims\jni.cpp, line 520]
Event: 3.582 Thread 0x000001cbeee1e4a0 Implicit null exception at 0x000001cb87bf60bd to 0x000001cb87bf6141
Event: 3.583 Thread 0x000001cbeee1e4a0 Implicit null exception at 0x000001cb87bfb09a to 0x000001cb87bfb2a4
Event: 3.583 Thread 0x000001cbeee1e4a0 Exception <a 'java/lang/NoSuchMethodError'{0x00000000d596bef0}: 'void java.lang.invoke.DirectMethodHandle$Holder.invokeStatic(java.lang.Object, java.lang.Object, java.lang.Object, java.lang.Object)'> (0x00000000d596bef0) 
thrown [s\src\hotspot\share\interpreter\linkResolver.cpp, line 773]
Event: 3.624 Thread 0x000001cbeee1e4a0 Exception <a 'java/lang/NoSuchMethodError'{0x00000000d5c45408}: 'void java.lang.invoke.DirectMethodHandle$Holder.invokeSpecial(java.lang.Object, java.lang.Object, java.lang.Object)'> (0x00000000d5c45408) 
thrown [s\src\hotspot\share\interpreter\linkResolver.cpp, line 773]
Event: 5.757 Thread 0x000001cbeee1e4a0 Exception <a 'java/lang/NoSuchMethodError'{0x00000000d6660f48}: 'int java.lang.invoke.DirectMethodHandle$Holder.invokeVirtual(java.lang.Object, java.lang.Object)'> (0x00000000d6660f48) 
thrown [s\src\hotspot\share\interpreter\linkResolver.cpp, line 773]
Event: 5.781 Thread 0x000001cbeee1e4a0 Exception <a 'java/lang/NoSuchMethodError'{0x00000000d67e9170}: 'int java.lang.invoke.DirectMethodHandle$Holder.invokeStaticInit(java.lang.Object, java.lang.Object, java.lang.Object, java.lang.Object)'> (0x00000000d67e9170) 
thrown [s\src\hotspot\share\interpreter\linkResolver.cpp, line 773]
Event: 5.782 Thread 0x000001cbeee1e4a0 Exception <a 'java/lang/IncompatibleClassChangeError'{0x00000000d67f1578}: Found class java.lang.Object, but interface was expected> (0x00000000d67f1578) 
thrown [s\src\hotspot\share\interpreter\linkResolver.cpp, line 840]
Event: 5.782 Thread 0x000001cbeee1e4a0 Exception <a 'java/lang/NoSuchMethodError'{0x00000000d67f8448}: 'void java.lang.invoke.DirectMethodHandle$Holder.invokeStaticInit(java.lang.Object, java.lang.Object)'> (0x00000000d67f8448) 
thrown [s\src\hotspot\share\interpreter\linkResolver.cpp, line 773]
Event: 5.783 Thread 0x000001cbeee1e4a0 Exception <a 'java/lang/NoSuchMethodError'{0x00000000d6801f40}: 'int java.lang.invoke.DirectMethodHandle$Holder.invokeStaticInit(java.lang.Object, java.lang.Object)'> (0x00000000d6801f40) 
thrown [s\src\hotspot\share\interpreter\linkResolver.cpp, line 773]
Event: 5.808 Thread 0x000001cbeee1e4a0 Exception <a 'java/lang/NoSuchMethodError'{0x00000000d6a8bba0}: 'java.lang.Object java.lang.invoke.DirectMethodHandle$Holder.newInvokeSpecial(java.lang.Object, int, java.lang.Object)'> (0x00000000d6a8bba0) 
thrown [s\src\hotspot\share\interpreter\linkResolver.cpp, line 773]

ZGC Phase Switch (0 events):
No events

VM Operations (20 events):
Event: 1.162 Executing VM operation: HandshakeAllThreads (Deoptimize)
Event: 1.162 Executing VM operation: HandshakeAllThreads (Deoptimize) done
Event: 2.170 Executing VM operation: Cleanup
Event: 2.294 Executing VM operation: Cleanup done
Event: 3.308 Executing VM operation: Cleanup
Event: 3.357 Executing VM operation: Cleanup done
Event: 3.438 Executing VM operation: HandshakeAllThreads (Deoptimize)
Event: 3.438 Executing VM operation: HandshakeAllThreads (Deoptimize) done
Event: 3.538 Executing VM operation: ParallelGCFailedAllocation (Allocation Failure)
Event: 3.541 Executing VM operation: ParallelGCFailedAllocation (Allocation Failure) done
Event: 4.541 Executing VM operation: Cleanup
Event: 4.697 Executing VM operation: Cleanup done
Event: 5.796 Executing VM operation: HandshakeAllThreads (Deoptimize)
Event: 5.796 Executing VM operation: HandshakeAllThreads (Deoptimize) done
Event: 5.796 Executing VM operation: Cleanup
Event: 5.796 Executing VM operation: Cleanup done
Event: 5.803 Executing VM operation: HandshakeAllThreads (Deoptimize)
Event: 5.803 Executing VM operation: HandshakeAllThreads (Deoptimize) done
Event: 6.805 Executing VM operation: Cleanup
Event: 6.805 Executing VM operation: Cleanup done

Memory protections (0 events):
No events

Nmethod flushes (0 events):
No events

Events (19 events):
Event: 0.035 Thread 0x000001cbeee1e4a0 Thread added: 0x000001cbeee1e4a0
Event: 0.046 Thread 0x000001cbeee1e4a0 Thread added: 0x000001cbeeec4800
Event: 0.046 Thread 0x000001cbeee1e4a0 Thread added: 0x000001cbf68cbcb0
Event: 0.046 Thread 0x000001cbeee1e4a0 Thread added: 0x000001cbeeec6a10
Event: 0.046 Thread 0x000001cbeee1e4a0 Thread added: 0x000001cbeeeca300
Event: 0.046 Thread 0x000001cbeee1e4a0 Thread added: 0x000001cbeeecb530
Event: 0.046 Thread 0x000001cbeee1e4a0 Thread added: 0x000001cbeeecc250
Event: 0.046 Thread 0x000001cbeee1e4a0 Thread added: 0x000001cbeeed1a30
Event: 0.047 Thread 0x000001cbeee1e4a0 Thread added: 0x000001cbeeede170
Event: 1.115 Thread 0x000001cbeeede170 Thread added: 0x000001cbf7d81b20
Event: 1.115 Thread 0x000001cbeeede170 Thread added: 0x000001cbf7d821c0
Event: 1.134 Thread 0x000001cbeee1e4a0 Thread added: 0x000001cbeeecbbc0
Event: 1.271 Thread 0x000001cbeee1e4a0 Thread added: 0x000001cbeeece320
Event: 2.296 Thread 0x000001cbf7d821c0 Thread exited: 0x000001cbf7d821c0
Event: 2.296 Thread 0x000001cbf7d81b20 Thread exited: 0x000001cbf7d81b20
Event: 2.319 Thread 0x000001cbeeede170 Thread added: 0x000001cbf7d85880
Event: 3.490 Thread 0x000001cbf7d85880 Thread added: 0x000001cbf964d3c0
Event: 5.697 Thread 0x000001cbf964d3c0 Thread added: 0x000001cbf9946390
Event: 5.788 Thread 0x000001cbeee1e4a0 Thread added: 0x000001cbeeecd600


Dynamic libraries:
0x00007ff7eb1a0000 - 0x00007ff7eb1ae000 	c:\Users\DELL\.vscode\extensions\redhat.java-1.50.0-win32-x64\jre\21.0.9-win32-x86_64\bin\java.exe
0x00007ffd7e440000 - 0x00007ffd7e6a8000 	C:\WINDOWS\SYSTEM32\ntdll.dll
0x00007ffd7d010000 - 0x00007ffd7d0d9000 	C:\WINDOWS\System32\KERNEL32.DLL
0x00007ffd7b710000 - 0x00007ffd7bb08000 	C:\WINDOWS\System32\KERNELBASE.dll
0x00007ffd7bb10000 - 0x00007ffd7bc5b000 	C:\WINDOWS\System32\ucrtbase.dll
0x00007ffd70870000 - 0x00007ffd70888000 	c:\Users\DELL\.vscode\extensions\redhat.java-1.50.0-win32-x64\jre\21.0.9-win32-x86_64\bin\jli.dll
0x00007ffd7de00000 - 0x00007ffd7dfc7000 	C:\WINDOWS\System32\USER32.dll
0x00007ffd7b6e0000 - 0x00007ffd7b707000 	C:\WINDOWS\System32\win32u.dll
0x00007ffd7ceb0000 - 0x00007ffd7cedb000 	C:\WINDOWS\System32\GDI32.dll
0x00007ffd7bde0000 - 0x00007ffd7bf0c000 	C:\WINDOWS\System32\gdi32full.dll
0x00007ffd7c130000 - 0x00007ffd7c1d3000 	C:\WINDOWS\System32\msvcp_win.dll
0x00007ffd71650000 - 0x00007ffd7166e000 	c:\Users\DELL\.vscode\extensions\redhat.java-1.50.0-win32-x64\jre\21.0.9-win32-x86_64\bin\VCRUNTIME140.dll
0x00007ffd5d240000 - 0x00007ffd5d4d4000 	C:\WINDOWS\WinSxS\amd64_microsoft.windows.common-controls_6595b64144ccf1df_6.0.26100.7019_none_3e06ffa0e335b8a8\COMCTL32.dll
0x00007ffd7d990000 - 0x00007ffd7da39000 	C:\WINDOWS\System32\msvcrt.dll
0x00007ffd7d950000 - 0x00007ffd7d981000 	C:\WINDOWS\System32\IMM32.DLL
0x00007ffd71d50000 - 0x00007ffd71d5c000 	c:\Users\DELL\.vscode\extensions\redhat.java-1.50.0-win32-x64\jre\21.0.9-win32-x86_64\bin\vcruntime140_1.dll
0x00007ffd4b180000 - 0x00007ffd4b20d000 	c:\Users\DELL\.vscode\extensions\redhat.java-1.50.0-win32-x64\jre\21.0.9-win32-x86_64\bin\msvcp140.dll
0x00007ffcc0520000 - 0x00007ffcc12c0000 	c:\Users\DELL\.vscode\extensions\redhat.java-1.50.0-win32-x64\jre\21.0.9-win32-x86_64\bin\server\jvm.dll
0x00007ffd7cdf0000 - 0x00007ffd7cea4000 	C:\WINDOWS\System32\ADVAPI32.dll
0x00007ffd7d7c0000 - 0x00007ffd7d866000 	C:\WINDOWS\System32\sechost.dll
0x00007ffd7dfd0000 - 0x00007ffd7e0e8000 	C:\WINDOWS\System32\RPCRT4.dll
0x00007ffd7dbe0000 - 0x00007ffd7dc54000 	C:\WINDOWS\System32\WS2_32.dll
0x00007ffd7a1b0000 - 0x00007ffd7a20e000 	C:\WINDOWS\SYSTEM32\POWRPROF.dll
0x00007ffd74190000 - 0x00007ffd741c5000 	C:\WINDOWS\SYSTEM32\WINMM.dll
0x00007ffd74280000 - 0x00007ffd7428b000 	C:\WINDOWS\SYSTEM32\VERSION.dll
0x00007ffd7a190000 - 0x00007ffd7a1a4000 	C:\WINDOWS\SYSTEM32\UMPDC.dll
0x00007ffd7a470000 - 0x00007ffd7a48b000 	C:\WINDOWS\SYSTEM32\kernel.appcore.dll
0x00007ffd716d0000 - 0x00007ffd716da000 	c:\Users\DELL\.vscode\extensions\redhat.java-1.50.0-win32-x64\jre\21.0.9-win32-x86_64\bin\jimage.dll
0x00007ffd78c30000 - 0x00007ffd78e72000 	C:\WINDOWS\SYSTEM32\DBGHELP.DLL
0x00007ffd7d3d0000 - 0x00007ffd7d75b000 	C:\WINDOWS\System32\combase.dll
0x00007ffd7d870000 - 0x00007ffd7d947000 	C:\WINDOWS\System32\OLEAUT32.dll
0x00007ffd5d0e0000 - 0x00007ffd5d11c000 	C:\WINDOWS\SYSTEM32\dbgcore.DLL
0x00007ffd7c080000 - 0x00007ffd7c125000 	C:\WINDOWS\System32\bcryptPrimitives.dll
0x00007ffd715f0000 - 0x00007ffd715ff000 	c:\Users\DELL\.vscode\extensions\redhat.java-1.50.0-win32-x64\jre\21.0.9-win32-x86_64\bin\instrument.dll
0x00007ffd65100000 - 0x00007ffd65120000 	c:\Users\DELL\.vscode\extensions\redhat.java-1.50.0-win32-x64\jre\21.0.9-win32-x86_64\bin\java.dll
0x00007ffd7c690000 - 0x00007ffd7cddf000 	C:\WINDOWS\System32\SHELL32.dll
0x00007ffd7bf10000 - 0x00007ffd7c07b000 	C:\WINDOWS\System32\wintypes.dll
0x00007ffd791d0000 - 0x00007ffd79a2d000 	C:\WINDOWS\SYSTEM32\windows.storage.dll
0x00007ffd7d160000 - 0x00007ffd7d252000 	C:\WINDOWS\System32\SHCORE.dll
0x00007ffd7cee0000 - 0x00007ffd7cf47000 	C:\WINDOWS\System32\shlwapi.dll
0x00007ffd7b4b0000 - 0x00007ffd7b4d9000 	C:\WINDOWS\SYSTEM32\profapi.dll
0x00007ffd64fd0000 - 0x00007ffd64fe8000 	c:\Users\DELL\.vscode\extensions\redhat.java-1.50.0-win32-x64\jre\21.0.9-win32-x86_64\bin\zip.dll
0x00007ffd71570000 - 0x00007ffd71580000 	C:\Users\DELL\.vscode\extensions\redhat.java-1.50.0-win32-x64\jre\21.0.9-win32-x86_64\bin\net.dll
0x00007ffd75150000 - 0x00007ffd75278000 	C:\WINDOWS\SYSTEM32\WINHTTP.dll
0x00007ffd7a9e0000 - 0x00007ffd7aa4b000 	C:\WINDOWS\system32\mswsock.dll
0x00007ffd60d20000 - 0x00007ffd60d36000 	C:\Users\DELL\.vscode\extensions\redhat.java-1.50.0-win32-x64\jre\21.0.9-win32-x86_64\bin\nio.dll
0x00007ffd711a0000 - 0x00007ffd711b0000 	c:\Users\DELL\.vscode\extensions\redhat.java-1.50.0-win32-x64\jre\21.0.9-win32-x86_64\bin\verify.dll

JVMTI agents:
c:\Users\DELL\.vscode\extensions\redhat.java-1.50.0-win32-x64\lombok\lombok-1.18.39-4050.jar path:c:\Users\DELL\.vscode\extensions\redhat.java-1.50.0-win32-x64\jre\21.0.9-win32-x86_64\bin\instrument.dll, loaded, initialized, instrumentlib options:none

dbghelp: loaded successfully - version: 4.0.5 - missing functions: none
symbol engine: initialized successfully - sym options: 0x614 - pdb path: .;c:\Users\DELL\.vscode\extensions\redhat.java-1.50.0-win32-x64\jre\21.0.9-win32-x86_64\bin;C:\WINDOWS\SYSTEM32;C:\WINDOWS\WinSxS\amd64_microsoft.windows.common-controls_6595b64144ccf1df_6.0.26100.7019_none_3e06ffa0e335b8a8;c:\Users\DELL\.vscode\extensions\redhat.java-1.50.0-win32-x64\jre\21.0.9-win32-x86_64\bin\server

VM Arguments:
jvm_args: --add-modules=ALL-SYSTEM --add-opens=java.base/java.util=ALL-UNNAMED --add-opens=java.base/java.lang=ALL-UNNAMED --add-opens=java.base/sun.nio.fs=ALL-UNNAMED -Declipse.application=org.eclipse.jdt.ls.core.id1 -Dosgi.bundles.defaultStartLevel=4 -Declipse.product=org.eclipse.jdt.ls.core.product -Djava.import.generatesMetadataFilesAtProjectRoot=false -DDetectVMInstallationsJob.disabled=true -Dfile.encoding=utf8 -XX:+UseParallelGC -XX:GCTimeRatio=4 -XX:AdaptiveSizePolicyWeight=90 -Dsun.zip.disableMemoryMapping=true -Xmx2G -Xms100m -Xlog:disable -javaagent:c:\Users\DELL\.vscode\extensions\redhat.java-1.50.0-win32-x64\lombok\lombok-1.18.39-4050.jar -XX:+HeapDumpOnOutOfMemoryError -XX:HeapDumpPath=c:\Users\DELL\AppData\Roaming\Code\User\workspaceStorage\0755037b6897d077e138bb15a92d4421\redhat.java -Daether.dependencyCollector.impl=bf 
java_command: c:\Users\DELL\.vscode\extensions\redhat.java-1.50.0-win32-x64\server\plugins\org.eclipse.equinox.launcher_1.7.100.v20251111-0406.jar -configuration c:\Users\DELL\AppData\Roaming\Code\User\globalStorage\redhat.java\1.50.0\config_win -data c:\Users\DELL\AppData\Roaming\Code\User\workspaceStorage\0755037b6897d077e138bb15a92d4421\redhat.java\jdt_ws --pipe=\\.\pipe\lsp-a098744d5f5d41a514ee1c641f2c0172-sock
java_class_path (initial): c:\Users\DELL\.vscode\extensions\redhat.java-1.50.0-win32-x64\server\plugins\org.eclipse.equinox.launcher_1.7.100.v20251111-0406.jar
Launcher Type: SUN_STANDARD

[Global flags]
    uintx AdaptiveSizePolicyWeight                 = 90                                        {product} {command line}
     intx CICompilerCount                          = 12                                        {product} {ergonomic}
    uintx GCTimeRatio                              = 4                                         {product} {command line}
     bool HeapDumpOnOutOfMemoryError               = true                                   {manageable} {command line}
    ccstr HeapDumpPath                             = c:\Users\DELL\AppData\Roaming\Code\User\workspaceStorage\0755037b6897d077e138bb15a92d4421\redhat.java         {manageable} {command line}
   size_t InitialHeapSize                          = 104857600                                 {product} {command line}
   size_t MaxHeapSize                              = 2147483648                                {product} {command line}
   size_t MaxNewSize                               = 715653120                                 {product} {ergonomic}
   size_t MinHeapDeltaBytes                        = 524288                                    {product} {ergonomic}
   size_t MinHeapSize                              = 104857600                                 {product} {command line}
   size_t NewSize                                  = 34603008                                  {product} {ergonomic}
    uintx NonNMethodCodeHeapSize                   = 7602480                                {pd product} {ergonomic}
    uintx NonProfiledCodeHeapSize                  = 122027880                              {pd product} {ergonomic}
   size_t OldSize                                  = 70254592                                  {product} {ergonomic}
    uintx ProfiledCodeHeapSize                     = 122027880                              {pd product} {ergonomic}
    uintx ReservedCodeCacheSize                    = 251658240                              {pd product} {ergonomic}
     bool SegmentedCodeCache                       = true                                      {product} {ergonomic}
   size_t SoftMaxHeapSize                          = 2147483648                             {manageable} {ergonomic}
     bool UseCompressedOops                        = true                           {product lp64_product} {ergonomic}
     bool UseLargePagesIndividualAllocation        = false                                  {pd product} {ergonomic}
     bool UseParallelGC                            = true                                      {product} {command line}

Logging:
Log output configuration:
 #0: stdout all=off uptime,level,tags foldmultilines=false
 #1: stderr all=off uptime,level,tags foldmultilines=false

Release file:
JAVA_VERSION="21.0.9" 
MODULES="java.base java.compiler java.datatransfer java.xml java.prefs java.desktop java.instrument java.logging java.management java.security.sasl java.naming java.rmi java.management.rmi java.net.http java.scripting java.security.jgss java.transaction.xa java.sql java.sql.rowset java.xml.crypto java.se java.smartcardio jdk.accessibility jdk.internal.jvmstat jdk.attach jdk.charsets jdk.internal.opt jdk.zipfs jdk.compiler jdk.crypto.ec jdk.crypto.cryptoki jdk.crypto.mscapi jdk.dynalink jdk.internal.ed jdk.editpad jdk.hotspot.agent jdk.httpserver jdk.internal.le jdk.internal.vm.ci jdk.internal.vm.compiler jdk.internal.vm.compiler.management jdk.jartool jdk.javadoc jdk.jcmd jdk.management jdk.management.agent jdk.jconsole jdk.jdeps jdk.jdwp.agent jdk.jdi jdk.jfr jdk.jshell jdk.jsobject jdk.jstatd jdk.localedata jdk.management.jfr jdk.naming.dns jdk.naming.rmi jdk.net jdk.nio.mapmode jdk.random jdk.sctp jdk.security.auth jdk.security.jgss jdk.unsupported jdk.unsupported.desktop jdk.xml.dom" 

Environment Variables:
PATH=C:\Program Files\Common Files\Oracle\Java\javapath;C:\Windows\system32;C:\Windows;C:\Windows\System32\Wbem;C:\Windows\System32\WindowsPowerShell\v1.0\;C:\Windows\System32\OpenSSH\;C:\Program Files\dotnet\;C:\Program Files (x86)\NVIDIA Corporation\PhysX\Common;C:\Program Files\NVIDIA Corporation\NVIDIA NvDLISR;C:\Program Files (x86)\Windows Kits\8.1\Windows Performance Toolkit\;C:\Program Files\Microsoft SQL Server\110\Tools\Binn\;C:\Program Files\nodejs\;C:\WINDOWS\system32;C:\WINDOWS;C:\WINDOWS\System32\Wbem;C:\WINDOWS\System32\WindowsPowerShell\v1.0\;C:\WINDOWS\System32\OpenSSH\;C:\Program Files (x86)\MinGW\bin;C:\Program Files\Git\cmd;D:\cursor\resources\app\bin;C:\Users\DELL\AppData\Local\Programs\Python\Python311\Scripts\;C:\Users\DELL\AppData\Local\Programs\Python\Python311\;C:\Users\DELL\AppData\Local\Programs\Python\Python313\Scripts\;C:\Users\DELL\AppData\Local\Programs\Python\Python313\;C:\Users\DELL\AppData\Local\Programs\Python\Launcher\;C:\apache-maven\apache-maven-3.9.5\bin;C:\apache-maven\apache-maven-3.9.5\bin;C:\Program Files\Common Files\Oracle\Java\javapath;C:\Windows\system32;C:\Windows;C:\Windows\System32\Wbem;C:\Windows\System32\WindowsPowerShell\v1.0\;C:\Windows\System32\OpenSSH\;C:\Program Files\dotnet\;C:\Program Files (x86)\NVIDIA Corporation\PhysX\Common;C:\Program Files\NVIDIA Corporation\NVIDIA NvDLISR;C:\Program Files (x86)\Windows Kits\8.1\Windows Performance Toolkit\;C:\Program Files\Microsoft SQL Server\110\Tools\Binn\;C:\Program Files\nodejs\;C:\WINDOWS\system32;C:\WINDOWS;C:\WINDOWS\System32\Wbem;C:\WINDOWS\System32\WindowsPowerShell\v1.0\;C:\WINDOWS\System32\OpenSSH\;C:\Program Files (x86)\MinGW\bin;C:\Program Files\MySQL\MySQL Shell 8.0\bin\;C:\Users\DELL\AppData\Local\Microsoft\WindowsApps;C:\Users\DELL\AppData\Local\Programs\Microsoft VS Code\bin;C:\Users\DELL\AppData\Roaming\npm;C:\Users\DELL\AppData\Local\GitHubDesktop\bin;C:\Program Files (x86)\MinGW\bin;;c:\Users\DELL\AppData\Roaming\Code\User\globalStorage\gith
USERNAME=DELL
OS=Windows_NT
PROCESSOR_IDENTIFIER=Intel64 Family 6 Model 183 Stepping 1, GenuineIntel
TMP=C:\Users\DELL\AppData\Local\Temp
TEMP=C:\Users\DELL\AppData\Local\Temp




Periodic native trim disabled

---------------  S Y S T E M  ---------------

OS:
 Windows 11 , 64 bit Build 26100 (10.0.26100.7019)
OS uptime: 10 days 12:14 hours
Hyper-V role detected

CPU: total 16 (initial active 16) (8 cores per cpu, 2 threads per core) family 6 model 183 stepping 1 microcode 0x12f, cx8, cmov, fxsr, ht, mmx, 3dnowpref, sse, sse2, sse3, ssse3, sse4.1, sse4.2, popcnt, lzcnt, tsc, tscinvbit, avx, avx2, aes, erms, clmul, bmi1, bmi2, adx, sha, fma, vzeroupper, clflush, clflushopt, clwb, hv, serialize, rdtscp, rdpid, fsrm, f16c, cet_ibt, cet_ss
Processor Information for processor 0
  Max Mhz: 2400, Current Mhz: 2400, Mhz Limit: 2400
Processor Information for processor 1
  Max Mhz: 2400, Current Mhz: 2400, Mhz Limit: 2400
Processor Information for processor 2
  Max Mhz: 2400, Current Mhz: 2400, Mhz Limit: 2400
Processor Information for processor 3
  Max Mhz: 2400, Current Mhz: 2400, Mhz Limit: 2400
Processor Information for processor 4
  Max Mhz: 2400, Current Mhz: 2400, Mhz Limit: 2400
Processor Information for processor 5
  Max Mhz: 2400, Current Mhz: 2400, Mhz Limit: 2400
Processor Information for processor 6
  Max Mhz: 2400, Current Mhz: 2400, Mhz Limit: 2400
Processor Information for processor 7
  Max Mhz: 2400, Current Mhz: 2400, Mhz Limit: 2400
Processor Information for processor 8
  Max Mhz: 2400, Current Mhz: 2400, Mhz Limit: 2400
Processor Information for processor 9
  Max Mhz: 2400, Current Mhz: 2400, Mhz Limit: 2400
Processor Information for processor 10
  Max Mhz: 2400, Current Mhz: 2400, Mhz Limit: 2400
Processor Information for processor 11
  Max Mhz: 2400, Current Mhz: 2400, Mhz Limit: 2400
Processor Information for processor 12
  Max Mhz: 2400, Current Mhz: 2400, Mhz Limit: 2400
Processor Information for processor 13
  Max Mhz: 2400, Current Mhz: 2400, Mhz Limit: 2400
Processor Information for processor 14
  Max Mhz: 2400, Current Mhz: 1466, Mhz Limit: 2400
Processor Information for processor 15
  Max Mhz: 2400, Current Mhz: 2400, Mhz Limit: 2400

Memory: 4k page, system-wide physical 7876M (326M free)
TotalPageFile size 32452M (AvailPageFile size 134M)
current process WorkingSet (physical memory assigned to process): 89M, peak: 90M
current process commit charge ("private bytes"): 256M, peak: 257M

vm_info: OpenJDK 64-Bit Server VM (21.0.9+10-LTS) for windows-amd64 JRE (21.0.9+10-LTS), built on 2025-10-21T00:00:00Z by "admin" with unknown MS VC++:1942

END.
