#
# There is insufficient memory for the Java Runtime Environment to continue.
# Native memory allocation (malloc) failed to allocate 575536 bytes. Error detail: Chunk::new
# Possible reasons:
#   The system is out of physical RAM or swap space
#   This process is running with CompressedOops enabled, and the Java Heap may be blocking the growth of the native heap
# Possible solutions:
#   Reduce memory load on the system
#   Increase physical memory or swap space
#   Check if swap backing store is full
#   Decrease Java heap size (-Xmx/-Xms)
#   Decrease number of Java threads
#   Decrease Java thread stack sizes (-Xss)
#   Set larger code cache with -XX:ReservedCodeCacheSize=
#   JVM is running with Unscaled Compressed Oops mode in which the Java heap is
#     placed in the first 4GB address space. The Java Heap base address is the
#     maximum limit for the native heap growth. Please use -XX:HeapBaseMinAddress
#     to set the Java Heap base and to place the Java Heap above 4GB virtual address.
# This output file may be truncated or incomplete.
#
#  Out of Memory Error (arena.cpp:168), pid=26240, tid=25736
#
# JRE version: OpenJDK Runtime Environment Temurin-21.0.9+10 (21.0.9+10) (build 21.0.9+10-LTS)
# Java VM: OpenJDK 64-Bit Server VM Temurin-21.0.9+10 (21.0.9+10-LTS, mixed mode, sharing, tiered, compressed oops, compressed class ptrs, parallel gc, windows-amd64)
# No core dump will be written. Minidumps are not enabled by default on client versions of Windows
#

---------------  S U M M A R Y ------------

Command Line: --add-modules=ALL-SYSTEM --add-opens=java.base/java.util=ALL-UNNAMED --add-opens=java.base/java.lang=ALL-UNNAMED --add-opens=java.base/sun.nio.fs=ALL-UNNAMED -Declipse.application=org.eclipse.jdt.ls.core.id1 -Dosgi.bundles.defaultStartLevel=4 -Declipse.product=org.eclipse.jdt.ls.core.product -Djava.import.generatesMetadataFilesAtProjectRoot=false -DDetectVMInstallationsJob.disabled=true -Dfile.encoding=utf8 -XX:+UseParallelGC -XX:GCTimeRatio=4 -XX:AdaptiveSizePolicyWeight=90 -Dsun.zip.disableMemoryMapping=true -Xmx2G -Xms100m -Xlog:disable -javaagent:c:\Users\DELL\.vscode\extensions\redhat.java-1.50.0-win32-x64\lombok\lombok-1.18.39-4050.jar c:\Users\DELL\.vscode\extensions\redhat.java-1.50.0-win32-x64\server\plugins\org.eclipse.equinox.launcher_1.7.100.v20251111-0406.jar -configuration c:\Users\DELL\AppData\Roaming\Code\User\globalStorage\redhat.java\1.50.0\config_ss_win -data c:\Users\DELL\AppData\Roaming\Code\User\workspaceStorage\0755037b6897d077e138bb15a92d4421\redhat.java\ss_ws --pipe=\\.\pipe\lsp-ed2c28b3b6e961be0eedb061d8f592e9-sock

Host: 13th Gen Intel(R) Core(TM) i5-13450HX, 16 cores, 7G,  Windows 11 , 64 bit Build 26100 (10.0.26100.7019)
Time: Tue Dec 16 20:58:49 2025 India Standard Time elapsed time: 8.112472 seconds (0d 0h 0m 8s)

---------------  T H R E A D  ---------------

Current thread (0x0000020f6d66a450):  JavaThread "C2 CompilerThread0" daemon [_thread_in_native, id=25736, stack(0x00000016b1500000,0x00000016b1600000) (1024K)]


Current CompileTask:
C2:8112 1016   !   4       java.util.jar.Attributes::read (494 bytes)

Stack: [0x00000016b1500000,0x00000016b1600000]
Native frames: (J=compiled Java code, j=interpreted, Vv=VM code, C=native code)
V  [jvm.dll+0x6d6e29]
V  [jvm.dll+0x8b4b76]
V  [jvm.dll+0x8b712e]
V  [jvm.dll+0x8b7813]
V  [jvm.dll+0x283d86]
V  [jvm.dll+0xc66ed]
V  [jvm.dll+0xc6c31]
V  [jvm.dll+0x3be53b]
V  [jvm.dll+0x38ab92]
V  [jvm.dll+0x389fda]
V  [jvm.dll+0x24bfa0]
V  [jvm.dll+0x24b580]
V  [jvm.dll+0x1cb13e]
V  [jvm.dll+0x25b29d]
V  [jvm.dll+0x25982a]
V  [jvm.dll+0x3f7ea6]
V  [jvm.dll+0x85e9ad]
V  [jvm.dll+0x6d565d]
C  [ucrtbase.dll+0x37b0]
C  [KERNEL32.DLL+0x2e8d7]
C  [ntdll.dll+0x8c53c]


---------------  P R O C E S S  ---------------

Threads class SMR info:
_java_thread_list=0x0000020f4c163d40, length=13, elements={
0x0000020f6d5aefd0, 0x0000020f6d64ef60, 0x0000020f6d651c00, 0x0000020f6d655c80,
0x0000020f6d658a60, 0x0000020f6d65ab40, 0x0000020f6d65caf0, 0x0000020f6d66a450,
0x0000020f6d66e640, 0x0000020f465fa6d0, 0x0000020f467286a0, 0x0000020f4c2c3900,
0x0000020f4c2c3fa0
}

Java Threads: ( => current thread )
  0x0000020f6d5aefd0 JavaThread "main"                              [_thread_in_vm, id=27788, stack(0x00000016b0b00000,0x00000016b0c00000) (1024K)]
  0x0000020f6d64ef60 JavaThread "Reference Handler"          daemon [_thread_blocked, id=16556, stack(0x00000016b0f00000,0x00000016b1000000) (1024K)]
  0x0000020f6d651c00 JavaThread "Finalizer"                  daemon [_thread_blocked, id=30476, stack(0x00000016b1000000,0x00000016b1100000) (1024K)]
  0x0000020f6d655c80 JavaThread "Signal Dispatcher"          daemon [_thread_blocked, id=18508, stack(0x00000016b1100000,0x00000016b1200000) (1024K)]
  0x0000020f6d658a60 JavaThread "Attach Listener"            daemon [_thread_blocked, id=9156, stack(0x00000016b1200000,0x00000016b1300000) (1024K)]
  0x0000020f6d65ab40 JavaThread "Service Thread"             daemon [_thread_blocked, id=712, stack(0x00000016b1300000,0x00000016b1400000) (1024K)]
  0x0000020f6d65caf0 JavaThread "Monitor Deflation Thread"   daemon [_thread_blocked, id=15532, stack(0x00000016b1400000,0x00000016b1500000) (1024K)]
=>0x0000020f6d66a450 JavaThread "C2 CompilerThread0"         daemon [_thread_in_native, id=25736, stack(0x00000016b1500000,0x00000016b1600000) (1024K)]
  0x0000020f6d66e640 JavaThread "C1 CompilerThread0"         daemon [_thread_blocked, id=16136, stack(0x00000016b1600000,0x00000016b1700000) (1024K)]
  0x0000020f465fa6d0 JavaThread "Common-Cleaner"             daemon [_thread_blocked, id=23748, stack(0x00000016b1900000,0x00000016b1a00000) (1024K)]
  0x0000020f467286a0 JavaThread "Notification Thread"        daemon [_thread_blocked, id=29724, stack(0x00000016b1c00000,0x00000016b1d00000) (1024K)]
  0x0000020f4c2c3900 JavaThread "C1 CompilerThread1"         daemon [_thread_blocked, id=9532, stack(0x00000016b1700000,0x00000016b1800000) (1024K)]
  0x0000020f4c2c3fa0 JavaThread "C1 CompilerThread2"         daemon [_thread_blocked, id=30672, stack(0x00000016b1800000,0x00000016b1900000) (1024K)]
Total: 13

Other Threads:
  0x0000020f6d544920 VMThread "VM Thread"                           [id=29396, stack(0x00000016b0e00000,0x00000016b0f00000) (1024K)]
  0x0000020f6d43ca00 WatcherThread "VM Periodic Task Thread"        [id=20628, stack(0x00000016b0d00000,0x00000016b0e00000) (1024K)]
  0x0000020f6d5cc300 WorkerThread "GC Thread#0"                     [id=7408, stack(0x00000016b0c00000,0x00000016b0d00000) (1024K)]
Total: 3

Threads with active compile tasks:
C2 CompilerThread0  8194 1016   !   4       java.util.jar.Attributes::read (494 bytes)
Total: 1

VM state: not at safepoint (normal execution)

VM Mutex/Monitor currently owned by a thread: None

Heap address: 0x0000000080000000, size: 2048 MB, Compressed Oops mode: 32-bit

CDS archive(s) mapped at: [0x0000020f04000000-0x0000020f04ba0000-0x0000020f04ba0000), size 12189696, SharedBaseAddress: 0x0000020f04000000, ArchiveRelocationMode: 1.
Compressed class space mapped at: 0x0000020f05000000-0x0000020f45000000, reserved size: 1073741824
Narrow klass base: 0x0000020f04000000, Narrow klass shift: 0, Narrow klass range: 0x100000000

GC Precious Log:
 CardTable entry size: 512
 CPUs: 16 total, 16 available
 Memory: 7876M
 Large Page Support: Disabled
 NUMA Support: Disabled
 Compressed Oops: Enabled (32-bit)
 Alignments: Space 512K, Generation 512K, Heap 2M
 Heap Min Capacity: 100M
 Heap Initial Capacity: 100M
 Heap Max Capacity: 2G
 Pre-touch: Disabled
 Parallel Workers: 13

Heap:
 PSYoungGen      total 29696K, used 21973K [0x00000000d5580000, 0x00000000d7680000, 0x0000000100000000)
  eden space 25600K, 85% used [0x00000000d5580000,0x00000000d6af5748,0x00000000d6e80000)
  from space 4096K, 0% used [0x00000000d7280000,0x00000000d7280000,0x00000000d7680000)
  to   space 4096K, 0% used [0x00000000d6e80000,0x00000000d6e80000,0x00000000d7280000)
 ParOldGen       total 68608K, used 0K [0x0000000080000000, 0x0000000084300000, 0x00000000d5580000)
  object space 68608K, 0% used [0x0000000080000000,0x0000000080000000,0x0000000084300000)
 Metaspace       used 3625K, committed 3904K, reserved 1114112K
  class space    used 391K, committed 512K, reserved 1048576K

Card table byte_map: [0x0000020f6cf50000,0x0000020f6d360000] _byte_map_base: 0x0000020f6cb50000

Marking Bits: (ParMarkBitMap*) 0x00007ffc51582460
 Begin Bits: [0x0000020f00000000, 0x0000020f02000000)
 End Bits:   [0x0000020f02000000, 0x0000020f04000000)

Polling page: 0x0000020f6b3c0000

Metaspace:

Usage:
  Non-class:      3.16 MB used.
      Class:    391.68 KB used.
       Both:      3.54 MB used.

Virtual space:
  Non-class space:       64.00 MB reserved,       3.31 MB (  5%) committed,  1 nodes.
      Class space:        1.00 GB reserved,     512.00 KB ( <1%) committed,  1 nodes.
             Both:        1.06 GB reserved,       3.81 MB ( <1%) committed. 

Chunk freelists:
   Non-Class:  11.41 MB
       Class:  15.47 MB
        Both:  26.88 MB

MaxMetaspaceSize: unlimited
CompressedClassSpaceSize: 1.00 GB
Initial GC threshold: 21.00 MB
Current GC threshold: 21.00 MB
CDS: on
 - commit_granule_bytes: 65536.
 - commit_granule_words: 8192.
 - virtual_space_node_default_size: 8388608.
 - enlarge_chunks_in_place: 1.
 - use_allocation_guard: 0.


Internal statistics:

num_allocs_failed_limit: 0.
num_arena_births: 172.
num_arena_deaths: 0.
num_vsnodes_births: 2.
num_vsnodes_deaths: 0.
num_space_committed: 61.
num_space_uncommitted: 0.
num_chunks_returned_to_freelist: 0.
num_chunks_taken_from_freelist: 221.
num_chunk_merges: 0.
num_chunk_splits: 143.
num_chunks_enlarged: 77.
num_inconsistent_stats: 0.

CodeHeap 'non-profiled nmethods': size=119168Kb used=416Kb max_used=416Kb free=118751Kb
 bounds [0x0000020f78350000, 0x0000020f785c0000, 0x0000020f7f7b0000]
CodeHeap 'profiled nmethods': size=119104Kb used=1621Kb max_used=1621Kb free=117482Kb
 bounds [0x0000020f707b0000, 0x0000020f70a20000, 0x0000020f77c00000]
CodeHeap 'non-nmethods': size=7488Kb used=2317Kb max_used=2898Kb free=5170Kb
 bounds [0x0000020f77c00000, 0x0000020f77ee0000, 0x0000020f78350000]
CodeCache: size=245760Kb, used=4354Kb, max_used=4935Kb, free=241403Kb
 total_blobs=1480, nmethods=1027, adapters=358, full_count=0
Compilation: enabled, stopped_count=0, restarted_count=0

Compilation events (20 events):
Event: 3.044 Thread 0x0000020f4662b7f0 1018       4       java.util.HashMap::getNode (150 bytes)
Event: 3.044 Thread 0x0000020f4c2c3900 1020       1       sun.security.util.DerOutputStream::buf (5 bytes)
Event: 3.045 Thread 0x0000020f4c2c3900 nmethod 1020 0x0000020f783b5a10 code [0x0000020f783b5ba0, 0x0000020f783b5c68]
Event: 3.048 Thread 0x0000020f4662b7f0 nmethod 1018 0x0000020f783b5d10 code [0x0000020f783b5ec0, 0x0000020f783b6198]
Event: 3.048 Thread 0x0000020f4662b7f0 1017   !   4       java.lang.String::<init> (890 bytes)
Event: 3.048 Thread 0x0000020f4c2c3fa0 1021       3       sun.security.util.ObjectIdentifier::equals (36 bytes)
Event: 3.049 Thread 0x0000020f4c2c3fa0 nmethod 1021 0x0000020f7093c910 code [0x0000020f7093cae0, 0x0000020f7093ced8]
Event: 3.053 Thread 0x0000020f4c2c3900 1022  s    3       java.util.Hashtable::get (69 bytes)
Event: 3.054 Thread 0x0000020f4c2c3900 nmethod 1022 0x0000020f7093cf90 code [0x0000020f7093d180, 0x0000020f7093d6d0]
Event: 3.062 Thread 0x0000020f4c2c3900 1023 %     3       java.math.BigInteger::implMultiplyToLen @ 135 (216 bytes)
Event: 3.062 Thread 0x0000020f4c2c3900 nmethod 1023% 0x0000020f7093d890 code [0x0000020f7093daa0, 0x0000020f7093e188]
Event: 3.065 Thread 0x0000020f4c2c3fa0 1024       3       java.math.BigInteger::implMultiplyToLen (216 bytes)
Event: 3.066 Thread 0x0000020f4c2c3fa0 nmethod 1024 0x0000020f7093e610 code [0x0000020f7093e800, 0x0000020f7093eda8]
Event: 3.069 Thread 0x0000020f4662b7f0 nmethod 1017 0x0000020f783b6810 code [0x0000020f783b6ac0, 0x0000020f783b7b30]
Event: 3.072 Thread 0x0000020f4662adb0 1026       3       sun.security.util.DerOutputStream::putLength (147 bytes)
Event: 3.074 Thread 0x0000020f4662adb0 nmethod 1026 0x0000020f7093f190 code [0x0000020f7093f560, 0x0000020f709419d8]
Event: 3.074 Thread 0x0000020f6d66e640 1027       3       sun.security.util.SignatureFileVerifier::updateSigners (132 bytes)
Event: 3.075 Thread 0x0000020f6d66e640 nmethod 1027 0x0000020f70942910 code [0x0000020f70942bc0, 0x0000020f70943a80]
Event: 3.075 Thread 0x0000020f4c2c3900 1028       3       sun.security.util.SignatureFileVerifier::matches (89 bytes)
Event: 3.076 Thread 0x0000020f4c2c3900 nmethod 1028 0x0000020f70944090 code [0x0000020f70944340, 0x0000020f70945190]

GC Heap History (0 events):
No events

Dll operation events (8 events):
Event: 0.018 Loaded shared library c:\Users\DELL\.vscode\extensions\redhat.java-1.50.0-win32-x64\jre\21.0.9-win32-x86_64\bin\java.dll
Event: 0.114 Loaded shared library c:\Users\DELL\.vscode\extensions\redhat.java-1.50.0-win32-x64\jre\21.0.9-win32-x86_64\bin\zip.dll
Event: 0.169 Loaded shared library C:\Users\DELL\.vscode\extensions\redhat.java-1.50.0-win32-x64\jre\21.0.9-win32-x86_64\bin\instrument.dll
Event: 0.179 Loaded shared library C:\Users\DELL\.vscode\extensions\redhat.java-1.50.0-win32-x64\jre\21.0.9-win32-x86_64\bin\net.dll
Event: 0.181 Loaded shared library C:\Users\DELL\.vscode\extensions\redhat.java-1.50.0-win32-x64\jre\21.0.9-win32-x86_64\bin\nio.dll
Event: 0.190 Loaded shared library C:\Users\DELL\.vscode\extensions\redhat.java-1.50.0-win32-x64\jre\21.0.9-win32-x86_64\bin\zip.dll
Event: 0.218 Loaded shared library C:\Users\DELL\.vscode\extensions\redhat.java-1.50.0-win32-x64\jre\21.0.9-win32-x86_64\bin\jimage.dll
Event: 0.392 Loaded shared library c:\Users\DELL\.vscode\extensions\redhat.java-1.50.0-win32-x64\jre\21.0.9-win32-x86_64\bin\verify.dll

Deoptimization events (20 events):
Event: 1.532 Thread 0x0000020f6d5aefd0 Uncommon trap: trap_request=0xffffffde fr.pc=0x0000020f7838325c relative=0x00000000000008fc
Event: 1.532 Thread 0x0000020f6d5aefd0 Uncommon trap: reason=class_check action=maybe_recompile pc=0x0000020f7838325c method=java.util.HashMap.putVal(ILjava/lang/Object;Ljava/lang/Object;ZZ)Ljava/lang/Object; @ 91 c2
Event: 1.532 Thread 0x0000020f6d5aefd0 DEOPT PACKING pc=0x0000020f7838325c sp=0x00000016b0bfdf10
Event: 1.532 Thread 0x0000020f6d5aefd0 DEOPT UNPACKING pc=0x0000020f77c53aa2 sp=0x00000016b0bfde90 mode 2
Event: 1.536 Thread 0x0000020f6d5aefd0 Uncommon trap: trap_request=0xffffff6e fr.pc=0x0000020f78396f1c relative=0x00000000000001fc
Event: 1.536 Thread 0x0000020f6d5aefd0 Uncommon trap: reason=loop_limit_check action=maybe_recompile pc=0x0000020f78396f1c method=java.math.BigInteger.implMulAdd([I[IIII)I @ 26 c2
Event: 1.536 Thread 0x0000020f6d5aefd0 DEOPT PACKING pc=0x0000020f78396f1c sp=0x00000016b0bfd8b0
Event: 1.536 Thread 0x0000020f6d5aefd0 DEOPT UNPACKING pc=0x0000020f77c53aa2 sp=0x00000016b0bfd800 mode 2
Event: 2.847 Thread 0x0000020f6d5aefd0 Uncommon trap: trap_request=0xffffff45 fr.pc=0x0000020f7839ee2c relative=0x000000000000008c
Event: 2.847 Thread 0x0000020f6d5aefd0 Uncommon trap: reason=unstable_if action=reinterpret pc=0x0000020f7839ee2c method=jdk.internal.misc.Unsafe.convEndian(ZI)I @ 4 c2
Event: 2.847 Thread 0x0000020f6d5aefd0 DEOPT PACKING pc=0x0000020f7839ee2c sp=0x00000016b0bfdc10
Event: 2.847 Thread 0x0000020f6d5aefd0 DEOPT UNPACKING pc=0x0000020f77c53aa2 sp=0x00000016b0bfdb40 mode 2
Event: 2.848 Thread 0x0000020f6d5aefd0 Uncommon trap: trap_request=0xffffff45 fr.pc=0x0000020f7839e2e8 relative=0x0000000000000048
Event: 2.848 Thread 0x0000020f6d5aefd0 Uncommon trap: reason=unstable_if action=reinterpret pc=0x0000020f7839e2e8 method=jdk.internal.misc.Unsafe.convEndian(ZI)I @ 4 c2
Event: 2.848 Thread 0x0000020f6d5aefd0 DEOPT PACKING pc=0x0000020f7839e2e8 sp=0x00000016b0bfdba0
Event: 2.848 Thread 0x0000020f6d5aefd0 DEOPT UNPACKING pc=0x0000020f77c53aa2 sp=0x00000016b0bfdb38 mode 2
Event: 2.854 Thread 0x0000020f6d5aefd0 Uncommon trap: trap_request=0xffffff45 fr.pc=0x0000020f7837d8e0 relative=0x0000000000000600
Event: 2.854 Thread 0x0000020f6d5aefd0 Uncommon trap: reason=unstable_if action=reinterpret pc=0x0000020f7837d8e0 method=java.lang.AbstractStringBuilder.append(Ljava/lang/String;)Ljava/lang/AbstractStringBuilder; @ 1 c2
Event: 2.854 Thread 0x0000020f6d5aefd0 DEOPT PACKING pc=0x0000020f7837d8e0 sp=0x00000016b0bfdf70
Event: 2.854 Thread 0x0000020f6d5aefd0 DEOPT UNPACKING pc=0x0000020f77c53aa2 sp=0x00000016b0bfdf00 mode 2

Classes loaded (20 events):
Event: 2.992 Loading class java/nio/file/attribute/AclFileAttributeView
Event: 2.992 Loading class java/nio/file/attribute/FileOwnerAttributeView
Event: 2.992 Loading class java/nio/file/attribute/FileOwnerAttributeView done
Event: 2.992 Loading class java/nio/file/attribute/AclFileAttributeView done
Event: 2.992 Loading class sun/nio/fs/AbstractAclFileAttributeView done
Event: 2.992 Loading class sun/nio/fs/WindowsAclFileAttributeView done
Event: 2.993 Loading class sun/nio/fs/WindowsSecurity
Event: 2.993 Loading class sun/nio/fs/WindowsSecurity done
Event: 2.994 Loading class sun/nio/fs/WindowsFileStore
Event: 2.994 Loading class java/nio/file/FileStore
Event: 2.994 Loading class java/nio/file/FileStore done
Event: 2.994 Loading class sun/nio/fs/WindowsFileStore done
Event: 2.999 Loading class java/net/URLClassLoader$1
Event: 2.999 Loading class java/net/URLClassLoader$1 done
Event: 3.078 Loading class java/io/FilePermission$1
Event: 3.078 Loading class jdk/internal/access/JavaIOFilePermissionAccess
Event: 3.078 Loading class jdk/internal/access/JavaIOFilePermissionAccess done
Event: 3.078 Loading class java/io/FilePermission$1 done
Event: 3.079 Loading class java/io/FilePermissionCollection
Event: 3.079 Loading class java/io/FilePermissionCollection done

Classes unloaded (0 events):
No events

Classes redefined (0 events):
No events

Internal exceptions (20 events):
Event: 0.312 Thread 0x0000020f6d5aefd0 Exception <a 'java/lang/NoSuchMethodError'{0x00000000d5aea160}: 'void java.lang.invoke.DelegatingMethodHandle$Holder.reinvoke_L(java.lang.Object, java.lang.Object, java.lang.Object, int, java.lang.Object)'> (0x00000000d5aea160) 
thrown [s\src\hotspot\share\interpreter\linkResolver.cpp, line 773]
Event: 0.317 Thread 0x0000020f6d5aefd0 Exception <a 'java/lang/NoSuchMethodError'{0x00000000d5afac58}: 'int java.lang.invoke.DirectMethodHandle$Holder.invokeSpecial(java.lang.Object, java.lang.Object, java.lang.Object)'> (0x00000000d5afac58) 
thrown [s\src\hotspot\share\interpreter\linkResolver.cpp, line 773]
Event: 0.322 Thread 0x0000020f6d5aefd0 Exception <a 'java/lang/NoSuchMethodError'{0x00000000d5b06918}: 'java.lang.Object java.lang.invoke.DirectMethodHandle$Holder.invokeStatic(java.lang.Object, java.lang.Object, int)'> (0x00000000d5b06918) 
thrown [s\src\hotspot\share\interpreter\linkResolver.cpp, line 773]
Event: 0.325 Thread 0x0000020f6d5aefd0 Exception <a 'java/lang/NoSuchMethodError'{0x00000000d5b0b268}: 'void java.lang.invoke.DirectMethodHandle$Holder.invokeStatic(java.lang.Object, java.lang.Object, int, java.lang.Object)'> (0x00000000d5b0b268) 
thrown [s\src\hotspot\share\interpreter\linkResolver.cpp, line 773]
Event: 0.326 Thread 0x0000020f6d5aefd0 Exception <a 'java/lang/NoSuchMethodError'{0x00000000d5b0edf8}: 'void java.lang.invoke.DirectMethodHandle$Holder.invokeSpecial(java.lang.Object, java.lang.Object, java.lang.Object, int, java.lang.Object)'> (0x00000000d5b0edf8) 
thrown [s\src\hotspot\share\interpreter\linkResolver.cpp, line 773]
Event: 0.330 Thread 0x0000020f6d5aefd0 Exception <a 'java/lang/NoSuchMethodError'{0x00000000d5b924c0}: 'void java.lang.invoke.DelegatingMethodHandle$Holder.delegate(java.lang.Object, java.lang.Object, int, java.lang.Object)'> (0x00000000d5b924c0) 
thrown [s\src\hotspot\share\interpreter\linkResolver.cpp, line 773]
Event: 0.430 Thread 0x0000020f6d5aefd0 Exception <a 'java/lang/NoSuchMethodError'{0x00000000d5d52ea0}: 'void java.lang.invoke.DelegatingMethodHandle$Holder.reinvoke_L(java.lang.Object, java.lang.Object, java.lang.Object, int)'> (0x00000000d5d52ea0) 
thrown [s\src\hotspot\share\interpreter\linkResolver.cpp, line 773]
Event: 0.954 Thread 0x0000020f6d5aefd0 Exception <a 'java/lang/NoSuchMethodError'{0x00000000d61df058}: 'void java.lang.invoke.DirectMethodHandle$Holder.invokeVirtual(java.lang.Object, java.lang.Object)'> (0x00000000d61df058) 
thrown [s\src\hotspot\share\interpreter\linkResolver.cpp, line 773]
Event: 2.706 Thread 0x0000020f6d5aefd0 Exception <a 'java/lang/NoSuchMethodError'{0x00000000d65aebb0}: 'void java.lang.invoke.DirectMethodHandle$Holder.invokeStatic(java.lang.Object, java.lang.Object)'> (0x00000000d65aebb0) 
thrown [s\src\hotspot\share\interpreter\linkResolver.cpp, line 773]
Event: 2.751 Thread 0x0000020f6d5aefd0 Exception <a 'java/lang/ClassNotFoundException'{0x00000000d65d45a8}: sun/net/www/protocol/c/Handler> (0x00000000d65d45a8) 
thrown [s\src\hotspot\share\classfile\systemDictionary.cpp, line 312]
Event: 2.841 Thread 0x0000020f6d5aefd0 Exception <a 'java/io/FileNotFoundException'{0x00000000d662d958}> (0x00000000d662d958) 
thrown [s\src\hotspot\share\prims\jni.cpp, line 520]
Event: 2.842 Thread 0x0000020f6d5aefd0 Exception <a 'java/io/FileNotFoundException'{0x00000000d662ec80}> (0x00000000d662ec80) 
thrown [s\src\hotspot\share\prims\jni.cpp, line 520]
Event: 2.844 Thread 0x0000020f6d5aefd0 Exception <a 'java/io/FileNotFoundException'{0x00000000d662f8f8}> (0x00000000d662f8f8) 
thrown [s\src\hotspot\share\prims\jni.cpp, line 520]
Event: 2.844 Thread 0x0000020f6d5aefd0 Exception <a 'java/io/FileNotFoundException'{0x00000000d6630438}> (0x00000000d6630438) 
thrown [s\src\hotspot\share\prims\jni.cpp, line 520]
Event: 2.854 Thread 0x0000020f6d5aefd0 Implicit null exception at 0x0000020f7837d324 to 0x0000020f7837d8c8
Event: 2.858 Thread 0x0000020f6d5aefd0 Exception <a 'java/io/FileNotFoundException'{0x00000000d6668888}> (0x00000000d6668888) 
thrown [s\src\hotspot\share\prims\jni.cpp, line 520]
Event: 2.889 Thread 0x0000020f6d5aefd0 Exception <a 'java/lang/NoSuchMethodError'{0x00000000d66a0b60}: 'java.lang.Object java.lang.invoke.DirectMethodHandle$Holder.invokeInterface(java.lang.Object, java.lang.Object)'> (0x00000000d66a0b60) 
thrown [s\src\hotspot\share\interpreter\linkResolver.cpp, line 773]
Event: 2.893 Thread 0x0000020f6d5aefd0 Exception <a 'java/lang/NoSuchMethodError'{0x00000000d66b40f0}: 'java.lang.Object java.lang.invoke.Invokers$Holder.invokeExact_MT(java.lang.Object, java.lang.Object, java.lang.Object, java.lang.Object, java.lang.Object, java.lang.Object)'> (0x00000000d66b40f0) 
thrown [s\src\hotspot\share\interpreter\linkResolver.cpp, line 773]
Event: 2.900 Thread 0x0000020f6d5aefd0 Exception <a 'java/lang/NoSuchMethodError'{0x00000000d66cb1c8}: 'int java.lang.invoke.DirectMethodHandle$Holder.invokeStatic(java.lang.Object, java.lang.Object, java.lang.Object, java.lang.Object, java.lang.Object)'> (0x00000000d66cb1c8) 
thrown [s\src\hotspot\share\interpreter\linkResolver.cpp, line 773]
Event: 2.967 Thread 0x0000020f6d5aefd0 Exception <a 'java/lang/NoSuchMethodError'{0x00000000d675f1e0}: 'java.lang.Object java.lang.invoke.DirectMethodHandle$Holder.invokeInterface(java.lang.Object, java.lang.Object, int)'> (0x00000000d675f1e0) 
thrown [s\src\hotspot\share\interpreter\linkResolver.cpp, line 773]

ZGC Phase Switch (0 events):
No events

VM Operations (13 events):
Event: 0.113 Executing VM operation: HandshakeAllThreads (Deoptimize)
Event: 0.113 Executing VM operation: HandshakeAllThreads (Deoptimize) done
Event: 0.242 Executing VM operation: HandshakeAllThreads (Deoptimize)
Event: 0.242 Executing VM operation: HandshakeAllThreads (Deoptimize) done
Event: 1.242 Executing VM operation: Cleanup
Event: 1.274 Executing VM operation: Cleanup done
Event: 1.545 Executing VM operation: HandshakeAllThreads (Deoptimize)
Event: 1.545 Executing VM operation: HandshakeAllThreads (Deoptimize) done
Event: 1.598 Executing VM operation: HandshakeAllThreads (Deoptimize)
Event: 1.598 Executing VM operation: HandshakeAllThreads (Deoptimize) done
Event: 2.599 Executing VM operation: Cleanup
Event: 2.630 Executing VM operation: Cleanup done
Event: 3.643 Executing VM operation: Cleanup

Memory protections (0 events):
No events

Nmethod flushes (0 events):
No events

Events (20 events):
Event: 0.063 Thread 0x0000020f6d5aefd0 Thread added: 0x0000020f6d65ab40
Event: 0.063 Thread 0x0000020f6d5aefd0 Thread added: 0x0000020f6d65caf0
Event: 0.063 Thread 0x0000020f6d5aefd0 Thread added: 0x0000020f6d66a450
Event: 0.063 Thread 0x0000020f6d5aefd0 Thread added: 0x0000020f6d66e640
Event: 0.072 Thread 0x0000020f6d66e640 Thread added: 0x0000020f4647b450
Event: 0.126 Thread 0x0000020f6d66a450 Thread added: 0x0000020f46516990
Event: 0.173 Thread 0x0000020f6d5aefd0 Thread added: 0x0000020f465fa6d0
Event: 0.195 Thread 0x0000020f4647b450 Thread added: 0x0000020f465f5410
Event: 0.230 Thread 0x0000020f465f5410 Thread added: 0x0000020f465f75d0
Event: 0.603 Thread 0x0000020f6d5aefd0 Thread added: 0x0000020f467286a0
Event: 1.110 Thread 0x0000020f46516990 Thread exited: 0x0000020f46516990
Event: 1.381 Thread 0x0000020f6d66a450 Thread added: 0x0000020f4c00ff50
Event: 2.632 Thread 0x0000020f465f75d0 Thread exited: 0x0000020f465f75d0
Event: 2.632 Thread 0x0000020f465f5410 Thread exited: 0x0000020f465f5410
Event: 2.633 Thread 0x0000020f4647b450 Thread exited: 0x0000020f4647b450
Event: 2.795 Thread 0x0000020f4c00ff50 Thread exited: 0x0000020f4c00ff50
Event: 3.011 Thread 0x0000020f6d66e640 Thread added: 0x0000020f4c2c3900
Event: 3.011 Thread 0x0000020f6d66e640 Thread added: 0x0000020f4c2c3fa0
Event: 3.011 Thread 0x0000020f6d66e640 Thread added: 0x0000020f4662adb0
Event: 3.040 Thread 0x0000020f4c2c3fa0 Thread added: 0x0000020f4662b7f0


Dynamic libraries:
0x00007ff742a80000 - 0x00007ff742a8e000 	c:\Users\DELL\.vscode\extensions\redhat.java-1.50.0-win32-x64\jre\21.0.9-win32-x86_64\bin\java.exe
0x00007ffcf0aa0000 - 0x00007ffcf0d08000 	C:\WINDOWS\SYSTEM32\ntdll.dll
0x00007ffcef2d0000 - 0x00007ffcef399000 	C:\WINDOWS\System32\KERNEL32.DLL
0x00007ffcedfa0000 - 0x00007ffcee398000 	C:\WINDOWS\System32\KERNELBASE.dll
0x00007ffcee6f0000 - 0x00007ffcee83b000 	C:\WINDOWS\System32\ucrtbase.dll
0x00007ffcd6d10000 - 0x00007ffcd6d28000 	c:\Users\DELL\.vscode\extensions\redhat.java-1.50.0-win32-x64\jre\21.0.9-win32-x86_64\bin\jli.dll
0x00007ffcd6cf0000 - 0x00007ffcd6d0e000 	c:\Users\DELL\.vscode\extensions\redhat.java-1.50.0-win32-x64\jre\21.0.9-win32-x86_64\bin\VCRUNTIME140.dll
0x00007ffceefd0000 - 0x00007ffcef197000 	C:\WINDOWS\System32\USER32.dll
0x00007ffcede00000 - 0x00007ffcede27000 	C:\WINDOWS\System32\win32u.dll
0x00007ffcefce0000 - 0x00007ffcefd0b000 	C:\WINDOWS\System32\GDI32.dll
0x00007ffcee3a0000 - 0x00007ffcee4cc000 	C:\WINDOWS\System32\gdi32full.dll
0x00007ffcee640000 - 0x00007ffcee6e3000 	C:\WINDOWS\System32\msvcp_win.dll
0x00007ffccc040000 - 0x00007ffccc2d4000 	C:\WINDOWS\WinSxS\amd64_microsoft.windows.common-controls_6595b64144ccf1df_6.0.26100.7019_none_3e06ffa0e335b8a8\COMCTL32.dll
0x00007ffcefa90000 - 0x00007ffcefb39000 	C:\WINDOWS\System32\msvcrt.dll
0x00007ffcefd50000 - 0x00007ffcefd81000 	C:\WINDOWS\System32\IMM32.DLL
0x00007ffcd4300000 - 0x00007ffcd430c000 	c:\Users\DELL\.vscode\extensions\redhat.java-1.50.0-win32-x64\jre\21.0.9-win32-x86_64\bin\vcruntime140_1.dll
0x00007ffc90100000 - 0x00007ffc9018d000 	c:\Users\DELL\.vscode\extensions\redhat.java-1.50.0-win32-x64\jre\21.0.9-win32-x86_64\bin\msvcp140.dll
0x00007ffc508c0000 - 0x00007ffc51660000 	c:\Users\DELL\.vscode\extensions\redhat.java-1.50.0-win32-x64\jre\21.0.9-win32-x86_64\bin\server\jvm.dll
0x00007ffcef210000 - 0x00007ffcef2c4000 	C:\WINDOWS\System32\ADVAPI32.dll
0x00007ffcee840000 - 0x00007ffcee8e6000 	C:\WINDOWS\System32\sechost.dll
0x00007ffcee8f0000 - 0x00007ffceea08000 	C:\WINDOWS\System32\RPCRT4.dll
0x00007ffceed40000 - 0x00007ffceedb4000 	C:\WINDOWS\System32\WS2_32.dll
0x00007ffcec810000 - 0x00007ffcec86e000 	C:\WINDOWS\SYSTEM32\POWRPROF.dll
0x00007ffce7070000 - 0x00007ffce70a5000 	C:\WINDOWS\SYSTEM32\WINMM.dll
0x00007ffce5640000 - 0x00007ffce564b000 	C:\WINDOWS\SYSTEM32\VERSION.dll
0x00007ffcec7f0000 - 0x00007ffcec804000 	C:\WINDOWS\SYSTEM32\UMPDC.dll
0x00007ffcecad0000 - 0x00007ffcecaeb000 	C:\WINDOWS\SYSTEM32\kernel.appcore.dll
0x00007ffcc7730000 - 0x00007ffcc773a000 	c:\Users\DELL\.vscode\extensions\redhat.java-1.50.0-win32-x64\jre\21.0.9-win32-x86_64\bin\jimage.dll
0x00007ffceb290000 - 0x00007ffceb4d2000 	C:\WINDOWS\SYSTEM32\DBGHELP.DLL
0x00007ffcefe00000 - 0x00007ffcf018b000 	C:\WINDOWS\System32\combase.dll
0x00007ffceee60000 - 0x00007ffceef37000 	C:\WINDOWS\System32\OLEAUT32.dll
0x00007ffcd2300000 - 0x00007ffcd233c000 	C:\WINDOWS\SYSTEM32\dbgcore.DLL
0x00007ffcede30000 - 0x00007ffceded5000 	C:\WINDOWS\System32\bcryptPrimitives.dll
0x00007ffcc5580000 - 0x00007ffcc558f000 	c:\Users\DELL\.vscode\extensions\redhat.java-1.50.0-win32-x64\jre\21.0.9-win32-x86_64\bin\instrument.dll
0x00007ffcc3070000 - 0x00007ffcc3090000 	c:\Users\DELL\.vscode\extensions\redhat.java-1.50.0-win32-x64\jre\21.0.9-win32-x86_64\bin\java.dll
0x00007ffcf0300000 - 0x00007ffcf0a4f000 	C:\WINDOWS\System32\SHELL32.dll
0x00007ffcee4d0000 - 0x00007ffcee63b000 	C:\WINDOWS\System32\wintypes.dll
0x00007ffceb830000 - 0x00007ffcec08d000 	C:\WINDOWS\SYSTEM32\windows.storage.dll
0x00007ffceea60000 - 0x00007ffceeb52000 	C:\WINDOWS\System32\SHCORE.dll
0x00007ffcefd90000 - 0x00007ffcefdf7000 	C:\WINDOWS\System32\shlwapi.dll
0x00007ffcedb10000 - 0x00007ffcedb39000 	C:\WINDOWS\SYSTEM32\profapi.dll
0x00007ffcb61d0000 - 0x00007ffcb61e8000 	c:\Users\DELL\.vscode\extensions\redhat.java-1.50.0-win32-x64\jre\21.0.9-win32-x86_64\bin\zip.dll
0x00007ffcc3340000 - 0x00007ffcc3350000 	C:\Users\DELL\.vscode\extensions\redhat.java-1.50.0-win32-x64\jre\21.0.9-win32-x86_64\bin\net.dll
0x00007ffce60a0000 - 0x00007ffce61c8000 	C:\WINDOWS\SYSTEM32\WINHTTP.dll
0x00007ffced040000 - 0x00007ffced0ab000 	C:\WINDOWS\system32\mswsock.dll
0x00007ffcac840000 - 0x00007ffcac856000 	C:\Users\DELL\.vscode\extensions\redhat.java-1.50.0-win32-x64\jre\21.0.9-win32-x86_64\bin\nio.dll
0x00007ffcc3110000 - 0x00007ffcc3120000 	c:\Users\DELL\.vscode\extensions\redhat.java-1.50.0-win32-x64\jre\21.0.9-win32-x86_64\bin\verify.dll

JVMTI agents:
c:\Users\DELL\.vscode\extensions\redhat.java-1.50.0-win32-x64\lombok\lombok-1.18.39-4050.jar path:c:\Users\DELL\.vscode\extensions\redhat.java-1.50.0-win32-x64\jre\21.0.9-win32-x86_64\bin\instrument.dll, loaded, initialized, instrumentlib options:none

dbghelp: loaded successfully - version: 4.0.5 - missing functions: none
symbol engine: initialized successfully - sym options: 0x614 - pdb path: .;c:\Users\DELL\.vscode\extensions\redhat.java-1.50.0-win32-x64\jre\21.0.9-win32-x86_64\bin;C:\WINDOWS\SYSTEM32;C:\WINDOWS\WinSxS\amd64_microsoft.windows.common-controls_6595b64144ccf1df_6.0.26100.7019_none_3e06ffa0e335b8a8;c:\Users\DELL\.vscode\extensions\redhat.java-1.50.0-win32-x64\jre\21.0.9-win32-x86_64\bin\server

VM Arguments:
jvm_args: --add-modules=ALL-SYSTEM --add-opens=java.base/java.util=ALL-UNNAMED --add-opens=java.base/java.lang=ALL-UNNAMED --add-opens=java.base/sun.nio.fs=ALL-UNNAMED -Declipse.application=org.eclipse.jdt.ls.core.id1 -Dosgi.bundles.defaultStartLevel=4 -Declipse.product=org.eclipse.jdt.ls.core.product -Djava.import.generatesMetadataFilesAtProjectRoot=false -DDetectVMInstallationsJob.disabled=true -Dfile.encoding=utf8 -XX:+UseParallelGC -XX:GCTimeRatio=4 -XX:AdaptiveSizePolicyWeight=90 -Dsun.zip.disableMemoryMapping=true -Xmx2G -Xms100m -Xlog:disable -javaagent:c:\Users\DELL\.vscode\extensions\redhat.java-1.50.0-win32-x64\lombok\lombok-1.18.39-4050.jar 
java_command: c:\Users\DELL\.vscode\extensions\redhat.java-1.50.0-win32-x64\server\plugins\org.eclipse.equinox.launcher_1.7.100.v20251111-0406.jar -configuration c:\Users\DELL\AppData\Roaming\Code\User\globalStorage\redhat.java\1.50.0\config_ss_win -data c:\Users\DELL\AppData\Roaming\Code\User\workspaceStorage\0755037b6897d077e138bb15a92d4421\redhat.java\ss_ws --pipe=\\.\pipe\lsp-ed2c28b3b6e961be0eedb061d8f592e9-sock
java_class_path (initial): c:\Users\DELL\.vscode\extensions\redhat.java-1.50.0-win32-x64\server\plugins\org.eclipse.equinox.launcher_1.7.100.v20251111-0406.jar
Launcher Type: SUN_STANDARD

[Global flags]
    uintx AdaptiveSizePolicyWeight                 = 90                                        {product} {command line}
     intx CICompilerCount                          = 12                                        {product} {ergonomic}
    uintx GCTimeRatio                              = 4                                         {product} {command line}
   size_t InitialHeapSize                          = 104857600                                 {product} {command line}
   size_t MaxHeapSize                              = 2147483648                                {product} {command line}
   size_t MaxNewSize                               = 715653120                                 {product} {ergonomic}
   size_t MinHeapDeltaBytes                        = 524288                                    {product} {ergonomic}
   size_t MinHeapSize                              = 104857600                                 {product} {command line}
   size_t NewSize                                  = 34603008                                  {product} {ergonomic}
    uintx NonNMethodCodeHeapSize                   = 7602480                                {pd product} {ergonomic}
    uintx NonProfiledCodeHeapSize                  = 122027880                              {pd product} {ergonomic}
   size_t OldSize                                  = 70254592                                  {product} {ergonomic}
    uintx ProfiledCodeHeapSize                     = 122027880                              {pd product} {ergonomic}
    uintx ReservedCodeCacheSize                    = 251658240                              {pd product} {ergonomic}
     bool SegmentedCodeCache                       = true                                      {product} {ergonomic}
   size_t SoftMaxHeapSize                          = 2147483648                             {manageable} {ergonomic}
     bool UseCompressedOops                        = true                           {product lp64_product} {ergonomic}
     bool UseLargePagesIndividualAllocation        = false                                  {pd product} {ergonomic}
     bool UseParallelGC                            = true                                      {product} {command line}

Logging:
Log output configuration:
 #0: stdout all=off uptime,level,tags foldmultilines=false
 #1: stderr all=off uptime,level,tags foldmultilines=false

Release file:
JAVA_VERSION="21.0.9" 
MODULES="java.base java.compiler java.datatransfer java.xml java.prefs java.desktop java.instrument java.logging java.management java.security.sasl java.naming java.rmi java.management.rmi java.net.http java.scripting java.security.jgss java.transaction.xa java.sql java.sql.rowset java.xml.crypto java.se java.smartcardio jdk.accessibility jdk.internal.jvmstat jdk.attach jdk.charsets jdk.internal.opt jdk.zipfs jdk.compiler jdk.crypto.ec jdk.crypto.cryptoki jdk.crypto.mscapi jdk.dynalink jdk.internal.ed jdk.editpad jdk.hotspot.agent jdk.httpserver jdk.internal.le jdk.internal.vm.ci jdk.internal.vm.compiler jdk.internal.vm.compiler.management jdk.jartool jdk.javadoc jdk.jcmd jdk.management jdk.management.agent jdk.jconsole jdk.jdeps jdk.jdwp.agent jdk.jdi jdk.jfr jdk.jshell jdk.jsobject jdk.jstatd jdk.localedata jdk.management.jfr jdk.naming.dns jdk.naming.rmi jdk.net jdk.nio.mapmode jdk.random jdk.sctp jdk.security.auth jdk.security.jgss jdk.unsupported jdk.unsupported.desktop jdk.xml.dom" 

Environment Variables:
PATH=C:\Program Files\Common Files\Oracle\Java\javapath;C:\Windows\system32;C:\Windows;C:\Windows\System32\Wbem;C:\Windows\System32\WindowsPowerShell\v1.0\;C:\Windows\System32\OpenSSH\;C:\Program Files\dotnet\;C:\Program Files (x86)\NVIDIA Corporation\PhysX\Common;C:\Program Files\NVIDIA Corporation\NVIDIA NvDLISR;C:\Program Files (x86)\Windows Kits\8.1\Windows Performance Toolkit\;C:\Program Files\Microsoft SQL Server\110\Tools\Binn\;C:\Program Files\nodejs\;C:\WINDOWS\system32;C:\WINDOWS;C:\WINDOWS\System32\Wbem;C:\WINDOWS\System32\WindowsPowerShell\v1.0\;C:\WINDOWS\System32\OpenSSH\;C:\Program Files (x86)\MinGW\bin;C:\Program Files\Git\cmd;D:\cursor\resources\app\bin;C:\Users\DELL\AppData\Local\Programs\Python\Python311\Scripts\;C:\Users\DELL\AppData\Local\Programs\Python\Python311\;C:\Users\DELL\AppData\Local\Programs\Python\Python313\Scripts\;C:\Users\DELL\AppData\Local\Programs\Python\Python313\;C:\Users\DELL\AppData\Local\Programs\Python\Launcher\;C:\apache-maven\apache-maven-3.9.5\bin;C:\apache-maven\apache-maven-3.9.5\bin;C:\Program Files\Common Files\Oracle\Java\javapath;C:\Windows\system32;C:\Windows;C:\Windows\System32\Wbem;C:\Windows\System32\WindowsPowerShell\v1.0\;C:\Windows\System32\OpenSSH\;C:\Program Files\dotnet\;C:\Program Files (x86)\NVIDIA Corporation\PhysX\Common;C:\Program Files\NVIDIA Corporation\NVIDIA NvDLISR;C:\Program Files (x86)\Windows Kits\8.1\Windows Performance Toolkit\;C:\Program Files\Microsoft SQL Server\110\Tools\Binn\;C:\Program Files\nodejs\;C:\WINDOWS\system32;C:\WINDOWS;C:\WINDOWS\System32\Wbem;C:\WINDOWS\System32\WindowsPowerShell\v1.0\;C:\WINDOWS\System32\OpenSSH\;C:\Program Files (x86)\MinGW\bin;C:\Program Files\MySQL\MySQL Shell 8.0\bin\;C:\Users\DELL\AppData\Local\Microsoft\WindowsApps;C:\Users\DELL\AppData\Local\Programs\Microsoft VS Code\bin;C:\Users\DELL\AppData\Roaming\npm;C:\Users\DELL\AppData\Local\GitHubDesktop\bin;C:\Program Files (x86)\MinGW\bin;;c:\Users\DELL\AppData\Roaming\Code\User\globalStorage\gith
USERNAME=DELL
OS=Windows_NT
PROCESSOR_IDENTIFIER=Intel64 Family 6 Model 183 Stepping 1, GenuineIntel
TMP=C:\Users\DELL\AppData\Local\Temp
TEMP=C:\Users\DELL\AppData\Local\Temp




Periodic native trim disabled

---------------  S Y S T E M  ---------------

OS:
 Windows 11 , 64 bit Build 26100 (10.0.26100.7019)
OS uptime: 5 days 1:22 hours
Hyper-V role detected

CPU: total 16 (initial active 16) (8 cores per cpu, 2 threads per core) family 6 model 183 stepping 1 microcode 0x12f, cx8, cmov, fxsr, ht, mmx, 3dnowpref, sse, sse2, sse3, ssse3, sse4.1, sse4.2, popcnt, lzcnt, tsc, tscinvbit, avx, avx2, aes, erms, clmul, bmi1, bmi2, adx, sha, fma, vzeroupper, clflush, clflushopt, clwb, hv, serialize, rdtscp, rdpid, fsrm, f16c, cet_ibt, cet_ss
Processor Information for processor 0
  Max Mhz: 2400, Current Mhz: 2400, Mhz Limit: 2400
Processor Information for processor 1
  Max Mhz: 2400, Current Mhz: 1520, Mhz Limit: 2400
Processor Information for processor 2
  Max Mhz: 2400, Current Mhz: 2400, Mhz Limit: 2400
Processor Information for processor 3
  Max Mhz: 2400, Current Mhz: 2400, Mhz Limit: 2400
Processor Information for processor 4
  Max Mhz: 2400, Current Mhz: 2400, Mhz Limit: 2400
Processor Information for processor 5
  Max Mhz: 2400, Current Mhz: 2400, Mhz Limit: 2400
Processor Information for processor 6
  Max Mhz: 2400, Current Mhz: 2400, Mhz Limit: 2400
Processor Information for processor 7
  Max Mhz: 2400, Current Mhz: 2400, Mhz Limit: 2400
Processor Information for processor 8
  Max Mhz: 2400, Current Mhz: 2400, Mhz Limit: 2400
Processor Information for processor 9
  Max Mhz: 2400, Current Mhz: 2400, Mhz Limit: 2400
Processor Information for processor 10
  Max Mhz: 2400, Current Mhz: 2400, Mhz Limit: 2400
Processor Information for processor 11
  Max Mhz: 2400, Current Mhz: 2400, Mhz Limit: 2400
Processor Information for processor 12
  Max Mhz: 2400, Current Mhz: 1466, Mhz Limit: 2400
Processor Information for processor 13
  Max Mhz: 2400, Current Mhz: 2400, Mhz Limit: 2400
Processor Information for processor 14
  Max Mhz: 2400, Current Mhz: 1466, Mhz Limit: 2400
Processor Information for processor 15
  Max Mhz: 2400, Current Mhz: 2400, Mhz Limit: 2400

Memory: 4k page, system-wide physical 7876M (549M free)
TotalPageFile size 32452M (AvailPageFile size 7M)
current process WorkingSet (physical memory assigned to process): 67M, peak: 69M
current process commit charge ("private bytes"): 247M, peak: 250M

vm_info: OpenJDK 64-Bit Server VM (21.0.9+10-LTS) for windows-amd64 JRE (21.0.9+10-LTS), built on 2025-10-21T00:00:00Z by "admin" with unknown MS VC++:1942

END.
