#
# There is insufficient memory for the Java Runtime Environment to continue.
# Native memory allocation (malloc) failed to allocate 1129776 bytes. Error detail: Chunk::new
# Possible reasons:
#   The system is out of physical RAM or swap space
#   This process is running with CompressedOops enabled, and the Java Heap may be blocking the growth of the native heap
# Possible solutions:
#   Reduce memory load on the system
#   Increase physical memory or swap space
#   Check if swap backing store is full
#   Decrease Java heap size (-Xmx/-Xms)
#   Decrease number of Java threads
#   Decrease Java thread stack sizes (-Xss)
#   Set larger code cache with -XX:ReservedCodeCacheSize=
#   JVM is running with Unscaled Compressed Oops mode in which the Java heap is
#     placed in the first 4GB address space. The Java Heap base address is the
#     maximum limit for the native heap growth. Please use -XX:HeapBaseMinAddress
#     to set the Java Heap base and to place the Java Heap above 4GB virtual address.
# This output file may be truncated or incomplete.
#
#  Out of Memory Error (arena.cpp:168), pid=14188, tid=18516
#
# JRE version: OpenJDK Runtime Environment Temurin-21.0.9+10 (21.0.9+10) (build 21.0.9+10-LTS)
# Java VM: OpenJDK 64-Bit Server VM Temurin-21.0.9+10 (21.0.9+10-LTS, mixed mode, sharing, tiered, compressed oops, compressed class ptrs, parallel gc, windows-amd64)
# No core dump will be written. Minidumps are not enabled by default on client versions of Windows
#

---------------  S U M M A R Y ------------

Command Line: --add-modules=ALL-SYSTEM --add-opens=java.base/java.util=ALL-UNNAMED --add-opens=java.base/java.lang=ALL-UNNAMED --add-opens=java.base/sun.nio.fs=ALL-UNNAMED -Declipse.application=org.eclipse.jdt.ls.core.id1 -Dosgi.bundles.defaultStartLevel=4 -Declipse.product=org.eclipse.jdt.ls.core.product -Djava.import.generatesMetadataFilesAtProjectRoot=false -DDetectVMInstallationsJob.disabled=true -Dfile.encoding=utf8 -XX:+UseParallelGC -XX:GCTimeRatio=4 -XX:AdaptiveSizePolicyWeight=90 -Dsun.zip.disableMemoryMapping=true -Xmx2G -Xms100m -Xlog:disable -javaagent:c:\Users\DELL\.vscode\extensions\redhat.java-1.50.0-win32-x64\lombok\lombok-1.18.39-4050.jar -XX:+HeapDumpOnOutOfMemoryError -XX:HeapDumpPath=c:\Users\DELL\AppData\Roaming\Code\User\workspaceStorage\0755037b6897d077e138bb15a92d4421\redhat.java -Daether.dependencyCollector.impl=bf c:\Users\DELL\.vscode\extensions\redhat.java-1.50.0-win32-x64\server\plugins\org.eclipse.equinox.launcher_1.7.100.v20251111-0406.jar -configuration c:\Users\DELL\AppData\Roaming\Code\User\globalStorage\redhat.java\1.50.0\config_win -data c:\Users\DELL\AppData\Roaming\Code\User\workspaceStorage\0755037b6897d077e138bb15a92d4421\redhat.java\jdt_ws --pipe=\\.\pipe\lsp-812b2be3e8af92fc5955ea02558236e9-sock

Host: 13th Gen Intel(R) Core(TM) i5-13450HX, 16 cores, 7G,  Windows 11 , 64 bit Build 26100 (10.0.26100.7019)
Time: Thu Dec 11 19:22:44 2025 India Standard Time elapsed time: 2.790356 seconds (0d 0h 0m 2s)

---------------  T H R E A D  ---------------

Current thread (0x0000023f89f87750):  JavaThread "C2 CompilerThread0" daemon [_thread_in_native, id=18516, stack(0x0000009cd4d00000,0x0000009cd4e00000) (1024K)]


Current CompileTask:
C2:2790 5576       4       org.eclipse.osgi.internal.serviceregistry.ServiceRegistry::notifyHooksPrivileged (57 bytes)

Stack: [0x0000009cd4d00000,0x0000009cd4e00000]
Native frames: (J=compiled Java code, j=interpreted, Vv=VM code, C=native code)
V  [jvm.dll+0x6d6e29]
V  [jvm.dll+0x8b4b76]
V  [jvm.dll+0x8b712e]
V  [jvm.dll+0x8b7813]
V  [jvm.dll+0x283d86]
V  [jvm.dll+0xc66ed]
V  [jvm.dll+0xc6c31]
V  [jvm.dll+0x3be501]
V  [jvm.dll+0x38ab92]
V  [jvm.dll+0x389fda]
V  [jvm.dll+0x24bfa0]
V  [jvm.dll+0x24b580]
V  [jvm.dll+0x1cb13e]
V  [jvm.dll+0x25b29d]
V  [jvm.dll+0x25982a]
V  [jvm.dll+0x3f7ea6]
V  [jvm.dll+0x85e9ad]
V  [jvm.dll+0x6d565d]
C  [ucrtbase.dll+0x37b0]
C  [KERNEL32.DLL+0x2e8d7]
C  [ntdll.dll+0x8c53c]


---------------  P R O C E S S  ---------------

Threads class SMR info:
_java_thread_list=0x0000023f93a48da0, length=64, elements={
0x0000023f30ef48a0, 0x0000023f30e9e240, 0x0000023f89f64230, 0x0000023f89f688e0,
0x0000023f89f73080, 0x0000023f89f75d10, 0x0000023f89f79340, 0x0000023f89f87750,
0x0000023f89f95a00, 0x0000023f89f94c60, 0x0000023f89f960d0, 0x0000023f8a1a8ae0,
0x0000023f89f967a0, 0x0000023f89f95330, 0x0000023f8b6557f0, 0x0000023f89f96e70,
0x0000023f901736c0, 0x0000023f90171c80, 0x0000023f901729a0, 0x0000023f90173030,
0x0000023f90173d50, 0x0000023f901743e0, 0x0000023f90174a70, 0x0000023f901715f0,
0x0000023f90172310, 0x0000023f90e4cb80, 0x0000023f90e4be60, 0x0000023f90e4c4f0,
0x0000023f90e4d210, 0x0000023f90e4e5c0, 0x0000023f90e4d8a0, 0x0000023f90e4b7d0,
0x0000023f90e4f2e0, 0x0000023f90e50000, 0x0000023f90e50690, 0x0000023f90e513b0,
0x0000023f90e4ec50, 0x0000023f90e50d20, 0x0000023f90e4df30, 0x0000023f90e51a40,
0x0000023f90e520d0, 0x0000023f90e52760, 0x0000023f90e52df0, 0x0000023f90e4f970,
0x0000023f911e0cb0, 0x0000023f911e0620, 0x0000023f911e19d0, 0x0000023f911df270,
0x0000023f911df900, 0x0000023f911e2060, 0x0000023f911e1340, 0x0000023f911e26f0,
0x0000023f911e2d80, 0x0000023f911e3410, 0x0000023f911dff90, 0x0000023f911e5b70,
0x0000023f911e3aa0, 0x0000023f911e6200, 0x0000023f911e6890, 0x0000023f911e47c0,
0x0000023f911e4130, 0x0000023f911e4e50, 0x0000023f911e54e0, 0x0000023f92ed63b0
}

Java Threads: ( => current thread )
  0x0000023f30ef48a0 JavaThread "main"                              [_thread_blocked, id=35648, stack(0x0000009cd4300000,0x0000009cd4400000) (1024K)]
  0x0000023f30e9e240 JavaThread "Reference Handler"          daemon [_thread_blocked, id=27508, stack(0x0000009cd4700000,0x0000009cd4800000) (1024K)]
  0x0000023f89f64230 JavaThread "Finalizer"                  daemon [_thread_blocked, id=32220, stack(0x0000009cd4800000,0x0000009cd4900000) (1024K)]
  0x0000023f89f688e0 JavaThread "Signal Dispatcher"          daemon [_thread_blocked, id=34272, stack(0x0000009cd4900000,0x0000009cd4a00000) (1024K)]
  0x0000023f89f73080 JavaThread "Attach Listener"            daemon [_thread_blocked, id=34048, stack(0x0000009cd4a00000,0x0000009cd4b00000) (1024K)]
  0x0000023f89f75d10 JavaThread "Service Thread"             daemon [_thread_blocked, id=15052, stack(0x0000009cd4b00000,0x0000009cd4c00000) (1024K)]
  0x0000023f89f79340 JavaThread "Monitor Deflation Thread"   daemon [_thread_blocked, id=34248, stack(0x0000009cd4c00000,0x0000009cd4d00000) (1024K)]
=>0x0000023f89f87750 JavaThread "C2 CompilerThread0"         daemon [_thread_in_native, id=18516, stack(0x0000009cd4d00000,0x0000009cd4e00000) (1024K)]
  0x0000023f89f95a00 JavaThread "C1 CompilerThread0"         daemon [_thread_blocked, id=33456, stack(0x0000009cd4e00000,0x0000009cd4f00000) (1024K)]
  0x0000023f89f94c60 JavaThread "C1 CompilerThread1"         daemon [_thread_blocked, id=30420, stack(0x0000009cd4f00000,0x0000009cd5000000) (1024K)]
  0x0000023f89f960d0 JavaThread "C2 CompilerThread1"         daemon [_thread_in_native, id=4028, stack(0x0000009cd5000000,0x0000009cd5100000) (1024K)]
  0x0000023f8a1a8ae0 JavaThread "Common-Cleaner"             daemon [_thread_blocked, id=35304, stack(0x0000009cd5100000,0x0000009cd5200000) (1024K)]
  0x0000023f89f967a0 JavaThread "C1 CompilerThread2"         daemon [_thread_blocked, id=19572, stack(0x0000009cd5200000,0x0000009cd5300000) (1024K)]
  0x0000023f89f95330 JavaThread "C1 CompilerThread3"         daemon [_thread_blocked, id=27860, stack(0x0000009cd5300000,0x0000009cd5400000) (1024K)]
  0x0000023f8b6557f0 JavaThread "Notification Thread"        daemon [_thread_blocked, id=25612, stack(0x0000009cd5400000,0x0000009cd5500000) (1024K)]
  0x0000023f89f96e70 JavaThread "C2 CompilerThread2"         daemon [_thread_in_native, id=7856, stack(0x0000009cd5500000,0x0000009cd5600000) (1024K)]
  0x0000023f901736c0 JavaThread "Active Thread: Equinox Container: 91d3e13d-6aa2-4cfc-b583-1a59da596377"        [_thread_blocked, id=10144, stack(0x0000009cd5d00000,0x0000009cd5e00000) (1024K)]
  0x0000023f90171c80 JavaThread "Refresh Thread: Equinox Container: 91d3e13d-6aa2-4cfc-b583-1a59da596377" daemon [_thread_blocked, id=14892, stack(0x0000009cd5f00000,0x0000009cd6000000) (1024K)]
  0x0000023f901729a0 JavaThread "Framework Event Dispatcher: Equinox Container: 91d3e13d-6aa2-4cfc-b583-1a59da596377" daemon [_thread_blocked, id=35832, stack(0x0000009cd6000000,0x0000009cd6100000) (1024K)]
  0x0000023f90173030 JavaThread "Start Level: Equinox Container: 91d3e13d-6aa2-4cfc-b583-1a59da596377" daemon [_thread_blocked, id=2208, stack(0x0000009cd6100000,0x0000009cd6200000) (1024K)]
  0x0000023f90173d50 JavaThread "Bundle File Closer"         daemon [_thread_blocked, id=15132, stack(0x0000009cd6500000,0x0000009cd6600000) (1024K)]
  0x0000023f901743e0 JavaThread "SCR Component Actor"        daemon [_thread_blocked, id=35112, stack(0x0000009cd6600000,0x0000009cd6700000) (1024K)]
  0x0000023f90174a70 JavaThread "Worker-JM"                         [_thread_blocked, id=4620, stack(0x0000009cd6800000,0x0000009cd6900000) (1024K)]
  0x0000023f901715f0 JavaThread "JNA Cleaner"                daemon [_thread_blocked, id=14648, stack(0x0000009cd6a00000,0x0000009cd6b00000) (1024K)]
  0x0000023f90172310 JavaThread "Worker-0: Repository registry initialization"        [_thread_blocked, id=9728, stack(0x0000009cd6b00000,0x0000009cd6c00000) (1024K)]
  0x0000023f90e4cb80 JavaThread "Worker-1"                          [_thread_blocked, id=24108, stack(0x0000009cd6c00000,0x0000009cd6d00000) (1024K)]
  0x0000023f90e4be60 JavaThread "Java indexing"              daemon [_thread_blocked, id=31880, stack(0x0000009cd5c00000,0x0000009cd5d00000) (1024K)]
  0x0000023f90e4c4f0 JavaThread "Worker-2"                          [_thread_blocked, id=23292, stack(0x0000009cd6f00000,0x0000009cd7000000) (1024K)]
  0x0000023f90e4d210 JavaThread "Worker-3"                          [_thread_blocked, id=26856, stack(0x0000009cd7000000,0x0000009cd7100000) (1024K)]
  0x0000023f90e4e5c0 JavaThread "Thread-1"                   daemon [_thread_in_native, id=10172, stack(0x0000009cd7100000,0x0000009cd7200000) (1024K)]
  0x0000023f90e4d8a0 JavaThread "Thread-2"                   daemon [_thread_in_native, id=35592, stack(0x0000009cd7200000,0x0000009cd7300000) (1024K)]
  0x0000023f90e4b7d0 JavaThread "Thread-3"                   daemon [_thread_in_native, id=27116, stack(0x0000009cd7300000,0x0000009cd7400000) (1024K)]
  0x0000023f90e4f2e0 JavaThread "Thread-4"                   daemon [_thread_in_native, id=24844, stack(0x0000009cd7400000,0x0000009cd7500000) (1024K)]
  0x0000023f90e50000 JavaThread "Thread-5"                   daemon [_thread_in_native, id=2776, stack(0x0000009cd7500000,0x0000009cd7600000) (1024K)]
  0x0000023f90e50690 JavaThread "Thread-6"                   daemon [_thread_in_native, id=29304, stack(0x0000009cd7600000,0x0000009cd7700000) (1024K)]
  0x0000023f90e513b0 JavaThread "Thread-7"                   daemon [_thread_in_native, id=12620, stack(0x0000009cd7700000,0x0000009cd7800000) (1024K)]
  0x0000023f90e4ec50 JavaThread "Thread-8"                   daemon [_thread_in_native, id=21408, stack(0x0000009cd7800000,0x0000009cd7900000) (1024K)]
  0x0000023f90e50d20 JavaThread "Thread-9"                   daemon [_thread_in_native, id=25388, stack(0x0000009cd7900000,0x0000009cd7a00000) (1024K)]
  0x0000023f90e4df30 JavaThread "Thread-10"                  daemon [_thread_in_native, id=35500, stack(0x0000009cd7a00000,0x0000009cd7b00000) (1024K)]
  0x0000023f90e51a40 JavaThread "Thread-11"                  daemon [_thread_in_native, id=30040, stack(0x0000009cd7b00000,0x0000009cd7c00000) (1024K)]
  0x0000023f90e520d0 JavaThread "Thread-12"                  daemon [_thread_in_native, id=11368, stack(0x0000009cd7c00000,0x0000009cd7d00000) (1024K)]
  0x0000023f90e52760 JavaThread "Thread-13"                  daemon [_thread_in_native, id=5972, stack(0x0000009cd7d00000,0x0000009cd7e00000) (1024K)]
  0x0000023f90e52df0 JavaThread "Thread-14"                  daemon [_thread_in_native, id=10456, stack(0x0000009cd7e00000,0x0000009cd7f00000) (1024K)]
  0x0000023f90e4f970 JavaThread "Thread-15"                  daemon [_thread_in_native, id=35216, stack(0x0000009cd7f00000,0x0000009cd8000000) (1024K)]
  0x0000023f911e0cb0 JavaThread "Thread-16"                  daemon [_thread_in_native, id=16896, stack(0x0000009cd8000000,0x0000009cd8100000) (1024K)]
  0x0000023f911e0620 JavaThread "Thread-17"                  daemon [_thread_in_native, id=28612, stack(0x0000009cd8100000,0x0000009cd8200000) (1024K)]
  0x0000023f911e19d0 JavaThread "pool-2-thread-1"                   [_thread_blocked, id=20040, stack(0x0000009cd8200000,0x0000009cd8300000) (1024K)]
  0x0000023f911df270 JavaThread "WorkspaceEventsHandler"            [_thread_blocked, id=20940, stack(0x0000009cd8300000,0x0000009cd8400000) (1024K)]
  0x0000023f911df900 JavaThread "pool-1-thread-1"                   [_thread_in_vm, id=22092, stack(0x0000009cd8400000,0x0000009cd8500000) (1024K)]
  0x0000023f911e2060 JavaThread "ForkJoinPool.commonPool-worker-1" daemon [_thread_blocked, id=19800, stack(0x0000009cd8500000,0x0000009cd8600000) (1024K)]
  0x0000023f911e1340 JavaThread "ForkJoinPool.commonPool-worker-2" daemon [_thread_blocked, id=13504, stack(0x0000009cd8600000,0x0000009cd8700000) (1024K)]
  0x0000023f911e26f0 JavaThread "ForkJoinPool.commonPool-worker-3" daemon [_thread_blocked, id=11540, stack(0x0000009cd8700000,0x0000009cd8800000) (1024K)]
  0x0000023f911e2d80 JavaThread "ForkJoinPool.commonPool-worker-4" daemon [_thread_blocked, id=23916, stack(0x0000009cd8800000,0x0000009cd8900000) (1024K)]
  0x0000023f911e3410 JavaThread "ForkJoinPool.commonPool-worker-5" daemon [_thread_blocked, id=32728, stack(0x0000009cd8900000,0x0000009cd8a00000) (1024K)]
  0x0000023f911dff90 JavaThread "ForkJoinPool.commonPool-worker-6" daemon [_thread_blocked, id=35796, stack(0x0000009cd8a00000,0x0000009cd8b00000) (1024K)]
  0x0000023f911e5b70 JavaThread "ForkJoinPool.commonPool-worker-7" daemon [_thread_blocked, id=25360, stack(0x0000009cd8b00000,0x0000009cd8c00000) (1024K)]
  0x0000023f911e3aa0 JavaThread "ForkJoinPool.commonPool-worker-8" daemon [_thread_blocked, id=26072, stack(0x0000009cd8c00000,0x0000009cd8d00000) (1024K)]
  0x0000023f911e6200 JavaThread "ForkJoinPool.commonPool-worker-9" daemon [_thread_blocked, id=33264, stack(0x0000009cd8d00000,0x0000009cd8e00000) (1024K)]
  0x0000023f911e6890 JavaThread "ForkJoinPool.commonPool-worker-10" daemon [_thread_blocked, id=1888, stack(0x0000009cd8e00000,0x0000009cd8f00000) (1024K)]
  0x0000023f911e47c0 JavaThread "ForkJoinPool.commonPool-worker-11" daemon [_thread_blocked, id=35144, stack(0x0000009cd8f00000,0x0000009cd9000000) (1024K)]
  0x0000023f911e4130 JavaThread "ForkJoinPool.commonPool-worker-12" daemon [_thread_blocked, id=23036, stack(0x0000009cd9000000,0x0000009cd9100000) (1024K)]
  0x0000023f911e4e50 JavaThread "ForkJoinPool.commonPool-worker-13" daemon [_thread_blocked, id=9556, stack(0x0000009cd9100000,0x0000009cd9200000) (1024K)]
  0x0000023f911e54e0 JavaThread "ForkJoinPool.commonPool-worker-14" daemon [_thread_blocked, id=34600, stack(0x0000009cd9200000,0x0000009cd9300000) (1024K)]
  0x0000023f92ed63b0 JavaThread "ForkJoinPool.commonPool-worker-15" daemon [_thread_blocked, id=25104, stack(0x0000009cd9300000,0x0000009cd9400000) (1024K)]
Total: 64

Other Threads:
  0x0000023f89f632d0 VMThread "VM Thread"                           [id=18544, stack(0x0000009cd4600000,0x0000009cd4700000) (1024K)]
  0x0000023f30d7c210 WatcherThread "VM Periodic Task Thread"        [id=26096, stack(0x0000009cd4500000,0x0000009cd4600000) (1024K)]
  0x0000023f30f142a0 WorkerThread "GC Thread#0"                     [id=7128, stack(0x0000009cd4400000,0x0000009cd4500000) (1024K)]
  0x0000023f8bbdc2a0 WorkerThread "GC Thread#1"                     [id=3404, stack(0x0000009cd5600000,0x0000009cd5700000) (1024K)]
  0x0000023f8ba399d0 WorkerThread "GC Thread#2"                     [id=21384, stack(0x0000009cd5700000,0x0000009cd5800000) (1024K)]
  0x0000023f8ba39d70 WorkerThread "GC Thread#3"                     [id=3812, stack(0x0000009cd5800000,0x0000009cd5900000) (1024K)]
  0x0000023f8ba3a520 WorkerThread "GC Thread#4"                     [id=17224, stack(0x0000009cd5900000,0x0000009cd5a00000) (1024K)]
  0x0000023f8b67b080 WorkerThread "GC Thread#5"                     [id=25936, stack(0x0000009cd5a00000,0x0000009cd5b00000) (1024K)]
  0x0000023f8b67b420 WorkerThread "GC Thread#6"                     [id=35540, stack(0x0000009cd5b00000,0x0000009cd5c00000) (1024K)]
  0x0000023f900b8620 WorkerThread "GC Thread#7"                     [id=10568, stack(0x0000009cd5e00000,0x0000009cd5f00000) (1024K)]
  0x0000023f9086d1e0 WorkerThread "GC Thread#8"                     [id=5444, stack(0x0000009cd6200000,0x0000009cd6300000) (1024K)]
  0x0000023f90765840 WorkerThread "GC Thread#9"                     [id=25356, stack(0x0000009cd6300000,0x0000009cd6400000) (1024K)]
  0x0000023f907654a0 WorkerThread "GC Thread#10"                    [id=33712, stack(0x0000009cd6400000,0x0000009cd6500000) (1024K)]
  0x0000023f907649c0 WorkerThread "GC Thread#11"                    [id=23900, stack(0x0000009cd6700000,0x0000009cd6800000) (1024K)]
  0x0000023f90763ee0 WorkerThread "GC Thread#12"                    [id=12732, stack(0x0000009cd6900000,0x0000009cd6a00000) (1024K)]
Total: 15

Threads with active compile tasks:
C2 CompilerThread0  2821 5576       4       org.eclipse.osgi.internal.serviceregistry.ServiceRegistry::notifyHooksPrivileged (57 bytes)
C2 CompilerThread1  2821 5612       4       jdk.internal.org.objectweb.asm.Frame::execute (2305 bytes)
C2 CompilerThread2  2822 5553   !   4       org.eclipse.osgi.internal.loader.classpath.ClasspathManager::findClassImpl (328 bytes)
Total: 3

VM state: not at safepoint (normal execution)

VM Mutex/Monitor currently owned by a thread: None

Heap address: 0x0000000080000000, size: 2048 MB, Compressed Oops mode: 32-bit

CDS archive(s) mapped at: [0x0000023f48000000-0x0000023f48ba0000-0x0000023f48ba0000), size 12189696, SharedBaseAddress: 0x0000023f48000000, ArchiveRelocationMode: 1.
Compressed class space mapped at: 0x0000023f49000000-0x0000023f89000000, reserved size: 1073741824
Narrow klass base: 0x0000023f48000000, Narrow klass shift: 0, Narrow klass range: 0x100000000

GC Precious Log:
 CardTable entry size: 512
 CPUs: 16 total, 16 available
 Memory: 7876M
 Large Page Support: Disabled
 NUMA Support: Disabled
 Compressed Oops: Enabled (32-bit)
 Alignments: Space 512K, Generation 512K, Heap 2M
 Heap Min Capacity: 100M
 Heap Initial Capacity: 100M
 Heap Max Capacity: 2G
 Pre-touch: Disabled
 Parallel Workers: 13

Heap:
 PSYoungGen      total 24576K, used 12035K [0x00000000d5580000, 0x00000000d7e80000, 0x0000000100000000)
  eden space 20480K, 38% used [0x00000000d5580000,0x00000000d5d40f10,0x00000000d6980000)
  from space 4096K, 100% used [0x00000000d6980000,0x00000000d6d80000,0x00000000d6d80000)
  to   space 10752K, 0% used [0x00000000d7400000,0x00000000d7400000,0x00000000d7e80000)
 ParOldGen       total 68608K, used 26776K [0x0000000080000000, 0x0000000084300000, 0x00000000d5580000)
  object space 68608K, 39% used [0x0000000080000000,0x0000000081a26108,0x0000000084300000)
 Metaspace       used 38597K, committed 39872K, reserved 1114112K
  class space    used 4037K, committed 4608K, reserved 1048576K

Card table byte_map: [0x0000023f30890000,0x0000023f30ca0000] _byte_map_base: 0x0000023f30490000

Marking Bits: (ParMarkBitMap*) 0x00007ffcd00c2460
 Begin Bits: [0x0000023f433a0000, 0x0000023f453a0000)
 End Bits:   [0x0000023f453a0000, 0x0000023f473a0000)

Polling page: 0x0000023f2ed70000

Metaspace:

Usage:
  Non-class:     33.75 MB used.
      Class:      3.94 MB used.
       Both:     37.69 MB used.

Virtual space:
  Non-class space:       64.00 MB reserved,      34.44 MB ( 54%) committed,  1 nodes.
      Class space:        1.00 GB reserved,       4.50 MB ( <1%) committed,  1 nodes.
             Both:        1.06 GB reserved,      38.94 MB (  4%) committed. 

Chunk freelists:
   Non-Class:  12.72 MB
       Class:  11.54 MB
        Both:  24.25 MB

MaxMetaspaceSize: unlimited
CompressedClassSpaceSize: 1.00 GB
Initial GC threshold: 21.00 MB
Current GC threshold: 58.38 MB
CDS: on
 - commit_granule_bytes: 65536.
 - commit_granule_words: 8192.
 - virtual_space_node_default_size: 8388608.
 - enlarge_chunks_in_place: 1.
 - use_allocation_guard: 0.


Internal statistics:

num_allocs_failed_limit: 6.
num_arena_births: 930.
num_arena_deaths: 14.
num_vsnodes_births: 2.
num_vsnodes_deaths: 0.
num_space_committed: 623.
num_space_uncommitted: 0.
num_chunks_returned_to_freelist: 20.
num_chunks_taken_from_freelist: 2639.
num_chunk_merges: 9.
num_chunk_splits: 1631.
num_chunks_enlarged: 914.
num_inconsistent_stats: 0.

CodeHeap 'non-profiled nmethods': size=119168Kb used=2378Kb max_used=2429Kb free=116789Kb
 bounds [0x0000023f3bc90000, 0x0000023f3bf10000, 0x0000023f430f0000]
CodeHeap 'profiled nmethods': size=119104Kb used=10583Kb max_used=10879Kb free=108520Kb
 bounds [0x0000023f340f0000, 0x0000023f34b90000, 0x0000023f3b540000]
CodeHeap 'non-nmethods': size=7488Kb used=3050Kb max_used=3110Kb free=4437Kb
 bounds [0x0000023f3b540000, 0x0000023f3b850000, 0x0000023f3bc90000]
CodeCache: size=245760Kb, used=16011Kb, max_used=16418Kb, free=229746Kb
 total_blobs=5696, nmethods=5035, adapters=564, full_count=0
Compilation: enabled, stopped_count=0, restarted_count=0

Compilation events (20 events):
Event: 2.691 Thread 0x0000023f89f95a00 nmethod 5607 0x0000023f34127810 code [0x0000023f341279e0, 0x0000023f34127e50]
Event: 2.691 Thread 0x0000023f89f967a0 nmethod 5606 0x0000023f3422fc90 code [0x0000023f3422fe80, 0x0000023f34230378]
Event: 2.694 Thread 0x0000023f89f95330 5608       3       java.util.stream.SortedOps$SizedRefSortingSink::accept (18 bytes)
Event: 2.694 Thread 0x0000023f89f95330 nmethod 5608 0x0000023f3422f710 code [0x0000023f3422f8c0, 0x0000023f3422fb40]
Event: 2.696 Thread 0x0000023f89f95330 5609       3       com.google.common.collect.AbstractIndexedListIterator::hasNext (17 bytes)
Event: 2.696 Thread 0x0000023f89f95330 nmethod 5609 0x0000023f3422f390 code [0x0000023f3422f520, 0x0000023f3422f688]
Event: 2.698 Thread 0x0000023f89f95330 5610       1       java.lang.StackTraceElement::getClassName (5 bytes)
Event: 2.698 Thread 0x0000023f89f95330 nmethod 5610 0x0000023f3bcf3f90 code [0x0000023f3bcf4120, 0x0000023f3bcf41e8]
Event: 2.698 Thread 0x0000023f89f95330 5611       3       java.lang.String::join (281 bytes)
Event: 2.699 Thread 0x0000023f89f967a0 5613       3       java.lang.Class::getMethodsRecursive (99 bytes)
Event: 2.699 Thread 0x0000023f89f95330 nmethod 5611 0x0000023f3422d110 code [0x0000023f3422d460, 0x0000023f3422e8d0]
Event: 2.699 Thread 0x0000023f89f967a0 nmethod 5613 0x0000023f3422c610 code [0x0000023f3422c840, 0x0000023f3422cdd8]
Event: 2.700 Thread 0x0000023f89f967a0 5614       3       java.lang.reflect.Proxy$ProxyBuilder::addElementTypes (33 bytes)
Event: 2.700 Thread 0x0000023f89f94c60 5616       3       java.util.StringJoiner::<init> (63 bytes)
Event: 2.700 Thread 0x0000023f89f95330 5617       3       java.util.StringJoiner::toString (53 bytes)
Event: 2.700 Thread 0x0000023f89f967a0 nmethod 5614 0x0000023f3428f090 code [0x0000023f3428f2a0, 0x0000023f3428f7f8]
Event: 2.700 Thread 0x0000023f89f95a00 5618       3       java.lang.System$2::join (11 bytes)
Event: 2.701 Thread 0x0000023f89f95330 nmethod 5617 0x0000023f3422c190 code [0x0000023f3422c340, 0x0000023f3422c550]
Event: 2.701 Thread 0x0000023f89f94c60 nmethod 5616 0x0000023f3428e290 code [0x0000023f3428e4e0, 0x0000023f3428ed78]
Event: 2.701 Thread 0x0000023f89f95a00 nmethod 5618 0x0000023f3428bf10 code [0x0000023f3428c280, 0x0000023f3428d7c0]

GC Heap History (20 events):
Event: 1.618 GC heap before
{Heap before GC invocations=8 (full 1):
 PSYoungGen      total 29184K, used 4486K [0x00000000d5580000, 0x00000000d7780000, 0x0000000100000000)
  eden space 24576K, 0% used [0x00000000d5580000,0x00000000d5580000,0x00000000d6d80000)
  from space 4608K, 97% used [0x00000000d6e80000,0x00000000d72e18b0,0x00000000d7300000)
  to   space 4608K, 0% used [0x00000000d7300000,0x00000000d7300000,0x00000000d7780000)
 ParOldGen       total 68608K, used 8862K [0x0000000080000000, 0x0000000084300000, 0x00000000d5580000)
  object space 68608K, 12% used [0x0000000080000000,0x00000000808a7bb0,0x0000000084300000)
 Metaspace       used 20665K, committed 21504K, reserved 1114112K
  class space    used 2197K, committed 2560K, reserved 1048576K
}
Event: 1.637 GC heap after
{Heap after GC invocations=8 (full 1):
 PSYoungGen      total 29184K, used 0K [0x00000000d5580000, 0x00000000d7780000, 0x0000000100000000)
  eden space 24576K, 0% used [0x00000000d5580000,0x00000000d5580000,0x00000000d6d80000)
  from space 4608K, 0% used [0x00000000d6e80000,0x00000000d6e80000,0x00000000d7300000)
  to   space 4608K, 0% used [0x00000000d7300000,0x00000000d7300000,0x00000000d7780000)
 ParOldGen       total 68608K, used 12722K [0x0000000080000000, 0x0000000084300000, 0x00000000d5580000)
  object space 68608K, 18% used [0x0000000080000000,0x0000000080c6cb20,0x0000000084300000)
 Metaspace       used 20652K, committed 21504K, reserved 1114112K
  class space    used 2193K, committed 2560K, reserved 1048576K
}
Event: 1.759 GC heap before
{Heap before GC invocations=9 (full 1):
 PSYoungGen      total 29184K, used 24576K [0x00000000d5580000, 0x00000000d7780000, 0x0000000100000000)
  eden space 24576K, 100% used [0x00000000d5580000,0x00000000d6d80000,0x00000000d6d80000)
  from space 4608K, 0% used [0x00000000d6e80000,0x00000000d6e80000,0x00000000d7300000)
  to   space 4608K, 0% used [0x00000000d7300000,0x00000000d7300000,0x00000000d7780000)
 ParOldGen       total 68608K, used 12722K [0x0000000080000000, 0x0000000084300000, 0x00000000d5580000)
  object space 68608K, 18% used [0x0000000080000000,0x0000000080c6cb20,0x0000000084300000)
 Metaspace       used 22601K, committed 23616K, reserved 1114112K
  class space    used 2365K, committed 2752K, reserved 1048576K
}
Event: 1.760 GC heap after
{Heap after GC invocations=9 (full 1):
 PSYoungGen      total 27136K, used 2693K [0x00000000d5580000, 0x00000000d7600000, 0x0000000100000000)
  eden space 24064K, 0% used [0x00000000d5580000,0x00000000d5580000,0x00000000d6d00000)
  from space 3072K, 87% used [0x00000000d7300000,0x00000000d75a17a0,0x00000000d7600000)
  to   space 3584K, 0% used [0x00000000d6f00000,0x00000000d6f00000,0x00000000d7280000)
 ParOldGen       total 68608K, used 12730K [0x0000000080000000, 0x0000000084300000, 0x00000000d5580000)
  object space 68608K, 18% used [0x0000000080000000,0x0000000080c6eb20,0x0000000084300000)
 Metaspace       used 22601K, committed 23616K, reserved 1114112K
  class space    used 2365K, committed 2752K, reserved 1048576K
}
Event: 1.883 GC heap before
{Heap before GC invocations=10 (full 1):
 PSYoungGen      total 27136K, used 26757K [0x00000000d5580000, 0x00000000d7600000, 0x0000000100000000)
  eden space 24064K, 100% used [0x00000000d5580000,0x00000000d6d00000,0x00000000d6d00000)
  from space 3072K, 87% used [0x00000000d7300000,0x00000000d75a17a0,0x00000000d7600000)
  to   space 3584K, 0% used [0x00000000d6f00000,0x00000000d6f00000,0x00000000d7280000)
 ParOldGen       total 68608K, used 12730K [0x0000000080000000, 0x0000000084300000, 0x00000000d5580000)
  object space 68608K, 18% used [0x0000000080000000,0x0000000080c6eb20,0x0000000084300000)
 Metaspace       used 26368K, committed 27328K, reserved 1114112K
  class space    used 2636K, committed 3008K, reserved 1048576K
}
Event: 1.884 GC heap after
{Heap after GC invocations=10 (full 1):
 PSYoungGen      total 25600K, used 1579K [0x00000000d5580000, 0x00000000d7380000, 0x0000000100000000)
  eden space 23552K, 0% used [0x00000000d5580000,0x00000000d5580000,0x00000000d6c80000)
  from space 2048K, 77% used [0x00000000d6f00000,0x00000000d708adc8,0x00000000d7100000)
  to   space 2560K, 0% used [0x00000000d7100000,0x00000000d7100000,0x00000000d7380000)
 ParOldGen       total 68608K, used 12738K [0x0000000080000000, 0x0000000084300000, 0x00000000d5580000)
  object space 68608K, 18% used [0x0000000080000000,0x0000000080c70b20,0x0000000084300000)
 Metaspace       used 26368K, committed 27328K, reserved 1114112K
  class space    used 2636K, committed 3008K, reserved 1048576K
}
Event: 1.985 GC heap before
{Heap before GC invocations=11 (full 1):
 PSYoungGen      total 25600K, used 25131K [0x00000000d5580000, 0x00000000d7380000, 0x0000000100000000)
  eden space 23552K, 100% used [0x00000000d5580000,0x00000000d6c80000,0x00000000d6c80000)
  from space 2048K, 77% used [0x00000000d6f00000,0x00000000d708adc8,0x00000000d7100000)
  to   space 2560K, 0% used [0x00000000d7100000,0x00000000d7100000,0x00000000d7380000)
 ParOldGen       total 68608K, used 12738K [0x0000000080000000, 0x0000000084300000, 0x00000000d5580000)
  object space 68608K, 18% used [0x0000000080000000,0x0000000080c70b20,0x0000000084300000)
 Metaspace       used 27950K, committed 28992K, reserved 1114112K
  class space    used 2740K, committed 3200K, reserved 1048576K
}
Event: 1.986 GC heap after
{Heap after GC invocations=11 (full 1):
 PSYoungGen      total 25600K, used 2536K [0x00000000d5580000, 0x00000000d7400000, 0x0000000100000000)
  eden space 23040K, 0% used [0x00000000d5580000,0x00000000d5580000,0x00000000d6c00000)
  from space 2560K, 99% used [0x00000000d7100000,0x00000000d737a2b0,0x00000000d7380000)
  to   space 4096K, 0% used [0x00000000d6c00000,0x00000000d6c00000,0x00000000d7000000)
 ParOldGen       total 68608K, used 13865K [0x0000000080000000, 0x0000000084300000, 0x00000000d5580000)
  object space 68608K, 20% used [0x0000000080000000,0x0000000080d8a420,0x0000000084300000)
 Metaspace       used 27950K, committed 28992K, reserved 1114112K
  class space    used 2740K, committed 3200K, reserved 1048576K
}
Event: 2.162 GC heap before
{Heap before GC invocations=12 (full 1):
 PSYoungGen      total 25600K, used 25538K [0x00000000d5580000, 0x00000000d7400000, 0x0000000100000000)
  eden space 23040K, 99% used [0x00000000d5580000,0x00000000d6bf6558,0x00000000d6c00000)
  from space 2560K, 99% used [0x00000000d7100000,0x00000000d737a2b0,0x00000000d7380000)
  to   space 4096K, 0% used [0x00000000d6c00000,0x00000000d6c00000,0x00000000d7000000)
 ParOldGen       total 68608K, used 13865K [0x0000000080000000, 0x0000000084300000, 0x00000000d5580000)
  object space 68608K, 20% used [0x0000000080000000,0x0000000080d8a420,0x0000000084300000)
 Metaspace       used 31289K, committed 32448K, reserved 1114112K
  class space    used 3116K, committed 3584K, reserved 1048576K
}
Event: 2.165 GC heap after
{Heap after GC invocations=12 (full 1):
 PSYoungGen      total 25088K, used 2470K [0x00000000d5580000, 0x00000000d7180000, 0x0000000100000000)
  eden space 22528K, 0% used [0x00000000d5580000,0x00000000d5580000,0x00000000d6b80000)
  from space 2560K, 96% used [0x00000000d6c00000,0x00000000d6e69828,0x00000000d6e80000)
  to   space 3072K, 0% used [0x00000000d6e80000,0x00000000d6e80000,0x00000000d7180000)
 ParOldGen       total 68608K, used 16415K [0x0000000080000000, 0x0000000084300000, 0x00000000d5580000)
  object space 68608K, 23% used [0x0000000080000000,0x0000000081007f08,0x0000000084300000)
 Metaspace       used 31289K, committed 32448K, reserved 1114112K
  class space    used 3116K, committed 3584K, reserved 1048576K
}
Event: 2.289 GC heap before
{Heap before GC invocations=13 (full 1):
 PSYoungGen      total 25088K, used 24998K [0x00000000d5580000, 0x00000000d7180000, 0x0000000100000000)
  eden space 22528K, 99% used [0x00000000d5580000,0x00000000d6b7fff0,0x00000000d6b80000)
  from space 2560K, 96% used [0x00000000d6c00000,0x00000000d6e69828,0x00000000d6e80000)
  to   space 3072K, 0% used [0x00000000d6e80000,0x00000000d6e80000,0x00000000d7180000)
 ParOldGen       total 68608K, used 16415K [0x0000000080000000, 0x0000000084300000, 0x00000000d5580000)
  object space 68608K, 23% used [0x0000000080000000,0x0000000081007f08,0x0000000084300000)
 Metaspace       used 33909K, committed 35136K, reserved 1114112K
  class space    used 3439K, committed 3968K, reserved 1048576K
}
Event: 2.291 GC heap after
{Heap after GC invocations=13 (full 1):
 PSYoungGen      total 24576K, used 2272K [0x00000000d5580000, 0x00000000d7100000, 0x0000000100000000)
  eden space 22016K, 0% used [0x00000000d5580000,0x00000000d5580000,0x00000000d6b00000)
  from space 2560K, 88% used [0x00000000d6e80000,0x00000000d70b8000,0x00000000d7100000)
  to   space 2560K, 0% used [0x00000000d6c00000,0x00000000d6c00000,0x00000000d6e80000)
 ParOldGen       total 68608K, used 18613K [0x0000000080000000, 0x0000000084300000, 0x00000000d5580000)
  object space 68608K, 27% used [0x0000000080000000,0x000000008122d688,0x0000000084300000)
 Metaspace       used 33909K, committed 35136K, reserved 1114112K
  class space    used 3439K, committed 3968K, reserved 1048576K
}
Event: 2.342 GC heap before
{Heap before GC invocations=14 (full 1):
 PSYoungGen      total 24576K, used 9917K [0x00000000d5580000, 0x00000000d7100000, 0x0000000100000000)
  eden space 22016K, 34% used [0x00000000d5580000,0x00000000d5cf7410,0x00000000d6b00000)
  from space 2560K, 88% used [0x00000000d6e80000,0x00000000d70b8000,0x00000000d7100000)
  to   space 2560K, 0% used [0x00000000d6c00000,0x00000000d6c00000,0x00000000d6e80000)
 ParOldGen       total 68608K, used 18613K [0x0000000080000000, 0x0000000084300000, 0x00000000d5580000)
  object space 68608K, 27% used [0x0000000080000000,0x000000008122d688,0x0000000084300000)
 Metaspace       used 34669K, committed 35840K, reserved 1114112K
  class space    used 3531K, committed 4032K, reserved 1048576K
}
Event: 2.344 GC heap after
{Heap after GC invocations=14 (full 1):
 PSYoungGen      total 23040K, used 672K [0x00000000d5580000, 0x00000000d6f00000, 0x0000000100000000)
  eden space 22016K, 0% used [0x00000000d5580000,0x00000000d5580000,0x00000000d6b00000)
  from space 1024K, 65% used [0x00000000d6c00000,0x00000000d6ca8000,0x00000000d6d00000)
  to   space 1536K, 0% used [0x00000000d6d80000,0x00000000d6d80000,0x00000000d6f00000)
 ParOldGen       total 68608K, used 20589K [0x0000000080000000, 0x0000000084300000, 0x00000000d5580000)
  object space 68608K, 30% used [0x0000000080000000,0x000000008141b450,0x0000000084300000)
 Metaspace       used 34669K, committed 35840K, reserved 1114112K
  class space    used 3531K, committed 4032K, reserved 1048576K
}
Event: 2.344 GC heap before
{Heap before GC invocations=15 (full 2):
 PSYoungGen      total 23040K, used 672K [0x00000000d5580000, 0x00000000d6f00000, 0x0000000100000000)
  eden space 22016K, 0% used [0x00000000d5580000,0x00000000d5580000,0x00000000d6b00000)
  from space 1024K, 65% used [0x00000000d6c00000,0x00000000d6ca8000,0x00000000d6d00000)
  to   space 1536K, 0% used [0x00000000d6d80000,0x00000000d6d80000,0x00000000d6f00000)
 ParOldGen       total 68608K, used 20589K [0x0000000080000000, 0x0000000084300000, 0x00000000d5580000)
  object space 68608K, 30% used [0x0000000080000000,0x000000008141b450,0x0000000084300000)
 Metaspace       used 34669K, committed 35840K, reserved 1114112K
  class space    used 3531K, committed 4032K, reserved 1048576K
}
Event: 2.362 GC heap after
{Heap after GC invocations=15 (full 2):
 PSYoungGen      total 23040K, used 0K [0x00000000d5580000, 0x00000000d6f00000, 0x0000000100000000)
  eden space 22016K, 0% used [0x00000000d5580000,0x00000000d5580000,0x00000000d6b00000)
  from space 1024K, 0% used [0x00000000d6c00000,0x00000000d6c00000,0x00000000d6d00000)
  to   space 1536K, 0% used [0x00000000d6d80000,0x00000000d6d80000,0x00000000d6f00000)
 ParOldGen       total 68608K, used 19961K [0x0000000080000000, 0x0000000084300000, 0x00000000d5580000)
  object space 68608K, 29% used [0x0000000080000000,0x000000008137e570,0x0000000084300000)
 Metaspace       used 34669K, committed 35840K, reserved 1114112K
  class space    used 3531K, committed 4032K, reserved 1048576K
}
Event: 2.480 GC heap before
{Heap before GC invocations=16 (full 2):
 PSYoungGen      total 23040K, used 22016K [0x00000000d5580000, 0x00000000d6f00000, 0x0000000100000000)
  eden space 22016K, 100% used [0x00000000d5580000,0x00000000d6b00000,0x00000000d6b00000)
  from space 1024K, 0% used [0x00000000d6c00000,0x00000000d6c00000,0x00000000d6d00000)
  to   space 1536K, 0% used [0x00000000d6d80000,0x00000000d6d80000,0x00000000d6f00000)
 ParOldGen       total 68608K, used 19961K [0x0000000080000000, 0x0000000084300000, 0x00000000d5580000)
  object space 68608K, 29% used [0x0000000080000000,0x000000008137e570,0x0000000084300000)
 Metaspace       used 36150K, committed 37376K, reserved 1114112K
  class space    used 3688K, committed 4224K, reserved 1048576K
}
Event: 2.483 GC heap after
{Heap after GC invocations=16 (full 2):
 PSYoungGen      total 22016K, used 1536K [0x00000000d5580000, 0x00000000d7300000, 0x0000000100000000)
  eden space 20480K, 0% used [0x00000000d5580000,0x00000000d5580000,0x00000000d6980000)
  from space 1536K, 100% used [0x00000000d6d80000,0x00000000d6f00000,0x00000000d6f00000)
  to   space 4096K, 0% used [0x00000000d6980000,0x00000000d6980000,0x00000000d6d80000)
 ParOldGen       total 68608K, used 21614K [0x0000000080000000, 0x0000000084300000, 0x00000000d5580000)
  object space 68608K, 31% used [0x0000000080000000,0x000000008151b838,0x0000000084300000)
 Metaspace       used 36150K, committed 37376K, reserved 1114112K
  class space    used 3688K, committed 4224K, reserved 1048576K
}
Event: 2.622 GC heap before
{Heap before GC invocations=17 (full 2):
 PSYoungGen      total 22016K, used 22016K [0x00000000d5580000, 0x00000000d7300000, 0x0000000100000000)
  eden space 20480K, 100% used [0x00000000d5580000,0x00000000d6980000,0x00000000d6980000)
  from space 1536K, 100% used [0x00000000d6d80000,0x00000000d6f00000,0x00000000d6f00000)
  to   space 4096K, 0% used [0x00000000d6980000,0x00000000d6980000,0x00000000d6d80000)
 ParOldGen       total 68608K, used 21614K [0x0000000080000000, 0x0000000084300000, 0x00000000d5580000)
  object space 68608K, 31% used [0x0000000080000000,0x000000008151b838,0x0000000084300000)
 Metaspace       used 37675K, committed 38912K, reserved 1114112K
  class space    used 3884K, committed 4416K, reserved 1048576K
}
Event: 2.628 GC heap after
{Heap after GC invocations=17 (full 2):
 PSYoungGen      total 24576K, used 4096K [0x00000000d5580000, 0x00000000d7e80000, 0x0000000100000000)
  eden space 20480K, 0% used [0x00000000d5580000,0x00000000d5580000,0x00000000d6980000)
  from space 4096K, 100% used [0x00000000d6980000,0x00000000d6d80000,0x00000000d6d80000)
  to   space 10752K, 0% used [0x00000000d7400000,0x00000000d7400000,0x00000000d7e80000)
 ParOldGen       total 68608K, used 26776K [0x0000000080000000, 0x0000000084300000, 0x00000000d5580000)
  object space 68608K, 39% used [0x0000000080000000,0x0000000081a26108,0x0000000084300000)
 Metaspace       used 37675K, committed 38912K, reserved 1114112K
  class space    used 3884K, committed 4416K, reserved 1048576K
}

Dll operation events (10 events):
Event: 0.006 Loaded shared library c:\Users\DELL\.vscode\extensions\redhat.java-1.50.0-win32-x64\jre\21.0.9-win32-x86_64\bin\java.dll
Event: 0.040 Loaded shared library c:\Users\DELL\.vscode\extensions\redhat.java-1.50.0-win32-x64\jre\21.0.9-win32-x86_64\bin\zip.dll
Event: 0.049 Loaded shared library C:\Users\DELL\.vscode\extensions\redhat.java-1.50.0-win32-x64\jre\21.0.9-win32-x86_64\bin\instrument.dll
Event: 0.051 Loaded shared library C:\Users\DELL\.vscode\extensions\redhat.java-1.50.0-win32-x64\jre\21.0.9-win32-x86_64\bin\net.dll
Event: 0.052 Loaded shared library C:\Users\DELL\.vscode\extensions\redhat.java-1.50.0-win32-x64\jre\21.0.9-win32-x86_64\bin\nio.dll
Event: 0.054 Loaded shared library C:\Users\DELL\.vscode\extensions\redhat.java-1.50.0-win32-x64\jre\21.0.9-win32-x86_64\bin\zip.dll
Event: 0.061 Loaded shared library C:\Users\DELL\.vscode\extensions\redhat.java-1.50.0-win32-x64\jre\21.0.9-win32-x86_64\bin\jimage.dll
Event: 0.093 Loaded shared library c:\Users\DELL\.vscode\extensions\redhat.java-1.50.0-win32-x64\jre\21.0.9-win32-x86_64\bin\verify.dll
Event: 0.636 Loaded shared library C:\Users\DELL\AppData\Roaming\Code\User\globalStorage\redhat.java\1.50.0\config_win\org.eclipse.equinox.launcher\org.eclipse.equinox.launcher.win32.win32.x86_64_1.2.1400.v20250801-0854\eclipse_11916.dll
Event: 1.360 Loaded shared library C:\Users\DELL\AppData\Local\Temp\jna-2094529\jna17010302940239000752.dll

Deoptimization events (20 events):
Event: 2.559 Thread 0x0000023f911df900 Uncommon trap: trap_request=0xffffffde fr.pc=0x0000023f3be64138 relative=0x00000000000000f8
Event: 2.559 Thread 0x0000023f911df900 Uncommon trap: reason=class_check action=maybe_recompile pc=0x0000023f3be64138 method=java.lang.Character.codePointAt(Ljava/lang/CharSequence;I)I @ 2 c2
Event: 2.559 Thread 0x0000023f911df900 DEOPT PACKING pc=0x0000023f3be64138 sp=0x0000009cd84fdc50
Event: 2.559 Thread 0x0000023f911df900 DEOPT UNPACKING pc=0x0000023f3b593aa2 sp=0x0000009cd84fdbd8 mode 2
Event: 2.559 Thread 0x0000023f911df900 Uncommon trap: trap_request=0xffffffde fr.pc=0x0000023f3be64138 relative=0x00000000000000f8
Event: 2.559 Thread 0x0000023f911df900 Uncommon trap: reason=class_check action=maybe_recompile pc=0x0000023f3be64138 method=java.lang.Character.codePointAt(Ljava/lang/CharSequence;I)I @ 2 c2
Event: 2.559 Thread 0x0000023f911df900 DEOPT PACKING pc=0x0000023f3be64138 sp=0x0000009cd84fdc50
Event: 2.559 Thread 0x0000023f911df900 DEOPT UNPACKING pc=0x0000023f3b593aa2 sp=0x0000009cd84fdbd8 mode 2
Event: 2.559 Thread 0x0000023f911df900 Uncommon trap: trap_request=0xffffffde fr.pc=0x0000023f3be64138 relative=0x00000000000000f8
Event: 2.559 Thread 0x0000023f911df900 Uncommon trap: reason=class_check action=maybe_recompile pc=0x0000023f3be64138 method=java.lang.Character.codePointAt(Ljava/lang/CharSequence;I)I @ 2 c2
Event: 2.559 Thread 0x0000023f911df900 DEOPT PACKING pc=0x0000023f3be64138 sp=0x0000009cd84fdc50
Event: 2.559 Thread 0x0000023f911df900 DEOPT UNPACKING pc=0x0000023f3b593aa2 sp=0x0000009cd84fdbd8 mode 2
Event: 2.563 Thread 0x0000023f911df900 Uncommon trap: trap_request=0xffffffde fr.pc=0x0000023f3be7a5ac relative=0x00000000000009cc
Event: 2.563 Thread 0x0000023f911df900 Uncommon trap: reason=class_check action=maybe_recompile pc=0x0000023f3be7a5ac method=java.io.BufferedInputStream.implRead([BII)I @ 100 c2
Event: 2.563 Thread 0x0000023f911df900 DEOPT PACKING pc=0x0000023f3be7a5ac sp=0x0000009cd84fd830
Event: 2.563 Thread 0x0000023f911df900 DEOPT UNPACKING pc=0x0000023f3b593aa2 sp=0x0000009cd84fd818 mode 2
Event: 2.564 Thread 0x0000023f911df900 Uncommon trap: trap_request=0xffffffde fr.pc=0x0000023f3be7a5ac relative=0x00000000000009cc
Event: 2.564 Thread 0x0000023f911df900 Uncommon trap: reason=class_check action=maybe_recompile pc=0x0000023f3be7a5ac method=java.io.BufferedInputStream.implRead([BII)I @ 100 c2
Event: 2.564 Thread 0x0000023f911df900 DEOPT PACKING pc=0x0000023f3be7a5ac sp=0x0000009cd84fd870
Event: 2.564 Thread 0x0000023f911df900 DEOPT UNPACKING pc=0x0000023f3b593aa2 sp=0x0000009cd84fd858 mode 2

Classes loaded (20 events):
Event: 2.572 Loading class java/util/concurrent/atomic/AtomicReferenceFieldUpdater$AtomicReferenceFieldUpdaterImpl$1
Event: 2.572 Loading class java/util/concurrent/atomic/AtomicReferenceFieldUpdater$AtomicReferenceFieldUpdaterImpl$1 done
Event: 2.588 Loading class java/io/FilterReader
Event: 2.588 Loading class java/io/FilterReader done
Event: 2.622 Loading class sun/reflect/annotation/TypeAnnotationParser
Event: 2.629 Loading class sun/reflect/annotation/TypeAnnotationParser done
Event: 2.629 Loading class sun/reflect/annotation/TypeAnnotation
Event: 2.629 Loading class sun/reflect/annotation/TypeAnnotation done
Event: 2.629 Loading class sun/reflect/annotation/TypeAnnotation$TypeAnnotationTarget
Event: 2.629 Loading class sun/reflect/annotation/TypeAnnotation$TypeAnnotationTarget done
Event: 2.629 Loading class sun/reflect/annotation/TypeAnnotation$LocationInfo
Event: 2.629 Loading class sun/reflect/annotation/TypeAnnotation$LocationInfo done
Event: 2.629 Loading class sun/reflect/annotation/TypeAnnotation$LocationInfo$Location
Event: 2.629 Loading class sun/reflect/annotation/TypeAnnotation$LocationInfo$Location done
Event: 2.629 Loading class sun/reflect/annotation/AnnotatedTypeFactory
Event: 2.629 Loading class sun/reflect/annotation/AnnotatedTypeFactory done
Event: 2.629 Loading class sun/reflect/annotation/AnnotatedTypeFactory$AnnotatedTypeBaseImpl
Event: 2.629 Loading class sun/reflect/annotation/AnnotatedTypeFactory$AnnotatedTypeBaseImpl done
Event: 2.669 Loading class java/lang/annotation/ElementType
Event: 2.670 Loading class java/lang/annotation/ElementType done

Classes unloaded (7 events):
Event: 1.622 Thread 0x0000023f89f632d0 Unloading class 0x0000023f491aac00 'java/lang/invoke/LambdaForm$MH+0x0000023f491aac00'
Event: 1.622 Thread 0x0000023f89f632d0 Unloading class 0x0000023f491aa800 'java/lang/invoke/LambdaForm$MH+0x0000023f491aa800'
Event: 1.622 Thread 0x0000023f89f632d0 Unloading class 0x0000023f491aa400 'java/lang/invoke/LambdaForm$MH+0x0000023f491aa400'
Event: 1.622 Thread 0x0000023f89f632d0 Unloading class 0x0000023f491aa000 'java/lang/invoke/LambdaForm$MH+0x0000023f491aa000'
Event: 1.622 Thread 0x0000023f89f632d0 Unloading class 0x0000023f491a9c00 'java/lang/invoke/LambdaForm$BMH+0x0000023f491a9c00'
Event: 1.622 Thread 0x0000023f89f632d0 Unloading class 0x0000023f491a9800 'java/lang/invoke/LambdaForm$DMH+0x0000023f491a9800'
Event: 1.622 Thread 0x0000023f89f632d0 Unloading class 0x0000023f491a8400 'java/lang/invoke/LambdaForm$DMH+0x0000023f491a8400'

Classes redefined (0 events):
No events

Internal exceptions (20 events):
Event: 2.245 Thread 0x0000023f90172310 Exception <a 'java/lang/NoSuchMethodError'{0x00000000d64a26e0}: 'int java.lang.invoke.DirectMethodHandle$Holder.invokeSpecial(java.lang.Object, java.lang.Object, java.lang.Object, java.lang.Object)'> (0x00000000d64a26e0) 
thrown [s\src\hotspot\share\interpreter\linkResolver.cpp, line 773]
Event: 2.256 Thread 0x0000023f90172310 Exception <a 'sun/nio/fs/WindowsException'{0x00000000d6646748}> (0x00000000d6646748) 
thrown [s\src\hotspot\share\prims\jni.cpp, line 520]
Event: 2.256 Thread 0x0000023f90172310 Exception <a 'sun/nio/fs/WindowsException'{0x00000000d6646d78}> (0x00000000d6646d78) 
thrown [s\src\hotspot\share\prims\jni.cpp, line 520]
Event: 2.262 Thread 0x0000023f90172310 Exception <a 'java/io/FileNotFoundException'{0x00000000d66b1cc0}> (0x00000000d66b1cc0) 
thrown [s\src\hotspot\share\prims\jni.cpp, line 520]
Event: 2.289 Thread 0x0000023f90172310 Exception <a 'sun/nio/fs/WindowsException'{0x00000000d6b7a5b8}> (0x00000000d6b7a5b8) 
thrown [s\src\hotspot\share\prims\jni.cpp, line 520]
Event: 2.289 Thread 0x0000023f90172310 Exception <a 'sun/nio/fs/WindowsException'{0x00000000d6b7abe8}> (0x00000000d6b7abe8) 
thrown [s\src\hotspot\share\prims\jni.cpp, line 520]
Event: 2.373 Thread 0x0000023f90172310 Exception <a 'sun/nio/fs/WindowsException'{0x00000000d584fce8}> (0x00000000d584fce8) 
thrown [s\src\hotspot\share\prims\jni.cpp, line 520]
Event: 2.380 Thread 0x0000023f30ef48a0 Exception <a 'java/lang/NoSuchMethodError'{0x00000000d5994558}: 'void java.lang.invoke.DirectMethodHandle$Holder.invokeSpecial(java.lang.Object, java.lang.Object, java.lang.Object, java.lang.Object, java.lang.Object, java.lang.Object)'> (0x00000000d5994558) 
thrown [s\src\hotspot\share\interpreter\linkResolver.cpp, line 773]
Event: 2.382 Thread 0x0000023f30ef48a0 Exception <a 'java/lang/IncompatibleClassChangeError'{0x00000000d599c7f8}: Found class java.lang.Object, but interface was expected> (0x00000000d599c7f8) 
thrown [s\src\hotspot\share\interpreter\linkResolver.cpp, line 840]
Event: 2.382 Thread 0x0000023f30ef48a0 Exception <a 'java/lang/IncompatibleClassChangeError'{0x00000000d59c8878}: Found class java.lang.Object, but interface was expected> (0x00000000d59c8878) 
thrown [s\src\hotspot\share\interpreter\linkResolver.cpp, line 840]
Event: 2.384 Thread 0x0000023f90172310 Exception <a 'java/io/FileNotFoundException'{0x00000000d59de470}> (0x00000000d59de470) 
thrown [s\src\hotspot\share\prims\jni.cpp, line 520]
Event: 2.384 Thread 0x0000023f90172310 Exception <a 'java/io/FileNotFoundException'{0x00000000d59df710}> (0x00000000d59df710) 
thrown [s\src\hotspot\share\prims\jni.cpp, line 520]
Event: 2.385 Thread 0x0000023f90172310 Exception <a 'java/lang/NoSuchMethodError'{0x00000000d5a16870}: 'java.lang.Object java.lang.invoke.DirectMethodHandle$Holder.newInvokeSpecial(java.lang.Object, java.lang.Object, java.lang.Object, int)'> (0x00000000d5a16870) 
thrown [s\src\hotspot\share\interpreter\linkResolver.cpp, line 773]
Event: 2.385 Thread 0x0000023f90172310 Exception <a 'java/lang/NoSuchMethodError'{0x00000000d5a1a4e8}: 'java.lang.Object java.lang.invoke.DirectMethodHandle$Holder.invokeSpecial(java.lang.Object, java.lang.Object, java.lang.Object, java.lang.Object, int)'> (0x00000000d5a1a4e8) 
thrown [s\src\hotspot\share\interpreter\linkResolver.cpp, line 773]
Event: 2.385 Thread 0x0000023f90172310 Exception <a 'java/lang/NoSuchMethodError'{0x00000000d5a1d990}: 'java.lang.Object java.lang.invoke.Invokers$Holder.linkToTargetMethod(java.lang.Object, java.lang.Object, int, java.lang.Object)'> (0x00000000d5a1d990) 
thrown [s\src\hotspot\share\interpreter\linkResolver.cpp, line 773]
Event: 2.386 Thread 0x0000023f90172310 Exception <a 'java/lang/NoSuchMethodError'{0x00000000d5a4bdc0}: 'void java.lang.invoke.DirectMethodHandle$Holder.invokeStaticInit(java.lang.Object, java.lang.Object, java.lang.Object)'> (0x00000000d5a4bdc0) 
thrown [s\src\hotspot\share\interpreter\linkResolver.cpp, line 773]
Event: 2.461 Thread 0x0000023f90172310 Exception <a 'java/io/FileNotFoundException'{0x00000000d6801138}> (0x00000000d6801138) 
thrown [s\src\hotspot\share\prims\jni.cpp, line 520]
Event: 2.461 Thread 0x0000023f90172310 Exception <a 'java/io/FileNotFoundException'{0x00000000d6801e78}> (0x00000000d6801e78) 
thrown [s\src\hotspot\share\prims\jni.cpp, line 520]
Event: 2.538 Thread 0x0000023f911df900 Exception <a 'java/io/FileNotFoundException'{0x00000000d5edfd98}> (0x00000000d5edfd98) 
thrown [s\src\hotspot\share\prims\jni.cpp, line 520]
Event: 2.567 Thread 0x0000023f911df900 Exception <a 'java/lang/NoSuchMethodError'{0x00000000d61e9a08}: 'java.lang.Object java.lang.invoke.DirectMethodHandle$Holder.invokeSpecialIFC(java.lang.Object, java.lang.Object, java.lang.Object, java.lang.Object)'> (0x00000000d61e9a08) 
thrown [s\src\hotspot\share\interpreter\linkResolver.cpp, line 773]

ZGC Phase Switch (0 events):
No events

VM Operations (20 events):
Event: 1.985 Executing VM operation: ParallelGCFailedAllocation (Allocation Failure)
Event: 1.986 Executing VM operation: ParallelGCFailedAllocation (Allocation Failure) done
Event: 2.016 Executing VM operation: HandshakeAllThreads (Deoptimize)
Event: 2.016 Executing VM operation: HandshakeAllThreads (Deoptimize) done
Event: 2.081 Executing VM operation: HandshakeAllThreads (Deoptimize)
Event: 2.081 Executing VM operation: HandshakeAllThreads (Deoptimize) done
Event: 2.162 Executing VM operation: ParallelGCFailedAllocation (Allocation Failure)
Event: 2.165 Executing VM operation: ParallelGCFailedAllocation (Allocation Failure) done
Event: 2.289 Executing VM operation: ParallelGCFailedAllocation (Allocation Failure)
Event: 2.291 Executing VM operation: ParallelGCFailedAllocation (Allocation Failure) done
Event: 2.342 Executing VM operation: CollectForMetadataAllocation (Metadata GC Threshold)
Event: 2.362 Executing VM operation: CollectForMetadataAllocation (Metadata GC Threshold) done
Event: 2.480 Executing VM operation: ParallelGCFailedAllocation (Allocation Failure)
Event: 2.483 Executing VM operation: ParallelGCFailedAllocation (Allocation Failure) done
Event: 2.532 Executing VM operation: HandshakeAllThreads (Deoptimize)
Event: 2.532 Executing VM operation: HandshakeAllThreads (Deoptimize) done
Event: 2.554 Executing VM operation: HandshakeAllThreads (Deoptimize)
Event: 2.554 Executing VM operation: HandshakeAllThreads (Deoptimize) done
Event: 2.622 Executing VM operation: ParallelGCFailedAllocation (Allocation Failure)
Event: 2.628 Executing VM operation: ParallelGCFailedAllocation (Allocation Failure) done

Memory protections (0 events):
No events

Nmethod flushes (20 events):
Event: 2.353 Thread 0x0000023f89f632d0 flushing  nmethod 0x0000023f34770890
Event: 2.353 Thread 0x0000023f89f632d0 flushing  nmethod 0x0000023f34771790
Event: 2.353 Thread 0x0000023f89f632d0 flushing  nmethod 0x0000023f34785290
Event: 2.353 Thread 0x0000023f89f632d0 flushing  nmethod 0x0000023f347b4f90
Event: 2.353 Thread 0x0000023f89f632d0 flushing  nmethod 0x0000023f347b7a10
Event: 2.353 Thread 0x0000023f89f632d0 flushing  nmethod 0x0000023f347b8310
Event: 2.353 Thread 0x0000023f89f632d0 flushing  nmethod 0x0000023f347b9510
Event: 2.353 Thread 0x0000023f89f632d0 flushing  nmethod 0x0000023f347b9d10
Event: 2.353 Thread 0x0000023f89f632d0 flushing  nmethod 0x0000023f347bba10
Event: 2.353 Thread 0x0000023f89f632d0 flushing  nmethod 0x0000023f347bbf10
Event: 2.353 Thread 0x0000023f89f632d0 flushing  nmethod 0x0000023f347bc810
Event: 2.353 Thread 0x0000023f89f632d0 flushing  nmethod 0x0000023f347bdc10
Event: 2.353 Thread 0x0000023f89f632d0 flushing  nmethod 0x0000023f347c0210
Event: 2.353 Thread 0x0000023f89f632d0 flushing  nmethod 0x0000023f347c1c90
Event: 2.353 Thread 0x0000023f89f632d0 flushing  nmethod 0x0000023f34805d90
Event: 2.353 Thread 0x0000023f89f632d0 flushing  nmethod 0x0000023f34826710
Event: 2.353 Thread 0x0000023f89f632d0 flushing  nmethod 0x0000023f3482c010
Event: 2.353 Thread 0x0000023f89f632d0 flushing  nmethod 0x0000023f34837290
Event: 2.353 Thread 0x0000023f89f632d0 flushing  nmethod 0x0000023f348c3010
Event: 2.353 Thread 0x0000023f89f632d0 flushing  nmethod 0x0000023f3490ae90

Events (20 events):
Event: 2.213 Thread 0x0000023f30ef48a0 Thread added: 0x0000023f911e0cb0
Event: 2.213 Thread 0x0000023f30ef48a0 Thread added: 0x0000023f911e0620
Event: 2.232 Thread 0x0000023f30ef48a0 Thread added: 0x0000023f911e19d0
Event: 2.397 Thread 0x0000023f30ef48a0 Thread added: 0x0000023f911df270
Event: 2.397 Thread 0x0000023f30ef48a0 Thread added: 0x0000023f911df900
Event: 2.463 Thread 0x0000023f90172310 Thread added: 0x0000023f911e2060
Event: 2.464 Thread 0x0000023f90172310 Thread added: 0x0000023f911e1340
Event: 2.464 Thread 0x0000023f911e2060 Thread added: 0x0000023f911e26f0
Event: 2.464 Thread 0x0000023f911e1340 Thread added: 0x0000023f911e2d80
Event: 2.464 Thread 0x0000023f911e26f0 Thread added: 0x0000023f911e3410
Event: 2.464 Thread 0x0000023f911e2d80 Thread added: 0x0000023f911dff90
Event: 2.464 Thread 0x0000023f911e3410 Thread added: 0x0000023f911e5b70
Event: 2.464 Thread 0x0000023f911dff90 Thread added: 0x0000023f911e3aa0
Event: 2.465 Thread 0x0000023f911e5b70 Thread added: 0x0000023f911e6200
Event: 2.465 Thread 0x0000023f911e3aa0 Thread added: 0x0000023f911e6890
Event: 2.466 Thread 0x0000023f911e6200 Thread added: 0x0000023f911e47c0
Event: 2.466 Thread 0x0000023f911e6890 Thread added: 0x0000023f911e4130
Event: 2.467 Thread 0x0000023f911e47c0 Thread added: 0x0000023f911e4e50
Event: 2.467 Thread 0x0000023f911e4130 Thread added: 0x0000023f911e54e0
Event: 2.467 Thread 0x0000023f911e54e0 Thread added: 0x0000023f92ed63b0


Dynamic libraries:
0x00007ff6484c0000 - 0x00007ff6484ce000 	c:\Users\DELL\.vscode\extensions\redhat.java-1.50.0-win32-x64\jre\21.0.9-win32-x86_64\bin\java.exe
0x00007ffd7e440000 - 0x00007ffd7e6a8000 	C:\WINDOWS\SYSTEM32\ntdll.dll
0x00007ffd7d010000 - 0x00007ffd7d0d9000 	C:\WINDOWS\System32\KERNEL32.DLL
0x00007ffd7b710000 - 0x00007ffd7bb08000 	C:\WINDOWS\System32\KERNELBASE.dll
0x00007ffd7bb10000 - 0x00007ffd7bc5b000 	C:\WINDOWS\System32\ucrtbase.dll
0x00007ffd71470000 - 0x00007ffd7148e000 	c:\Users\DELL\.vscode\extensions\redhat.java-1.50.0-win32-x64\jre\21.0.9-win32-x86_64\bin\VCRUNTIME140.dll
0x00007ffd719e0000 - 0x00007ffd719f8000 	c:\Users\DELL\.vscode\extensions\redhat.java-1.50.0-win32-x64\jre\21.0.9-win32-x86_64\bin\jli.dll
0x00007ffd7de00000 - 0x00007ffd7dfc7000 	C:\WINDOWS\System32\USER32.dll
0x00007ffd5d240000 - 0x00007ffd5d4d4000 	C:\WINDOWS\WinSxS\amd64_microsoft.windows.common-controls_6595b64144ccf1df_6.0.26100.7019_none_3e06ffa0e335b8a8\COMCTL32.dll
0x00007ffd7b6e0000 - 0x00007ffd7b707000 	C:\WINDOWS\System32\win32u.dll
0x00007ffd7d990000 - 0x00007ffd7da39000 	C:\WINDOWS\System32\msvcrt.dll
0x00007ffd7ceb0000 - 0x00007ffd7cedb000 	C:\WINDOWS\System32\GDI32.dll
0x00007ffd7bde0000 - 0x00007ffd7bf0c000 	C:\WINDOWS\System32\gdi32full.dll
0x00007ffd7c130000 - 0x00007ffd7c1d3000 	C:\WINDOWS\System32\msvcp_win.dll
0x00007ffd7d950000 - 0x00007ffd7d981000 	C:\WINDOWS\System32\IMM32.DLL
0x00007ffd719d0000 - 0x00007ffd719dc000 	c:\Users\DELL\.vscode\extensions\redhat.java-1.50.0-win32-x64\jre\21.0.9-win32-x86_64\bin\vcruntime140_1.dll
0x00007ffd69680000 - 0x00007ffd6970d000 	c:\Users\DELL\.vscode\extensions\redhat.java-1.50.0-win32-x64\jre\21.0.9-win32-x86_64\bin\msvcp140.dll
0x00007ffccf400000 - 0x00007ffcd01a0000 	c:\Users\DELL\.vscode\extensions\redhat.java-1.50.0-win32-x64\jre\21.0.9-win32-x86_64\bin\server\jvm.dll
0x00007ffd7cdf0000 - 0x00007ffd7cea4000 	C:\WINDOWS\System32\ADVAPI32.dll
0x00007ffd7d7c0000 - 0x00007ffd7d866000 	C:\WINDOWS\System32\sechost.dll
0x00007ffd7dfd0000 - 0x00007ffd7e0e8000 	C:\WINDOWS\System32\RPCRT4.dll
0x00007ffd7dbe0000 - 0x00007ffd7dc54000 	C:\WINDOWS\System32\WS2_32.dll
0x00007ffd7a1b0000 - 0x00007ffd7a20e000 	C:\WINDOWS\SYSTEM32\POWRPROF.dll
0x00007ffd74190000 - 0x00007ffd741c5000 	C:\WINDOWS\SYSTEM32\WINMM.dll
0x00007ffd74280000 - 0x00007ffd7428b000 	C:\WINDOWS\SYSTEM32\VERSION.dll
0x00007ffd7a190000 - 0x00007ffd7a1a4000 	C:\WINDOWS\SYSTEM32\UMPDC.dll
0x00007ffd7a470000 - 0x00007ffd7a48b000 	C:\WINDOWS\SYSTEM32\kernel.appcore.dll
0x00007ffd71580000 - 0x00007ffd7158a000 	c:\Users\DELL\.vscode\extensions\redhat.java-1.50.0-win32-x64\jre\21.0.9-win32-x86_64\bin\jimage.dll
0x00007ffd78c30000 - 0x00007ffd78e72000 	C:\WINDOWS\SYSTEM32\DBGHELP.DLL
0x00007ffd7d3d0000 - 0x00007ffd7d75b000 	C:\WINDOWS\System32\combase.dll
0x00007ffd7d870000 - 0x00007ffd7d947000 	C:\WINDOWS\System32\OLEAUT32.dll
0x00007ffd5d0e0000 - 0x00007ffd5d11c000 	C:\WINDOWS\SYSTEM32\dbgcore.DLL
0x00007ffd7c080000 - 0x00007ffd7c125000 	C:\WINDOWS\System32\bcryptPrimitives.dll
0x00007ffd70db0000 - 0x00007ffd70dbf000 	c:\Users\DELL\.vscode\extensions\redhat.java-1.50.0-win32-x64\jre\21.0.9-win32-x86_64\bin\instrument.dll
0x00007ffd70c60000 - 0x00007ffd70c80000 	c:\Users\DELL\.vscode\extensions\redhat.java-1.50.0-win32-x64\jre\21.0.9-win32-x86_64\bin\java.dll
0x00007ffd7c690000 - 0x00007ffd7cddf000 	C:\WINDOWS\System32\SHELL32.dll
0x00007ffd7bf10000 - 0x00007ffd7c07b000 	C:\WINDOWS\System32\wintypes.dll
0x00007ffd791d0000 - 0x00007ffd79a2d000 	C:\WINDOWS\SYSTEM32\windows.storage.dll
0x00007ffd7d160000 - 0x00007ffd7d252000 	C:\WINDOWS\System32\SHCORE.dll
0x00007ffd7cee0000 - 0x00007ffd7cf47000 	C:\WINDOWS\System32\shlwapi.dll
0x00007ffd7b4b0000 - 0x00007ffd7b4d9000 	C:\WINDOWS\SYSTEM32\profapi.dll
0x00007ffd70c40000 - 0x00007ffd70c58000 	c:\Users\DELL\.vscode\extensions\redhat.java-1.50.0-win32-x64\jre\21.0.9-win32-x86_64\bin\zip.dll
0x00007ffd70c30000 - 0x00007ffd70c40000 	C:\Users\DELL\.vscode\extensions\redhat.java-1.50.0-win32-x64\jre\21.0.9-win32-x86_64\bin\net.dll
0x00007ffd75150000 - 0x00007ffd75278000 	C:\WINDOWS\SYSTEM32\WINHTTP.dll
0x00007ffd7a9e0000 - 0x00007ffd7aa4b000 	C:\WINDOWS\system32\mswsock.dll
0x00007ffd70c10000 - 0x00007ffd70c26000 	C:\Users\DELL\.vscode\extensions\redhat.java-1.50.0-win32-x64\jre\21.0.9-win32-x86_64\bin\nio.dll
0x00007ffd70c00000 - 0x00007ffd70c10000 	c:\Users\DELL\.vscode\extensions\redhat.java-1.50.0-win32-x64\jre\21.0.9-win32-x86_64\bin\verify.dll
0x00007ffd69540000 - 0x00007ffd69584000 	C:\Users\DELL\AppData\Roaming\Code\User\globalStorage\redhat.java\1.50.0\config_win\org.eclipse.equinox.launcher\org.eclipse.equinox.launcher.win32.win32.x86_64_1.2.1400.v20250801-0854\eclipse_11916.dll
0x00007ffd7dc60000 - 0x00007ffd7ddf7000 	C:\WINDOWS\System32\ole32.dll
0x00007ffd7aca0000 - 0x00007ffd7acbb000 	C:\WINDOWS\SYSTEM32\CRYPTSP.dll
0x00007ffd7a3d0000 - 0x00007ffd7a40a000 	C:\WINDOWS\system32\rsaenh.dll
0x00007ffd7aa90000 - 0x00007ffd7aabb000 	C:\WINDOWS\SYSTEM32\USERENV.dll
0x00007ffd7b480000 - 0x00007ffd7b4aa000 	C:\WINDOWS\SYSTEM32\bcrypt.dll
0x00007ffd7acc0000 - 0x00007ffd7accc000 	C:\WINDOWS\SYSTEM32\CRYPTBASE.dll
0x00007ffd79f20000 - 0x00007ffd79f54000 	C:\WINDOWS\SYSTEM32\IPHLPAPI.DLL
0x00007ffd7d7b0000 - 0x00007ffd7d7ba000 	C:\WINDOWS\System32\NSI.dll
0x00007ffd67510000 - 0x00007ffd67559000 	C:\Users\DELL\AppData\Local\Temp\jna-2094529\jna17010302940239000752.dll
0x00007ffd7da40000 - 0x00007ffd7da48000 	C:\WINDOWS\System32\PSAPI.DLL
0x00007ffd754c0000 - 0x00007ffd754de000 	C:\WINDOWS\SYSTEM32\dhcpcsvc6.DLL
0x00007ffd753a0000 - 0x00007ffd753c3000 	C:\WINDOWS\SYSTEM32\dhcpcsvc.DLL

JVMTI agents:
c:\Users\DELL\.vscode\extensions\redhat.java-1.50.0-win32-x64\lombok\lombok-1.18.39-4050.jar path:c:\Users\DELL\.vscode\extensions\redhat.java-1.50.0-win32-x64\jre\21.0.9-win32-x86_64\bin\instrument.dll, loaded, initialized, instrumentlib options:none

dbghelp: loaded successfully - version: 4.0.5 - missing functions: none
symbol engine: initialized successfully - sym options: 0x614 - pdb path: .;c:\Users\DELL\.vscode\extensions\redhat.java-1.50.0-win32-x64\jre\21.0.9-win32-x86_64\bin;C:\WINDOWS\SYSTEM32;C:\WINDOWS\WinSxS\amd64_microsoft.windows.common-controls_6595b64144ccf1df_6.0.26100.7019_none_3e06ffa0e335b8a8;c:\Users\DELL\.vscode\extensions\redhat.java-1.50.0-win32-x64\jre\21.0.9-win32-x86_64\bin\server;C:\Users\DELL\AppData\Roaming\Code\User\globalStorage\redhat.java\1.50.0\config_win\org.eclipse.equinox.launcher\org.eclipse.equinox.launcher.win32.win32.x86_64_1.2.1400.v20250801-0854;C:\Users\DELL\AppData\Local\Temp\jna-2094529

VM Arguments:
jvm_args: --add-modules=ALL-SYSTEM --add-opens=java.base/java.util=ALL-UNNAMED --add-opens=java.base/java.lang=ALL-UNNAMED --add-opens=java.base/sun.nio.fs=ALL-UNNAMED -Declipse.application=org.eclipse.jdt.ls.core.id1 -Dosgi.bundles.defaultStartLevel=4 -Declipse.product=org.eclipse.jdt.ls.core.product -Djava.import.generatesMetadataFilesAtProjectRoot=false -DDetectVMInstallationsJob.disabled=true -Dfile.encoding=utf8 -XX:+UseParallelGC -XX:GCTimeRatio=4 -XX:AdaptiveSizePolicyWeight=90 -Dsun.zip.disableMemoryMapping=true -Xmx2G -Xms100m -Xlog:disable -javaagent:c:\Users\DELL\.vscode\extensions\redhat.java-1.50.0-win32-x64\lombok\lombok-1.18.39-4050.jar -XX:+HeapDumpOnOutOfMemoryError -XX:HeapDumpPath=c:\Users\DELL\AppData\Roaming\Code\User\workspaceStorage\0755037b6897d077e138bb15a92d4421\redhat.java -Daether.dependencyCollector.impl=bf 
java_command: c:\Users\DELL\.vscode\extensions\redhat.java-1.50.0-win32-x64\server\plugins\org.eclipse.equinox.launcher_1.7.100.v20251111-0406.jar -configuration c:\Users\DELL\AppData\Roaming\Code\User\globalStorage\redhat.java\1.50.0\config_win -data c:\Users\DELL\AppData\Roaming\Code\User\workspaceStorage\0755037b6897d077e138bb15a92d4421\redhat.java\jdt_ws --pipe=\\.\pipe\lsp-812b2be3e8af92fc5955ea02558236e9-sock
java_class_path (initial): c:\Users\DELL\.vscode\extensions\redhat.java-1.50.0-win32-x64\server\plugins\org.eclipse.equinox.launcher_1.7.100.v20251111-0406.jar
Launcher Type: SUN_STANDARD

[Global flags]
    uintx AdaptiveSizePolicyWeight                 = 90                                        {product} {command line}
     intx CICompilerCount                          = 12                                        {product} {ergonomic}
    uintx GCTimeRatio                              = 4                                         {product} {command line}
     bool HeapDumpOnOutOfMemoryError               = true                                   {manageable} {command line}
    ccstr HeapDumpPath                             = c:\Users\DELL\AppData\Roaming\Code\User\workspaceStorage\0755037b6897d077e138bb15a92d4421\redhat.java         {manageable} {command line}
   size_t InitialHeapSize                          = 104857600                                 {product} {command line}
   size_t MaxHeapSize                              = 2147483648                                {product} {command line}
   size_t MaxNewSize                               = 715653120                                 {product} {ergonomic}
   size_t MinHeapDeltaBytes                        = 524288                                    {product} {ergonomic}
   size_t MinHeapSize                              = 104857600                                 {product} {command line}
   size_t NewSize                                  = 34603008                                  {product} {ergonomic}
    uintx NonNMethodCodeHeapSize                   = 7602480                                {pd product} {ergonomic}
    uintx NonProfiledCodeHeapSize                  = 122027880                              {pd product} {ergonomic}
   size_t OldSize                                  = 70254592                                  {product} {ergonomic}
    uintx ProfiledCodeHeapSize                     = 122027880                              {pd product} {ergonomic}
    uintx ReservedCodeCacheSize                    = 251658240                              {pd product} {ergonomic}
     bool SegmentedCodeCache                       = true                                      {product} {ergonomic}
   size_t SoftMaxHeapSize                          = 2147483648                             {manageable} {ergonomic}
     bool UseCompressedOops                        = true                           {product lp64_product} {ergonomic}
     bool UseLargePagesIndividualAllocation        = false                                  {pd product} {ergonomic}
     bool UseParallelGC                            = true                                      {product} {command line}

Logging:
Log output configuration:
 #0: stdout all=off uptime,level,tags foldmultilines=false
 #1: stderr all=off uptime,level,tags foldmultilines=false

Release file:
JAVA_VERSION="21.0.9" 
MODULES="java.base java.compiler java.datatransfer java.xml java.prefs java.desktop java.instrument java.logging java.management java.security.sasl java.naming java.rmi java.management.rmi java.net.http java.scripting java.security.jgss java.transaction.xa java.sql java.sql.rowset java.xml.crypto java.se java.smartcardio jdk.accessibility jdk.internal.jvmstat jdk.attach jdk.charsets jdk.internal.opt jdk.zipfs jdk.compiler jdk.crypto.ec jdk.crypto.cryptoki jdk.crypto.mscapi jdk.dynalink jdk.internal.ed jdk.editpad jdk.hotspot.agent jdk.httpserver jdk.internal.le jdk.internal.vm.ci jdk.internal.vm.compiler jdk.internal.vm.compiler.management jdk.jartool jdk.javadoc jdk.jcmd jdk.management jdk.management.agent jdk.jconsole jdk.jdeps jdk.jdwp.agent jdk.jdi jdk.jfr jdk.jshell jdk.jsobject jdk.jstatd jdk.localedata jdk.management.jfr jdk.naming.dns jdk.naming.rmi jdk.net jdk.nio.mapmode jdk.random jdk.sctp jdk.security.auth jdk.security.jgss jdk.unsupported jdk.unsupported.desktop jdk.xml.dom" 

Environment Variables:
PATH=C:\Program Files\Common Files\Oracle\Java\javapath;C:\Windows\system32;C:\Windows;C:\Windows\System32\Wbem;C:\Windows\System32\WindowsPowerShell\v1.0\;C:\Windows\System32\OpenSSH\;C:\Program Files\dotnet\;C:\Program Files (x86)\NVIDIA Corporation\PhysX\Common;C:\Program Files\NVIDIA Corporation\NVIDIA NvDLISR;C:\Program Files (x86)\Windows Kits\8.1\Windows Performance Toolkit\;C:\Program Files\Microsoft SQL Server\110\Tools\Binn\;C:\Program Files\nodejs\;C:\WINDOWS\system32;C:\WINDOWS;C:\WINDOWS\System32\Wbem;C:\WINDOWS\System32\WindowsPowerShell\v1.0\;C:\WINDOWS\System32\OpenSSH\;C:\Program Files (x86)\MinGW\bin;C:\Program Files\Git\cmd;D:\cursor\resources\app\bin;C:\Users\DELL\AppData\Local\Programs\Python\Python311\Scripts\;C:\Users\DELL\AppData\Local\Programs\Python\Python311\;C:\Users\DELL\AppData\Local\Programs\Python\Python313\Scripts\;C:\Users\DELL\AppData\Local\Programs\Python\Python313\;C:\Users\DELL\AppData\Local\Programs\Python\Launcher\;C:\apache-maven\apache-maven-3.9.5\bin;C:\apache-maven\apache-maven-3.9.5\bin;C:\Program Files\Common Files\Oracle\Java\javapath;C:\Windows\system32;C:\Windows;C:\Windows\System32\Wbem;C:\Windows\System32\WindowsPowerShell\v1.0\;C:\Windows\System32\OpenSSH\;C:\Program Files\dotnet\;C:\Program Files (x86)\NVIDIA Corporation\PhysX\Common;C:\Program Files\NVIDIA Corporation\NVIDIA NvDLISR;C:\Program Files (x86)\Windows Kits\8.1\Windows Performance Toolkit\;C:\Program Files\Microsoft SQL Server\110\Tools\Binn\;C:\Program Files\nodejs\;C:\WINDOWS\system32;C:\WINDOWS;C:\WINDOWS\System32\Wbem;C:\WINDOWS\System32\WindowsPowerShell\v1.0\;C:\WINDOWS\System32\OpenSSH\;C:\Program Files (x86)\MinGW\bin;C:\Program Files\MySQL\MySQL Shell 8.0\bin\;C:\Users\DELL\AppData\Local\Microsoft\WindowsApps;C:\Users\DELL\AppData\Local\Programs\Microsoft VS Code\bin;C:\Users\DELL\AppData\Roaming\npm;C:\Users\DELL\AppData\Local\GitHubDesktop\bin;C:\Program Files (x86)\MinGW\bin;;c:\Users\DELL\AppData\Roaming\Code\User\globalStorage\gith
USERNAME=DELL
OS=Windows_NT
PROCESSOR_IDENTIFIER=Intel64 Family 6 Model 183 Stepping 1, GenuineIntel
TMP=C:\Users\DELL\AppData\Local\Temp
TEMP=C:\Users\DELL\AppData\Local\Temp




Periodic native trim disabled

---------------  S Y S T E M  ---------------

OS:
 Windows 11 , 64 bit Build 26100 (10.0.26100.7019)
OS uptime: 11 days 11:11 hours
Hyper-V role detected

CPU: total 16 (initial active 16) (8 cores per cpu, 2 threads per core) family 6 model 183 stepping 1 microcode 0x12f, cx8, cmov, fxsr, ht, mmx, 3dnowpref, sse, sse2, sse3, ssse3, sse4.1, sse4.2, popcnt, lzcnt, tsc, tscinvbit, avx, avx2, aes, erms, clmul, bmi1, bmi2, adx, sha, fma, vzeroupper, clflush, clflushopt, clwb, hv, serialize, rdtscp, rdpid, fsrm, f16c, cet_ibt, cet_ss
Processor Information for processor 0
  Max Mhz: 2400, Current Mhz: 2400, Mhz Limit: 2400
Processor Information for processor 1
  Max Mhz: 2400, Current Mhz: 2400, Mhz Limit: 2400
Processor Information for processor 2
  Max Mhz: 2400, Current Mhz: 2400, Mhz Limit: 2400
Processor Information for processor 3
  Max Mhz: 2400, Current Mhz: 2400, Mhz Limit: 2400
Processor Information for processor 4
  Max Mhz: 2400, Current Mhz: 2400, Mhz Limit: 2400
Processor Information for processor 5
  Max Mhz: 2400, Current Mhz: 2400, Mhz Limit: 2400
Processor Information for processor 6
  Max Mhz: 2400, Current Mhz: 2400, Mhz Limit: 2400
Processor Information for processor 7
  Max Mhz: 2400, Current Mhz: 2400, Mhz Limit: 2400
Processor Information for processor 8
  Max Mhz: 2400, Current Mhz: 2400, Mhz Limit: 2400
Processor Information for processor 9
  Max Mhz: 2400, Current Mhz: 2400, Mhz Limit: 2400
Processor Information for processor 10
  Max Mhz: 2400, Current Mhz: 2400, Mhz Limit: 2400
Processor Information for processor 11
  Max Mhz: 2400, Current Mhz: 2400, Mhz Limit: 2400
Processor Information for processor 12
  Max Mhz: 2400, Current Mhz: 2400, Mhz Limit: 2400
Processor Information for processor 13
  Max Mhz: 2400, Current Mhz: 2400, Mhz Limit: 2400
Processor Information for processor 14
  Max Mhz: 2400, Current Mhz: 1466, Mhz Limit: 2400
Processor Information for processor 15
  Max Mhz: 2400, Current Mhz: 1466, Mhz Limit: 2400

Memory: 4k page, system-wide physical 7876M (708M free)
TotalPageFile size 32452M (AvailPageFile size 14M)
current process WorkingSet (physical memory assigned to process): 220M, peak: 224M
current process commit charge ("private bytes"): 366M, peak: 371M

vm_info: OpenJDK 64-Bit Server VM (21.0.9+10-LTS) for windows-amd64 JRE (21.0.9+10-LTS), built on 2025-10-21T00:00:00Z by "admin" with unknown MS VC++:1942

END.
