#
# There is insufficient memory for the Java Runtime Environment to continue.
# Native memory allocation (malloc) failed to allocate 1913136 bytes. Error detail: Chunk::new
# Possible reasons:
#   The system is out of physical RAM or swap space
#   This process is running with CompressedOops enabled, and the Java Heap may be blocking the growth of the native heap
# Possible solutions:
#   Reduce memory load on the system
#   Increase physical memory or swap space
#   Check if swap backing store is full
#   Decrease Java heap size (-Xmx/-Xms)
#   Decrease number of Java threads
#   Decrease Java thread stack sizes (-Xss)
#   Set larger code cache with -XX:ReservedCodeCacheSize=
#   JVM is running with Unscaled Compressed Oops mode in which the Java heap is
#     placed in the first 4GB address space. The Java Heap base address is the
#     maximum limit for the native heap growth. Please use -XX:HeapBaseMinAddress
#     to set the Java Heap base and to place the Java Heap above 4GB virtual address.
# This output file may be truncated or incomplete.
#
#  Out of Memory Error (arena.cpp:168), pid=31332, tid=32700
#
# JRE version: OpenJDK Runtime Environment Temurin-21.0.9+10 (21.0.9+10) (build 21.0.9+10-LTS)
# Java VM: OpenJDK 64-Bit Server VM Temurin-21.0.9+10 (21.0.9+10-LTS, mixed mode, sharing, tiered, compressed oops, compressed class ptrs, parallel gc, windows-amd64)
# No core dump will be written. Minidumps are not enabled by default on client versions of Windows
#

---------------  S U M M A R Y ------------

Command Line: --add-modules=ALL-SYSTEM --add-opens=java.base/java.util=ALL-UNNAMED --add-opens=java.base/java.lang=ALL-UNNAMED --add-opens=java.base/sun.nio.fs=ALL-UNNAMED -Declipse.application=org.eclipse.jdt.ls.core.id1 -Dosgi.bundles.defaultStartLevel=4 -Declipse.product=org.eclipse.jdt.ls.core.product -Djava.import.generatesMetadataFilesAtProjectRoot=false -DDetectVMInstallationsJob.disabled=true -Dfile.encoding=utf8 -XX:+UseParallelGC -XX:GCTimeRatio=4 -XX:AdaptiveSizePolicyWeight=90 -Dsun.zip.disableMemoryMapping=true -Xmx2G -Xms100m -Xlog:disable -javaagent:c:\Users\DELL\.vscode\extensions\redhat.java-1.50.0-win32-x64\lombok\lombok-1.18.39-4050.jar -XX:+HeapDumpOnOutOfMemoryError -XX:HeapDumpPath=c:\Users\DELL\AppData\Roaming\Code\User\workspaceStorage\0755037b6897d077e138bb15a92d4421\redhat.java -Daether.dependencyCollector.impl=bf c:\Users\DELL\.vscode\extensions\redhat.java-1.50.0-win32-x64\server\plugins\org.eclipse.equinox.launcher_1.7.100.v20251111-0406.jar -configuration c:\Users\DELL\AppData\Roaming\Code\User\globalStorage\redhat.java\1.50.0\config_win -data c:\Users\DELL\AppData\Roaming\Code\User\workspaceStorage\0755037b6897d077e138bb15a92d4421\redhat.java\jdt_ws --pipe=\\.\pipe\lsp-eb813126fa382516e5343908fe410f4c-sock

Host: 13th Gen Intel(R) Core(TM) i5-13450HX, 16 cores, 7G,  Windows 11 , 64 bit Build 26100 (10.0.26100.7019)
Time: Thu Dec 11 19:22:41 2025 India Standard Time elapsed time: 6.095564 seconds (0d 0h 0m 6s)

---------------  T H R E A D  ---------------

Current thread (0x000001d1648c8910):  JavaThread "C2 CompilerThread1" daemon [_thread_in_native, id=32700, stack(0x0000009657700000,0x0000009657800000) (1024K)]


Current CompileTask:
C2:6095 7895 %     4       java.util.Properties::load0 @ 29 (249 bytes)

Stack: [0x0000009657700000,0x0000009657800000]
Native frames: (J=compiled Java code, j=interpreted, Vv=VM code, C=native code)
V  [jvm.dll+0x6d6e29]
V  [jvm.dll+0x8b4b76]
V  [jvm.dll+0x8b712e]
V  [jvm.dll+0x8b7813]
V  [jvm.dll+0x283d86]
V  [jvm.dll+0xc66ed]
V  [jvm.dll+0xc6c31]
V  [jvm.dll+0x3be53b]
V  [jvm.dll+0x1e3b52]
V  [jvm.dll+0x24c0f3]
V  [jvm.dll+0x24b580]
V  [jvm.dll+0x1cb13e]
V  [jvm.dll+0x25b29d]
V  [jvm.dll+0x25982a]
V  [jvm.dll+0x3f7ea6]
V  [jvm.dll+0x85e9ad]
V  [jvm.dll+0x6d565d]
C  [ucrtbase.dll+0x37b0]
C  [KERNEL32.DLL+0x2e8d7]
C  [ntdll.dll+0x8c53c]


---------------  P R O C E S S  ---------------

Threads class SMR info:
_java_thread_list=0x000001d16c5986f0, length=64, elements={
0x000001d14ca0f3f0, 0x000001d14c9bd930, 0x000001d14cab1b20, 0x000001d14cab4010,
0x000001d14cab9910, 0x000001d14cabc8a0, 0x000001d14cabcf00, 0x000001d14cac78f0,
0x000001d14cac8040, 0x000001d16488aac0, 0x000001d1648bbbc0, 0x000001d1648c8910,
0x000001d1649d5ed0, 0x000001d164a50630, 0x000001d1660bc030, 0x000001d166298760,
0x000001d16b0ce680, 0x000001d16b1e67b0, 0x000001d16b32ff90, 0x000001d16b1a02b0,
0x000001d16b6ff600, 0x000001d16ba73780, 0x000001d16ba11310, 0x000001d16ba8c750,
0x000001d16b9fea40, 0x000001d16b9fd690, 0x000001d16b9ff0d0, 0x000001d16b9fe3b0,
0x000001d16b9fbc50, 0x000001d16b9fc2e0, 0x000001d16b9fc970, 0x000001d16b9fd000,
0x000001d16b9fdd20, 0x000001d16decc780, 0x000001d16decad40, 0x000001d16decdb30,
0x000001d16decba60, 0x000001d16dece1c0, 0x000001d16decd4a0, 0x000001d16decb3d0,
0x000001d16decce10, 0x000001d16deceee0, 0x000001d16decf570, 0x000001d16dece850,
0x000001d16decc0f0, 0x000001d16decfc00, 0x000001d16ded0290, 0x000001d16ded0920,
0x000001d16ded1cd0, 0x000001d16ded0fb0, 0x000001d16ded2360, 0x000001d16ded1640,
0x000001d16cc70e40, 0x000001d16cc70120, 0x000001d16cc6ed70, 0x000001d16cc6e6e0,
0x000001d16cc6f400, 0x000001d16cc6fa90, 0x000001d16cc714d0, 0x000001d16cc6e050,
0x000001d16cc735a0, 0x000001d16cc72f10, 0x000001d16cc721f0, 0x000001d16cc73c30
}

Java Threads: ( => current thread )
  0x000001d14ca0f3f0 JavaThread "main"                              [_thread_blocked, id=35292, stack(0x0000009656900000,0x0000009656a00000) (1024K)]
  0x000001d14c9bd930 JavaThread "Reference Handler"          daemon [_thread_blocked, id=2472, stack(0x0000009656d00000,0x0000009656e00000) (1024K)]
  0x000001d14cab1b20 JavaThread "Finalizer"                  daemon [_thread_blocked, id=8480, stack(0x0000009656e00000,0x0000009656f00000) (1024K)]
  0x000001d14cab4010 JavaThread "Signal Dispatcher"          daemon [_thread_blocked, id=23152, stack(0x0000009656f00000,0x0000009657000000) (1024K)]
  0x000001d14cab9910 JavaThread "Attach Listener"            daemon [_thread_blocked, id=29452, stack(0x0000009657000000,0x0000009657100000) (1024K)]
  0x000001d14cabc8a0 JavaThread "Service Thread"             daemon [_thread_blocked, id=30052, stack(0x0000009657100000,0x0000009657200000) (1024K)]
  0x000001d14cabcf00 JavaThread "Monitor Deflation Thread"   daemon [_thread_blocked, id=8680, stack(0x0000009657200000,0x0000009657300000) (1024K)]
  0x000001d14cac78f0 JavaThread "C2 CompilerThread0"         daemon [_thread_in_native, id=23520, stack(0x0000009657300000,0x0000009657400000) (1024K)]
  0x000001d14cac8040 JavaThread "C1 CompilerThread0"         daemon [_thread_blocked, id=27532, stack(0x0000009657400000,0x0000009657500000) (1024K)]
  0x000001d16488aac0 JavaThread "C1 CompilerThread1"         daemon [_thread_blocked, id=13784, stack(0x0000009657500000,0x0000009657600000) (1024K)]
  0x000001d1648bbbc0 JavaThread "C1 CompilerThread2"         daemon [_thread_blocked, id=12252, stack(0x0000009657600000,0x0000009657700000) (1024K)]
=>0x000001d1648c8910 JavaThread "C2 CompilerThread1"         daemon [_thread_in_native, id=32700, stack(0x0000009657700000,0x0000009657800000) (1024K)]
  0x000001d1649d5ed0 JavaThread "Common-Cleaner"             daemon [_thread_blocked, id=2876, stack(0x0000009657800000,0x0000009657900000) (1024K)]
  0x000001d164a50630 JavaThread "C1 CompilerThread3"         daemon [_thread_blocked, id=21216, stack(0x0000009657900000,0x0000009657a00000) (1024K)]
  0x000001d1660bc030 JavaThread "Notification Thread"        daemon [_thread_blocked, id=32620, stack(0x0000009657a00000,0x0000009657b00000) (1024K)]
  0x000001d166298760 JavaThread "C2 CompilerThread2"         daemon [_thread_in_native, id=10264, stack(0x0000009657b00000,0x0000009657c00000) (1024K)]
  0x000001d16b0ce680 JavaThread "Active Thread: Equinox Container: 61288b46-2db7-4590-991c-b805310cb68c"        [_thread_blocked, id=21264, stack(0x0000009658200000,0x0000009658300000) (1024K)]
  0x000001d16b1e67b0 JavaThread "Refresh Thread: Equinox Container: 61288b46-2db7-4590-991c-b805310cb68c" daemon [_thread_blocked, id=24808, stack(0x0000009658400000,0x0000009658500000) (1024K)]
  0x000001d16b32ff90 JavaThread "Framework Event Dispatcher: Equinox Container: 61288b46-2db7-4590-991c-b805310cb68c" daemon [_thread_blocked, id=23392, stack(0x0000009658500000,0x0000009658600000) (1024K)]
  0x000001d16b1a02b0 JavaThread "Start Level: Equinox Container: 61288b46-2db7-4590-991c-b805310cb68c" daemon [_thread_blocked, id=18052, stack(0x0000009658600000,0x0000009658700000) (1024K)]
  0x000001d16b6ff600 JavaThread "Bundle File Closer"         daemon [_thread_blocked, id=7072, stack(0x0000009658a00000,0x0000009658b00000) (1024K)]
  0x000001d16ba73780 JavaThread "SCR Component Actor"        daemon [_thread_blocked, id=2404, stack(0x0000009658b00000,0x0000009658c00000) (1024K)]
  0x000001d16ba11310 JavaThread "Worker-JM"                         [_thread_blocked, id=18380, stack(0x0000009658d00000,0x0000009658e00000) (1024K)]
  0x000001d16ba8c750 JavaThread "JNA Cleaner"                daemon [_thread_blocked, id=24628, stack(0x0000009658f00000,0x0000009659000000) (1024K)]
  0x000001d16b9fea40 JavaThread "Worker-0: Initialize workspace"        [_thread_blocked, id=12048, stack(0x0000009659000000,0x0000009659100000) (1024K)]
  0x000001d16b9fd690 JavaThread "Worker-1"                          [_thread_blocked, id=33056, stack(0x0000009659100000,0x0000009659200000) (1024K)]
  0x000001d16b9ff0d0 JavaThread "Worker-2: Initialize Workspace"        [_thread_blocked, id=26660, stack(0x0000009659200000,0x0000009659300000) (1024K)]
  0x000001d16b9fe3b0 JavaThread "Java indexing"              daemon [_thread_blocked, id=3948, stack(0x0000009659300000,0x0000009659400000) (1024K)]
  0x000001d16b9fbc50 JavaThread "Worker-3"                          [_thread_blocked, id=15740, stack(0x0000009659600000,0x0000009659700000) (1024K)]
  0x000001d16b9fc2e0 JavaThread "Thread-1"                   daemon [_thread_in_native, id=24512, stack(0x0000009659700000,0x0000009659800000) (1024K)]
  0x000001d16b9fc970 JavaThread "Thread-2"                   daemon [_thread_in_native, id=8784, stack(0x0000009659800000,0x0000009659900000) (1024K)]
  0x000001d16b9fd000 JavaThread "Thread-3"                   daemon [_thread_in_native, id=10460, stack(0x0000009659900000,0x0000009659a00000) (1024K)]
  0x000001d16b9fdd20 JavaThread "Thread-4"                   daemon [_thread_in_native, id=14448, stack(0x0000009659a00000,0x0000009659b00000) (1024K)]
  0x000001d16decc780 JavaThread "Thread-5"                   daemon [_thread_in_native, id=1112, stack(0x0000009659b00000,0x0000009659c00000) (1024K)]
  0x000001d16decad40 JavaThread "Thread-6"                   daemon [_thread_in_native, id=5216, stack(0x0000009659c00000,0x0000009659d00000) (1024K)]
  0x000001d16decdb30 JavaThread "Thread-7"                   daemon [_thread_in_native, id=35428, stack(0x0000009659d00000,0x0000009659e00000) (1024K)]
  0x000001d16decba60 JavaThread "Thread-8"                   daemon [_thread_in_native, id=32864, stack(0x0000009659e00000,0x0000009659f00000) (1024K)]
  0x000001d16dece1c0 JavaThread "Thread-9"                   daemon [_thread_in_native, id=34872, stack(0x0000009659f00000,0x000000965a000000) (1024K)]
  0x000001d16decd4a0 JavaThread "Thread-10"                  daemon [_thread_in_native, id=6676, stack(0x000000965a000000,0x000000965a100000) (1024K)]
  0x000001d16decb3d0 JavaThread "Thread-11"                  daemon [_thread_in_native, id=23780, stack(0x000000965a100000,0x000000965a200000) (1024K)]
  0x000001d16decce10 JavaThread "Thread-12"                  daemon [_thread_in_native, id=28188, stack(0x000000965a200000,0x000000965a300000) (1024K)]
  0x000001d16deceee0 JavaThread "Thread-13"                  daemon [_thread_in_native, id=25364, stack(0x000000965a300000,0x000000965a400000) (1024K)]
  0x000001d16decf570 JavaThread "Thread-14"                  daemon [_thread_in_native, id=20544, stack(0x000000965a400000,0x000000965a500000) (1024K)]
  0x000001d16dece850 JavaThread "Thread-15"                  daemon [_thread_in_native, id=31168, stack(0x000000965a500000,0x000000965a600000) (1024K)]
  0x000001d16decc0f0 JavaThread "Thread-16"                  daemon [_thread_in_native, id=25808, stack(0x000000965a600000,0x000000965a700000) (1024K)]
  0x000001d16decfc00 JavaThread "Thread-17"                  daemon [_thread_in_native, id=30872, stack(0x000000965a700000,0x000000965a800000) (1024K)]
  0x000001d16ded0290 JavaThread "pool-2-thread-1"                   [_thread_blocked, id=24416, stack(0x000000965a800000,0x000000965a900000) (1024K)]
  0x000001d16ded0920 JavaThread "WorkspaceEventsHandler"            [_thread_blocked, id=20840, stack(0x000000965a900000,0x000000965aa00000) (1024K)]
  0x000001d16ded1cd0 JavaThread "pool-1-thread-1"                   [_thread_blocked, id=20884, stack(0x000000965aa00000,0x000000965ab00000) (1024K)]
  0x000001d16ded0fb0 JavaThread "ForkJoinPool.commonPool-worker-1" daemon [_thread_blocked, id=22076, stack(0x000000965ab00000,0x000000965ac00000) (1024K)]
  0x000001d16ded2360 JavaThread "ForkJoinPool.commonPool-worker-2" daemon [_thread_blocked, id=35808, stack(0x000000965ac00000,0x000000965ad00000) (1024K)]
  0x000001d16ded1640 JavaThread "ForkJoinPool.commonPool-worker-3" daemon [_thread_blocked, id=11272, stack(0x000000965ad00000,0x000000965ae00000) (1024K)]
  0x000001d16cc70e40 JavaThread "ForkJoinPool.commonPool-worker-4" daemon [_thread_blocked, id=12868, stack(0x000000965ae00000,0x000000965af00000) (1024K)]
  0x000001d16cc70120 JavaThread "ForkJoinPool.commonPool-worker-5" daemon [_thread_blocked, id=15072, stack(0x000000965af00000,0x000000965b000000) (1024K)]
  0x000001d16cc6ed70 JavaThread "ForkJoinPool.commonPool-worker-6" daemon [_thread_in_vm, id=13648, stack(0x000000965b000000,0x000000965b100000) (1024K)]
  0x000001d16cc6e6e0 JavaThread "ForkJoinPool.commonPool-worker-7" daemon [_thread_blocked, id=23404, stack(0x000000965b100000,0x000000965b200000) (1024K)]
  0x000001d16cc6f400 JavaThread "ForkJoinPool.commonPool-worker-8" daemon [_thread_blocked, id=7592, stack(0x000000965b200000,0x000000965b300000) (1024K)]
  0x000001d16cc6fa90 JavaThread "ForkJoinPool.commonPool-worker-9" daemon [_thread_blocked, id=14024, stack(0x000000965b300000,0x000000965b400000) (1024K)]
  0x000001d16cc714d0 JavaThread "ForkJoinPool.commonPool-worker-10" daemon [_thread_blocked, id=2616, stack(0x000000965b400000,0x000000965b500000) (1024K)]
  0x000001d16cc6e050 JavaThread "ForkJoinPool.commonPool-worker-11" daemon [_thread_blocked, id=15556, stack(0x000000965b500000,0x000000965b600000) (1024K)]
  0x000001d16cc735a0 JavaThread "ForkJoinPool.commonPool-worker-12" daemon [_thread_blocked, id=18592, stack(0x000000965b600000,0x000000965b700000) (1024K)]
  0x000001d16cc72f10 JavaThread "ForkJoinPool.commonPool-worker-14" daemon [_thread_blocked, id=4636, stack(0x000000965b700000,0x000000965b800000) (1024K)]
  0x000001d16cc721f0 JavaThread "ForkJoinPool.commonPool-worker-13" daemon [_thread_blocked, id=35748, stack(0x000000965b800000,0x000000965b900000) (1024K)]
  0x000001d16cc73c30 JavaThread "ForkJoinPool.commonPool-worker-15" daemon [_thread_blocked, id=23252, stack(0x000000965b900000,0x000000965ba00000) (1024K)]
Total: 64

Other Threads:
  0x000001d14caaf900 VMThread "VM Thread"                           [id=4844, stack(0x0000009656c00000,0x0000009656d00000) (1024K)]
  0x000001d14c89ca00 WatcherThread "VM Periodic Task Thread"        [id=29892, stack(0x0000009656b00000,0x0000009656c00000) (1024K)]
  0x000001d14ca2e670 WorkerThread "GC Thread#0"                     [id=16604, stack(0x0000009656a00000,0x0000009656b00000) (1024K)]
  0x000001d1663054b0 WorkerThread "GC Thread#1"                     [id=24412, stack(0x0000009657c00000,0x0000009657d00000) (1024K)]
  0x000001d1665f3660 WorkerThread "GC Thread#2"                     [id=1284, stack(0x0000009657d00000,0x0000009657e00000) (1024K)]
  0x000001d16684b000 WorkerThread "GC Thread#3"                     [id=28944, stack(0x0000009657e00000,0x0000009657f00000) (1024K)]
  0x000001d16684b3a0 WorkerThread "GC Thread#4"                     [id=14108, stack(0x0000009657f00000,0x0000009658000000) (1024K)]
  0x000001d16684b740 WorkerThread "GC Thread#5"                     [id=9460, stack(0x0000009658000000,0x0000009658100000) (1024K)]
  0x000001d16b0320d0 WorkerThread "GC Thread#6"                     [id=15540, stack(0x0000009658100000,0x0000009658200000) (1024K)]
  0x000001d16b02fcb0 WorkerThread "GC Thread#7"                     [id=8872, stack(0x0000009658300000,0x0000009658400000) (1024K)]
  0x000001d16b0f33c0 WorkerThread "GC Thread#8"                     [id=4708, stack(0x0000009658700000,0x0000009658800000) (1024K)]
  0x000001d16b0f45e0 WorkerThread "GC Thread#9"                     [id=20352, stack(0x0000009658800000,0x0000009658900000) (1024K)]
  0x000001d16b0f3760 WorkerThread "GC Thread#10"                    [id=24240, stack(0x0000009658900000,0x0000009658a00000) (1024K)]
  0x000001d16b0f3b00 WorkerThread "GC Thread#11"                    [id=32164, stack(0x0000009658c00000,0x0000009658d00000) (1024K)]
  0x000001d16b0f3ea0 WorkerThread "GC Thread#12"                    [id=25804, stack(0x0000009658e00000,0x0000009658f00000) (1024K)]
Total: 15

Threads with active compile tasks:
C2 CompilerThread0  6115 7984       4       jdk.internal.jimage.BasicImageReader::getLocationIndex (52 bytes)
C2 CompilerThread1  6115 7895 %     4       java.util.Properties::load0 @ 29 (249 bytes)
C2 CompilerThread2  6115 7969       4       java.lang.ClassLoader::defineClass (43 bytes)
Total: 3

VM state: not at safepoint (normal execution)

VM Mutex/Monitor currently owned by a thread: None

Heap address: 0x0000000080000000, size: 2048 MB, Compressed Oops mode: 32-bit

CDS archive(s) mapped at: [0x000001d100000000-0x000001d100ba0000-0x000001d100ba0000), size 12189696, SharedBaseAddress: 0x000001d100000000, ArchiveRelocationMode: 1.
Compressed class space mapped at: 0x000001d101000000-0x000001d141000000, reserved size: 1073741824
Narrow klass base: 0x000001d100000000, Narrow klass shift: 0, Narrow klass range: 0x100000000

GC Precious Log:
 CardTable entry size: 512
 CPUs: 16 total, 16 available
 Memory: 7876M
 Large Page Support: Disabled
 NUMA Support: Disabled
 Compressed Oops: Enabled (32-bit)
 Alignments: Space 512K, Generation 512K, Heap 2M
 Heap Min Capacity: 100M
 Heap Initial Capacity: 100M
 Heap Max Capacity: 2G
 Pre-touch: Disabled
 Parallel Workers: 13

Heap:
 PSYoungGen      total 22016K, used 5402K [0x00000000d5580000, 0x00000000d6e80000, 0x0000000100000000)
  eden space 20992K, 22% used [0x00000000d5580000,0x00000000d5a11820,0x00000000d6a00000)
  from space 1024K, 70% used [0x00000000d6c00000,0x00000000d6cb53c8,0x00000000d6d00000)
  to   space 1536K, 0% used [0x00000000d6d00000,0x00000000d6d00000,0x00000000d6e80000)
 ParOldGen       total 68608K, used 50827K [0x0000000080000000, 0x0000000084300000, 0x00000000d5580000)
  object space 68608K, 74% used [0x0000000080000000,0x00000000831a2ca0,0x0000000084300000)
 Metaspace       used 52140K, committed 53440K, reserved 1114112K
  class space    used 5667K, committed 6272K, reserved 1048576K

Card table byte_map: [0x000001d14c3b0000,0x000001d14c7c0000] _byte_map_base: 0x000001d14bfb0000

Marking Bits: (ParMarkBitMap*) 0x00007ffcd00c2460
 Begin Bits: [0x000001d15eec0000, 0x000001d160ec0000)
 End Bits:   [0x000001d160ec0000, 0x000001d162ec0000)

Polling page: 0x000001d14a860000

Metaspace:

Usage:
  Non-class:     45.38 MB used.
      Class:      5.53 MB used.
       Both:     50.92 MB used.

Virtual space:
  Non-class space:       64.00 MB reserved,      46.06 MB ( 72%) committed,  1 nodes.
      Class space:        1.00 GB reserved,       6.12 MB ( <1%) committed,  1 nodes.
             Both:        1.06 GB reserved,      52.19 MB (  5%) committed. 

Chunk freelists:
   Non-Class:  1.88 MB
       Class:  9.69 MB
        Both:  11.56 MB

MaxMetaspaceSize: unlimited
CompressedClassSpaceSize: 1.00 GB
Initial GC threshold: 21.00 MB
Current GC threshold: 58.38 MB
CDS: on
 - commit_granule_bytes: 65536.
 - commit_granule_words: 8192.
 - virtual_space_node_default_size: 8388608.
 - enlarge_chunks_in_place: 1.
 - use_allocation_guard: 0.


Internal statistics:

num_allocs_failed_limit: 8.
num_arena_births: 1018.
num_arena_deaths: 14.
num_vsnodes_births: 2.
num_vsnodes_deaths: 0.
num_space_committed: 835.
num_space_uncommitted: 0.
num_chunks_returned_to_freelist: 22.
num_chunks_taken_from_freelist: 3323.
num_chunk_merges: 10.
num_chunk_splits: 2075.
num_chunks_enlarged: 1234.
num_inconsistent_stats: 0.

CodeHeap 'non-profiled nmethods': size=119168Kb used=4244Kb max_used=4244Kb free=114923Kb
 bounds [0x000001d1577b0000, 0x000001d157be0000, 0x000001d15ec10000]
CodeHeap 'profiled nmethods': size=119104Kb used=16402Kb max_used=16402Kb free=102701Kb
 bounds [0x000001d14fc10000, 0x000001d150c20000, 0x000001d157060000]
CodeHeap 'non-nmethods': size=7488Kb used=3101Kb max_used=3115Kb free=4387Kb
 bounds [0x000001d157060000, 0x000001d157370000, 0x000001d1577b0000]
CodeCache: size=245760Kb, used=23747Kb, max_used=23761Kb, free=222011Kb
 total_blobs=8108, nmethods=7415, adapters=594, full_count=0
Compilation: enabled, stopped_count=0, restarted_count=0

Compilation events (20 events):
Event: 5.072 Thread 0x000001d1648bbbc0 7982       3       sun.net.www.protocol.jar.JarURLConnection::getInputStream (96 bytes)
Event: 5.072 Thread 0x000001d164a50630 nmethod 7978 0x000001d150c06b10 code [0x000001d150c06d20, 0x000001d150c072a0]
Event: 5.073 Thread 0x000001d1648bbbc0 nmethod 7982 0x000001d150c07510 code [0x000001d150c077e0, 0x000001d150c084a8]
Event: 5.073 Thread 0x000001d14cac8040 nmethod 7981 0x000001d150c08990 code [0x000001d150c08c80, 0x000001d150c09a18]
Event: 5.076 Thread 0x000001d14cac8040 7987   !   3       sun.net.www.protocol.jar.JarURLConnection$JarURLInputStream::close (178 bytes)
Event: 5.076 Thread 0x000001d16488aac0 7988  s    3       sun.net.www.protocol.file.FileURLConnection::closeInputStream (15 bytes)
Event: 5.076 Thread 0x000001d16488aac0 nmethod 7988 0x000001d150c0a010 code [0x000001d150c0a1c0, 0x000001d150c0a488]
Event: 5.076 Thread 0x000001d14cac8040 nmethod 7987 0x000001d150c0a590 code [0x000001d150c0a8c0, 0x000001d150c0c278]
Event: 5.078 Thread 0x000001d14cac78f0 nmethod 7970 0x000001d157bce410 code [0x000001d157bce7a0, 0x000001d157bcff50]
Event: 5.079 Thread 0x000001d14cac78f0 7983       4       jdk.internal.jimage.BasicImageReader::verifyLocation (39 bytes)
Event: 5.081 Thread 0x000001d16488aac0 7989       3       java.util.IdentityHashMap$IdentityHashMapIterator::hasNext (50 bytes)
Event: 5.081 Thread 0x000001d16488aac0 nmethod 7989 0x000001d150c0cb10 code [0x000001d150c0ccc0, 0x000001d150c0cf08]
Event: 5.082 Thread 0x000001d164a50630 7990       3       org.eclipse.osgi.internal.debug.Debug::dynamicPackage (45 bytes)
Event: 5.083 Thread 0x000001d164a50630 nmethod 7990 0x000001d150c0d010 code [0x000001d150c0d1e0, 0x000001d150c0d520]
Event: 5.083 Thread 0x000001d164a50630 7991   !   3       org.eclipse.osgi.internal.loader.BundleLoader::findDynamicSource (183 bytes)
Event: 5.084 Thread 0x000001d164a50630 nmethod 7991 0x000001d150c0d610 code [0x000001d150c0dac0, 0x000001d150c0f9e8]
Event: 5.084 Thread 0x000001d14cac78f0 nmethod 7983 0x000001d157bd1110 code [0x000001d157bd1360, 0x000001d157bd1e40]
Event: 5.084 Thread 0x000001d14cac78f0 7985       4       jdk.internal.module.SystemModuleFinders$SystemModuleReader::containsImageLocation (42 bytes)
Event: 5.085 Thread 0x000001d16488aac0 7992       3       org.eclipse.osgi.storage.url.bundleresource.Handler::<init> (7 bytes)
Event: 5.086 Thread 0x000001d16488aac0 nmethod 7992 0x000001d150c10690 code [0x000001d150c10840, 0x000001d150c10af0]

GC Heap History (20 events):
Event: 3.458 GC heap before
{Heap before GC invocations=22 (full 2):
 PSYoungGen      total 22528K, used 22464K [0x00000000d5580000, 0x00000000d7400000, 0x0000000100000000)
  eden space 20992K, 100% used [0x00000000d5580000,0x00000000d6a00000,0x00000000d6a00000)
  from space 1536K, 95% used [0x00000000d7200000,0x00000000d7370000,0x00000000d7380000)
  to   space 512K, 0% used [0x00000000d7380000,0x00000000d7380000,0x00000000d7400000)
 ParOldGen       total 68608K, used 32899K [0x0000000080000000, 0x0000000084300000, 0x00000000d5580000)
  object space 68608K, 47% used [0x0000000080000000,0x0000000082020fa0,0x0000000084300000)
 Metaspace       used 47601K, committed 48896K, reserved 1114112K
  class space    used 5168K, committed 5760K, reserved 1048576K
}
Event: 3.460 GC heap after
{Heap after GC invocations=22 (full 2):
 PSYoungGen      total 21504K, used 504K [0x00000000d5580000, 0x00000000d7400000, 0x0000000100000000)
  eden space 20992K, 0% used [0x00000000d5580000,0x00000000d5580000,0x00000000d6a00000)
  from space 512K, 98% used [0x00000000d7380000,0x00000000d73fe140,0x00000000d7400000)
  to   space 2560K, 0% used [0x00000000d6f00000,0x00000000d6f00000,0x00000000d7180000)
 ParOldGen       total 68608K, used 34781K [0x0000000080000000, 0x0000000084300000, 0x00000000d5580000)
  object space 68608K, 50% used [0x0000000080000000,0x00000000821f7450,0x0000000084300000)
 Metaspace       used 47601K, committed 48896K, reserved 1114112K
  class space    used 5168K, committed 5760K, reserved 1048576K
}
Event: 4.617 GC heap before
{Heap before GC invocations=23 (full 2):
 PSYoungGen      total 21504K, used 21496K [0x00000000d5580000, 0x00000000d7400000, 0x0000000100000000)
  eden space 20992K, 100% used [0x00000000d5580000,0x00000000d6a00000,0x00000000d6a00000)
  from space 512K, 98% used [0x00000000d7380000,0x00000000d73fe140,0x00000000d7400000)
  to   space 2560K, 0% used [0x00000000d6f00000,0x00000000d6f00000,0x00000000d7180000)
 ParOldGen       total 68608K, used 34781K [0x0000000080000000, 0x0000000084300000, 0x00000000d5580000)
  object space 68608K, 50% used [0x0000000080000000,0x00000000821f7450,0x0000000084300000)
 Metaspace       used 48812K, committed 50112K, reserved 1114112K
  class space    used 5287K, committed 5888K, reserved 1048576K
}
Event: 4.619 GC heap after
{Heap after GC invocations=23 (full 2):
 PSYoungGen      total 23552K, used 1792K [0x00000000d5580000, 0x00000000d7400000, 0x0000000100000000)
  eden space 20992K, 0% used [0x00000000d5580000,0x00000000d5580000,0x00000000d6a00000)
  from space 2560K, 70% used [0x00000000d6f00000,0x00000000d70c0030,0x00000000d7180000)
  to   space 2048K, 0% used [0x00000000d7200000,0x00000000d7200000,0x00000000d7400000)
 ParOldGen       total 68608K, used 35307K [0x0000000080000000, 0x0000000084300000, 0x00000000d5580000)
  object space 68608K, 51% used [0x0000000080000000,0x000000008227ac10,0x0000000084300000)
 Metaspace       used 48812K, committed 50112K, reserved 1114112K
  class space    used 5287K, committed 5888K, reserved 1048576K
}
Event: 4.640 GC heap before
{Heap before GC invocations=24 (full 2):
 PSYoungGen      total 23552K, used 22784K [0x00000000d5580000, 0x00000000d7400000, 0x0000000100000000)
  eden space 20992K, 100% used [0x00000000d5580000,0x00000000d6a00000,0x00000000d6a00000)
  from space 2560K, 70% used [0x00000000d6f00000,0x00000000d70c0030,0x00000000d7180000)
  to   space 2048K, 0% used [0x00000000d7200000,0x00000000d7200000,0x00000000d7400000)
 ParOldGen       total 68608K, used 35307K [0x0000000080000000, 0x0000000084300000, 0x00000000d5580000)
  object space 68608K, 51% used [0x0000000080000000,0x000000008227ac10,0x0000000084300000)
 Metaspace       used 48842K, committed 50112K, reserved 1114112K
  class space    used 5287K, committed 5888K, reserved 1048576K
}
Event: 4.642 GC heap after
{Heap after GC invocations=24 (full 2):
 PSYoungGen      total 23040K, used 2016K [0x00000000d5580000, 0x00000000d7400000, 0x0000000100000000)
  eden space 20992K, 0% used [0x00000000d5580000,0x00000000d5580000,0x00000000d6a00000)
  from space 2048K, 98% used [0x00000000d7200000,0x00000000d73f8010,0x00000000d7400000)
  to   space 2560K, 0% used [0x00000000d6f00000,0x00000000d6f00000,0x00000000d7180000)
 ParOldGen       total 68608K, used 36960K [0x0000000080000000, 0x0000000084300000, 0x00000000d5580000)
  object space 68608K, 53% used [0x0000000080000000,0x0000000082418218,0x0000000084300000)
 Metaspace       used 48842K, committed 50112K, reserved 1114112K
  class space    used 5287K, committed 5888K, reserved 1048576K
}
Event: 4.688 GC heap before
{Heap before GC invocations=25 (full 2):
 PSYoungGen      total 23040K, used 23008K [0x00000000d5580000, 0x00000000d7400000, 0x0000000100000000)
  eden space 20992K, 100% used [0x00000000d5580000,0x00000000d6a00000,0x00000000d6a00000)
  from space 2048K, 98% used [0x00000000d7200000,0x00000000d73f8010,0x00000000d7400000)
  to   space 2560K, 0% used [0x00000000d6f00000,0x00000000d6f00000,0x00000000d7180000)
 ParOldGen       total 68608K, used 36960K [0x0000000080000000, 0x0000000084300000, 0x00000000d5580000)
  object space 68608K, 53% used [0x0000000080000000,0x0000000082418218,0x0000000084300000)
 Metaspace       used 49211K, committed 50496K, reserved 1114112K
  class space    used 5352K, committed 5952K, reserved 1048576K
}
Event: 4.690 GC heap after
{Heap after GC invocations=25 (full 2):
 PSYoungGen      total 23552K, used 2530K [0x00000000d5580000, 0x00000000d7400000, 0x0000000100000000)
  eden space 20992K, 0% used [0x00000000d5580000,0x00000000d5580000,0x00000000d6a00000)
  from space 2560K, 98% used [0x00000000d6f00000,0x00000000d7178890,0x00000000d7180000)
  to   space 2560K, 0% used [0x00000000d7180000,0x00000000d7180000,0x00000000d7400000)
 ParOldGen       total 68608K, used 38896K [0x0000000080000000, 0x0000000084300000, 0x00000000d5580000)
  object space 68608K, 56% used [0x0000000080000000,0x00000000825fc228,0x0000000084300000)
 Metaspace       used 49211K, committed 50496K, reserved 1114112K
  class space    used 5352K, committed 5952K, reserved 1048576K
}
Event: 4.712 GC heap before
{Heap before GC invocations=26 (full 2):
 PSYoungGen      total 23552K, used 23522K [0x00000000d5580000, 0x00000000d7400000, 0x0000000100000000)
  eden space 20992K, 100% used [0x00000000d5580000,0x00000000d6a00000,0x00000000d6a00000)
  from space 2560K, 98% used [0x00000000d6f00000,0x00000000d7178890,0x00000000d7180000)
  to   space 2560K, 0% used [0x00000000d7180000,0x00000000d7180000,0x00000000d7400000)
 ParOldGen       total 68608K, used 38896K [0x0000000080000000, 0x0000000084300000, 0x00000000d5580000)
  object space 68608K, 56% used [0x0000000080000000,0x00000000825fc228,0x0000000084300000)
 Metaspace       used 49240K, committed 50624K, reserved 1114112K
  class space    used 5353K, committed 6016K, reserved 1048576K
}
Event: 4.714 GC heap after
{Heap after GC invocations=26 (full 2):
 PSYoungGen      total 23552K, used 2176K [0x00000000d5580000, 0x00000000d7400000, 0x0000000100000000)
  eden space 20992K, 0% used [0x00000000d5580000,0x00000000d5580000,0x00000000d6a00000)
  from space 2560K, 85% used [0x00000000d7180000,0x00000000d73a0000,0x00000000d7400000)
  to   space 3072K, 0% used [0x00000000d6e00000,0x00000000d6e00000,0x00000000d7100000)
 ParOldGen       total 68608K, used 41310K [0x0000000080000000, 0x0000000084300000, 0x00000000d5580000)
  object space 68608K, 60% used [0x0000000080000000,0x0000000082857b08,0x0000000084300000)
 Metaspace       used 49240K, committed 50624K, reserved 1114112K
  class space    used 5353K, committed 6016K, reserved 1048576K
}
Event: 4.733 GC heap before
{Heap before GC invocations=27 (full 2):
 PSYoungGen      total 23552K, used 23168K [0x00000000d5580000, 0x00000000d7400000, 0x0000000100000000)
  eden space 20992K, 100% used [0x00000000d5580000,0x00000000d6a00000,0x00000000d6a00000)
  from space 2560K, 85% used [0x00000000d7180000,0x00000000d73a0000,0x00000000d7400000)
  to   space 3072K, 0% used [0x00000000d6e00000,0x00000000d6e00000,0x00000000d7100000)
 ParOldGen       total 68608K, used 41310K [0x0000000080000000, 0x0000000084300000, 0x00000000d5580000)
  object space 68608K, 60% used [0x0000000080000000,0x0000000082857b08,0x0000000084300000)
 Metaspace       used 49254K, committed 50624K, reserved 1114112K
  class space    used 5353K, committed 6016K, reserved 1048576K
}
Event: 4.736 GC heap after
{Heap after GC invocations=27 (full 2):
 PSYoungGen      total 23552K, used 2244K [0x00000000d5580000, 0x00000000d7200000, 0x0000000100000000)
  eden space 20992K, 0% used [0x00000000d5580000,0x00000000d5580000,0x00000000d6a00000)
  from space 2560K, 87% used [0x00000000d6e00000,0x00000000d7031000,0x00000000d7080000)
  to   space 1536K, 0% used [0x00000000d7080000,0x00000000d7080000,0x00000000d7200000)
 ParOldGen       total 68608K, used 43318K [0x0000000080000000, 0x0000000084300000, 0x00000000d5580000)
  object space 68608K, 63% used [0x0000000080000000,0x0000000082a4db08,0x0000000084300000)
 Metaspace       used 49254K, committed 50624K, reserved 1114112K
  class space    used 5353K, committed 6016K, reserved 1048576K
}
Event: 4.762 GC heap before
{Heap before GC invocations=28 (full 2):
 PSYoungGen      total 23552K, used 23236K [0x00000000d5580000, 0x00000000d7200000, 0x0000000100000000)
  eden space 20992K, 100% used [0x00000000d5580000,0x00000000d6a00000,0x00000000d6a00000)
  from space 2560K, 87% used [0x00000000d6e00000,0x00000000d7031000,0x00000000d7080000)
  to   space 1536K, 0% used [0x00000000d7080000,0x00000000d7080000,0x00000000d7200000)
 ParOldGen       total 68608K, used 43318K [0x0000000080000000, 0x0000000084300000, 0x00000000d5580000)
  object space 68608K, 63% used [0x0000000080000000,0x0000000082a4db08,0x0000000084300000)
 Metaspace       used 49350K, committed 50688K, reserved 1114112K
  class space    used 5355K, committed 6016K, reserved 1048576K
}
Event: 4.765 GC heap after
{Heap after GC invocations=28 (full 2):
 PSYoungGen      total 22528K, used 1504K [0x00000000d5580000, 0x00000000d7300000, 0x0000000100000000)
  eden space 20992K, 0% used [0x00000000d5580000,0x00000000d5580000,0x00000000d6a00000)
  from space 1536K, 97% used [0x00000000d7080000,0x00000000d71f8010,0x00000000d7200000)
  to   space 4608K, 0% used [0x00000000d6a00000,0x00000000d6a00000,0x00000000d6e80000)
 ParOldGen       total 68608K, used 45900K [0x0000000080000000, 0x0000000084300000, 0x00000000d5580000)
  object space 68608K, 66% used [0x0000000080000000,0x0000000082cd3320,0x0000000084300000)
 Metaspace       used 49350K, committed 50688K, reserved 1114112K
  class space    used 5355K, committed 6016K, reserved 1048576K
}
Event: 4.794 GC heap before
{Heap before GC invocations=29 (full 2):
 PSYoungGen      total 22528K, used 22496K [0x00000000d5580000, 0x00000000d7300000, 0x0000000100000000)
  eden space 20992K, 100% used [0x00000000d5580000,0x00000000d6a00000,0x00000000d6a00000)
  from space 1536K, 97% used [0x00000000d7080000,0x00000000d71f8010,0x00000000d7200000)
  to   space 4608K, 0% used [0x00000000d6a00000,0x00000000d6a00000,0x00000000d6e80000)
 ParOldGen       total 68608K, used 45900K [0x0000000080000000, 0x0000000084300000, 0x00000000d5580000)
  object space 68608K, 66% used [0x0000000080000000,0x0000000082cd3320,0x0000000084300000)
 Metaspace       used 49472K, committed 50816K, reserved 1114112K
  class space    used 5357K, committed 6016K, reserved 1048576K
}
Event: 4.796 GC heap after
{Heap after GC invocations=29 (full 2):
 PSYoungGen      total 23552K, used 2104K [0x00000000d5580000, 0x00000000d7100000, 0x0000000100000000)
  eden space 20992K, 0% used [0x00000000d5580000,0x00000000d5580000,0x00000000d6a00000)
  from space 2560K, 82% used [0x00000000d6a00000,0x00000000d6c0e200,0x00000000d6c80000)
  to   space 3072K, 0% used [0x00000000d6e00000,0x00000000d6e00000,0x00000000d7100000)
 ParOldGen       total 68608K, used 47428K [0x0000000080000000, 0x0000000084300000, 0x00000000d5580000)
  object space 68608K, 69% used [0x0000000080000000,0x0000000082e51330,0x0000000084300000)
 Metaspace       used 49472K, committed 50816K, reserved 1114112K
  class space    used 5357K, committed 6016K, reserved 1048576K
}
Event: 4.872 GC heap before
{Heap before GC invocations=30 (full 2):
 PSYoungGen      total 23552K, used 23096K [0x00000000d5580000, 0x00000000d7100000, 0x0000000100000000)
  eden space 20992K, 100% used [0x00000000d5580000,0x00000000d6a00000,0x00000000d6a00000)
  from space 2560K, 82% used [0x00000000d6a00000,0x00000000d6c0e200,0x00000000d6c80000)
  to   space 3072K, 0% used [0x00000000d6e00000,0x00000000d6e00000,0x00000000d7100000)
 ParOldGen       total 68608K, used 47428K [0x0000000080000000, 0x0000000084300000, 0x00000000d5580000)
  object space 68608K, 69% used [0x0000000080000000,0x0000000082e51330,0x0000000084300000)
 Metaspace       used 49934K, committed 51200K, reserved 1114112K
  class space    used 5418K, committed 6016K, reserved 1048576K
}
Event: 4.874 GC heap after
{Heap after GC invocations=30 (full 2):
 PSYoungGen      total 23040K, used 1696K [0x00000000d5580000, 0x00000000d7000000, 0x0000000100000000)
  eden space 20992K, 0% used [0x00000000d5580000,0x00000000d5580000,0x00000000d6a00000)
  from space 2048K, 82% used [0x00000000d6e00000,0x00000000d6fa8000,0x00000000d7000000)
  to   space 2048K, 0% used [0x00000000d6c00000,0x00000000d6c00000,0x00000000d6e00000)
 ParOldGen       total 68608K, used 49357K [0x0000000080000000, 0x0000000084300000, 0x00000000d5580000)
  object space 68608K, 71% used [0x0000000080000000,0x0000000083033530,0x0000000084300000)
 Metaspace       used 49934K, committed 51200K, reserved 1114112K
  class space    used 5418K, committed 6016K, reserved 1048576K
}
Event: 5.053 GC heap before
{Heap before GC invocations=31 (full 2):
 PSYoungGen      total 23040K, used 22673K [0x00000000d5580000, 0x00000000d7000000, 0x0000000100000000)
  eden space 20992K, 99% used [0x00000000d5580000,0x00000000d69fc638,0x00000000d6a00000)
  from space 2048K, 82% used [0x00000000d6e00000,0x00000000d6fa8000,0x00000000d7000000)
  to   space 2048K, 0% used [0x00000000d6c00000,0x00000000d6c00000,0x00000000d6e00000)
 ParOldGen       total 68608K, used 49357K [0x0000000080000000, 0x0000000084300000, 0x00000000d5580000)
  object space 68608K, 71% used [0x0000000080000000,0x0000000083033530,0x0000000084300000)
 Metaspace       used 51858K, committed 53248K, reserved 1114112K
  class space    used 5643K, committed 6272K, reserved 1048576K
}
Event: 5.055 GC heap after
{Heap after GC invocations=31 (full 2):
 PSYoungGen      total 22016K, used 724K [0x00000000d5580000, 0x00000000d6e80000, 0x0000000100000000)
  eden space 20992K, 0% used [0x00000000d5580000,0x00000000d5580000,0x00000000d6a00000)
  from space 1024K, 70% used [0x00000000d6c00000,0x00000000d6cb53c8,0x00000000d6d00000)
  to   space 1536K, 0% used [0x00000000d6d00000,0x00000000d6d00000,0x00000000d6e80000)
 ParOldGen       total 68608K, used 50827K [0x0000000080000000, 0x0000000084300000, 0x00000000d5580000)
  object space 68608K, 74% used [0x0000000080000000,0x00000000831a2ca0,0x0000000084300000)
 Metaspace       used 51858K, committed 53248K, reserved 1114112K
  class space    used 5643K, committed 6272K, reserved 1048576K
}

Dll operation events (10 events):
Event: 0.008 Loaded shared library c:\Users\DELL\.vscode\extensions\redhat.java-1.50.0-win32-x64\jre\21.0.9-win32-x86_64\bin\java.dll
Event: 0.064 Loaded shared library c:\Users\DELL\.vscode\extensions\redhat.java-1.50.0-win32-x64\jre\21.0.9-win32-x86_64\bin\zip.dll
Event: 0.079 Loaded shared library C:\Users\DELL\.vscode\extensions\redhat.java-1.50.0-win32-x64\jre\21.0.9-win32-x86_64\bin\instrument.dll
Event: 0.081 Loaded shared library C:\Users\DELL\.vscode\extensions\redhat.java-1.50.0-win32-x64\jre\21.0.9-win32-x86_64\bin\net.dll
Event: 0.082 Loaded shared library C:\Users\DELL\.vscode\extensions\redhat.java-1.50.0-win32-x64\jre\21.0.9-win32-x86_64\bin\nio.dll
Event: 0.084 Loaded shared library C:\Users\DELL\.vscode\extensions\redhat.java-1.50.0-win32-x64\jre\21.0.9-win32-x86_64\bin\zip.dll
Event: 0.095 Loaded shared library C:\Users\DELL\.vscode\extensions\redhat.java-1.50.0-win32-x64\jre\21.0.9-win32-x86_64\bin\jimage.dll
Event: 0.127 Loaded shared library c:\Users\DELL\.vscode\extensions\redhat.java-1.50.0-win32-x64\jre\21.0.9-win32-x86_64\bin\verify.dll
Event: 0.638 Loaded shared library C:\Users\DELL\AppData\Roaming\Code\User\globalStorage\redhat.java\1.50.0\config_win\org.eclipse.equinox.launcher\org.eclipse.equinox.launcher.win32.win32.x86_64_1.2.1400.v20250801-0854\eclipse_11916.dll
Event: 1.363 Loaded shared library C:\Users\DELL\AppData\Local\Temp\jna-2094529\jna4435535047955319413.dll

Deoptimization events (20 events):
Event: 4.859 Thread 0x000001d16ded0fb0 DEOPT PACKING pc=0x000001d150b565a6 sp=0x000000965abfd880
Event: 4.859 Thread 0x000001d16ded0fb0 DEOPT UNPACKING pc=0x000001d1570b4242 sp=0x000000965abfcd70 mode 0
Event: 4.967 Thread 0x000001d16ded0fb0 Uncommon trap: trap_request=0xffffff45 fr.pc=0x000001d157b7e6f8 relative=0x0000000000000e18
Event: 4.967 Thread 0x000001d16ded0fb0 Uncommon trap: reason=unstable_if action=reinterpret pc=0x000001d157b7e6f8 method=java.util.Properties$LineReader.readLine()I @ 182 c2
Event: 4.967 Thread 0x000001d16ded0fb0 DEOPT PACKING pc=0x000001d157b7e6f8 sp=0x000000965abfc670
Event: 4.968 Thread 0x000001d16ded0fb0 DEOPT UNPACKING pc=0x000001d1570b3aa2 sp=0x000000965abfc600 mode 2
Event: 4.996 Thread 0x000001d16cc6ed70 DEOPT PACKING pc=0x000001d14fe7667b sp=0x000000965b0f9780
Event: 4.996 Thread 0x000001d16cc6ed70 DEOPT UNPACKING pc=0x000001d1570b4242 sp=0x000000965b0f8cb8 mode 0
Event: 5.014 Thread 0x000001d16cc6ed70 DEOPT PACKING pc=0x000001d150566e8d sp=0x000000965b0fc890
Event: 5.014 Thread 0x000001d16cc6ed70 DEOPT UNPACKING pc=0x000001d1570b4242 sp=0x000000965b0fbd40 mode 0
Event: 5.020 Thread 0x000001d16cc6ed70 DEOPT PACKING pc=0x000001d1502223b9 sp=0x000000965b0f8c60
Event: 5.020 Thread 0x000001d16cc6ed70 DEOPT UNPACKING pc=0x000001d1570b4242 sp=0x000000965b0f8160 mode 0
Event: 5.025 Thread 0x000001d16cc6ed70 DEOPT PACKING pc=0x000001d150566e8d sp=0x000000965b0f9030
Event: 5.025 Thread 0x000001d16cc6ed70 DEOPT UNPACKING pc=0x000001d1570b4242 sp=0x000000965b0f84e0 mode 0
Event: 5.031 Thread 0x000001d16cc6ed70 DEOPT PACKING pc=0x000001d150566e8d sp=0x000000965b0f9030
Event: 5.031 Thread 0x000001d16cc6ed70 DEOPT UNPACKING pc=0x000001d1570b4242 sp=0x000000965b0f84e0 mode 0
Event: 5.037 Thread 0x000001d16cc6ed70 DEOPT PACKING pc=0x000001d150566e8d sp=0x000000965b0f9030
Event: 5.037 Thread 0x000001d16cc6ed70 DEOPT UNPACKING pc=0x000001d1570b4242 sp=0x000000965b0f84e0 mode 0
Event: 5.066 Thread 0x000001d16cc6ed70 DEOPT PACKING pc=0x000001d1502223b9 sp=0x000000965b0fc410
Event: 5.066 Thread 0x000001d16cc6ed70 DEOPT UNPACKING pc=0x000001d1570b4242 sp=0x000000965b0fb910 mode 0

Classes loaded (20 events):
Event: 4.567 Loading class jdk/internal/jrtfs/JrtFileSystem
Event: 4.567 Loading class jdk/internal/jrtfs/JrtFileSystem done
Event: 4.567 Loading class jdk/internal/jrtfs/JrtPath
Event: 4.567 Loading class jdk/internal/jrtfs/JrtPath done
Event: 4.567 Loading class jdk/internal/jimage/ImageReader$Node
Event: 4.567 Loading class jdk/internal/jimage/ImageReader$Node done
Event: 4.570 Loading class java/nio/ByteBufferAsIntBufferL
Event: 4.570 Loading class java/nio/ByteBufferAsIntBufferL done
Event: 4.571 Loading class jdk/internal/jimage/ImageReader$Directory
Event: 4.571 Loading class jdk/internal/jimage/ImageReader$Directory done
Event: 4.659 Loading class java/util/AbstractList$ListItr
Event: 4.659 Loading class java/util/AbstractList$ListItr done
Event: 4.667 Loading class java/nio/channels/Channels$ReadableByteChannelImpl
Event: 4.667 Loading class java/nio/channels/Channels$ReadableByteChannelImpl done
Event: 4.668 Loading class java/nio/channels/NonWritableChannelException
Event: 4.668 Loading class java/nio/channels/NonWritableChannelException done
Event: 4.708 Loading class java/lang/invoke/MethodHandleImpl$CountingWrapper$1
Event: 4.708 Loading class java/lang/invoke/MethodHandleImpl$CountingWrapper$1 done
Event: 5.065 Loading class java/util/Vector$1
Event: 5.065 Loading class java/util/Vector$1 done

Classes unloaded (7 events):
Event: 1.641 Thread 0x000001d14caaf900 Unloading class 0x000001d1011a5000 'java/lang/invoke/LambdaForm$MH+0x000001d1011a5000'
Event: 1.641 Thread 0x000001d14caaf900 Unloading class 0x000001d1011a4c00 'java/lang/invoke/LambdaForm$MH+0x000001d1011a4c00'
Event: 1.641 Thread 0x000001d14caaf900 Unloading class 0x000001d1011a4800 'java/lang/invoke/LambdaForm$MH+0x000001d1011a4800'
Event: 1.641 Thread 0x000001d14caaf900 Unloading class 0x000001d1011a4400 'java/lang/invoke/LambdaForm$MH+0x000001d1011a4400'
Event: 1.641 Thread 0x000001d14caaf900 Unloading class 0x000001d1011a4000 'java/lang/invoke/LambdaForm$BMH+0x000001d1011a4000'
Event: 1.641 Thread 0x000001d14caaf900 Unloading class 0x000001d1011a3c00 'java/lang/invoke/LambdaForm$DMH+0x000001d1011a3c00'
Event: 1.641 Thread 0x000001d14caaf900 Unloading class 0x000001d1011a2800 'java/lang/invoke/LambdaForm$DMH+0x000001d1011a2800'

Classes redefined (0 events):
No events

Internal exceptions (20 events):
Event: 3.402 Thread 0x000001d16b9ff0d0 Exception <a 'sun/nio/fs/WindowsException'{0x00000000d63f6020}> (0x00000000d63f6020) 
thrown [s\src\hotspot\share\prims\jni.cpp, line 520]
Event: 3.417 Thread 0x000001d16b9ff0d0 Exception <a 'sun/nio/fs/WindowsException'{0x00000000d654cd28}> (0x00000000d654cd28) 
thrown [s\src\hotspot\share\prims\jni.cpp, line 520]
Event: 3.417 Thread 0x000001d16b9ff0d0 Exception <a 'sun/nio/fs/WindowsException'{0x00000000d6554298}> (0x00000000d6554298) 
thrown [s\src\hotspot\share\prims\jni.cpp, line 520]
Event: 3.417 Thread 0x000001d16b9ff0d0 Exception <a 'sun/nio/fs/WindowsException'{0x00000000d655bb38}> (0x00000000d655bb38) 
thrown [s\src\hotspot\share\prims\jni.cpp, line 520]
Event: 3.417 Thread 0x000001d16b9ff0d0 Exception <a 'sun/nio/fs/WindowsException'{0x00000000d6560260}> (0x00000000d6560260) 
thrown [s\src\hotspot\share\prims\jni.cpp, line 520]
Event: 3.428 Thread 0x000001d16b9ff0d0 Exception <a 'sun/nio/fs/WindowsException'{0x00000000d66960d0}> (0x00000000d66960d0) 
thrown [s\src\hotspot\share\prims\jni.cpp, line 520]
Event: 3.428 Thread 0x000001d16b9ff0d0 Exception <a 'sun/nio/fs/WindowsException'{0x00000000d669a998}> (0x00000000d669a998) 
thrown [s\src\hotspot\share\prims\jni.cpp, line 520]
Event: 3.428 Thread 0x000001d16b9ff0d0 Exception <a 'sun/nio/fs/WindowsException'{0x00000000d66a0688}> (0x00000000d66a0688) 
thrown [s\src\hotspot\share\prims\jni.cpp, line 520]
Event: 3.429 Thread 0x000001d16b9ff0d0 Exception <a 'sun/nio/fs/WindowsException'{0x00000000d66a9958}> (0x00000000d66a9958) 
thrown [s\src\hotspot\share\prims\jni.cpp, line 520]
Event: 3.429 Thread 0x000001d16b9ff0d0 Exception <a 'sun/nio/fs/WindowsException'{0x00000000d66b76b0}> (0x00000000d66b76b0) 
thrown [s\src\hotspot\share\prims\jni.cpp, line 520]
Event: 3.429 Thread 0x000001d16b9ff0d0 Exception <a 'sun/nio/fs/WindowsException'{0x00000000d66bc218}> (0x00000000d66bc218) 
thrown [s\src\hotspot\share\prims\jni.cpp, line 520]
Event: 3.429 Thread 0x000001d16b9ff0d0 Exception <a 'sun/nio/fs/WindowsException'{0x00000000d66c0798}> (0x00000000d66c0798) 
thrown [s\src\hotspot\share\prims\jni.cpp, line 520]
Event: 3.441 Thread 0x000001d16ded1cd0 Exception <a 'java/lang/IncompatibleClassChangeError'{0x00000000d5aae188}: Found class java.lang.Object, but interface was expected> (0x00000000d5aae188) 
thrown [s\src\hotspot\share\interpreter\linkResolver.cpp, line 840]
Event: 3.444 Thread 0x000001d16ded1cd0 Exception <a 'java/lang/IncompatibleClassChangeError'{0x00000000d5ad6998}: Found class java.lang.Object, but interface was expected> (0x00000000d5ad6998) 
thrown [s\src\hotspot\share\interpreter\linkResolver.cpp, line 840]
Event: 4.562 Thread 0x000001d16cc70e40 Implicit null exception at 0x000001d157ac3883 to 0x000001d157ac3b04
Event: 4.563 Thread 0x000001d16cc70e40 Exception <a 'java/lang/NoSuchMethodError'{0x00000000d5b96518}: 'java.lang.Object java.lang.invoke.DelegatingMethodHandle$Holder.reinvoke_L(java.lang.Object, int, long, java.lang.Object, java.lang.Object, int, java.lang.Object)'> (0x00000000d5b96518) 
thrown [s\src\hotspot\share\interpreter\linkResolver.cpp, line 773]
Event: 4.995 Thread 0x000001d16ded1cd0 Exception <a 'java/lang/LinkageError'{0x00000000d6029da8}: loader lombok.launch.ShadowClassLoader @6c5fbe70 attempted duplicate class definition for lombok.launch.PatchFixesHider$Transform. (lombok.launch.PatchFixesHider$Transform is in unnamed module of loader lombok.launch.ShadowClassLoader @6c5fbe70, parent loader org.eclipse.osgi.internal.loader.EquinoxClassLoader @605583b0)> (0x00000000d6029da8) 
thrown [s\src\hotspot\share\classfile\systemDictionary.cpp, line 1682]
Event: 4.996 Thread 0x000001d16cc73c30 Exception <a 'java/lang/LinkageError'{0x00000000d605adb8}: loader lombok.launch.ShadowClassLoader @6c5fbe70 attempted duplicate class definition for lombok.launch.PatchFixesHider$Transform. (lombok.launch.PatchFixesHider$Transform is in unnamed module of loader lombok.launch.ShadowClassLoader @6c5fbe70, parent loader org.eclipse.osgi.internal.loader.EquinoxClassLoader @605583b0)> (0x00000000d605adb8) 
thrown [s\src\hotspot\share\classfile\systemDictionary.cpp, line 1682]
Event: 4.996 Thread 0x000001d16ded0fb0 Exception <a 'java/lang/LinkageError'{0x00000000d5fd1380}: loader lombok.launch.ShadowClassLoader @6c5fbe70 attempted duplicate class definition for lombok.launch.PatchFixesHider$Transform. (lombok.launch.PatchFixesHider$Transform is in unnamed module of loader lombok.launch.ShadowClassLoader @6c5fbe70, parent loader org.eclipse.osgi.internal.loader.EquinoxClassLoader @605583b0)> (0x00000000d5fd1380) 
thrown [s\src\hotspot\share\classfile\systemDictionary.cpp, line 1682]
Event: 4.997 Thread 0x000001d16cc70e40 Exception <a 'java/lang/LinkageError'{0x00000000d5e99170}: loader lombok.launch.ShadowClassLoader @6c5fbe70 attempted duplicate class definition for lombok.launch.PatchFixesHider$Transform. (lombok.launch.PatchFixesHider$Transform is in unnamed module of loader lombok.launch.ShadowClassLoader @6c5fbe70, parent loader org.eclipse.osgi.internal.loader.EquinoxClassLoader @605583b0)> (0x00000000d5e99170) 
thrown [s\src\hotspot\share\classfile\systemDictionary.cpp, line 1682]

ZGC Phase Switch (0 events):
No events

VM Operations (20 events):
Event: 4.688 Executing VM operation: ParallelGCFailedAllocation (Allocation Failure)
Event: 4.690 Executing VM operation: ParallelGCFailedAllocation (Allocation Failure) done
Event: 4.712 Executing VM operation: ParallelGCFailedAllocation (Allocation Failure)
Event: 4.714 Executing VM operation: ParallelGCFailedAllocation (Allocation Failure) done
Event: 4.733 Executing VM operation: ParallelGCFailedAllocation (Allocation Failure)
Event: 4.736 Executing VM operation: ParallelGCFailedAllocation (Allocation Failure) done
Event: 4.762 Executing VM operation: ParallelGCFailedAllocation (Allocation Failure)
Event: 4.765 Executing VM operation: ParallelGCFailedAllocation (Allocation Failure) done
Event: 4.794 Executing VM operation: ParallelGCFailedAllocation (Allocation Failure)
Event: 4.796 Executing VM operation: ParallelGCFailedAllocation (Allocation Failure) done
Event: 4.815 Executing VM operation: HandshakeAllThreads (Deoptimize)
Event: 4.815 Executing VM operation: HandshakeAllThreads (Deoptimize) done
Event: 4.834 Executing VM operation: HandshakeAllThreads (Deoptimize)
Event: 4.834 Executing VM operation: HandshakeAllThreads (Deoptimize) done
Event: 4.872 Executing VM operation: ParallelGCFailedAllocation (Allocation Failure)
Event: 4.874 Executing VM operation: ParallelGCFailedAllocation (Allocation Failure) done
Event: 4.952 Executing VM operation: HandshakeAllThreads (Deoptimize)
Event: 4.952 Executing VM operation: HandshakeAllThreads (Deoptimize) done
Event: 5.053 Executing VM operation: ParallelGCFailedAllocation (Allocation Failure)
Event: 5.055 Executing VM operation: ParallelGCFailedAllocation (Allocation Failure) done

Memory protections (0 events):
No events

Nmethod flushes (20 events):
Event: 2.351 Thread 0x000001d14caaf900 flushing  nmethod 0x000001d150297e10
Event: 2.351 Thread 0x000001d14caaf900 flushing  nmethod 0x000001d1502a7710
Event: 2.351 Thread 0x000001d14caaf900 flushing  nmethod 0x000001d1502abb90
Event: 2.351 Thread 0x000001d14caaf900 flushing  nmethod 0x000001d1502ded10
Event: 2.351 Thread 0x000001d14caaf900 flushing  nmethod 0x000001d1502e1790
Event: 2.351 Thread 0x000001d14caaf900 flushing  nmethod 0x000001d1502e2490
Event: 2.351 Thread 0x000001d14caaf900 flushing  nmethod 0x000001d1502e2890
Event: 2.351 Thread 0x000001d14caaf900 flushing  nmethod 0x000001d1502e3a90
Event: 2.351 Thread 0x000001d14caaf900 flushing  nmethod 0x000001d1502e4210
Event: 2.351 Thread 0x000001d14caaf900 flushing  nmethod 0x000001d1502e4b90
Event: 2.351 Thread 0x000001d14caaf900 flushing  nmethod 0x000001d1502e5090
Event: 2.351 Thread 0x000001d14caaf900 flushing  nmethod 0x000001d1502e7110
Event: 2.351 Thread 0x000001d14caaf900 flushing  nmethod 0x000001d1502e8510
Event: 2.351 Thread 0x000001d14caaf900 flushing  nmethod 0x000001d1502ea390
Event: 2.351 Thread 0x000001d14caaf900 flushing  nmethod 0x000001d1502ea990
Event: 2.351 Thread 0x000001d14caaf900 flushing  nmethod 0x000001d15032f390
Event: 2.351 Thread 0x000001d14caaf900 flushing  nmethod 0x000001d15034fc90
Event: 2.351 Thread 0x000001d14caaf900 flushing  nmethod 0x000001d150355010
Event: 2.351 Thread 0x000001d14caaf900 flushing  nmethod 0x000001d1503e2110
Event: 2.351 Thread 0x000001d14caaf900 flushing  nmethod 0x000001d150438b10

Events (20 events):
Event: 2.225 Thread 0x000001d14ca0f3f0 Thread added: 0x000001d16decc0f0
Event: 2.225 Thread 0x000001d14ca0f3f0 Thread added: 0x000001d16decfc00
Event: 2.248 Thread 0x000001d14ca0f3f0 Thread added: 0x000001d16ded0290
Event: 2.389 Thread 0x000001d14ca0f3f0 Thread added: 0x000001d16ded0920
Event: 2.389 Thread 0x000001d14ca0f3f0 Thread added: 0x000001d16ded1cd0
Event: 2.456 Thread 0x000001d16b9ff0d0 Thread added: 0x000001d16ded0fb0
Event: 2.456 Thread 0x000001d16b9ff0d0 Thread added: 0x000001d16ded2360
Event: 2.456 Thread 0x000001d16ded0fb0 Thread added: 0x000001d16ded1640
Event: 2.456 Thread 0x000001d16ded2360 Thread added: 0x000001d16cc70e40
Event: 2.456 Thread 0x000001d16ded1640 Thread added: 0x000001d16cc70120
Event: 2.457 Thread 0x000001d16cc70e40 Thread added: 0x000001d16cc6ed70
Event: 2.457 Thread 0x000001d16cc70120 Thread added: 0x000001d16cc6e6e0
Event: 2.457 Thread 0x000001d16cc6ed70 Thread added: 0x000001d16cc6f400
Event: 2.457 Thread 0x000001d16cc70e40 Thread added: 0x000001d16cc6fa90
Event: 2.457 Thread 0x000001d16cc6e6e0 Thread added: 0x000001d16cc714d0
Event: 2.458 Thread 0x000001d16cc6fa90 Thread added: 0x000001d16cc6e050
Event: 2.458 Thread 0x000001d16cc6f400 Thread added: 0x000001d16cc735a0
Event: 2.458 Thread 0x000001d16cc6e050 Thread added: 0x000001d16cc72f10
Event: 2.458 Thread 0x000001d16cc714d0 Thread added: 0x000001d16cc721f0
Event: 2.459 Thread 0x000001d16cc735a0 Thread added: 0x000001d16cc73c30


Dynamic libraries:
0x00007ff6484c0000 - 0x00007ff6484ce000 	c:\Users\DELL\.vscode\extensions\redhat.java-1.50.0-win32-x64\jre\21.0.9-win32-x86_64\bin\java.exe
0x00007ffd7e440000 - 0x00007ffd7e6a8000 	C:\WINDOWS\SYSTEM32\ntdll.dll
0x00007ffd7d010000 - 0x00007ffd7d0d9000 	C:\WINDOWS\System32\KERNEL32.DLL
0x00007ffd7b710000 - 0x00007ffd7bb08000 	C:\WINDOWS\System32\KERNELBASE.dll
0x00007ffd7bb10000 - 0x00007ffd7bc5b000 	C:\WINDOWS\System32\ucrtbase.dll
0x00007ffd71470000 - 0x00007ffd7148e000 	c:\Users\DELL\.vscode\extensions\redhat.java-1.50.0-win32-x64\jre\21.0.9-win32-x86_64\bin\VCRUNTIME140.dll
0x00007ffd719e0000 - 0x00007ffd719f8000 	c:\Users\DELL\.vscode\extensions\redhat.java-1.50.0-win32-x64\jre\21.0.9-win32-x86_64\bin\jli.dll
0x00007ffd7de00000 - 0x00007ffd7dfc7000 	C:\WINDOWS\System32\USER32.dll
0x00007ffd5d240000 - 0x00007ffd5d4d4000 	C:\WINDOWS\WinSxS\amd64_microsoft.windows.common-controls_6595b64144ccf1df_6.0.26100.7019_none_3e06ffa0e335b8a8\COMCTL32.dll
0x00007ffd7d990000 - 0x00007ffd7da39000 	C:\WINDOWS\System32\msvcrt.dll
0x00007ffd7b6e0000 - 0x00007ffd7b707000 	C:\WINDOWS\System32\win32u.dll
0x00007ffd7ceb0000 - 0x00007ffd7cedb000 	C:\WINDOWS\System32\GDI32.dll
0x00007ffd7bde0000 - 0x00007ffd7bf0c000 	C:\WINDOWS\System32\gdi32full.dll
0x00007ffd7c130000 - 0x00007ffd7c1d3000 	C:\WINDOWS\System32\msvcp_win.dll
0x00007ffd7d950000 - 0x00007ffd7d981000 	C:\WINDOWS\System32\IMM32.DLL
0x00007ffd719d0000 - 0x00007ffd719dc000 	c:\Users\DELL\.vscode\extensions\redhat.java-1.50.0-win32-x64\jre\21.0.9-win32-x86_64\bin\vcruntime140_1.dll
0x00007ffd69680000 - 0x00007ffd6970d000 	c:\Users\DELL\.vscode\extensions\redhat.java-1.50.0-win32-x64\jre\21.0.9-win32-x86_64\bin\msvcp140.dll
0x00007ffccf400000 - 0x00007ffcd01a0000 	c:\Users\DELL\.vscode\extensions\redhat.java-1.50.0-win32-x64\jre\21.0.9-win32-x86_64\bin\server\jvm.dll
0x00007ffd7cdf0000 - 0x00007ffd7cea4000 	C:\WINDOWS\System32\ADVAPI32.dll
0x00007ffd7d7c0000 - 0x00007ffd7d866000 	C:\WINDOWS\System32\sechost.dll
0x00007ffd7dfd0000 - 0x00007ffd7e0e8000 	C:\WINDOWS\System32\RPCRT4.dll
0x00007ffd7dbe0000 - 0x00007ffd7dc54000 	C:\WINDOWS\System32\WS2_32.dll
0x00007ffd74190000 - 0x00007ffd741c5000 	C:\WINDOWS\SYSTEM32\WINMM.dll
0x00007ffd74280000 - 0x00007ffd7428b000 	C:\WINDOWS\SYSTEM32\VERSION.dll
0x00007ffd7a1b0000 - 0x00007ffd7a20e000 	C:\WINDOWS\SYSTEM32\POWRPROF.dll
0x00007ffd7a190000 - 0x00007ffd7a1a4000 	C:\WINDOWS\SYSTEM32\UMPDC.dll
0x00007ffd7a470000 - 0x00007ffd7a48b000 	C:\WINDOWS\SYSTEM32\kernel.appcore.dll
0x00007ffd71580000 - 0x00007ffd7158a000 	c:\Users\DELL\.vscode\extensions\redhat.java-1.50.0-win32-x64\jre\21.0.9-win32-x86_64\bin\jimage.dll
0x00007ffd78c30000 - 0x00007ffd78e72000 	C:\WINDOWS\SYSTEM32\DBGHELP.DLL
0x00007ffd7d3d0000 - 0x00007ffd7d75b000 	C:\WINDOWS\System32\combase.dll
0x00007ffd7d870000 - 0x00007ffd7d947000 	C:\WINDOWS\System32\OLEAUT32.dll
0x00007ffd5d0e0000 - 0x00007ffd5d11c000 	C:\WINDOWS\SYSTEM32\dbgcore.DLL
0x00007ffd7c080000 - 0x00007ffd7c125000 	C:\WINDOWS\System32\bcryptPrimitives.dll
0x00007ffd70db0000 - 0x00007ffd70dbf000 	c:\Users\DELL\.vscode\extensions\redhat.java-1.50.0-win32-x64\jre\21.0.9-win32-x86_64\bin\instrument.dll
0x00007ffd70c60000 - 0x00007ffd70c80000 	c:\Users\DELL\.vscode\extensions\redhat.java-1.50.0-win32-x64\jre\21.0.9-win32-x86_64\bin\java.dll
0x00007ffd7c690000 - 0x00007ffd7cddf000 	C:\WINDOWS\System32\SHELL32.dll
0x00007ffd7bf10000 - 0x00007ffd7c07b000 	C:\WINDOWS\System32\wintypes.dll
0x00007ffd791d0000 - 0x00007ffd79a2d000 	C:\WINDOWS\SYSTEM32\windows.storage.dll
0x00007ffd7d160000 - 0x00007ffd7d252000 	C:\WINDOWS\System32\SHCORE.dll
0x00007ffd7cee0000 - 0x00007ffd7cf47000 	C:\WINDOWS\System32\shlwapi.dll
0x00007ffd7b4b0000 - 0x00007ffd7b4d9000 	C:\WINDOWS\SYSTEM32\profapi.dll
0x00007ffd70c40000 - 0x00007ffd70c58000 	c:\Users\DELL\.vscode\extensions\redhat.java-1.50.0-win32-x64\jre\21.0.9-win32-x86_64\bin\zip.dll
0x00007ffd70c30000 - 0x00007ffd70c40000 	C:\Users\DELL\.vscode\extensions\redhat.java-1.50.0-win32-x64\jre\21.0.9-win32-x86_64\bin\net.dll
0x00007ffd75150000 - 0x00007ffd75278000 	C:\WINDOWS\SYSTEM32\WINHTTP.dll
0x00007ffd7a9e0000 - 0x00007ffd7aa4b000 	C:\WINDOWS\system32\mswsock.dll
0x00007ffd70c10000 - 0x00007ffd70c26000 	C:\Users\DELL\.vscode\extensions\redhat.java-1.50.0-win32-x64\jre\21.0.9-win32-x86_64\bin\nio.dll
0x00007ffd70c00000 - 0x00007ffd70c10000 	c:\Users\DELL\.vscode\extensions\redhat.java-1.50.0-win32-x64\jre\21.0.9-win32-x86_64\bin\verify.dll
0x00007ffd69540000 - 0x00007ffd69584000 	C:\Users\DELL\AppData\Roaming\Code\User\globalStorage\redhat.java\1.50.0\config_win\org.eclipse.equinox.launcher\org.eclipse.equinox.launcher.win32.win32.x86_64_1.2.1400.v20250801-0854\eclipse_11916.dll
0x00007ffd7dc60000 - 0x00007ffd7ddf7000 	C:\WINDOWS\System32\ole32.dll
0x00007ffd7aca0000 - 0x00007ffd7acbb000 	C:\WINDOWS\SYSTEM32\CRYPTSP.dll
0x00007ffd7a3d0000 - 0x00007ffd7a40a000 	C:\WINDOWS\system32\rsaenh.dll
0x00007ffd7aa90000 - 0x00007ffd7aabb000 	C:\WINDOWS\SYSTEM32\USERENV.dll
0x00007ffd7b480000 - 0x00007ffd7b4aa000 	C:\WINDOWS\SYSTEM32\bcrypt.dll
0x00007ffd7acc0000 - 0x00007ffd7accc000 	C:\WINDOWS\SYSTEM32\CRYPTBASE.dll
0x00007ffd79f20000 - 0x00007ffd79f54000 	C:\WINDOWS\SYSTEM32\IPHLPAPI.DLL
0x00007ffd7d7b0000 - 0x00007ffd7d7ba000 	C:\WINDOWS\System32\NSI.dll
0x00007ffd67510000 - 0x00007ffd67559000 	C:\Users\DELL\AppData\Local\Temp\jna-2094529\jna4435535047955319413.dll
0x00007ffd7da40000 - 0x00007ffd7da48000 	C:\WINDOWS\System32\PSAPI.DLL
0x00007ffd754c0000 - 0x00007ffd754de000 	C:\WINDOWS\SYSTEM32\dhcpcsvc6.DLL
0x00007ffd753a0000 - 0x00007ffd753c3000 	C:\WINDOWS\SYSTEM32\dhcpcsvc.DLL

JVMTI agents:
c:\Users\DELL\.vscode\extensions\redhat.java-1.50.0-win32-x64\lombok\lombok-1.18.39-4050.jar path:c:\Users\DELL\.vscode\extensions\redhat.java-1.50.0-win32-x64\jre\21.0.9-win32-x86_64\bin\instrument.dll, loaded, initialized, instrumentlib options:none

dbghelp: loaded successfully - version: 4.0.5 - missing functions: none
symbol engine: initialized successfully - sym options: 0x614 - pdb path: .;c:\Users\DELL\.vscode\extensions\redhat.java-1.50.0-win32-x64\jre\21.0.9-win32-x86_64\bin;C:\WINDOWS\SYSTEM32;C:\WINDOWS\WinSxS\amd64_microsoft.windows.common-controls_6595b64144ccf1df_6.0.26100.7019_none_3e06ffa0e335b8a8;c:\Users\DELL\.vscode\extensions\redhat.java-1.50.0-win32-x64\jre\21.0.9-win32-x86_64\bin\server;C:\Users\DELL\AppData\Roaming\Code\User\globalStorage\redhat.java\1.50.0\config_win\org.eclipse.equinox.launcher\org.eclipse.equinox.launcher.win32.win32.x86_64_1.2.1400.v20250801-0854;C:\Users\DELL\AppData\Local\Temp\jna-2094529

VM Arguments:
jvm_args: --add-modules=ALL-SYSTEM --add-opens=java.base/java.util=ALL-UNNAMED --add-opens=java.base/java.lang=ALL-UNNAMED --add-opens=java.base/sun.nio.fs=ALL-UNNAMED -Declipse.application=org.eclipse.jdt.ls.core.id1 -Dosgi.bundles.defaultStartLevel=4 -Declipse.product=org.eclipse.jdt.ls.core.product -Djava.import.generatesMetadataFilesAtProjectRoot=false -DDetectVMInstallationsJob.disabled=true -Dfile.encoding=utf8 -XX:+UseParallelGC -XX:GCTimeRatio=4 -XX:AdaptiveSizePolicyWeight=90 -Dsun.zip.disableMemoryMapping=true -Xmx2G -Xms100m -Xlog:disable -javaagent:c:\Users\DELL\.vscode\extensions\redhat.java-1.50.0-win32-x64\lombok\lombok-1.18.39-4050.jar -XX:+HeapDumpOnOutOfMemoryError -XX:HeapDumpPath=c:\Users\DELL\AppData\Roaming\Code\User\workspaceStorage\0755037b6897d077e138bb15a92d4421\redhat.java -Daether.dependencyCollector.impl=bf 
java_command: c:\Users\DELL\.vscode\extensions\redhat.java-1.50.0-win32-x64\server\plugins\org.eclipse.equinox.launcher_1.7.100.v20251111-0406.jar -configuration c:\Users\DELL\AppData\Roaming\Code\User\globalStorage\redhat.java\1.50.0\config_win -data c:\Users\DELL\AppData\Roaming\Code\User\workspaceStorage\0755037b6897d077e138bb15a92d4421\redhat.java\jdt_ws --pipe=\\.\pipe\lsp-eb813126fa382516e5343908fe410f4c-sock
java_class_path (initial): c:\Users\DELL\.vscode\extensions\redhat.java-1.50.0-win32-x64\server\plugins\org.eclipse.equinox.launcher_1.7.100.v20251111-0406.jar
Launcher Type: SUN_STANDARD

[Global flags]
    uintx AdaptiveSizePolicyWeight                 = 90                                        {product} {command line}
     intx CICompilerCount                          = 12                                        {product} {ergonomic}
    uintx GCTimeRatio                              = 4                                         {product} {command line}
     bool HeapDumpOnOutOfMemoryError               = true                                   {manageable} {command line}
    ccstr HeapDumpPath                             = c:\Users\DELL\AppData\Roaming\Code\User\workspaceStorage\0755037b6897d077e138bb15a92d4421\redhat.java         {manageable} {command line}
   size_t InitialHeapSize                          = 104857600                                 {product} {command line}
   size_t MaxHeapSize                              = 2147483648                                {product} {command line}
   size_t MaxNewSize                               = 715653120                                 {product} {ergonomic}
   size_t MinHeapDeltaBytes                        = 524288                                    {product} {ergonomic}
   size_t MinHeapSize                              = 104857600                                 {product} {command line}
   size_t NewSize                                  = 34603008                                  {product} {ergonomic}
    uintx NonNMethodCodeHeapSize                   = 7602480                                {pd product} {ergonomic}
    uintx NonProfiledCodeHeapSize                  = 122027880                              {pd product} {ergonomic}
   size_t OldSize                                  = 70254592                                  {product} {ergonomic}
    uintx ProfiledCodeHeapSize                     = 122027880                              {pd product} {ergonomic}
    uintx ReservedCodeCacheSize                    = 251658240                              {pd product} {ergonomic}
     bool SegmentedCodeCache                       = true                                      {product} {ergonomic}
   size_t SoftMaxHeapSize                          = 2147483648                             {manageable} {ergonomic}
     bool UseCompressedOops                        = true                           {product lp64_product} {ergonomic}
     bool UseLargePagesIndividualAllocation        = false                                  {pd product} {ergonomic}
     bool UseParallelGC                            = true                                      {product} {command line}

Logging:
Log output configuration:
 #0: stdout all=off uptime,level,tags foldmultilines=false
 #1: stderr all=off uptime,level,tags foldmultilines=false

Release file:
JAVA_VERSION="21.0.9" 
MODULES="java.base java.compiler java.datatransfer java.xml java.prefs java.desktop java.instrument java.logging java.management java.security.sasl java.naming java.rmi java.management.rmi java.net.http java.scripting java.security.jgss java.transaction.xa java.sql java.sql.rowset java.xml.crypto java.se java.smartcardio jdk.accessibility jdk.internal.jvmstat jdk.attach jdk.charsets jdk.internal.opt jdk.zipfs jdk.compiler jdk.crypto.ec jdk.crypto.cryptoki jdk.crypto.mscapi jdk.dynalink jdk.internal.ed jdk.editpad jdk.hotspot.agent jdk.httpserver jdk.internal.le jdk.internal.vm.ci jdk.internal.vm.compiler jdk.internal.vm.compiler.management jdk.jartool jdk.javadoc jdk.jcmd jdk.management jdk.management.agent jdk.jconsole jdk.jdeps jdk.jdwp.agent jdk.jdi jdk.jfr jdk.jshell jdk.jsobject jdk.jstatd jdk.localedata jdk.management.jfr jdk.naming.dns jdk.naming.rmi jdk.net jdk.nio.mapmode jdk.random jdk.sctp jdk.security.auth jdk.security.jgss jdk.unsupported jdk.unsupported.desktop jdk.xml.dom" 

Environment Variables:
PATH=C:\Program Files\Common Files\Oracle\Java\javapath;C:\Windows\system32;C:\Windows;C:\Windows\System32\Wbem;C:\Windows\System32\WindowsPowerShell\v1.0\;C:\Windows\System32\OpenSSH\;C:\Program Files\dotnet\;C:\Program Files (x86)\NVIDIA Corporation\PhysX\Common;C:\Program Files\NVIDIA Corporation\NVIDIA NvDLISR;C:\Program Files (x86)\Windows Kits\8.1\Windows Performance Toolkit\;C:\Program Files\Microsoft SQL Server\110\Tools\Binn\;C:\Program Files\nodejs\;C:\WINDOWS\system32;C:\WINDOWS;C:\WINDOWS\System32\Wbem;C:\WINDOWS\System32\WindowsPowerShell\v1.0\;C:\WINDOWS\System32\OpenSSH\;C:\Program Files (x86)\MinGW\bin;C:\Program Files\Git\cmd;D:\cursor\resources\app\bin;C:\Users\DELL\AppData\Local\Programs\Python\Python311\Scripts\;C:\Users\DELL\AppData\Local\Programs\Python\Python311\;C:\Users\DELL\AppData\Local\Programs\Python\Python313\Scripts\;C:\Users\DELL\AppData\Local\Programs\Python\Python313\;C:\Users\DELL\AppData\Local\Programs\Python\Launcher\;C:\apache-maven\apache-maven-3.9.5\bin;C:\apache-maven\apache-maven-3.9.5\bin;C:\Program Files\Common Files\Oracle\Java\javapath;C:\Windows\system32;C:\Windows;C:\Windows\System32\Wbem;C:\Windows\System32\WindowsPowerShell\v1.0\;C:\Windows\System32\OpenSSH\;C:\Program Files\dotnet\;C:\Program Files (x86)\NVIDIA Corporation\PhysX\Common;C:\Program Files\NVIDIA Corporation\NVIDIA NvDLISR;C:\Program Files (x86)\Windows Kits\8.1\Windows Performance Toolkit\;C:\Program Files\Microsoft SQL Server\110\Tools\Binn\;C:\Program Files\nodejs\;C:\WINDOWS\system32;C:\WINDOWS;C:\WINDOWS\System32\Wbem;C:\WINDOWS\System32\WindowsPowerShell\v1.0\;C:\WINDOWS\System32\OpenSSH\;C:\Program Files (x86)\MinGW\bin;C:\Program Files\MySQL\MySQL Shell 8.0\bin\;C:\Users\DELL\AppData\Local\Microsoft\WindowsApps;C:\Users\DELL\AppData\Local\Programs\Microsoft VS Code\bin;C:\Users\DELL\AppData\Roaming\npm;C:\Users\DELL\AppData\Local\GitHubDesktop\bin;C:\Program Files (x86)\MinGW\bin;;c:\Users\DELL\AppData\Roaming\Code\User\globalStorage\gith
USERNAME=DELL
OS=Windows_NT
PROCESSOR_IDENTIFIER=Intel64 Family 6 Model 183 Stepping 1, GenuineIntel
TMP=C:\Users\DELL\AppData\Local\Temp
TEMP=C:\Users\DELL\AppData\Local\Temp




Periodic native trim disabled

---------------  S Y S T E M  ---------------

OS:
 Windows 11 , 64 bit Build 26100 (10.0.26100.7019)
OS uptime: 11 days 11:11 hours
Hyper-V role detected

CPU: total 16 (initial active 16) (8 cores per cpu, 2 threads per core) family 6 model 183 stepping 1 microcode 0x12f, cx8, cmov, fxsr, ht, mmx, 3dnowpref, sse, sse2, sse3, ssse3, sse4.1, sse4.2, popcnt, lzcnt, tsc, tscinvbit, avx, avx2, aes, erms, clmul, bmi1, bmi2, adx, sha, fma, vzeroupper, clflush, clflushopt, clwb, hv, serialize, rdtscp, rdpid, fsrm, f16c, cet_ibt, cet_ss
Processor Information for processor 0
  Max Mhz: 2400, Current Mhz: 2400, Mhz Limit: 2400
Processor Information for processor 1
  Max Mhz: 2400, Current Mhz: 2400, Mhz Limit: 2400
Processor Information for processor 2
  Max Mhz: 2400, Current Mhz: 2400, Mhz Limit: 2400
Processor Information for processor 3
  Max Mhz: 2400, Current Mhz: 2400, Mhz Limit: 2400
Processor Information for processor 4
  Max Mhz: 2400, Current Mhz: 2400, Mhz Limit: 2400
Processor Information for processor 5
  Max Mhz: 2400, Current Mhz: 2400, Mhz Limit: 2400
Processor Information for processor 6
  Max Mhz: 2400, Current Mhz: 2400, Mhz Limit: 2400
Processor Information for processor 7
  Max Mhz: 2400, Current Mhz: 2400, Mhz Limit: 2400
Processor Information for processor 8
  Max Mhz: 2400, Current Mhz: 2400, Mhz Limit: 2400
Processor Information for processor 9
  Max Mhz: 2400, Current Mhz: 2400, Mhz Limit: 2400
Processor Information for processor 10
  Max Mhz: 2400, Current Mhz: 2400, Mhz Limit: 2400
Processor Information for processor 11
  Max Mhz: 2400, Current Mhz: 2400, Mhz Limit: 2400
Processor Information for processor 12
  Max Mhz: 2400, Current Mhz: 1466, Mhz Limit: 2400
Processor Information for processor 13
  Max Mhz: 2400, Current Mhz: 2400, Mhz Limit: 2400
Processor Information for processor 14
  Max Mhz: 2400, Current Mhz: 2400, Mhz Limit: 2400
Processor Information for processor 15
  Max Mhz: 2400, Current Mhz: 2400, Mhz Limit: 2400

Memory: 4k page, system-wide physical 7876M (697M free)
TotalPageFile size 32452M (AvailPageFile size 33M)
current process WorkingSet (physical memory assigned to process): 261M, peak: 289M
current process commit charge ("private bytes"): 369M, peak: 397M

vm_info: OpenJDK 64-Bit Server VM (21.0.9+10-LTS) for windows-amd64 JRE (21.0.9+10-LTS), built on 2025-10-21T00:00:00Z by "admin" with unknown MS VC++:1942

END.
