#
# There is insufficient memory for the Java Runtime Environment to continue.
# Native memory allocation (malloc) failed to allocate 1461872 bytes. Error detail: Chunk::new
# Possible reasons:
#   The system is out of physical RAM or swap space
#   This process is running with CompressedOops enabled, and the Java Heap may be blocking the growth of the native heap
# Possible solutions:
#   Reduce memory load on the system
#   Increase physical memory or swap space
#   Check if swap backing store is full
#   Decrease Java heap size (-Xmx/-Xms)
#   Decrease number of Java threads
#   Decrease Java thread stack sizes (-Xss)
#   Set larger code cache with -XX:ReservedCodeCacheSize=
#   JVM is running with Unscaled Compressed Oops mode in which the Java heap is
#     placed in the first 4GB address space. The Java Heap base address is the
#     maximum limit for the native heap growth. Please use -XX:HeapBaseMinAddress
#     to set the Java Heap base and to place the Java Heap above 4GB virtual address.
# This output file may be truncated or incomplete.
#
#  Out of Memory Error (arena.cpp:168), pid=33152, tid=21748
#
# JRE version: OpenJDK Runtime Environment Temurin-21.0.9+10 (21.0.9+10) (build 21.0.9+10-LTS)
# Java VM: OpenJDK 64-Bit Server VM Temurin-21.0.9+10 (21.0.9+10-LTS, mixed mode, sharing, tiered, compressed oops, compressed class ptrs, parallel gc, windows-amd64)
# No core dump will be written. Minidumps are not enabled by default on client versions of Windows
#

---------------  S U M M A R Y ------------

Command Line: --add-modules=ALL-SYSTEM --add-opens=java.base/java.util=ALL-UNNAMED --add-opens=java.base/java.lang=ALL-UNNAMED --add-opens=java.base/sun.nio.fs=ALL-UNNAMED -Declipse.application=org.eclipse.jdt.ls.core.id1 -Dosgi.bundles.defaultStartLevel=4 -Declipse.product=org.eclipse.jdt.ls.core.product -Djava.import.generatesMetadataFilesAtProjectRoot=false -DDetectVMInstallationsJob.disabled=true -Dfile.encoding=utf8 -XX:+UseParallelGC -XX:GCTimeRatio=4 -XX:AdaptiveSizePolicyWeight=90 -Dsun.zip.disableMemoryMapping=true -Xmx2G -Xms100m -Xlog:disable -javaagent:c:\Users\DELL\.vscode\extensions\redhat.java-1.50.0-win32-x64\lombok\lombok-1.18.39-4050.jar c:\Users\DELL\.vscode\extensions\redhat.java-1.50.0-win32-x64\server\plugins\org.eclipse.equinox.launcher_1.7.100.v20251111-0406.jar -configuration c:\Users\DELL\AppData\Roaming\Code\User\globalStorage\redhat.java\1.50.0\config_ss_win -data c:\Users\DELL\AppData\Roaming\Code\User\workspaceStorage\0755037b6897d077e138bb15a92d4421\redhat.java\ss_ws --pipe=\\.\pipe\lsp-af89e201cd29477d74655261d4e37078-sock

Host: 13th Gen Intel(R) Core(TM) i5-13450HX, 16 cores, 7G,  Windows 11 , 64 bit Build 26100 (10.0.26100.7019)
Time: Tue Dec 16 20:28:44 2025 India Standard Time elapsed time: 7.300432 seconds (0d 0h 0m 7s)

---------------  T H R E A D  ---------------

Current thread (0x000001f8df8748d0):  JavaThread "C2 CompilerThread0" daemon [_thread_in_native, id=21748, stack(0x000000c9eb700000,0x000000c9eb800000) (1024K)]


Current CompileTask:
C2:7300 2554       4       org.eclipse.core.internal.resources.SaveManager::readElement (46 bytes)

Stack: [0x000000c9eb700000,0x000000c9eb800000]
Native frames: (J=compiled Java code, j=interpreted, Vv=VM code, C=native code)
V  [jvm.dll+0x6d6e29]
V  [jvm.dll+0x8b4b76]
V  [jvm.dll+0x8b712e]
V  [jvm.dll+0x8b7813]
V  [jvm.dll+0x283d86]
V  [jvm.dll+0xc66ed]
V  [jvm.dll+0xc6c31]
V  [jvm.dll+0x3be53b]
V  [jvm.dll+0x38ab92]
V  [jvm.dll+0x389fda]
V  [jvm.dll+0x24bfa0]
V  [jvm.dll+0x24b580]
V  [jvm.dll+0x1cb13e]
V  [jvm.dll+0x25b29d]
V  [jvm.dll+0x25982a]
V  [jvm.dll+0x3f7ea6]
V  [jvm.dll+0x85e9ad]
V  [jvm.dll+0x6d565d]
C  [ucrtbase.dll+0x37b0]
C  [KERNEL32.DLL+0x2e8d7]
C  [ntdll.dll+0x8c53c]


---------------  P R O C E S S  ---------------

Threads class SMR info:
_java_thread_list=0x000001f8fd89bad0, length=20, elements={
0x000001f8df7c1100, 0x000001f8df8603c0, 0x000001f8df8611d0, 0x000001f8df86def0,
0x000001f8df86e940, 0x000001f8df870150, 0x000001f8df870cd0, 0x000001f8df8748d0,
0x000001f8df8770c0, 0x000001f8f75c1160, 0x000001f8f77881b0, 0x000001f8f77e7890,
0x000001f8f77ea350, 0x000001f8fd21bf80, 0x000001f8fd81f3c0, 0x000001f8fd8cc720,
0x000001f8fda263e0, 0x000001f8f76b1210, 0x000001f8fd9cf220, 0x000001f8fda7f020
}

Java Threads: ( => current thread )
  0x000001f8df7c1100 JavaThread "main"                              [_thread_blocked, id=2344, stack(0x000000c9ead00000,0x000000c9eae00000) (1024K)]
  0x000001f8df8603c0 JavaThread "Reference Handler"          daemon [_thread_blocked, id=17100, stack(0x000000c9eb100000,0x000000c9eb200000) (1024K)]
  0x000001f8df8611d0 JavaThread "Finalizer"                  daemon [_thread_blocked, id=5184, stack(0x000000c9eb200000,0x000000c9eb300000) (1024K)]
  0x000001f8df86def0 JavaThread "Signal Dispatcher"          daemon [_thread_blocked, id=29100, stack(0x000000c9eb300000,0x000000c9eb400000) (1024K)]
  0x000001f8df86e940 JavaThread "Attach Listener"            daemon [_thread_blocked, id=25608, stack(0x000000c9eb400000,0x000000c9eb500000) (1024K)]
  0x000001f8df870150 JavaThread "Service Thread"             daemon [_thread_blocked, id=19920, stack(0x000000c9eb500000,0x000000c9eb600000) (1024K)]
  0x000001f8df870cd0 JavaThread "Monitor Deflation Thread"   daemon [_thread_blocked, id=8756, stack(0x000000c9eb600000,0x000000c9eb700000) (1024K)]
=>0x000001f8df8748d0 JavaThread "C2 CompilerThread0"         daemon [_thread_in_native, id=21748, stack(0x000000c9eb700000,0x000000c9eb800000) (1024K)]
  0x000001f8df8770c0 JavaThread "C1 CompilerThread0"         daemon [_thread_blocked, id=23016, stack(0x000000c9eb800000,0x000000c9eb900000) (1024K)]
  0x000001f8f75c1160 JavaThread "C1 CompilerThread1"         daemon [_thread_blocked, id=10792, stack(0x000000c9eb900000,0x000000c9eba00000) (1024K)]
  0x000001f8f77881b0 JavaThread "Common-Cleaner"             daemon [_thread_blocked, id=13660, stack(0x000000c9ebb00000,0x000000c9ebc00000) (1024K)]
  0x000001f8f77e7890 JavaThread "C1 CompilerThread2"         daemon [_thread_blocked, id=16016, stack(0x000000c9ebc00000,0x000000c9ebd00000) (1024K)]
  0x000001f8f77ea350 JavaThread "C1 CompilerThread3"         daemon [_thread_blocked, id=17208, stack(0x000000c9ebd00000,0x000000c9ebe00000) (1024K)]
  0x000001f8fd21bf80 JavaThread "Notification Thread"        daemon [_thread_blocked, id=18188, stack(0x000000c9ebe00000,0x000000c9ebf00000) (1024K)]
  0x000001f8fd81f3c0 JavaThread "Active Thread: Equinox Container: fdfda716-de90-4068-b4de-395148c6d8e0"        [_thread_blocked, id=31112, stack(0x000000c9ec500000,0x000000c9ec600000) (1024K)]
  0x000001f8fd8cc720 JavaThread "Framework Event Dispatcher: Equinox Container: fdfda716-de90-4068-b4de-395148c6d8e0" daemon [_thread_blocked, id=17656, stack(0x000000c9ec600000,0x000000c9ec700000) (1024K)]
  0x000001f8fda263e0 JavaThread "Start Level: Equinox Container: fdfda716-de90-4068-b4de-395148c6d8e0" daemon [_thread_in_native, id=21736, stack(0x000000c9ec800000,0x000000c9ec900000) (1024K)]
  0x000001f8f76b1210 JavaThread "SCR Component Actor"        daemon [_thread_blocked, id=29196, stack(0x000000c9eba00000,0x000000c9ebb00000) (1024K)]
  0x000001f8fd9cf220 JavaThread "C2 CompilerThread1"         daemon [_thread_in_native, id=26916, stack(0x000000c9ec900000,0x000000c9eca00000) (1024K)]
  0x000001f8fda7f020 JavaThread "Worker-JM"                         [_thread_blocked, id=33516, stack(0x000000c9eca00000,0x000000c9ecb00000) (1024K)]
Total: 20

Other Threads:
  0x000001f8df754920 VMThread "VM Thread"                           [id=32600, stack(0x000000c9eb000000,0x000000c9eb100000) (1024K)]
  0x000001f8df64ca00 WatcherThread "VM Periodic Task Thread"        [id=30612, stack(0x000000c9eaf00000,0x000000c9eb000000) (1024K)]
  0x000001f8df7e07e0 WorkerThread "GC Thread#0"                     [id=17768, stack(0x000000c9eae00000,0x000000c9eaf00000) (1024K)]
  0x000001f8fd56c480 WorkerThread "GC Thread#1"                     [id=28544, stack(0x000000c9ebf00000,0x000000c9ec000000) (1024K)]
  0x000001f8fd68be50 WorkerThread "GC Thread#2"                     [id=32012, stack(0x000000c9ec000000,0x000000c9ec100000) (1024K)]
  0x000001f8fd146600 WorkerThread "GC Thread#3"                     [id=20140, stack(0x000000c9ec100000,0x000000c9ec200000) (1024K)]
  0x000001f8fd1469a0 WorkerThread "GC Thread#4"                     [id=15912, stack(0x000000c9ec200000,0x000000c9ec300000) (1024K)]
  0x000001f8fd059c10 WorkerThread "GC Thread#5"                     [id=25628, stack(0x000000c9ec300000,0x000000c9ec400000) (1024K)]
  0x000001f8fd05a3b0 WorkerThread "GC Thread#6"                     [id=30888, stack(0x000000c9ec400000,0x000000c9ec500000) (1024K)]
  0x000001f8fd4bef40 WorkerThread "GC Thread#7"                     [id=4708, stack(0x000000c9ec700000,0x000000c9ec800000) (1024K)]
  0x000001f8fd4bfa20 WorkerThread "GC Thread#8"                     [id=33460, stack(0x000000c9ecb00000,0x000000c9ecc00000) (1024K)]
  0x000001f8fd4c0500 WorkerThread "GC Thread#9"                     [id=32976, stack(0x000000c9ecc00000,0x000000c9ecd00000) (1024K)]
Total: 12

Threads with active compile tasks:
C2 CompilerThread0  7339 2554       4       org.eclipse.core.internal.resources.SaveManager::readElement (46 bytes)
C2 CompilerThread1  7339 2603 %     4       java.util.Properties$LineReader::readLine @ 224 (584 bytes)
Total: 2

VM state: not at safepoint (normal execution)

VM Mutex/Monitor currently owned by a thread: None

Heap address: 0x0000000080000000, size: 2048 MB, Compressed Oops mode: 32-bit

CDS archive(s) mapped at: [0x000001f880000000-0x000001f880ba0000-0x000001f880ba0000), size 12189696, SharedBaseAddress: 0x000001f880000000, ArchiveRelocationMode: 1.
Compressed class space mapped at: 0x000001f881000000-0x000001f8c1000000, reserved size: 1073741824
Narrow klass base: 0x000001f880000000, Narrow klass shift: 0, Narrow klass range: 0x100000000

GC Precious Log:
 CardTable entry size: 512
 CPUs: 16 total, 16 available
 Memory: 7876M
 Large Page Support: Disabled
 NUMA Support: Disabled
 Compressed Oops: Enabled (32-bit)
 Alignments: Space 512K, Generation 512K, Heap 2M
 Heap Min Capacity: 100M
 Heap Initial Capacity: 100M
 Heap Max Capacity: 2G
 Pre-touch: Disabled
 Parallel Workers: 13

Heap:
 PSYoungGen      total 29696K, used 22569K [0x00000000d5580000, 0x00000000d7680000, 0x0000000100000000)
  eden space 25600K, 72% used [0x00000000d5580000,0x00000000d678cc60,0x00000000d6e80000)
  from space 4096K, 99% used [0x00000000d6e80000,0x00000000d727daa0,0x00000000d7280000)
  to   space 4096K, 0% used [0x00000000d7280000,0x00000000d7280000,0x00000000d7680000)
 ParOldGen       total 68608K, used 2548K [0x0000000080000000, 0x0000000084300000, 0x00000000d5580000)
  object space 68608K, 3% used [0x0000000080000000,0x000000008027d1e8,0x0000000084300000)
 Metaspace       used 15052K, committed 15616K, reserved 1114112K
  class space    used 1581K, committed 1856K, reserved 1048576K

Card table byte_map: [0x000001f8df160000,0x000001f8df570000] _byte_map_base: 0x000001f8ded60000

Marking Bits: (ParMarkBitMap*) 0x00007ffc51582460
 Begin Bits: [0x000001f8f1c70000, 0x000001f8f3c70000)
 End Bits:   [0x000001f8f3c70000, 0x000001f8f5c70000)

Polling page: 0x000001f8dd3d0000

Metaspace:

Usage:
  Non-class:     13.16 MB used.
      Class:      1.54 MB used.
       Both:     14.70 MB used.

Virtual space:
  Non-class space:       64.00 MB reserved,      13.44 MB ( 21%) committed,  1 nodes.
      Class space:        1.00 GB reserved,       1.81 MB ( <1%) committed,  1 nodes.
             Both:        1.06 GB reserved,      15.25 MB (  1%) committed. 

Chunk freelists:
   Non-Class:  1.95 MB
       Class:  14.01 MB
        Both:  15.96 MB

MaxMetaspaceSize: unlimited
CompressedClassSpaceSize: 1.00 GB
Initial GC threshold: 21.00 MB
Current GC threshold: 21.00 MB
CDS: on
 - commit_granule_bytes: 65536.
 - commit_granule_words: 8192.
 - virtual_space_node_default_size: 8388608.
 - enlarge_chunks_in_place: 1.
 - use_allocation_guard: 0.


Internal statistics:

num_allocs_failed_limit: 0.
num_arena_births: 422.
num_arena_deaths: 0.
num_vsnodes_births: 2.
num_vsnodes_deaths: 0.
num_space_committed: 244.
num_space_uncommitted: 0.
num_chunks_returned_to_freelist: 0.
num_chunks_taken_from_freelist: 966.
num_chunk_merges: 0.
num_chunk_splits: 605.
num_chunks_enlarged: 372.
num_inconsistent_stats: 0.

CodeHeap 'non-profiled nmethods': size=119168Kb used=1067Kb max_used=1067Kb free=118100Kb
 bounds [0x000001f8ea560000, 0x000001f8ea7d0000, 0x000001f8f19c0000]
CodeHeap 'profiled nmethods': size=119104Kb used=5088Kb max_used=5088Kb free=114015Kb
 bounds [0x000001f8e29c0000, 0x000001f8e2ec0000, 0x000001f8e9e10000]
CodeHeap 'non-nmethods': size=7488Kb used=2963Kb max_used=2999Kb free=4524Kb
 bounds [0x000001f8e9e10000, 0x000001f8ea110000, 0x000001f8ea560000]
CodeCache: size=245760Kb, used=9118Kb, max_used=9154Kb, free=236639Kb
 total_blobs=3161, nmethods=2613, adapters=451, full_count=0
Compilation: enabled, stopped_count=0, restarted_count=0

Compilation events (20 events):
Event: 3.213 Thread 0x000001f8f77ea350 nmethod 2595% 0x000001f8e2ea4d90 code [0x000001f8e2ea4fc0, 0x000001f8e2ea5a60]
Event: 3.222 Thread 0x000001f8f77ea350 2597       3       java.util.jar.Manifest$FastInputStream::peek (38 bytes)
Event: 3.222 Thread 0x000001f8f75c1160 2598   !   3       java.util.jar.Attributes::read (494 bytes)
Event: 3.222 Thread 0x000001f8df8770c0 2599       3       java.util.jar.Manifest$FastInputStream::readLine (296 bytes)
Event: 3.222 Thread 0x000001f8f77ea350 nmethod 2597 0x000001f8e2ea5e10 code [0x000001f8e2ea5fc0, 0x000001f8e2ea61d0]
Event: 3.223 Thread 0x000001f8df8770c0 nmethod 2599 0x000001f8e2ea6310 code [0x000001f8e2ea6540, 0x000001f8e2ea6da8]
Event: 3.226 Thread 0x000001f8f75c1160 nmethod 2598 0x000001f8e2ea7110 code [0x000001f8e2ea78a0, 0x000001f8e2eab530]
Event: 3.237 Thread 0x000001f8f77ea350 2600   !   3       java.lang.invoke.MethodHandleNatives::linkMethodHandleConstant (50 bytes)
Event: 3.238 Thread 0x000001f8f75c1160 2601       3       java.lang.invoke.MethodHandles$Lookup::linkMethodHandleConstant (223 bytes)
Event: 3.238 Thread 0x000001f8f77e7890 2602       3       java.lang.invoke.DirectMethodHandle$Holder::invokeStatic (15 bytes)
Event: 3.238 Thread 0x000001f8f77ea350 nmethod 2600 0x000001f8e2eace90 code [0x000001f8e2ead060, 0x000001f8e2ead268]
Event: 3.239 Thread 0x000001f8f77e7890 nmethod 2602 0x000001f8e2ead410 code [0x000001f8e2ead5e0, 0x000001f8e2eadb40]
Event: 3.241 Thread 0x000001f8f75c1160 nmethod 2601 0x000001f8e2eadc90 code [0x000001f8e2eae080, 0x000001f8e2eaf830]
Event: 3.245 Thread 0x000001f8f75c1160 2604       3       java.lang.invoke.LambdaForm$MH/0x000001f881019c00::invoke (25 bytes)
Event: 3.246 Thread 0x000001f8f75c1160 nmethod 2604 0x000001f8e2eaff90 code [0x000001f8e2eb0160, 0x000001f8e2eb06a0]
Event: 3.485 Thread 0x000001f8df8770c0 2605       3       java.util.concurrent.Semaphore$NonfairSync::tryAcquireShared (6 bytes)
Event: 3.485 Thread 0x000001f8f77e7890 2606       3       java.util.concurrent.Semaphore$Sync::nonfairTryAcquireShared (27 bytes)
Event: 6.284 Thread 0x000001f8df8770c0 nmethod 2605 0x000001f8e2eb0810 code [0x000001f8e2eb09c0, 0x000001f8e2eb0af8]
Event: 6.284 Thread 0x000001f8f77e7890 nmethod 2606 0x000001f8e2eb0b90 code [0x000001f8e2eb0d40, 0x000001f8e2eb0f90]
Event: 6.796 Thread 0x000001f8f77ea350 2607       3       org.eclipse.osgi.internal.framework.FilterImpl$Item::matches0 (15 bytes)

GC Heap History (6 events):
Event: 0.886 GC heap before
{Heap before GC invocations=1 (full 0):
 PSYoungGen      total 29696K, used 25600K [0x00000000d5580000, 0x00000000d7680000, 0x0000000100000000)
  eden space 25600K, 100% used [0x00000000d5580000,0x00000000d6e80000,0x00000000d6e80000)
  from space 4096K, 0% used [0x00000000d7280000,0x00000000d7280000,0x00000000d7680000)
  to   space 4096K, 0% used [0x00000000d6e80000,0x00000000d6e80000,0x00000000d7280000)
 ParOldGen       total 68608K, used 0K [0x0000000080000000, 0x0000000084300000, 0x00000000d5580000)
  object space 68608K, 0% used [0x0000000080000000,0x0000000080000000,0x0000000084300000)
 Metaspace       used 4137K, committed 4416K, reserved 1114112K
  class space    used 452K, committed 576K, reserved 1048576K
}
Event: 0.893 GC heap after
{Heap after GC invocations=1 (full 0):
 PSYoungGen      total 29696K, used 3707K [0x00000000d5580000, 0x00000000d7680000, 0x0000000100000000)
  eden space 25600K, 0% used [0x00000000d5580000,0x00000000d5580000,0x00000000d6e80000)
  from space 4096K, 90% used [0x00000000d6e80000,0x00000000d721eff8,0x00000000d7280000)
  to   space 4096K, 0% used [0x00000000d7280000,0x00000000d7280000,0x00000000d7680000)
 ParOldGen       total 68608K, used 16K [0x0000000080000000, 0x0000000084300000, 0x00000000d5580000)
  object space 68608K, 0% used [0x0000000080000000,0x0000000080004000,0x0000000084300000)
 Metaspace       used 4137K, committed 4416K, reserved 1114112K
  class space    used 452K, committed 576K, reserved 1048576K
}
Event: 1.487 GC heap before
{Heap before GC invocations=2 (full 0):
 PSYoungGen      total 29696K, used 29307K [0x00000000d5580000, 0x00000000d7680000, 0x0000000100000000)
  eden space 25600K, 100% used [0x00000000d5580000,0x00000000d6e80000,0x00000000d6e80000)
  from space 4096K, 90% used [0x00000000d6e80000,0x00000000d721eff8,0x00000000d7280000)
  to   space 4096K, 0% used [0x00000000d7280000,0x00000000d7280000,0x00000000d7680000)
 ParOldGen       total 68608K, used 16K [0x0000000080000000, 0x0000000084300000, 0x00000000d5580000)
  object space 68608K, 0% used [0x0000000080000000,0x0000000080004000,0x0000000084300000)
 Metaspace       used 8005K, committed 8320K, reserved 1114112K
  class space    used 838K, committed 960K, reserved 1048576K
}
Event: 1.491 GC heap after
{Heap after GC invocations=2 (full 0):
 PSYoungGen      total 29696K, used 4086K [0x00000000d5580000, 0x00000000d7680000, 0x0000000100000000)
  eden space 25600K, 0% used [0x00000000d5580000,0x00000000d5580000,0x00000000d6e80000)
  from space 4096K, 99% used [0x00000000d7280000,0x00000000d767d810,0x00000000d7680000)
  to   space 4096K, 0% used [0x00000000d6e80000,0x00000000d6e80000,0x00000000d7280000)
 ParOldGen       total 68608K, used 801K [0x0000000080000000, 0x0000000084300000, 0x00000000d5580000)
  object space 68608K, 1% used [0x0000000080000000,0x00000000800c86a8,0x0000000084300000)
 Metaspace       used 8005K, committed 8320K, reserved 1114112K
  class space    used 838K, committed 960K, reserved 1048576K
}
Event: 1.920 GC heap before
{Heap before GC invocations=3 (full 0):
 PSYoungGen      total 29696K, used 29686K [0x00000000d5580000, 0x00000000d7680000, 0x0000000100000000)
  eden space 25600K, 100% used [0x00000000d5580000,0x00000000d6e80000,0x00000000d6e80000)
  from space 4096K, 99% used [0x00000000d7280000,0x00000000d767d810,0x00000000d7680000)
  to   space 4096K, 0% used [0x00000000d6e80000,0x00000000d6e80000,0x00000000d7280000)
 ParOldGen       total 68608K, used 801K [0x0000000080000000, 0x0000000084300000, 0x00000000d5580000)
  object space 68608K, 1% used [0x0000000080000000,0x00000000800c86a8,0x0000000084300000)
 Metaspace       used 12755K, committed 13248K, reserved 1114112K
  class space    used 1354K, committed 1600K, reserved 1048576K
}
Event: 1.925 GC heap after
{Heap after GC invocations=3 (full 0):
 PSYoungGen      total 29696K, used 4086K [0x00000000d5580000, 0x00000000d7680000, 0x0000000100000000)
  eden space 25600K, 0% used [0x00000000d5580000,0x00000000d5580000,0x00000000d6e80000)
  from space 4096K, 99% used [0x00000000d6e80000,0x00000000d727daa0,0x00000000d7280000)
  to   space 4096K, 0% used [0x00000000d7280000,0x00000000d7280000,0x00000000d7680000)
 ParOldGen       total 68608K, used 2548K [0x0000000080000000, 0x0000000084300000, 0x00000000d5580000)
  object space 68608K, 3% used [0x0000000080000000,0x000000008027d1e8,0x0000000084300000)
 Metaspace       used 12755K, committed 13248K, reserved 1114112K
  class space    used 1354K, committed 1600K, reserved 1048576K
}

Dll operation events (9 events):
Event: 0.044 Loaded shared library c:\Users\DELL\.vscode\extensions\redhat.java-1.50.0-win32-x64\jre\21.0.9-win32-x86_64\bin\java.dll
Event: 0.168 Loaded shared library c:\Users\DELL\.vscode\extensions\redhat.java-1.50.0-win32-x64\jre\21.0.9-win32-x86_64\bin\zip.dll
Event: 0.193 Loaded shared library C:\Users\DELL\.vscode\extensions\redhat.java-1.50.0-win32-x64\jre\21.0.9-win32-x86_64\bin\instrument.dll
Event: 0.202 Loaded shared library C:\Users\DELL\.vscode\extensions\redhat.java-1.50.0-win32-x64\jre\21.0.9-win32-x86_64\bin\net.dll
Event: 0.207 Loaded shared library C:\Users\DELL\.vscode\extensions\redhat.java-1.50.0-win32-x64\jre\21.0.9-win32-x86_64\bin\nio.dll
Event: 0.211 Loaded shared library C:\Users\DELL\.vscode\extensions\redhat.java-1.50.0-win32-x64\jre\21.0.9-win32-x86_64\bin\zip.dll
Event: 0.238 Loaded shared library C:\Users\DELL\.vscode\extensions\redhat.java-1.50.0-win32-x64\jre\21.0.9-win32-x86_64\bin\jimage.dll
Event: 0.339 Loaded shared library c:\Users\DELL\.vscode\extensions\redhat.java-1.50.0-win32-x64\jre\21.0.9-win32-x86_64\bin\verify.dll
Event: 1.499 Loaded shared library C:\Users\DELL\AppData\Roaming\Code\User\globalStorage\redhat.java\1.50.0\config_ss_win\org.eclipse.equinox.launcher\org.eclipse.equinox.launcher.win32.win32.x86_64_1.2.1400.v20250801-0854\eclipse_11916.dll

Deoptimization events (20 events):
Event: 2.150 Thread 0x000001f8fda263e0 Uncommon trap: trap_request=0xffffff45 fr.pc=0x000001f8ea6131ec relative=0x000000000000004c
Event: 2.150 Thread 0x000001f8fda263e0 Uncommon trap: reason=unstable_if action=reinterpret pc=0x000001f8ea6131ec method=sun.nio.fs.WindowsPathParser.isSlash(C)Z @ 9 c2
Event: 2.150 Thread 0x000001f8fda263e0 DEOPT PACKING pc=0x000001f8ea6131ec sp=0x000000c9ec8f9230
Event: 2.150 Thread 0x000001f8fda263e0 DEOPT UNPACKING pc=0x000001f8e9e63aa2 sp=0x000000c9ec8f91b8 mode 2
Event: 2.156 Thread 0x000001f8fda263e0 Uncommon trap: trap_request=0xffffff45 fr.pc=0x000001f8ea65a7bc relative=0x000000000000009c
Event: 2.156 Thread 0x000001f8fda263e0 Uncommon trap: reason=unstable_if action=reinterpret pc=0x000001f8ea65a7bc method=org.eclipse.core.runtime.Path.<init>(Ljava/lang/String;[Ljava/lang/String;I)V @ 9 c2
Event: 2.156 Thread 0x000001f8fda263e0 DEOPT PACKING pc=0x000001f8ea65a7bc sp=0x000000c9ec8f9760
Event: 2.156 Thread 0x000001f8fda263e0 DEOPT UNPACKING pc=0x000001f8e9e63aa2 sp=0x000000c9ec8f9708 mode 2
Event: 2.168 Thread 0x000001f8fda263e0 Uncommon trap: trap_request=0xffffff45 fr.pc=0x000001f8ea65a074 relative=0x00000000000000d4
Event: 2.168 Thread 0x000001f8fda263e0 Uncommon trap: reason=unstable_if action=reinterpret pc=0x000001f8ea65a074 method=org.eclipse.core.runtime.Path.equals(Ljava/lang/Object;)Z @ 61 c2
Event: 2.168 Thread 0x000001f8fda263e0 DEOPT PACKING pc=0x000001f8ea65a074 sp=0x000000c9ec8f96c0
Event: 2.168 Thread 0x000001f8fda263e0 DEOPT UNPACKING pc=0x000001f8e9e63aa2 sp=0x000000c9ec8f9638 mode 2
Event: 3.199 Thread 0x000001f8fda263e0 Uncommon trap: trap_request=0xffffff45 fr.pc=0x000001f8ea5daf24 relative=0x0000000000000464
Event: 3.199 Thread 0x000001f8fda263e0 Uncommon trap: reason=unstable_if action=reinterpret pc=0x000001f8ea5daf24 method=java.io.BufferedInputStream.implRead([BII)I @ 55 c2
Event: 3.199 Thread 0x000001f8fda263e0 DEOPT PACKING pc=0x000001f8ea5daf24 sp=0x000000c9ec8f90e0
Event: 3.199 Thread 0x000001f8fda263e0 DEOPT UNPACKING pc=0x000001f8e9e63aa2 sp=0x000000c9ec8f90b8 mode 2
Event: 6.304 Thread 0x000001f8fda263e0 Uncommon trap: trap_request=0xffffff45 fr.pc=0x000001f8ea598da0 relative=0x0000000000000680
Event: 6.304 Thread 0x000001f8fda263e0 Uncommon trap: reason=unstable_if action=reinterpret pc=0x000001f8ea598da0 method=java.lang.String.replace(Ljava/lang/CharSequence;Ljava/lang/CharSequence;)Ljava/lang/String; @ 42 c2
Event: 6.304 Thread 0x000001f8fda263e0 DEOPT PACKING pc=0x000001f8ea598da0 sp=0x000000c9ec8f79a0
Event: 7.298 Thread 0x000001f8fda263e0 DEOPT UNPACKING pc=0x000001f8e9e63aa2 sp=0x000000c9ec8f7920 mode 2

Classes loaded (20 events):
Event: 3.184 Loading class jdk/xml/internal/XMLSecurityManager$NameMap
Event: 3.184 Loading class jdk/xml/internal/XMLSecurityManager$NameMap done
Event: 3.185 Loading class com/sun/org/apache/xerces/internal/jaxp/DocumentBuilderImpl
Event: 3.186 Loading class javax/xml/parsers/DocumentBuilder
Event: 3.186 Loading class javax/xml/parsers/DocumentBuilder done
Event: 3.186 Loading class com/sun/org/apache/xerces/internal/jaxp/DocumentBuilderImpl done
Event: 3.187 Loading class com/sun/org/apache/xerces/internal/parsers/DOMParser
Event: 3.187 Loading class com/sun/org/apache/xerces/internal/parsers/AbstractDOMParser
Event: 3.189 Loading class com/sun/org/apache/xerces/internal/parsers/AbstractDOMParser done
Event: 3.189 Loading class com/sun/org/apache/xerces/internal/parsers/DOMParser done
Event: 3.243 Loading class jdk/internal/logger/LoggerFinderLoader
Event: 3.244 Loading class jdk/internal/logger/LoggerFinderLoader done
Event: 3.244 Loading class jdk/internal/logger/LoggerFinderLoader$TemporaryLoggerFinder
Event: 3.244 Loading class jdk/internal/logger/LoggerFinderLoader$TemporaryLoggerFinder done
Event: 3.245 Loading class sun/util/logging/internal/LoggingProviderImpl$JULWrapper
Event: 3.245 Loading class sun/util/logging/internal/LoggingProviderImpl$JULWrapper done
Event: 6.290 Loading class java/nio/charset/IllegalCharsetNameException
Event: 6.290 Loading class java/nio/charset/IllegalCharsetNameException done
Event: 6.291 Loading class java/nio/charset/UnsupportedCharsetException
Event: 6.291 Loading class java/nio/charset/UnsupportedCharsetException done

Classes unloaded (0 events):
No events

Classes redefined (0 events):
No events

Internal exceptions (20 events):
Event: 1.325 Thread 0x000001f8df7c1100 Exception <a 'java/lang/NoSuchMethodError'{0x00000000d660de80}: 'int java.lang.invoke.DirectMethodHandle$Holder.invokeStaticInit(java.lang.Object, java.lang.Object)'> (0x00000000d660de80) 
thrown [s\src\hotspot\share\interpreter\linkResolver.cpp, line 773]
Event: 1.363 Thread 0x000001f8df7c1100 Exception <a 'java/lang/NoSuchMethodError'{0x00000000d6863c48}: 'java.lang.Object java.lang.invoke.DirectMethodHandle$Holder.newInvokeSpecial(java.lang.Object, int, java.lang.Object)'> (0x00000000d6863c48) 
thrown [s\src\hotspot\share\interpreter\linkResolver.cpp, line 773]
Event: 1.399 Thread 0x000001f8df7c1100 Exception <a 'java/lang/ClassNotFoundException'{0x00000000d6a7e868}: sun/net/www/protocol/plurl/Handler> (0x00000000d6a7e868) 
thrown [s\src\hotspot\share\classfile\systemDictionary.cpp, line 312]
Event: 1.399 Thread 0x000001f8df7c1100 Exception <a 'java/lang/ClassNotFoundException'{0x00000000d6a7f6e8}: sun/net/www/protocol/plurl/Handler> (0x00000000d6a7f6e8) 
thrown [s\src\hotspot\share\classfile\systemDictionary.cpp, line 312]
Event: 1.495 Thread 0x000001f8df7c1100 Exception <a 'java/lang/UnsatisfiedLinkError'{0x00000000d55930b0}: 'void org.eclipse.equinox.launcher.JNIBridge._update_splash()'> (0x00000000d55930b0) 
thrown [s\src\hotspot\share\prims\nativeLookup.cpp, line 415]
Event: 1.558 Thread 0x000001f8fda263e0 Exception <a 'java/lang/NullPointerException'{0x00000000d5962750}> (0x00000000d5962750) 
thrown [s\src\hotspot\share\interpreter\linkResolver.cpp, line 1372]
Event: 1.558 Thread 0x000001f8fda263e0 Exception <a 'java/lang/NullPointerException'{0x00000000d5962a30}> (0x00000000d5962a30) 
thrown [s\src\hotspot\share\interpreter\linkResolver.cpp, line 1372]
Event: 1.711 Thread 0x000001f8fda263e0 Exception <a 'java/lang/NoSuchMethodError'{0x00000000d627da18}: 'long java.lang.invoke.DirectMethodHandle$Holder.invokeSpecial(java.lang.Object, java.lang.Object)'> (0x00000000d627da18) 
thrown [s\src\hotspot\share\interpreter\linkResolver.cpp, line 773]
Event: 1.752 Thread 0x000001f8fda263e0 Exception <a 'java/io/FileNotFoundException'{0x00000000d6495198}> (0x00000000d6495198) 
thrown [s\src\hotspot\share\prims\jni.cpp, line 520]
Event: 1.820 Thread 0x000001f8fda263e0 Exception <a 'java/lang/NoSuchMethodError'{0x00000000d67841b8}: 'java.lang.Object java.lang.invoke.Invokers$Holder.linkToTargetMethod(java.lang.Object, long, java.lang.Object)'> (0x00000000d67841b8) 
thrown [s\src\hotspot\share\interpreter\linkResolver.cpp, line 773]
Event: 1.868 Thread 0x000001f8fda263e0 Exception <a 'java/lang/NoSuchMethodError'{0x00000000d6b238f8}: 'void java.lang.invoke.DirectMethodHandle$Holder.invokeInterface(java.lang.Object, java.lang.Object, java.lang.Object)'> (0x00000000d6b238f8) 
thrown [s\src\hotspot\share\interpreter\linkResolver.cpp, line 773]
Event: 1.894 Thread 0x000001f8fda263e0 Exception <a 'java/lang/NoSuchMethodError'{0x00000000d6d2ebd0}: 'void java.lang.invoke.Invokers$Holder.invokeExact_MT(java.lang.Object, java.lang.Object, java.lang.Object)'> (0x00000000d6d2ebd0) 
thrown [s\src\hotspot\share\interpreter\linkResolver.cpp, line 773]
Event: 1.956 Thread 0x000001f8fda263e0 Exception <a 'java/lang/NoSuchMethodError'{0x00000000d579ba68}: 'java.lang.Object java.lang.invoke.DirectMethodHandle$Holder.invokeVirtual(java.lang.Object, java.lang.Object, java.lang.Object)'> (0x00000000d579ba68) 
thrown [s\src\hotspot\share\interpreter\linkResolver.cpp, line 773]
Event: 1.958 Thread 0x000001f8fda263e0 Exception <a 'java/lang/NoSuchMethodError'{0x00000000d57b4050}: 'java.lang.Object java.lang.invoke.DelegatingMethodHandle$Holder.reinvoke_L(java.lang.Object, java.lang.Object, java.lang.Object, java.lang.Object, int, int)'> (0x00000000d57b4050) 
thrown [s\src\hotspot\share\interpreter\linkResolver.cpp, line 773]
Event: 1.960 Thread 0x000001f8fda263e0 Exception <a 'java/lang/NoSuchMethodError'{0x00000000d57d0d70}: 'java.lang.Object java.lang.invoke.DirectMethodHandle$Holder.newInvokeSpecial(java.lang.Object, java.lang.Object, java.lang.Object, java.lang.Object, java.lang.Object, java.lang.Object)'> (0x00000000d57d0d70) 
thrown [s\src\hotspot\share\interpreter\linkResolver.cpp, line 773]
Event: 1.961 Thread 0x000001f8fda263e0 Exception <a 'java/lang/NoSuchMethodError'{0x00000000d57fdd70}: 'void java.lang.invoke.Invokers$Holder.invokeExact_MT(java.lang.Object, java.lang.Object, java.lang.Object, java.lang.Object)'> (0x00000000d57fdd70) 
thrown [s\src\hotspot\share\interpreter\linkResolver.cpp, line 773]
Event: 2.038 Thread 0x000001f8fda263e0 Exception <a 'java/io/FileNotFoundException'{0x00000000d5c4e178}> (0x00000000d5c4e178) 
thrown [s\src\hotspot\share\prims\jni.cpp, line 520]
Event: 2.040 Thread 0x000001f8fda263e0 Exception <a 'java/io/FileNotFoundException'{0x00000000d5c556d0}> (0x00000000d5c556d0) 
thrown [s\src\hotspot\share\prims\jni.cpp, line 520]
Event: 2.119 Thread 0x000001f8fda263e0 Exception <a 'java/lang/NoSuchMethodError'{0x00000000d627a010}: 'java.lang.Object java.lang.invoke.DirectMethodHandle$Holder.newInvokeSpecial(java.lang.Object, java.lang.Object, java.lang.Object, java.lang.Object, java.lang.Object)'> (0x00000000d627a010) 
thrown [s\src\hotspot\share\interpreter\linkResolver.cpp, line 773]
Event: 2.163 Thread 0x000001f8fda263e0 Exception <a 'java/lang/NoSuchMethodError'{0x00000000d63f8ac0}: 'java.lang.Object java.lang.invoke.DirectMethodHandle$Holder.invokeStaticInit(java.lang.Object, int)'> (0x00000000d63f8ac0) 
thrown [s\src\hotspot\share\interpreter\linkResolver.cpp, line 773]

ZGC Phase Switch (0 events):
No events

VM Operations (20 events):
Event: 1.429 Executing VM operation: ICBufferFull
Event: 1.430 Executing VM operation: ICBufferFull done
Event: 1.486 Executing VM operation: ParallelGCFailedAllocation (Allocation Failure)
Event: 1.491 Executing VM operation: ParallelGCFailedAllocation (Allocation Failure) done
Event: 1.647 Executing VM operation: HandshakeAllThreads (Deoptimize)
Event: 1.647 Executing VM operation: HandshakeAllThreads (Deoptimize) done
Event: 1.847 Executing VM operation: HandshakeAllThreads (Deoptimize)
Event: 1.847 Executing VM operation: HandshakeAllThreads (Deoptimize) done
Event: 1.920 Executing VM operation: ParallelGCFailedAllocation (Allocation Failure)
Event: 1.925 Executing VM operation: ParallelGCFailedAllocation (Allocation Failure) done
Event: 2.002 Executing VM operation: HandshakeAllThreads (Deoptimize)
Event: 2.002 Executing VM operation: HandshakeAllThreads (Deoptimize) done
Event: 2.008 Executing VM operation: HandshakeAllThreads (Deoptimize)
Event: 2.008 Executing VM operation: HandshakeAllThreads (Deoptimize) done
Event: 2.029 Executing VM operation: HandshakeAllThreads (Deoptimize)
Event: 2.029 Executing VM operation: HandshakeAllThreads (Deoptimize) done
Event: 3.034 Executing VM operation: Cleanup
Event: 3.035 Executing VM operation: Cleanup done
Event: 4.043 Executing VM operation: Cleanup
Event: 4.275 Executing VM operation: Cleanup done

Memory protections (0 events):
No events

Nmethod flushes (0 events):
No events

Events (20 events):
Event: 0.120 Thread 0x000001f8df7c1100 Thread added: 0x000001f8df8611d0
Event: 0.121 Thread 0x000001f8df7c1100 Thread added: 0x000001f8df86def0
Event: 0.121 Thread 0x000001f8df7c1100 Thread added: 0x000001f8df86e940
Event: 0.121 Thread 0x000001f8df7c1100 Thread added: 0x000001f8df870150
Event: 0.121 Thread 0x000001f8df7c1100 Thread added: 0x000001f8df870cd0
Event: 0.121 Thread 0x000001f8df7c1100 Thread added: 0x000001f8df8748d0
Event: 0.121 Thread 0x000001f8df7c1100 Thread added: 0x000001f8df8770c0
Event: 0.126 Thread 0x000001f8df8770c0 Thread added: 0x000001f8f75c1160
Event: 0.173 Thread 0x000001f8df8770c0 Thread added: 0x000001f8f76b1210
Event: 0.196 Thread 0x000001f8df7c1100 Thread added: 0x000001f8f77881b0
Event: 0.249 Thread 0x000001f8f75c1160 Thread added: 0x000001f8f77e7890
Event: 0.249 Thread 0x000001f8f75c1160 Thread added: 0x000001f8f77ea350
Event: 0.442 Thread 0x000001f8df7c1100 Thread added: 0x000001f8fd21bf80
Event: 1.334 Thread 0x000001f8df7c1100 Thread added: 0x000001f8fd81f3c0
Event: 1.483 Thread 0x000001f8df7c1100 Thread added: 0x000001f8fd8cc720
Event: 1.493 Thread 0x000001f8df7c1100 Thread added: 0x000001f8fda263e0
Event: 1.631 Thread 0x000001f8f76b1210 Thread exited: 0x000001f8f76b1210
Event: 1.636 Thread 0x000001f8fda263e0 Thread added: 0x000001f8f76b1210
Event: 1.722 Thread 0x000001f8f77e7890 Thread added: 0x000001f8fd9cf220
Event: 1.875 Thread 0x000001f8fda263e0 Thread added: 0x000001f8fda7f020


Dynamic libraries:
0x00007ff70b6a0000 - 0x00007ff70b6ae000 	c:\Users\DELL\.vscode\extensions\redhat.java-1.50.0-win32-x64\jre\21.0.9-win32-x86_64\bin\java.exe
0x00007ffcf0aa0000 - 0x00007ffcf0d08000 	C:\WINDOWS\SYSTEM32\ntdll.dll
0x00007ffcef2d0000 - 0x00007ffcef399000 	C:\WINDOWS\System32\KERNEL32.DLL
0x00007ffcedfa0000 - 0x00007ffcee398000 	C:\WINDOWS\System32\KERNELBASE.dll
0x00007ffcee6f0000 - 0x00007ffcee83b000 	C:\WINDOWS\System32\ucrtbase.dll
0x00007ffcd6d80000 - 0x00007ffcd6d98000 	c:\Users\DELL\.vscode\extensions\redhat.java-1.50.0-win32-x64\jre\21.0.9-win32-x86_64\bin\jli.dll
0x00007ffceefd0000 - 0x00007ffcef197000 	C:\WINDOWS\System32\USER32.dll
0x00007ffcede00000 - 0x00007ffcede27000 	C:\WINDOWS\System32\win32u.dll
0x00007ffcd6420000 - 0x00007ffcd643e000 	c:\Users\DELL\.vscode\extensions\redhat.java-1.50.0-win32-x64\jre\21.0.9-win32-x86_64\bin\VCRUNTIME140.dll
0x00007ffcefce0000 - 0x00007ffcefd0b000 	C:\WINDOWS\System32\GDI32.dll
0x00007ffcee3a0000 - 0x00007ffcee4cc000 	C:\WINDOWS\System32\gdi32full.dll
0x00007ffcee640000 - 0x00007ffcee6e3000 	C:\WINDOWS\System32\msvcp_win.dll
0x00007ffccc040000 - 0x00007ffccc2d4000 	C:\WINDOWS\WinSxS\amd64_microsoft.windows.common-controls_6595b64144ccf1df_6.0.26100.7019_none_3e06ffa0e335b8a8\COMCTL32.dll
0x00007ffcefa90000 - 0x00007ffcefb39000 	C:\WINDOWS\System32\msvcrt.dll
0x00007ffcefd50000 - 0x00007ffcefd81000 	C:\WINDOWS\System32\IMM32.DLL
0x00007ffce7d20000 - 0x00007ffce7d2c000 	c:\Users\DELL\.vscode\extensions\redhat.java-1.50.0-win32-x64\jre\21.0.9-win32-x86_64\bin\vcruntime140_1.dll
0x00007ffc98f60000 - 0x00007ffc98fed000 	c:\Users\DELL\.vscode\extensions\redhat.java-1.50.0-win32-x64\jre\21.0.9-win32-x86_64\bin\msvcp140.dll
0x00007ffc508c0000 - 0x00007ffc51660000 	c:\Users\DELL\.vscode\extensions\redhat.java-1.50.0-win32-x64\jre\21.0.9-win32-x86_64\bin\server\jvm.dll
0x00007ffcef210000 - 0x00007ffcef2c4000 	C:\WINDOWS\System32\ADVAPI32.dll
0x00007ffcee840000 - 0x00007ffcee8e6000 	C:\WINDOWS\System32\sechost.dll
0x00007ffcee8f0000 - 0x00007ffceea08000 	C:\WINDOWS\System32\RPCRT4.dll
0x00007ffceed40000 - 0x00007ffceedb4000 	C:\WINDOWS\System32\WS2_32.dll
0x00007ffcec810000 - 0x00007ffcec86e000 	C:\WINDOWS\SYSTEM32\POWRPROF.dll
0x00007ffce7070000 - 0x00007ffce70a5000 	C:\WINDOWS\SYSTEM32\WINMM.dll
0x00007ffce5640000 - 0x00007ffce564b000 	C:\WINDOWS\SYSTEM32\VERSION.dll
0x00007ffcec7f0000 - 0x00007ffcec804000 	C:\WINDOWS\SYSTEM32\UMPDC.dll
0x00007ffcecad0000 - 0x00007ffcecaeb000 	C:\WINDOWS\SYSTEM32\kernel.appcore.dll
0x00007ffcd7aa0000 - 0x00007ffcd7aaa000 	c:\Users\DELL\.vscode\extensions\redhat.java-1.50.0-win32-x64\jre\21.0.9-win32-x86_64\bin\jimage.dll
0x00007ffceb290000 - 0x00007ffceb4d2000 	C:\WINDOWS\SYSTEM32\DBGHELP.DLL
0x00007ffcefe00000 - 0x00007ffcf018b000 	C:\WINDOWS\System32\combase.dll
0x00007ffceee60000 - 0x00007ffceef37000 	C:\WINDOWS\System32\OLEAUT32.dll
0x00007ffcd2300000 - 0x00007ffcd233c000 	C:\WINDOWS\SYSTEM32\dbgcore.DLL
0x00007ffcede30000 - 0x00007ffceded5000 	C:\WINDOWS\System32\bcryptPrimitives.dll
0x00007ffcd7900000 - 0x00007ffcd790f000 	c:\Users\DELL\.vscode\extensions\redhat.java-1.50.0-win32-x64\jre\21.0.9-win32-x86_64\bin\instrument.dll
0x00007ffcc78b0000 - 0x00007ffcc78d0000 	c:\Users\DELL\.vscode\extensions\redhat.java-1.50.0-win32-x64\jre\21.0.9-win32-x86_64\bin\java.dll
0x00007ffcf0300000 - 0x00007ffcf0a4f000 	C:\WINDOWS\System32\SHELL32.dll
0x00007ffcee4d0000 - 0x00007ffcee63b000 	C:\WINDOWS\System32\wintypes.dll
0x00007ffceb830000 - 0x00007ffcec08d000 	C:\WINDOWS\SYSTEM32\windows.storage.dll
0x00007ffceea60000 - 0x00007ffceeb52000 	C:\WINDOWS\System32\SHCORE.dll
0x00007ffcefd90000 - 0x00007ffcefdf7000 	C:\WINDOWS\System32\shlwapi.dll
0x00007ffcedb10000 - 0x00007ffcedb39000 	C:\WINDOWS\SYSTEM32\profapi.dll
0x00007ffcac840000 - 0x00007ffcac858000 	c:\Users\DELL\.vscode\extensions\redhat.java-1.50.0-win32-x64\jre\21.0.9-win32-x86_64\bin\zip.dll
0x00007ffcd4ae0000 - 0x00007ffcd4af0000 	C:\Users\DELL\.vscode\extensions\redhat.java-1.50.0-win32-x64\jre\21.0.9-win32-x86_64\bin\net.dll
0x00007ffce60a0000 - 0x00007ffce61c8000 	C:\WINDOWS\SYSTEM32\WINHTTP.dll
0x00007ffced040000 - 0x00007ffced0ab000 	C:\WINDOWS\system32\mswsock.dll
0x00007ffcac820000 - 0x00007ffcac836000 	C:\Users\DELL\.vscode\extensions\redhat.java-1.50.0-win32-x64\jre\21.0.9-win32-x86_64\bin\nio.dll
0x00007ffcd4300000 - 0x00007ffcd4310000 	c:\Users\DELL\.vscode\extensions\redhat.java-1.50.0-win32-x64\jre\21.0.9-win32-x86_64\bin\verify.dll
0x00007ffca83b0000 - 0x00007ffca83f4000 	C:\Users\DELL\AppData\Roaming\Code\User\globalStorage\redhat.java\1.50.0\config_ss_win\org.eclipse.equinox.launcher\org.eclipse.equinox.launcher.win32.win32.x86_64_1.2.1400.v20250801-0854\eclipse_11916.dll
0x00007ffcefb40000 - 0x00007ffcefcd7000 	C:\WINDOWS\System32\ole32.dll
0x00007ffced310000 - 0x00007ffced32b000 	C:\WINDOWS\SYSTEM32\CRYPTSP.dll
0x00007ffceca30000 - 0x00007ffceca6a000 	C:\WINDOWS\system32\rsaenh.dll
0x00007ffced0f0000 - 0x00007ffced11b000 	C:\WINDOWS\SYSTEM32\USERENV.dll
0x00007ffcedae0000 - 0x00007ffcedb0a000 	C:\WINDOWS\SYSTEM32\bcrypt.dll
0x00007ffced300000 - 0x00007ffced30c000 	C:\WINDOWS\SYSTEM32\CRYPTBASE.dll
0x00007ffcec580000 - 0x00007ffcec5b4000 	C:\WINDOWS\SYSTEM32\IPHLPAPI.DLL
0x00007ffceefc0000 - 0x00007ffceefca000 	C:\WINDOWS\System32\NSI.dll

JVMTI agents:
c:\Users\DELL\.vscode\extensions\redhat.java-1.50.0-win32-x64\lombok\lombok-1.18.39-4050.jar path:c:\Users\DELL\.vscode\extensions\redhat.java-1.50.0-win32-x64\jre\21.0.9-win32-x86_64\bin\instrument.dll, loaded, initialized, instrumentlib options:none

dbghelp: loaded successfully - version: 4.0.5 - missing functions: none
symbol engine: initialized successfully - sym options: 0x614 - pdb path: .;c:\Users\DELL\.vscode\extensions\redhat.java-1.50.0-win32-x64\jre\21.0.9-win32-x86_64\bin;C:\WINDOWS\SYSTEM32;C:\WINDOWS\WinSxS\amd64_microsoft.windows.common-controls_6595b64144ccf1df_6.0.26100.7019_none_3e06ffa0e335b8a8;c:\Users\DELL\.vscode\extensions\redhat.java-1.50.0-win32-x64\jre\21.0.9-win32-x86_64\bin\server;C:\Users\DELL\AppData\Roaming\Code\User\globalStorage\redhat.java\1.50.0\config_ss_win\org.eclipse.equinox.launcher\org.eclipse.equinox.launcher.win32.win32.x86_64_1.2.1400.v20250801-0854

VM Arguments:
jvm_args: --add-modules=ALL-SYSTEM --add-opens=java.base/java.util=ALL-UNNAMED --add-opens=java.base/java.lang=ALL-UNNAMED --add-opens=java.base/sun.nio.fs=ALL-UNNAMED -Declipse.application=org.eclipse.jdt.ls.core.id1 -Dosgi.bundles.defaultStartLevel=4 -Declipse.product=org.eclipse.jdt.ls.core.product -Djava.import.generatesMetadataFilesAtProjectRoot=false -DDetectVMInstallationsJob.disabled=true -Dfile.encoding=utf8 -XX:+UseParallelGC -XX:GCTimeRatio=4 -XX:AdaptiveSizePolicyWeight=90 -Dsun.zip.disableMemoryMapping=true -Xmx2G -Xms100m -Xlog:disable -javaagent:c:\Users\DELL\.vscode\extensions\redhat.java-1.50.0-win32-x64\lombok\lombok-1.18.39-4050.jar 
java_command: c:\Users\DELL\.vscode\extensions\redhat.java-1.50.0-win32-x64\server\plugins\org.eclipse.equinox.launcher_1.7.100.v20251111-0406.jar -configuration c:\Users\DELL\AppData\Roaming\Code\User\globalStorage\redhat.java\1.50.0\config_ss_win -data c:\Users\DELL\AppData\Roaming\Code\User\workspaceStorage\0755037b6897d077e138bb15a92d4421\redhat.java\ss_ws --pipe=\\.\pipe\lsp-af89e201cd29477d74655261d4e37078-sock
java_class_path (initial): c:\Users\DELL\.vscode\extensions\redhat.java-1.50.0-win32-x64\server\plugins\org.eclipse.equinox.launcher_1.7.100.v20251111-0406.jar
Launcher Type: SUN_STANDARD

[Global flags]
    uintx AdaptiveSizePolicyWeight                 = 90                                        {product} {command line}
     intx CICompilerCount                          = 12                                        {product} {ergonomic}
    uintx GCTimeRatio                              = 4                                         {product} {command line}
   size_t InitialHeapSize                          = 104857600                                 {product} {command line}
   size_t MaxHeapSize                              = 2147483648                                {product} {command line}
   size_t MaxNewSize                               = 715653120                                 {product} {ergonomic}
   size_t MinHeapDeltaBytes                        = 524288                                    {product} {ergonomic}
   size_t MinHeapSize                              = 104857600                                 {product} {command line}
   size_t NewSize                                  = 34603008                                  {product} {ergonomic}
    uintx NonNMethodCodeHeapSize                   = 7602480                                {pd product} {ergonomic}
    uintx NonProfiledCodeHeapSize                  = 122027880                              {pd product} {ergonomic}
   size_t OldSize                                  = 70254592                                  {product} {ergonomic}
    uintx ProfiledCodeHeapSize                     = 122027880                              {pd product} {ergonomic}
    uintx ReservedCodeCacheSize                    = 251658240                              {pd product} {ergonomic}
     bool SegmentedCodeCache                       = true                                      {product} {ergonomic}
   size_t SoftMaxHeapSize                          = 2147483648                             {manageable} {ergonomic}
     bool UseCompressedOops                        = true                           {product lp64_product} {ergonomic}
     bool UseLargePagesIndividualAllocation        = false                                  {pd product} {ergonomic}
     bool UseParallelGC                            = true                                      {product} {command line}

Logging:
Log output configuration:
 #0: stdout all=off uptime,level,tags foldmultilines=false
 #1: stderr all=off uptime,level,tags foldmultilines=false

Release file:
JAVA_VERSION="21.0.9" 
MODULES="java.base java.compiler java.datatransfer java.xml java.prefs java.desktop java.instrument java.logging java.management java.security.sasl java.naming java.rmi java.management.rmi java.net.http java.scripting java.security.jgss java.transaction.xa java.sql java.sql.rowset java.xml.crypto java.se java.smartcardio jdk.accessibility jdk.internal.jvmstat jdk.attach jdk.charsets jdk.internal.opt jdk.zipfs jdk.compiler jdk.crypto.ec jdk.crypto.cryptoki jdk.crypto.mscapi jdk.dynalink jdk.internal.ed jdk.editpad jdk.hotspot.agent jdk.httpserver jdk.internal.le jdk.internal.vm.ci jdk.internal.vm.compiler jdk.internal.vm.compiler.management jdk.jartool jdk.javadoc jdk.jcmd jdk.management jdk.management.agent jdk.jconsole jdk.jdeps jdk.jdwp.agent jdk.jdi jdk.jfr jdk.jshell jdk.jsobject jdk.jstatd jdk.localedata jdk.management.jfr jdk.naming.dns jdk.naming.rmi jdk.net jdk.nio.mapmode jdk.random jdk.sctp jdk.security.auth jdk.security.jgss jdk.unsupported jdk.unsupported.desktop jdk.xml.dom" 

Environment Variables:
PATH=C:\Program Files\Common Files\Oracle\Java\javapath;C:\Windows\system32;C:\Windows;C:\Windows\System32\Wbem;C:\Windows\System32\WindowsPowerShell\v1.0\;C:\Windows\System32\OpenSSH\;C:\Program Files\dotnet\;C:\Program Files (x86)\NVIDIA Corporation\PhysX\Common;C:\Program Files\NVIDIA Corporation\NVIDIA NvDLISR;C:\Program Files (x86)\Windows Kits\8.1\Windows Performance Toolkit\;C:\Program Files\Microsoft SQL Server\110\Tools\Binn\;C:\Program Files\nodejs\;C:\WINDOWS\system32;C:\WINDOWS;C:\WINDOWS\System32\Wbem;C:\WINDOWS\System32\WindowsPowerShell\v1.0\;C:\WINDOWS\System32\OpenSSH\;C:\Program Files (x86)\MinGW\bin;C:\Program Files\Git\cmd;D:\cursor\resources\app\bin;C:\Users\DELL\AppData\Local\Programs\Python\Python311\Scripts\;C:\Users\DELL\AppData\Local\Programs\Python\Python311\;C:\Users\DELL\AppData\Local\Programs\Python\Python313\Scripts\;C:\Users\DELL\AppData\Local\Programs\Python\Python313\;C:\Users\DELL\AppData\Local\Programs\Python\Launcher\;C:\apache-maven\apache-maven-3.9.5\bin;C:\apache-maven\apache-maven-3.9.5\bin;C:\Program Files\Common Files\Oracle\Java\javapath;C:\Windows\system32;C:\Windows;C:\Windows\System32\Wbem;C:\Windows\System32\WindowsPowerShell\v1.0\;C:\Windows\System32\OpenSSH\;C:\Program Files\dotnet\;C:\Program Files (x86)\NVIDIA Corporation\PhysX\Common;C:\Program Files\NVIDIA Corporation\NVIDIA NvDLISR;C:\Program Files (x86)\Windows Kits\8.1\Windows Performance Toolkit\;C:\Program Files\Microsoft SQL Server\110\Tools\Binn\;C:\Program Files\nodejs\;C:\WINDOWS\system32;C:\WINDOWS;C:\WINDOWS\System32\Wbem;C:\WINDOWS\System32\WindowsPowerShell\v1.0\;C:\WINDOWS\System32\OpenSSH\;C:\Program Files (x86)\MinGW\bin;C:\Program Files\MySQL\MySQL Shell 8.0\bin\;C:\Users\DELL\AppData\Local\Microsoft\WindowsApps;C:\Users\DELL\AppData\Local\Programs\Microsoft VS Code\bin;C:\Users\DELL\AppData\Roaming\npm;C:\Users\DELL\AppData\Local\GitHubDesktop\bin;C:\Program Files (x86)\MinGW\bin;;c:\Users\DELL\AppData\Roaming\Code\User\globalStorage\gith
USERNAME=DELL
OS=Windows_NT
PROCESSOR_IDENTIFIER=Intel64 Family 6 Model 183 Stepping 1, GenuineIntel
TMP=C:\Users\DELL\AppData\Local\Temp
TEMP=C:\Users\DELL\AppData\Local\Temp




Periodic native trim disabled

---------------  S Y S T E M  ---------------

OS:
 Windows 11 , 64 bit Build 26100 (10.0.26100.7019)
OS uptime: 5 days 0:52 hours
Hyper-V role detected

CPU: total 16 (initial active 16) (8 cores per cpu, 2 threads per core) family 6 model 183 stepping 1 microcode 0x12f, cx8, cmov, fxsr, ht, mmx, 3dnowpref, sse, sse2, sse3, ssse3, sse4.1, sse4.2, popcnt, lzcnt, tsc, tscinvbit, avx, avx2, aes, erms, clmul, bmi1, bmi2, adx, sha, fma, vzeroupper, clflush, clflushopt, clwb, hv, serialize, rdtscp, rdpid, fsrm, f16c, cet_ibt, cet_ss
Processor Information for processor 0
  Max Mhz: 2400, Current Mhz: 2400, Mhz Limit: 2400
Processor Information for processor 1
  Max Mhz: 2400, Current Mhz: 2400, Mhz Limit: 2400
Processor Information for processor 2
  Max Mhz: 2400, Current Mhz: 2400, Mhz Limit: 2400
Processor Information for processor 3
  Max Mhz: 2400, Current Mhz: 2400, Mhz Limit: 2400
Processor Information for processor 4
  Max Mhz: 2400, Current Mhz: 2400, Mhz Limit: 2400
Processor Information for processor 5
  Max Mhz: 2400, Current Mhz: 2400, Mhz Limit: 2400
Processor Information for processor 6
  Max Mhz: 2400, Current Mhz: 2400, Mhz Limit: 2400
Processor Information for processor 7
  Max Mhz: 2400, Current Mhz: 2400, Mhz Limit: 2400
Processor Information for processor 8
  Max Mhz: 2400, Current Mhz: 2400, Mhz Limit: 2400
Processor Information for processor 9
  Max Mhz: 2400, Current Mhz: 2400, Mhz Limit: 2400
Processor Information for processor 10
  Max Mhz: 2400, Current Mhz: 2400, Mhz Limit: 2400
Processor Information for processor 11
  Max Mhz: 2400, Current Mhz: 2400, Mhz Limit: 2400
Processor Information for processor 12
  Max Mhz: 2400, Current Mhz: 1466, Mhz Limit: 2400
Processor Information for processor 13
  Max Mhz: 2400, Current Mhz: 1466, Mhz Limit: 2400
Processor Information for processor 14
  Max Mhz: 2400, Current Mhz: 1466, Mhz Limit: 2400
Processor Information for processor 15
  Max Mhz: 2400, Current Mhz: 1466, Mhz Limit: 2400

Memory: 4k page, system-wide physical 7876M (422M free)
TotalPageFile size 32452M (AvailPageFile size 34M)
current process WorkingSet (physical memory assigned to process): 126M, peak: 127M
current process commit charge ("private bytes"): 286M, peak: 287M

vm_info: OpenJDK 64-Bit Server VM (21.0.9+10-LTS) for windows-amd64 JRE (21.0.9+10-LTS), built on 2025-10-21T00:00:00Z by "admin" with unknown MS VC++:1942

END.
